source...[0m
[2019-08-19 10:06:33] [0;32mI (17) boot: SPI Speed      : 40MHz[0m
[2019-08-19 10:06:33] [0;32mI (21) boot: SPI Mode       : DIO[0m
[2019-08-19 10:06:33] [0;32mI (25) boot: SPI Flash Size : 4MB[0m
[2019-08-19 10:06:33] [0;32mI (29) boot: Partition Table:[0m
[2019-08-19 10:06:33] [0;32mI (33) boot: ## Label            Usage          Type ST Offset   Length[0m
[2019-08-19 10:06:33] [0;32mI (40) boot:  0 nvs              WiFi data        01 02 00009000 00004000[0m
[2019-08-19 10:06:33] [0;32mI (47) boot:  1 otadata          OTA data         01 00 0000d000 00002000[0m
[2019-08-19 10:06:33] [0;32mI (55) boot:  2 phy_init         RF data          01 01 0000f000 00001000[0m
[2019-08-19 10:06:33] [0;32mI (62) boot:  3 ota_0            OTA app          00 10 00010000 001e0000[0m
[2019-08-19 10:06:33] [0;32mI (70) boot:  4 ota_1            OTA app          00 11 001f0000 001e0000[0m
[2019-08-19 10:06:33] [0;32mI (77) boot:  5 coredump         Unknown data     01 03 003d0000 00010000[0m
[2019-08-19 10:06:33] [0;32mI (85) boot:  6 reserved         Unknown data     01 fe 003e0000 00020000[0m
[2019-08-19 10:06:33] [0;32mI (92) boot: End of partition table[0m
[2019-08-19 10:06:33] [0;32mI (96) boot: No factory image, trying OTA 0[0m
[2019-08-19 10:06:33] [0;32mI (101) esp_image: segment 0: paddr=0x00010020 vaddr=0x3f400020 size=0x28e34 (167476) map[0m
[2019-08-19 10:06:33] [0;32mI (169) esp_image: segment 1: paddr=0x00038e5c vaddr=0x3ffb0000 size=0x02bf0 ( 11248) load[0m
[2019-08-19 10:06:33] [0;32mI (174) esp_image: segment 2: paddr=0x0003ba54 vaddr=0x40080000 size=0x00400 (  1024) load[0m
[2019-08-19 10:06:33] [0;32mI (176) esp_image: segment 3: paddr=0x0003be5c vaddr=0x40080400 size=0x041b4 ( 16820) load[0m
[2019-08-19 10:06:33] [0;32mI (192) esp_image: segment 4: paddr=0x00040018 vaddr=0x400d0018 size=0xbe0ac (778412) map[0m
[2019-08-19 10:06:33] [0;32mI (466) esp_image: segment 5: paddr=0x000fe0cc vaddr=0x400845b4 size=0x0b750 ( 46928) load[0m
[2019-08-19 10:06:33] [0;32mI (495) boot: Loaded app from partition at offset 0x10000[0m
[2019-08-19 10:06:33] [0;32mI (495) boot: Disabling RNG early entropy source...[0m
[2019-08-19 10:06:33] [0;32mI (496) cpu_start: Pro cpu up.[0m
[2019-08-19 10:06:33] [0;32mI (499) cpu_start: Single core mode[0m
[2019-08-19 10:06:33] [0;32mI (504) heap_init: Initializing. RAM available for dynamic allocation:[0m
[2019-08-19 10:06:33] [0;32mI (511) heap_init: At 3FFAE6E0 len 00001920 (6 KiB): DRAM[0m
[2019-08-19 10:06:33] [0;32mI (517) heap_init: At 3FFB9BF0 len 00026410 (153 KiB): DRAM[0m
[2019-08-19 10:06:33] [0;32mI (523) heap_init: At 3FFE0440 len 0001FBC0 (126 KiB): D/IRAM[0m
[2019-08-19 10:06:33] [0;32mI (529) heap_init: At 40078000 len 00008000 (32 KiB): IRAM[0m
[2019-08-19 10:06:33] [0;32mI (536) heap_init: At 4008FD04 len 000102FC (64 KiB): IRAM[0m
[2019-08-19 10:06:33] [0;32mI (542) cpu_start: Pro cpu start user code[0m
[2019-08-19 10:06:33] D (224) [mupgrade_check, 142]: Add an identifier to the firmware: ** MUPGRADE_FIRMWARE_FLAG **[0m
[2019-08-19 10:06:33] [0;32mI (234) cpu_start: Starting scheduler on PRO CPU.[0m
[2019-08-19 10:06:34] [0;32mI (235) [mupgrade_example, 333]: Starting OTA example ...[0m
[2019-08-19 10:06:34] I (239) wifi: wifi driver task: 3ffc1e94, prio:23, stack:3584, core=0
[2019-08-19 10:06:34] [0;32mI (242) system_api: Base MAC address is not set, read default base MAC address from BLK0 of EFUSE[0m
[2019-08-19 10:06:34] [0;32mI (251) system_api: Base MAC address is not set, read default base MAC address from BLK0 of EFUSE[0m
[2019-08-19 10:06:34] I (271) wifi: wifi firmware version: 0c3a77a
[2019-08-19 10:06:34] I (271) wifi: config NVS flash: enabled
[2019-08-19 10:06:34] I (272) wifi: config nano formating: disabled
[2019-08-19 10:06:34] I (272) wifi: Init dynamic tx buffer num: 32
[2019-08-19 10:06:34] I (276) wifi: Init data frame dynamic rx buffer num: 32
[2019-08-19 10:06:34] I (281) wifi: Init management frame dynamic rx buffer num: 32
[2019-08-19 10:06:34] I (286) wifi: Init management short buffer num: 32
[2019-08-19 10:06:34] I (291) wifi: Init static rx buffer size: 1600
[2019-08-19 10:06:34] I (295) wifi: Init static rx buffer num: 10
[2019-08-19 10:06:34] I (299) wifi: Init dynamic rx buffer num: 32
[2019-08-19 10:06:34] I (304) wifi: Set ps type: 0
[2019-08-19 10:06:34] 
[2019-08-19 10:06:34] [0;33mW (306) phy_init: failed to load RF calibration data (0x1102), falling back to full calibration[0m
[2019-08-19 10:06:34] [0;32mI (468) phy: phy_version: 4008, 544f89f, Jan 24 2019, 14:54:06, 0, 2[0m
[2019-08-19 10:06:34] I (476) wifi: mode : sta (30:ae:a4:dd:b0:68)
[2019-08-19 10:06:34] [0;32mI (478) [mwifi, 177]: esp-mdf version: v1.0-beta1-dirty[0m
[2019-08-19 10:06:34] W (478) wifi: [beacon]interval:100ms
[2019-08-19 10:06:34] I (480) wifi: mode : sta (30:ae:a4:dd:b0:68) + softAP (30:ae:a4:dd:b0:69)
[2019-08-19 10:06:34] I (487) wifi: Total power save buffer number: 16
[2019-08-19 10:06:34] I (490) wifi: Init max length of beacon: 752/752
[2019-08-19 10:06:34] I (495) wifi: Init max length of beacon: 752/752
[2019-08-19 10:06:34] I (502) mesh: <nvs>read layer:0, err:0x1102
[2019-08-19 10:06:34] I (503) mesh: <nvs>read assoc:0, err:0x1102
[2019-08-19 10:06:34] W (508) wifi: [beacon]interval:100ms
[2019-08-19 10:06:34] I (515) wifi: Total power save buffer number: 16
[2019-08-19 10:06:34] I (1516) wifi: Set ps type: 0
[2019-08-19 10:06:35] 
[2019-08-19 10:06:35] I (1521) wifi: mode : sta (30:ae:a4:dd:b0:68)
[2019-08-19 10:06:35] I (1523) mesh: <MESH_NWK_LOOK_FOR_NETWORK>need_scan:0x3, need_scan_router:0x0, look_for_nwk_count:1
[2019-08-19 10:06:35] [0;32mI (1525) [mwifi, 113]: MESH is started[0m
[2019-08-19 10:06:35] [0;32mI (1528) [mupgrade_example, 78]: Node read task is running[0m
[2019-08-19 10:06:35] [0;32mI (1534) [mupgrade_example, 38]: Root read task is running[0m
[2019-08-19 10:06:35] I (5433) mesh: [S3]Mr.Hu, e0:dc:ff:64:03:71, channel:3, rssi:-73
[2019-08-19 10:06:39] I (5433) mesh: find router:[ssid_len:5]Mr.Hu, rssi:-73, e0:dc:ff:64:03:71(encrypted), new channel:3, old channel:0
[2019-08-19 10:06:39] I (5438) mesh: [FIND][ch:0]AP:7, otherID:0, MAP:0, idle:0, candidate:0, root:0[e0:dc:ff:64:03:71]router found
[2019-08-19 10:06:39] I (5448) mesh: [FIND:1]find a network, channel:3, cfg<channel:0, router:Mr.Hu, 00:00:00:00:00:00>
[2019-08-19 10:06:39] 
[2019-08-19 10:06:39] I (5457) wifi: mode : sta (30:ae:a4:dd:b0:68) + softAP (30:ae:a4:dd:b0:69)
[2019-08-19 10:06:39] W (5464) wifi: <MESH AP>adjust channel:1, secondary channel offset:1(40U)
[2019-08-19 10:06:39] I (5470) wifi: Total power save buffer number: 16
[2019-08-19 10:06:39] W (5480) wifi: <MESH AP>adjust channel:3, secondary channel offset:1(40U)
[2019-08-19 10:06:39] I (5482) wifi: Total power save buffer number: 16
[2019-08-19 10:06:39] I (5790) mesh: [SCAN][ch:3]AP:3, other(ID:0, RD:0), MAP:0, idle:0, candidate:1, root:0, topMAP:0[c:0,i:0][e0:dc:ff:64:03:71]router found<>
[2019-08-19 10:06:39] I (5792) mesh: 1212[SCAN]init rc[30:ae:a4:dd:b0:69,-74], mine:0, voter:0
[2019-08-19 10:06:39] I (5798) mesh: 1250, vote myself, router rssi:-74 > voted rc_rssi:-120
[2019-08-19 10:06:39] I (5805) mesh: [SCAN:1/10]rc[128][30:ae:a4:dd:b0:69,-74], self[30:ae:a4:dd:b0:68,-74,reason:0,votes:1,idle][mine:1,voter:1(1.00)percent:0.90][128,1,30:ae:a4:dd:b0:69]
[2019-08-19 10:06:39] 
[2019-08-19 10:06:39] I (6122) mesh: [SCAN][ch:3]AP:3, other(ID:0, RD:0), MAP:0, idle:0, candidate:1, root:0, topMAP:0[c:0,i:1][e0:dc:ff:64:03:71]router found<>
[2019-08-19 10:06:39] I (6124) mesh: 1212[SCAN]init rc[30:ae:a4:dd:b0:69,-75], mine:0, voter:0
[2019-08-19 10:06:39] I (6131) mesh: [SCAN:2/10]rc[128][30:ae:a4:dd:b0:69,-74], self[30:ae:a4:dd:b0:68,-75,reason:0,votes:1,idle][mine:1,voter:1(1.00)percent:0.90][128,1,30:ae:a4:dd:b0:69]
[2019-08-19 10:06:39] 
[2019-08-19 10:06:39] I (6447) mesh: [SCAN][ch:3]AP:3, other(ID:0, RD:0), MAP:0, idle:0, candidate:1, root:0, topMAP:0[c:0,i:1][e0:dc:ff:64:03:71]router found<>
[2019-08-19 10:06:40] I (6450) mesh: 1212[SCAN]init rc[30:ae:a4:dd:b0:69,-76], mine:0, voter:0
[2019-08-19 10:06:40] I (6456) mesh: [SCAN:3/10]rc[128][30:ae:a4:dd:b0:69,-74], self[30:ae:a4:dd:b0:68,-76,reason:0,votes:1,idle][mine:1,voter:1(1.00)percent:0.90][128,1,30:ae:a4:dd:b0:69]
[2019-08-19 10:06:40] 
[2019-08-19 10:06:40] I (6773) mesh: [SCAN][ch:3]AP:3, other(ID:0, RD:0), MAP:0, idle:0, candidate:1, root:0, topMAP:0[c:0,i:1][e0:dc:ff:64:03:71]router found<>
[2019-08-19 10:06:40] I (6775) mesh: 1212[SCAN]init rc[30:ae:a4:dd:b0:69,-76], mine:0, voter:0
[2019-08-19 10:06:40] I (6781) mesh: [SCAN:4/10]rc[128][30:ae:a4:dd:b0:69,-74], self[30:ae:a4:dd:b0:68,-76,reason:0,votes:1,idle][mine:1,voter:1(1.00)percent:0.90][128,1,30:ae:a4:dd:b0:69]
[2019-08-19 10:06:40] 
[2019-08-19 10:06:40] I (7098) mesh: [SCAN][ch:3]AP:3, other(ID:0, RD:0), MAP:0, idle:0, candidate:1, root:0, topMAP:0[c:0,i:1][e0:dc:ff:64:03:71]router found<>
[2019-08-19 10:06:40] I (7100) mesh: 1212[SCAN]init rc[30:ae:a4:dd:b0:69,-75], mine:0, voter:0
[2019-08-19 10:06:40] I (7106) mesh: [SCAN:5/10]rc[128][30:ae:a4:dd:b0:69,-74], self[30:ae:a4:dd:b0:68,-75,reason:0,votes:1,idle][mine:1,voter:1(1.00)percent:0.90][128,1,30:ae:a4:dd:b0:69]
[2019-08-19 10:06:40] 
[2019-08-19 10:06:40] I (7423) mesh: [SCAN][ch:3]AP:3, other(ID:0, RD:0), MAP:0, idle:0, candidate:1, root:0, topMAP:0[c:0,i:1][e0:dc:ff:64:03:71]router found<>
[2019-08-19 10:06:41] I (7425) mesh: 1212[SCAN]init rc[30:ae:a4:dd:b0:69,-74], mine:0, voter:0
[2019-08-19 10:06:41] I (7434) mesh: [SCAN:6/10]rc[128][30:ae:a4:dd:b0:69,-74], self[30:ae:a4:dd:b0:68,-74,reason:0,votes:1,idle][mine:1,voter:1(1.00)percent:0.90][128,1,30:ae:a4:dd:b0:69]
[2019-08-19 10:06:41] 
[2019-08-19 10:06:41] I (7748) mesh: [SCAN][ch:3]AP:3, other(ID:0, RD:0), MAP:0, idle:0, candidate:1, root:0, topMAP:0[c:0,i:1][e0:dc:ff:64:03:71]router found<>
[2019-08-19 10:06:41] I (7751) mesh: 1212[SCAN]init rc[30:ae:a4:dd:b0:69,-74], mine:0, voter:0
[2019-08-19 10:06:41] I (7757) mesh: [SCAN:7/10]rc[128][30:ae:a4:dd:b0:69,-74], self[30:ae:a4:dd:b0:68,-74,reason:0,votes:1,idle][mine:1,voter:1(1.00)percent:0.90][128,1,30:ae:a4:dd:b0:69]
[2019-08-19 10:06:41] 
[2019-08-19 10:06:41] I (8074) mesh: [SCAN][ch:3]AP:3, other(ID:0, RD:0), MAP:0, idle:0, candidate:1, root:0, topMAP:0[c:0,i:1][e0:dc:ff:64:03:71]router found<>
[2019-08-19 10:06:41] I (8076) mesh: 1212[SCAN]init rc[30:ae:a4:dd:b0:69,-75], mine:0, voter:0
[2019-08-19 10:06:41] I (8082) mesh: [SCAN:8/10]rc[128][30:ae:a4:dd:b0:69,-74], self[30:ae:a4:dd:b0:68,-75,reason:0,votes:1,idle][mine:1,voter:1(1.00)percent:0.90][128,1,30:ae:a4:dd:b0:69]
[2019-08-19 10:06:41] 
[2019-08-19 10:06:41] I (8400) mesh: [SCAN][ch:3]AP:2, other(ID:0, RD:0), MAP:0, idle:0, candidate:1, root:0, topMAP:0[c:0,i:1][e0:dc:ff:64:03:71]router found<>
[2019-08-19 10:06:42] I (8402) mesh: 1212[SCAN]init rc[30:ae:a4:dd:b0:69,-76], mine:0, voter:0
[2019-08-19 10:06:42] I (8409) mesh: [SCAN:9/10]rc[128][30:ae:a4:dd:b0:69,-74], self[30:ae:a4:dd:b0:68,-76,reason:0,votes:1,idle][mine:1,voter:1(1.00)percent:0.90][128,1,30:ae:a4:dd:b0:69]
[2019-08-19 10:06:42] 
[2019-08-19 10:06:42] I (8725) mesh: [SCAN][ch:3]AP:3, other(ID:0, RD:0), MAP:0, idle:0, candidate:1, root:0, topMAP:0[c:0,i:1][e0:dc:ff:64:03:71]router found<>
[2019-08-19 10:06:42] I (8727) mesh: 1212[SCAN]init rc[30:ae:a4:dd:b0:69,-76], mine:0, voter:0
[2019-08-19 10:06:42] I (8734) mesh: [SCAN:10/13+x+]rc[128][30:ae:a4:dd:b0:69,-74], self[30:ae:a4:dd:b0:68,-76,reason:0,votes:1,idle][mine:1,voter:1(1.00)percent:0.90][128,1,30:ae:a4:dd:b0:69]
[2019-08-19 10:06:42] 
[2019-08-19 10:06:42] I (9051) mesh: [SCAN][ch:3]AP:3, other(ID:0, RD:0), MAP:0, idle:0, candidate:1, root:0, topMAP:0[c:0,i:1][e0:dc:ff:64:03:71]router found<>
[2019-08-19 10:06:42] I (9053) mesh: 1212[SCAN]init rc[30:ae:a4:dd:b0:69,-74], mine:0, voter:0
[2019-08-19 10:06:42] I (9059) mesh: [SCAN:11/13+x+]rc[128][30:ae:a4:dd:b0:69,-74], self[30:ae:a4:dd:b0:68,-74,reason:0,votes:1,idle][mine:1,voter:1(1.00)percent:0.90][128,1,30:ae:a4:dd:b0:69]
[2019-08-19 10:06:42] 
[2019-08-19 10:06:42] I (9377) mesh: [SCAN][ch:3]AP:3, other(ID:0, RD:0), MAP:0, idle:0, candidate:1, root:0, topMAP:0[c:0,i:1][e0:dc:ff:64:03:71]router found<>
[2019-08-19 10:06:43] I (9381) mesh: 1212[SCAN]init rc[30:ae:a4:dd:b0:69,-75], mine:0, voter:0
[2019-08-19 10:06:43] I (9387) mesh: [SCAN:12/13+x+]rc[128][30:ae:a4:dd:b0:69,-74], self[30:ae:a4:dd:b0:68,-75,reason:0,votes:1,idle][mine:1,voter:1(1.00)percent:0.90][128,1,30:ae:a4:dd:b0:69]
[2019-08-19 10:06:43] 
[2019-08-19 10:06:43] I (9705) mesh: [SCAN][ch:3]AP:3, other(ID:0, RD:0), MAP:0, idle:0, candidate:1, root:0, topMAP:0[c:0,i:1][e0:dc:ff:64:03:71]router found<>
[2019-08-19 10:06:43] I (9707) mesh: 1212[SCAN]init rc[30:ae:a4:dd:b0:69,-76], mine:0, voter:0
[2019-08-19 10:06:43] I (9713) mesh: [SCAN:13/13+x+]rc[128][30:ae:a4:dd:b0:69,-74], self[30:ae:a4:dd:b0:68,-76,reason:0,votes:1,idle][mine:1,voter:1(1.00)percent:0.90][128,1,30:ae:a4:dd:b0:69]
[2019-08-19 10:06:43] 
[2019-08-19 10:06:43] W (9728) wifi: [beacon]interval:100ms
[2019-08-19 10:06:43] I (9732) mesh: [DONE]connect to router:Mr.Hu, channel:3, rssi:-76, e0:dc:ff:64:03:71[layer:0, assoc:0], my_vote_num:1/voter_num:1, rc[30:ae:a4:dd:b0:69/-74/1]
[2019-08-19 10:06:43] I (9874) wifi: n:3 1, o:3 1, ap:3 1, sta:3 0, prof:3
[2019-08-19 10:06:43] I (10864) wifi: state: init -> auth (b0)
[2019-08-19 10:06:44] I (10919) wifi: state: auth -> assoc (0)
[2019-08-19 10:06:44] I (10947) wifi: state: assoc -> run (10)
[2019-08-19 10:06:44] I (10984) wpa: <EAPOL>state:6
[2019-08-19 10:06:44] I (10984) wpa: <EAPOL>receiving the 1/4 EAPOL-Key, state:6
[2019-08-19 10:06:44] I (10992) wpa: <EAPOL>state:7
[2019-08-19 10:06:44] I (10993) wpa: <EAPOL>receiving the 3/4 EAPOL-Key, state:7
[2019-08-19 10:06:44] I (10993) wifi: connected with Mr.Hu, channel 3, HT20
[2019-08-19 10:06:44] I (10998) wifi: pm start, type: 0
[2019-08-19 10:06:44] 
[2019-08-19 10:06:44] I (11002) mesh: [scan]new scanning time:600ms
[2019-08-19 10:06:44] W (11003) wifi: [beacon]new interval:300ms
[2019-08-19 10:06:44] I (11009) mesh: <nvs>write layer:1
[2019-08-19 10:06:44] [0;32mI (11011) [mwifi, 80]: Parent is connected[0m
[2019-08-19 10:06:44] [0;32mI (11023) [mupgrade_example, 255]: MDF_EVENT_PARENT_CONNECTED[0m
[2019-08-19 10:06:44] [0;32mI (11023) [mwifi, 149]: State represents: 0[0m
[2019-08-19 10:06:44] [0;32mI (12825) event: sta ip: 192.168.43.148, mask: 255.255.255.0, gw: 192.168.43.1[0m
[2019-08-19 10:06:46] [0;32mI (12826) [mupgrade_example, 267]: MDF_EVENT_MWIFI_ROOT_GOT_IP[0m
[2019-08-19 10:06:46] [0;32mI (22830) [mupgrade_example, 153]: Open HTTP connection: http://101.132.42.189:8070/hello-world.bin[0m
[2019-08-19 10:06:56] [0;32mI (23222) [mupgrade_root, 58]: Running partition, label: ota_0, type: 0x0, subtype: 0x10, address: 0x10000[0m
[2019-08-19 10:06:56] [0;32mI (23223) [mupgrade_root, 60]: Update partition, label: ota_1, type: 0x0, subtype: 0x11, address: 0x1f0000[0m
[2019-08-19 10:06:57] D (25590) [mupgrade_root, 103]: Firmware download size: 1456, progress rate: 0%[0m
[2019-08-19 10:06:59] D (25597) [mupgrade_root, 103]: Firmware download size: 2912, progress rate: 0%[0m
[2019-08-19 10:06:59] D (25607) [mupgrade_root, 103]: Firmware download size: 4368, progress rate: 0%[0m
[2019-08-19 10:06:59] D (25706) [mupgrade_root, 103]: Firmware download size: 5824, progress rate: 0%[0m
[2019-08-19 10:06:59] D (25712) [mupgrade_root, 103]: Firmware download size: 7280, progress rate: 0%[0m
[2019-08-19 10:06:59] D (25718) [mupgrade_root, 103]: Firmware download size: 8736, progress rate: 0%[0m
[2019-08-19 10:06:59] D (25829) [mupgrade_root, 103]: Firmware download size: 10192, progress rate: 1%[0m
[2019-08-19 10:06:59] D (25837) [mupgrade_root, 103]: Firmware download size: 11648, progress rate: 1%[0m
[2019-08-19 10:06:59] D (25843) [mupgrade_root, 103]: Firmware download size: 13104, progress rate: 1%[0m
[2019-08-19 10:06:59] D (25916) [mupgrade_root, 103]: Firmware download size: 14560, progress rate: 1%[0m
[2019-08-19 10:06:59] D (25940) [mupgrade_root, 103]: Firmware download size: 16016, progress rate: 1%[0m
[2019-08-19 10:06:59] D (25947) [mupgrade_root, 103]: Firmware download size: 17472, progress rate: 1%[0m
[2019-08-19 10:06:59] D (26018) [mupgrade_root, 103]: Firmware download size: 18928, progress rate: 2%[0m
[2019-08-19 10:06:59] D (26044) [mupgrade_root, 103]: Firmware download size: 20384, progress rate: 2%[0m
[2019-08-19 10:06:59] D (26051) [mupgrade_root, 103]: Firmware download size: 21840, progress rate: 2%[0m
[2019-08-19 10:06:59] D (26144) [mupgrade_root, 103]: Firmware download size: 23296, progress rate: 2%[0m
[2019-08-19 10:06:59] D (26154) [mupgrade_root, 103]: Firmware download size: 24752, progress rate: 2%[0m
[2019-08-19 10:06:59] D (26160) [mupgrade_root, 103]: Firmware download size: 26208, progress rate: 2%[0m
[2019-08-19 10:06:59] D (26239) [mupgrade_root, 103]: Firmware download size: 27664, progress rate: 3%[0m
[2019-08-19 10:07:00] D (26246) [mupgrade_root, 103]: Firmware download size: 29120, progress rate: 3%[0m
[2019-08-19 10:07:00] D (26256) [mupgrade_root, 103]: Firmware download size: 30576, progress rate: 3%[0m
[2019-08-19 10:07:00] D (26340) [mupgrade_root, 103]: Firmware download size: 32032, progress rate: 3%[0m
[2019-08-19 10:07:00] D (26348) [mupgrade_root, 103]: Firmware download size: 33488, progress rate: 3%[0m
[2019-08-19 10:07:00] D (26359) [mupgrade_root, 103]: Firmware download size: 34944, progress rate: 3%[0m
[2019-08-19 10:07:00] D (26437) [mupgrade_root, 103]: Firmware download size: 36400, progress rate: 3%[0m
[2019-08-19 10:07:00] D (26443) [mupgrade_root, 103]: Firmware download size: 37856, progress rate: 4%[0m
[2019-08-19 10:07:00] D (26465) [mupgrade_root, 103]: Firmware download size: 39312, progress rate: 4%[0m
[2019-08-19 10:07:00] D (26560) [mupgrade_root, 103]: Firmware download size: 40768, progress rate: 4%[0m
[2019-08-19 10:07:00] D (26569) [mupgrade_root, 103]: Firmware download size: 42224, progress rate: 4%[0m
[2019-08-19 10:07:00] D (26575) [mupgrade_root, 103]: Firmware download size: 43680, progress rate: 4%[0m
[2019-08-19 10:07:00] D (26662) [mupgrade_root, 103]: Firmware download size: 45136, progress rate: 4%[0m
[2019-08-19 10:07:00] D (26668) [mupgrade_root, 103]: Firmware download size: 46592, progress rate: 5%[0m
[2019-08-19 10:07:00] D (26678) [mupgrade_root, 103]: Firmware download size: 48048, progress rate: 5%[0m
[2019-08-19 10:07:00] D (26759) [mupgrade_root, 103]: Firmware download size: 49504, progress rate: 5%[0m
[2019-08-19 10:07:00] D (26766) [mupgrade_root, 103]: Firmware download size: 50960, progress rate: 5%[0m
[2019-08-19 10:07:00] D (26785) [mupgrade_root, 103]: Firmware download size: 52416, progress rate: 5%[0m
[2019-08-19 10:07:00] D (26876) [mupgrade_root, 103]: Firmware download size: 53872, progress rate: 5%[0m
[2019-08-19 10:07:00] D (26887) [mupgrade_root, 103]: Firmware download size: 55328, progress rate: 6%[0m
[2019-08-19 10:07:00] D (26896) [mupgrade_root, 103]: Firmware download size: 56784, progress rate: 6%[0m
[2019-08-19 10:07:00] D (26981) [mupgrade_root, 103]: Firmware download size: 58240, progress rate: 6%[0m
[2019-08-19 10:07:00] D (26989) [mupgrade_root, 103]: Firmware download size: 59696, progress rate: 6%[0m
[2019-08-19 10:07:00] D (26999) [mupgrade_root, 103]: Firmware download size: 61152, progress rate: 6%[0m
[2019-08-19 10:07:00] D (27077) [mupgrade_root, 103]: Firmware download size: 62608, progress rate: 6%[0m
[2019-08-19 10:07:00] D (27106) [mupgrade_root, 103]: Firmware download size: 64064, progress rate: 6%[0m
[2019-08-19 10:07:00] D (27113) [mupgrade_root, 103]: Firmware download size: 65520, progress rate: 7%[0m
[2019-08-19 10:07:00] D (27196) [mupgrade_root, 103]: Firmware download size: 66976, progress rate: 7%[0m
[2019-08-19 10:07:00] D (27208) [mupgrade_root, 103]: Firmware download size: 68432, progress rate: 7%[0m
[2019-08-19 10:07:00] D (27215) [mupgrade_root, 103]: Firmware download size: 69888, progress rate: 7%[0m
[2019-08-19 10:07:00] D (27304) [mupgrade_root, 103]: Firmware download size: 71344, progress rate: 7%[0m
[2019-08-19 10:07:01] D (27312) [mupgrade_root, 103]: Firmware download size: 72800, progress rate: 7%[0m
[2019-08-19 10:07:01] D (27319) [mupgrade_root, 103]: Firmware download size: 74256, progress rate: 8%[0m
[2019-08-19 10:07:01] D (27397) [mupgrade_root, 103]: Firmware download size: 75712, progress rate: 8%[0m
[2019-08-19 10:07:01] D (27411) [mupgrade_root, 103]: Firmware download size: 77168, progress rate: 8%[0m
[2019-08-19 10:07:01] D (27426) [mupgrade_root, 103]: Firmware download size: 78624, progress rate: 8%[0m
[2019-08-19 10:07:01] D (27526) [mupgrade_root, 103]: Firmware download size: 80080, progress rate: 8%[0m
[2019-08-19 10:07:01] D (27533) [mupgrade_root, 103]: Firmware download size: 81536, progress rate: 8%[0m
[2019-08-19 10:07:01] D (27539) [mupgrade_root, 103]: Firmware download size: 82992, progress rate: 9%[0m
[2019-08-19 10:07:01] D (27625) [mupgrade_root, 103]: Firmware download size: 84448, progress rate: 9%[0m
[2019-08-19 10:07:01] D (27633) [mupgrade_root, 103]: Firmware download size: 85904, progress rate: 9%[0m
[2019-08-19 10:07:01] D (27639) [mupgrade_root, 103]: Firmware download size: 87360, progress rate: 9%[0m
[2019-08-19 10:07:01] D (27719) [mupgrade_root, 103]: Firmware download size: 88816, progress rate: 9%[0m
[2019-08-19 10:07:01] D (27742) [mupgrade_root, 103]: Firmware download size: 90272, progress rate: 9%[0m
[2019-08-19 10:07:01] D (27748) [mupgrade_root, 103]: Firmware download size: 91728, progress rate: 9%[0m
[2019-08-19 10:07:01] D (27837) [mupgrade_root, 103]: Firmware download size: 93184, progress rate: 10%[0m
[2019-08-19 10:07:01] D (27843) [mupgrade_root, 103]: Firmware download size: 94640, progress rate: 10%[0m
[2019-08-19 10:07:01] D (27858) [mupgrade_root, 103]: Firmware download size: 96096, progress rate: 10%[0m
[2019-08-19 10:07:01] D (27944) [mupgrade_root, 103]: Firmware download size: 97552, progress rate: 10%[0m
[2019-08-19 10:07:01] D (27952) [mupgrade_root, 103]: Firmware download size: 99008, progress rate: 10%[0m
[2019-08-19 10:07:01] D (27959) [mupgrade_root, 103]: Firmware download size: 100464, progress rate: 10%[0m
[2019-08-19 10:07:01] D (28039) [mupgrade_root, 103]: Firmware download size: 101920, progress rate: 11%[0m
[2019-08-19 10:07:01] D (28045) [mupgrade_root, 103]: Firmware download size: 103376, progress rate: 11%[0m
[2019-08-19 10:07:01] D (28058) [mupgrade_root, 103]: Firmware download size: 104832, progress rate: 11%[0m
[2019-08-19 10:07:01] D (28167) [mupgrade_root, 103]: Firmware download size: 106288, progress rate: 11%[0m
[2019-08-19 10:07:01] D (28173) [mupgrade_root, 103]: Firmware download size: 107744, progress rate: 11%[0m
[2019-08-19 10:07:01] D (28180) [mupgrade_root, 103]: Firmware download size: 109200, progress rate: 11%[0m
[2019-08-19 10:07:01] D (28264) [mupgrade_root, 103]: Firmware download size: 110656, progress rate: 12%[0m
[2019-08-19 10:07:02] D (28273) [mupgrade_root, 103]: Firmware download size: 112112, progress rate: 12%[0m
[2019-08-19 10:07:02] D (28280) [mupgrade_root, 103]: Firmware download size: 113568, progress rate: 12%[0m
[2019-08-19 10:07:02] D (28365) [mupgrade_root, 103]: Firmware download size: 115024, progress rate: 12%[0m
[2019-08-19 10:07:02] D (28398) [mupgrade_root, 103]: Firmware download size: 116480, progress rate: 12%[0m
[2019-08-19 10:07:02] D (28418) [mupgrade_root, 103]: Firmware download size: 117936, progress rate: 12%[0m
[2019-08-19 10:07:02] D (28539) [mupgrade_root, 103]: Firmware download size: 119392, progress rate: 12%[0m
[2019-08-19 10:07:02] D (28549) [mupgrade_root, 103]: Firmware download size: 120848, progress rate: 13%[0m
[2019-08-19 10:07:02] D (28560) [mupgrade_root, 103]: Firmware download size: 122304, progress rate: 13%[0m
[2019-08-19 10:07:02] D (28639) [mupgrade_root, 103]: Firmware download size: 123760, progress rate: 13%[0m
[2019-08-19 10:07:02] D (28658) [mupgrade_root, 103]: Firmware download size: 125216, progress rate: 13%[0m
[2019-08-19 10:07:02] D (28665) [mupgrade_root, 103]: Firmware download size: 126672, progress rate: 13%[0m
[2019-08-19 10:07:02] D (28740) [mupgrade_root, 103]: Firmware download size: 128128, progress rate: 13%[0m
[2019-08-19 10:07:02] D (28800) [mupgrade_root, 103]: Firmware download size: 129584, progress rate: 14%[0m
[2019-08-19 10:07:02] D (28809) [mupgrade_root, 103]: Firmware download size: 131040, progress rate: 14%[0m
[2019-08-19 10:07:02] D (28836) [mupgrade_root, 103]: Firmware download size: 132496, progress rate: 14%[0m
[2019-08-19 10:07:02] D (28900) [mupgrade_root, 103]: Firmware download size: 133952, progress rate: 14%[0m
[2019-08-19 10:07:02] D (28937) [mupgrade_root, 103]: Firmware download size: 135408, progress rate: 14%[0m
[2019-08-19 10:07:02] D (28946) [mupgrade_root, 103]: Firmware download size: 136864, progress rate: 14%[0m
[2019-08-19 10:07:02] D (28997) [mupgrade_root, 103]: Firmware download size: 138320, progress rate: 15%[0m
[2019-08-19 10:07:02] D (29039) [mupgrade_root, 103]: Firmware download size: 139776, progress rate: 15%[0m
[2019-08-19 10:07:02] D (29049) [mupgrade_root, 103]: Firmware download size: 141232, progress rate: 15%[0m
[2019-08-19 10:07:02] D (29119) [mupgrade_root, 103]: Firmware download size: 142688, progress rate: 15%[0m
[2019-08-19 10:07:02] D (29138) [mupgrade_root, 103]: Firmware download size: 144144, progress rate: 15%[0m
[2019-08-19 10:07:02] D (29149) [mupgrade_root, 103]: Firmware download size: 145600, progress rate: 15%[0m
[2019-08-19 10:07:02] D (29225) [mupgrade_root, 103]: Firmware download size: 147056, progress rate: 15%[0m
[2019-08-19 10:07:02] D (29240) [mupgrade_root, 103]: Firmware download size: 148512, progress rate: 16%[0m
[2019-08-19 10:07:03] D (29253) [mupgrade_root, 103]: Firmware download size: 149968, progress rate: 16%[0m
[2019-08-19 10:07:03] D (29324) [mupgrade_root, 103]: Firmware download size: 151424, progress rate: 16%[0m
[2019-08-19 10:07:03] D (29357) [mupgrade_root, 103]: Firmware download size: 152880, progress rate: 16%[0m
[2019-08-19 10:07:03] D (29364) [mupgrade_root, 103]: Firmware download size: 154336, progress rate: 16%[0m
[2019-08-19 10:07:03] D (29437) [mupgrade_root, 103]: Firmware download size: 155792, progress rate: 16%[0m
[2019-08-19 10:07:03] D (29461) [mupgrade_root, 103]: Firmware download size: 157248, progress rate: 17%[0m
[2019-08-19 10:07:03] D (29467) [mupgrade_root, 103]: Firmware download size: 158704, progress rate: 17%[0m
[2019-08-19 10:07:03] D (29539) [mupgrade_root, 103]: Firmware download size: 160160, progress rate: 17%[0m
[2019-08-19 10:07:03] D (29561) [mupgrade_root, 103]: Firmware download size: 161616, progress rate: 17%[0m
[2019-08-19 10:07:03] D (29567) [mupgrade_root, 103]: Firmware download size: 163072, progress rate: 17%[0m
[2019-08-19 10:07:03] D (29638) [mupgrade_root, 103]: Firmware download size: 164528, progress rate: 17%[0m
[2019-08-19 10:07:03] D (29672) [mupgrade_root, 103]: Firmware download size: 165984, progress rate: 18%[0m
[2019-08-19 10:07:03] D (29680) [mupgrade_root, 103]: Firmware download size: 167440, progress rate: 18%[0m
[2019-08-19 10:07:03] D (29763) [mupgrade_root, 103]: Firmware download size: 168896, progress rate: 18%[0m
[2019-08-19 10:07:03] D (29773) [mupgrade_root, 103]: Firmware download size: 170352, progress rate: 18%[0m
[2019-08-19 10:07:03] D (29780) [mupgrade_root, 103]: Firmware download size: 171808, progress rate: 18%[0m
[2019-08-19 10:07:03] D (29858) [mupgrade_root, 103]: Firmware download size: 173264, progress rate: 18%[0m
[2019-08-19 10:07:03] D (29867) [mupgrade_root, 103]: Firmware download size: 174720, progress rate: 18%[0m
[2019-08-19 10:07:03] D (29876) [mupgrade_root, 103]: Firmware download size: 176176, progress rate: 19%[0m
[2019-08-19 10:07:03] D (29985) [mupgrade_root, 103]: Firmware download size: 177632, progress rate: 19%[0m
[2019-08-19 10:07:03] D (29991) [mupgrade_root, 103]: Firmware download size: 179088, progress rate: 19%[0m
[2019-08-19 10:07:03] D (29997) [mupgrade_root, 103]: Firmware download size: 180544, progress rate: 19%[0m
[2019-08-19 10:07:03] D (30077) [mupgrade_root, 103]: Firmware download size: 182000, progress rate: 19%[0m
[2019-08-19 10:07:03] D (30084) [mupgrade_root, 103]: Firmware download size: 183456, progress rate: 19%[0m
[2019-08-19 10:07:03] D (30098) [mupgrade_root, 103]: Firmware download size: 184912, progress rate: 20%[0m
[2019-08-19 10:07:03] D (30186) [mupgrade_root, 103]: Firmware download size: 186368, progress rate: 20%[0m
[2019-08-19 10:07:03] D (30194) [mupgrade_root, 103]: Firmware download size: 187824, progress rate: 20%[0m
[2019-08-19 10:07:03] D (30200) [mupgrade_root, 103]: Firmware download size: 189280, progress rate: 20%[0m
[2019-08-19 10:07:03] D (30280) [mupgrade_root, 103]: Firmware download size: 190736, progress rate: 20%[0m
[2019-08-19 10:07:04] D (30286) [mupgrade_root, 103]: Firmware download size: 192192, progress rate: 20%[0m
[2019-08-19 10:07:04] D (30306) [mupgrade_root, 103]: Firmware download size: 193648, progress rate: 21%[0m
[2019-08-19 10:07:04] D (30399) [mupgrade_root, 103]: Firmware download size: 195104, progress rate: 21%[0m
[2019-08-19 10:07:04] D (30410) [mupgrade_root, 103]: Firmware download size: 196560, progress rate: 21%[0m
[2019-08-19 10:07:04] D (30416) [mupgrade_root, 103]: Firmware download size: 198016, progress rate: 21%[0m
[2019-08-19 10:07:04] D (30497) [mupgrade_root, 103]: Firmware download size: 199472, progress rate: 21%[0m
[2019-08-19 10:07:04] D (30504) [mupgrade_root, 103]: Firmware download size: 200928, progress rate: 21%[0m
[2019-08-19 10:07:04] D (30516) [mupgrade_root, 103]: Firmware download size: 202384, progress rate: 21%[0m
[2019-08-19 10:07:04] D (30599) [mupgrade_root, 103]: Firmware download size: 203840, progress rate: 22%[0m
[2019-08-19 10:07:04] D (30606) [mupgrade_root, 103]: Firmware download size: 205296, progress rate: 22%[0m
[2019-08-19 10:07:04] D (30625) [mupgrade_root, 103]: Firmware download size: 206752, progress rate: 22%[0m
[2019-08-19 10:07:04] D (30720) [mupgrade_root, 103]: Firmware download size: 208208, progress rate: 22%[0m
[2019-08-19 10:07:04] D (30727) [mupgrade_root, 103]: Firmware download size: 209664, progress rate: 22%[0m
[2019-08-19 10:07:04] D (30733) [mupgrade_root, 103]: Firmware download size: 211120, progress rate: 22%[0m
[2019-08-19 10:07:04] D (30816) [mupgrade_root, 103]: Firmware download size: 212576, progress rate: 23%[0m
[2019-08-19 10:07:04] D (30828) [mupgrade_root, 103]: Firmware download size: 214032, progress rate: 23%[0m
[2019-08-19 10:07:04] D (30835) [mupgrade_root, 103]: Firmware download size: 215488, progress rate: 23%[0m
[2019-08-19 10:07:04] D (30920) [mupgrade_root, 103]: Firmware download size: 216944, progress rate: 23%[0m
[2019-08-19 10:07:04] D (30926) [mupgrade_root, 103]: Firmware download size: 218400, progress rate: 23%[0m
[2019-08-19 10:07:04] D (30951) [mupgrade_root, 103]: Firmware download size: 219856, progress rate: 23%[0m
[2019-08-19 10:07:04] D (31037) [mupgrade_root, 103]: Firmware download size: 221312, progress rate: 24%[0m
[2019-08-19 10:07:04] D (31047) [mupgrade_root, 103]: Firmware download size: 222768, progress rate: 24%[0m
[2019-08-19 10:07:04] D (31054) [mupgrade_root, 103]: Firmware download size: 224224, progress rate: 24%[0m
[2019-08-19 10:07:04] D (31143) [mupgrade_root, 103]: Firmware download size: 225680, progress rate: 24%[0m
[2019-08-19 10:07:04] D (31149) [mupgrade_root, 103]: Firmware download size: 227136, progress rate: 24%[0m
[2019-08-19 10:07:04] D (31155) [mupgrade_root, 103]: Firmware download size: 228592, progress rate: 24%[0m
[2019-08-19 10:07:04] D (31238) [mupgrade_root, 103]: Firmware download size: 230048, progress rate: 24%[0m
[2019-08-19 10:07:05] D (31246) [mupgrade_root, 103]: Firmware download size: 231504, progress rate: 25%[0m
[2019-08-19 10:07:05] D (31268) [mupgrade_root, 103]: Firmware download size: 232960, progress rate: 25%[0m
[2019-08-19 10:07:05] D (31359) [mupgrade_root, 103]: Firmware download size: 234416, progress rate: 25%[0m
[2019-08-19 10:07:05] D (31370) [mupgrade_root, 103]: Firmware download size: 235872, progress rate: 25%[0m
[2019-08-19 10:07:05] D (31376) [mupgrade_root, 103]: Firmware download size: 237328, progress rate: 25%[0m
[2019-08-19 10:07:05] D (31456) [mupgrade_root, 103]: Firmware download size: 238784, progress rate: 25%[0m
[2019-08-19 10:07:05] D (31471) [mupgrade_root, 103]: Firmware download size: 240240, progress rate: 26%[0m
[2019-08-19 10:07:05] D (31478) [mupgrade_root, 103]: Firmware download size: 241696, progress rate: 26%[0m
[2019-08-19 10:07:05] D (31558) [mupgrade_root, 103]: Firmware download size: 243152, progress rate: 26%[0m
[2019-08-19 10:07:05] D (31566) [mupgrade_root, 103]: Firmware download size: 244608, progress rate: 26%[0m
[2019-08-19 10:07:05] D (31589) [mupgrade_root, 103]: Firmware download size: 246064, progress rate: 26%[0m
[2019-08-19 10:07:05] D (31680) [mupgrade_root, 103]: Firmware download size: 247520, progress rate: 26%[0m
[2019-08-19 10:07:05] D (31688) [mupgrade_root, 103]: Firmware download size: 248976, progress rate: 27%[0m
[2019-08-19 10:07:05] D (31778) [mupgrade_root, 103]: Firmware download size: 250432, progress rate: 27%[0m
[2019-08-19 10:07:05] D (31788) [mupgrade_root, 103]: Firmware download size: 251888, progress rate: 27%[0m
[2019-08-19 10:07:05] D (31795) [mupgrade_root, 103]: Firmware download size: 253344, progress rate: 27%[0m
[2019-08-19 10:07:05] D (31880) [mupgrade_root, 103]: Firmware download size: 254800, progress rate: 27%[0m
[2019-08-19 10:07:05] D (31887) [mupgrade_root, 103]: Firmware download size: 256256, progress rate: 27%[0m
[2019-08-19 10:07:05] D (31893) [mupgrade_root, 103]: Firmware download size: 257712, progress rate: 27%[0m
[2019-08-19 10:07:05] D (32000) [mupgrade_root, 103]: Firmware download size: 259168, progress rate: 28%[0m
[2019-08-19 10:07:05] D (32017) [mupgrade_root, 103]: Firmware download size: 260624, progress rate: 28%[0m
[2019-08-19 10:07:05] D (32023) [mupgrade_root, 103]: Firmware download size: 262080, progress rate: 28%[0m
[2019-08-19 10:07:05] D (32096) [mupgrade_root, 103]: Firmware download size: 263536, progress rate: 28%[0m
[2019-08-19 10:07:05] D (32118) [mupgrade_root, 103]: Firmware download size: 264992, progress rate: 28%[0m
[2019-08-19 10:07:05] D (32125) [mupgrade_root, 103]: Firmware download size: 266448, progress rate: 28%[0m
[2019-08-19 10:07:05] D (32198) [mupgrade_root, 103]: Firmware download size: 267904, progress rate: 29%[0m
[2019-08-19 10:07:05] D (32204) [mupgrade_root, 103]: Firmware download size: 269360, progress rate: 29%[0m
[2019-08-19 10:07:05] D (32224) [mupgrade_root, 103]: Firmware download size: 270816, progress rate: 29%[0m
[2019-08-19 10:07:05] D (32317) [mupgrade_root, 103]: Firmware download size: 272272, progress rate: 29%[0m
[2019-08-19 10:07:06] D (32333) [mupgrade_root, 103]: Firmware download size: 273728, progress rate: 29%[0m
[2019-08-19 10:07:06] D (32339) [mupgrade_root, 103]: Firmware download size: 275184, progress rate: 29%[0m
[2019-08-19 10:07:06] D (32429) [mupgrade_root, 103]: Firmware download size: 276640, progress rate: 30%[0m
[2019-08-19 10:07:06] D (32439) [mupgrade_root, 103]: Firmware download size: 278096, progress rate: 30%[0m
[2019-08-19 10:07:06] D (32446) [mupgrade_root, 103]: Firmware download size: 279552, progress rate: 30%[0m
[2019-08-19 10:07:06] D (32515) [mupgrade_root, 103]: Firmware download size: 281008, progress rate: 30%[0m
[2019-08-19 10:07:06] D (32547) [mupgrade_root, 103]: Firmware download size: 282464, progress rate: 30%[0m
[2019-08-19 10:07:06] D (32553) [mupgrade_root, 103]: Firmware download size: 283920, progress rate: 30%[0m
[2019-08-19 10:07:06] D (32643) [mupgrade_root, 103]: Firmware download size: 285376, progress rate: 30%[0m
[2019-08-19 10:07:06] D (32649) [mupgrade_root, 103]: Firmware download size: 286832, progress rate: 31%[0m
[2019-08-19 10:07:06] D (32655) [mupgrade_root, 103]: Firmware download size: 288288, progress rate: 31%[0m
[2019-08-19 10:07:06] D (32741) [mupgrade_root, 103]: Firmware download size: 289744, progress rate: 31%[0m
[2019-08-19 10:07:06] D (32750) [mupgrade_root, 103]: Firmware download size: 291200, progress rate: 31%[0m
[2019-08-19 10:07:06] D (32757) [mupgrade_root, 103]: Firmware download size: 292656, progress rate: 31%[0m
[2019-08-19 10:07:06] D (32838) [mupgrade_root, 103]: Firmware download size: 294112, progress rate: 31%[0m
[2019-08-19 10:07:06] D (32845) [mupgrade_root, 103]: Firmware download size: 295568, progress rate: 32%[0m
[2019-08-19 10:07:06] D (32865) [mupgrade_root, 103]: Firmware download size: 297024, progress rate: 32%[0m
[2019-08-19 10:07:06] D (32959) [mupgrade_root, 103]: Firmware download size: 298480, progress rate: 32%[0m
[2019-08-19 10:07:06] D (32970) [mupgrade_root, 103]: Firmware download size: 299936, progress rate: 32%[0m
[2019-08-19 10:07:06] D (32978) [mupgrade_root, 103]: Firmware download size: 301392, progress rate: 32%[0m
[2019-08-19 10:07:06] D (32985) [mupgrade_root, 103]: Firmware download size: 302848, progress rate: 32%[0m
[2019-08-19 10:07:06] D (33057) [mupgrade_root, 103]: Firmware download size: 304304, progress rate: 33%[0m
[2019-08-19 10:07:06] D (33079) [mupgrade_root, 103]: Firmware download size: 305760, progress rate: 33%[0m
[2019-08-19 10:07:06] D (33086) [mupgrade_root, 103]: Firmware download size: 307216, progress rate: 33%[0m
[2019-08-19 10:07:06] D (33166) [mupgrade_root, 103]: Firmware download size: 308672, progress rate: 33%[0m
[2019-08-19 10:07:06] D (33190) [mupgrade_root, 103]: Firmware download size: 310128, progress rate: 33%[0m
[2019-08-19 10:07:06] D (33196) [mupgrade_root, 103]: Firmware download size: 311584, progress rate: 33%[0m
[2019-08-19 10:07:06] D (33285) [mupgrade_root, 103]: Firmware download size: 313040, progress rate: 33%[0m
[2019-08-19 10:07:07] D (33294) [mupgrade_root, 103]: Firmware download size: 314496, progress rate: 34%[0m
[2019-08-19 10:07:07] D (33301) [mupgrade_root, 103]: Firmware download size: 315952, progress rate: 34%[0m
[2019-08-19 10:07:07] D (33376) [mupgrade_root, 103]: Firmware download size: 317408, progress rate: 34%[0m
[2019-08-19 10:07:07] D (33399) [mupgrade_root, 103]: Firmware download size: 318864, progress rate: 34%[0m
[2019-08-19 10:07:07] D (33407) [mupgrade_root, 103]: Firmware download size: 320320, progress rate: 34%[0m
[2019-08-19 10:07:07] D (33479) [mupgrade_root, 103]: Firmware download size: 321776, progress rate: 34%[0m
[2019-08-19 10:07:07] D (33505) [mupgrade_root, 103]: Firmware download size: 323232, progress rate: 35%[0m
[2019-08-19 10:07:07] D (33511) [mupgrade_root, 103]: Firmware download size: 324688, progress rate: 35%[0m
[2019-08-19 10:07:07] D (33605) [mupgrade_root, 103]: Firmware download size: 326144, progress rate: 35%[0m
[2019-08-19 10:07:07] D (33611) [mupgrade_root, 103]: Firmware download size: 327600, progress rate: 35%[0m
[2019-08-19 10:07:07] D (33619) [mupgrade_root, 103]: Firmware download size: 329056, progress rate: 35%[0m
[2019-08-19 10:07:07] D (33696) [mupgrade_root, 103]: Firmware download size: 330512, progress rate: 35%[0m
[2019-08-19 10:07:07] D (33706) [mupgrade_root, 103]: Firmware download size: 331968, progress rate: 36%[0m
[2019-08-19 10:07:07] D (33718) [mupgrade_root, 103]: Firmware download size: 333424, progress rate: 36%[0m
[2019-08-19 10:07:07] D (33802) [mupgrade_root, 103]: Firmware download size: 334880, progress rate: 36%[0m
[2019-08-19 10:07:07] D (33809) [mupgrade_root, 103]: Firmware download size: 336336, progress rate: 36%[0m
[2019-08-19 10:07:07] D (33825) [mupgrade_root, 103]: Firmware download size: 337792, progress rate: 36%[0m
[2019-08-19 10:07:07] D (33916) [mupgrade_root, 103]: Firmware download size: 339248, progress rate: 36%[0m
[2019-08-19 10:07:07] D (33928) [mupgrade_root, 103]: Firmware download size: 340704, progress rate: 36%[0m
[2019-08-19 10:07:07] D (33935) [mupgrade_root, 103]: Firmware download size: 342160, progress rate: 37%[0m
[2019-08-19 10:07:07] D (34018) [mupgrade_root, 103]: Firmware download size: 343616, progress rate: 37%[0m
[2019-08-19 10:07:07] D (34028) [mupgrade_root, 103]: Firmware download size: 345072, progress rate: 37%[0m
[2019-08-19 10:07:07] D (34036) [mupgrade_root, 103]: Firmware download size: 346528, progress rate: 37%[0m
[2019-08-19 10:07:07] D (34123) [mupgrade_root, 103]: Firmware download size: 347984, progress rate: 37%[0m
[2019-08-19 10:07:07] D (34131) [mupgrade_root, 103]: Firmware download size: 349440, progress rate: 37%[0m
[2019-08-19 10:07:07] D (34144) [mupgrade_root, 103]: Firmware download size: 350896, progress rate: 38%[0m
[2019-08-19 10:07:07] D (34243) [mupgrade_root, 103]: Firmware download size: 352352, progress rate: 38%[0m
[2019-08-19 10:07:08] D (34249) [mupgrade_root, 103]: Firmware download size: 353808, progress rate: 38%[0m
[2019-08-19 10:07:08] D (34256) [mupgrade_root, 103]: Firmware download size: 355264, progress rate: 38%[0m
[2019-08-19 10:07:08] D (34338) [mupgrade_root, 103]: Firmware download size: 356720, progress rate: 38%[0m
[2019-08-19 10:07:08] D (34345) [mupgrade_root, 103]: Firmware download size: 358176, progress rate: 38%[0m
[2019-08-19 10:07:08] D (34358) [mupgrade_root, 103]: Firmware download size: 359632, progress rate: 39%[0m
[2019-08-19 10:07:08] D (34437) [mupgrade_root, 103]: Firmware download size: 361088, progress rate: 39%[0m
[2019-08-19 10:07:08] D (34459) [mupgrade_root, 103]: Firmware download size: 362544, progress rate: 39%[0m
[2019-08-19 10:07:08] D (34470) [mupgrade_root, 103]: Firmware download size: 364000, progress rate: 39%[0m
[2019-08-19 10:07:08] D (34561) [mupgrade_root, 103]: Firmware download size: 365456, progress rate: 39%[0m
[2019-08-19 10:07:08] D (34573) [mupgrade_root, 103]: Firmware download size: 366912, progress rate: 39%[0m
[2019-08-19 10:07:08] D (34580) [mupgrade_root, 103]: Firmware download size: 368368, progress rate: 39%[0m
[2019-08-19 10:07:08] D (34656) [mupgrade_root, 103]: Firmware download size: 369824, progress rate: 40%[0m
[2019-08-19 10:07:08] D (34682) [mupgrade_root, 103]: Firmware download size: 371280, progress rate: 40%[0m
[2019-08-19 10:07:08] D (34690) [mupgrade_root, 103]: Firmware download size: 372736, progress rate: 40%[0m
[2019-08-19 10:07:08] D (34758) [mupgrade_root, 103]: Firmware download size: 374192, progress rate: 40%[0m
[2019-08-19 10:07:08] D (34797) [mupgrade_root, 103]: Firmware download size: 375648, progress rate: 40%[0m
[2019-08-19 10:07:08] D (34803) [mupgrade_root, 103]: Firmware download size: 377104, progress rate: 40%[0m
[2019-08-19 10:07:08] D (34881) [mupgrade_root, 103]: Firmware download size: 378560, progress rate: 41%[0m
[2019-08-19 10:07:08] D (34899) [mupgrade_root, 103]: Firmware download size: 380016, progress rate: 41%[0m
[2019-08-19 10:07:08] D (34905) [mupgrade_root, 103]: Firmware download size: 381472, progress rate: 41%[0m
[2019-08-19 10:07:08] D (34976) [mupgrade_root, 103]: Firmware download size: 382928, progress rate: 41%[0m
[2019-08-19 10:07:08] D (35001) [mupgrade_root, 103]: Firmware download size: 384384, progress rate: 41%[0m
[2019-08-19 10:07:08] D (35008) [mupgrade_root, 103]: Firmware download size: 385840, progress rate: 41%[0m
[2019-08-19 10:07:08] D (35076) [mupgrade_root, 103]: Firmware download size: 387296, progress rate: 42%[0m
[2019-08-19 10:07:08] D (35106) [mupgrade_root, 103]: Firmware download size: 388752, progress rate: 42%[0m
[2019-08-19 10:07:08] D (35112) [mupgrade_root, 103]: Firmware download size: 390208, progress rate: 42%[0m
[2019-08-19 10:07:08] D (35198) [mupgrade_root, 103]: Firmware download size: 391664, progress rate: 42%[0m
[2019-08-19 10:07:08] D (35210) [mupgrade_root, 103]: Firmware download size: 393120, progress rate: 42%[0m
[2019-08-19 10:07:08] D (35217) [mupgrade_root, 103]: Firmware download size: 394576, progress rate: 42%[0m
[2019-08-19 10:07:08] D (35298) [mupgrade_root, 103]: Firmware download size: 396032, progress rate: 42%[0m
[2019-08-19 10:07:09] D (35305) [mupgrade_root, 103]: Firmware download size: 397488, progress rate: 43%[0m
[2019-08-19 10:07:09] D (35321) [mupgrade_root, 103]: Firmware download size: 398944, progress rate: 43%[0m
[2019-08-19 10:07:09] D (35398) [mupgrade_root, 103]: Firmware download size: 400400, progress rate: 43%[0m
[2019-08-19 10:07:09] D (35404) [mupgrade_root, 103]: Firmware download size: 401856, progress rate: 43%[0m
[2019-08-19 10:07:09] D (35424) [mupgrade_root, 103]: Firmware download size: 403312, progress rate: 43%[0m
[2019-08-19 10:07:09] D (35529) [mupgrade_root, 103]: Firmware download size: 404768, progress rate: 43%[0m
[2019-08-19 10:07:09] D (35535) [mupgrade_root, 103]: Firmware download size: 406224, progress rate: 44%[0m
[2019-08-19 10:07:09] D (35541) [mupgrade_root, 103]: Firmware download size: 407680, progress rate: 44%[0m
[2019-08-19 10:07:09] D (35619) [mupgrade_root, 103]: Firmware download size: 409136, progress rate: 44%[0m
[2019-08-19 10:07:09] D (35638) [mupgrade_root, 103]: Firmware download size: 410592, progress rate: 44%[0m
[2019-08-19 10:07:09] D (35645) [mupgrade_root, 103]: Firmware download size: 412048, progress rate: 44%[0m
[2019-08-19 10:07:09] D (35716) [mupgrade_root, 103]: Firmware download size: 413504, progress rate: 44%[0m
[2019-08-19 10:07:09] D (35741) [mupgrade_root, 103]: Firmware download size: 414960, progress rate: 45%[0m
[2019-08-19 10:07:09] D (35748) [mupgrade_root, 103]: Firmware download size: 416416, progress rate: 45%[0m
[2019-08-19 10:07:09] D (35846) [mupgrade_root, 103]: Firmware download size: 417872, progress rate: 45%[0m
[2019-08-19 10:07:09] D (35853) [mupgrade_root, 103]: Firmware download size: 419328, progress rate: 45%[0m
[2019-08-19 10:07:09] D (35859) [mupgrade_root, 103]: Firmware download size: 420784, progress rate: 45%[0m
[2019-08-19 10:07:09] D (35941) [mupgrade_root, 103]: Firmware download size: 422240, progress rate: 45%[0m
[2019-08-19 10:07:09] D (35959) [mupgrade_root, 103]: Firmware download size: 423696, progress rate: 45%[0m
[2019-08-19 10:07:09] D (35966) [mupgrade_root, 103]: Firmware download size: 425152, progress rate: 46%[0m
[2019-08-19 10:07:09] D (36038) [mupgrade_root, 103]: Firmware download size: 426608, progress rate: 46%[0m
[2019-08-19 10:07:09] D (36070) [mupgrade_root, 103]: Firmware download size: 428064, progress rate: 46%[0m
[2019-08-19 10:07:09] D (36077) [mupgrade_root, 103]: Firmware download size: 429520, progress rate: 46%[0m
[2019-08-19 10:07:09] D (36162) [mupgrade_root, 103]: Firmware download size: 430976, progress rate: 46%[0m
[2019-08-19 10:07:09] D (36169) [mupgrade_root, 103]: Firmware download size: 432432, progress rate: 46%[0m
[2019-08-19 10:07:09] D (36182) [mupgrade_root, 103]: Firmware download size: 433888, progress rate: 47%[0m
[2019-08-19 10:07:09] D (36261) [mupgrade_root, 103]: Firmware download size: 435344, progress rate: 47%[0m
[2019-08-19 10:07:10] D (36268) [mupgrade_root, 103]: Firmware download size: 436800, progress rate: 47%[0m
[2019-08-19 10:07:10] D (36278) [mupgrade_root, 103]: Firmware download size: 438256, progress rate: 47%[0m
[2019-08-19 10:07:10] D (36286) [mupgrade_root, 103]: Firmware download size: 439712, progress rate: 47%[0m
[2019-08-19 10:07:10] D (36359) [mupgrade_root, 103]: Firmware download size: 441168, progress rate: 47%[0m
[2019-08-19 10:07:10] D (36387) [mupgrade_root, 103]: Firmware download size: 442624, progress rate: 48%[0m
[2019-08-19 10:07:10] D (36394) [mupgrade_root, 103]: Firmware download size: 444080, progress rate: 48%[0m
[2019-08-19 10:07:10] D (36476) [mupgrade_root, 103]: Firmware download size: 445536, progress rate: 48%[0m
[2019-08-19 10:07:10] D (36492) [mupgrade_root, 103]: Firmware download size: 446992, progress rate: 48%[0m
[2019-08-19 10:07:10] D (36499) [mupgrade_root, 103]: Firmware download size: 448448, progress rate: 48%[0m
[2019-08-19 10:07:10] D (36578) [mupgrade_root, 103]: Firmware download size: 449904, progress rate: 48%[0m
[2019-08-19 10:07:10] D (36585) [mupgrade_root, 103]: Firmware download size: 451360, progress rate: 48%[0m
[2019-08-19 10:07:10] D (36595) [mupgrade_root, 103]: Firmware download size: 452816, progress rate: 49%[0m
[2019-08-19 10:07:10] D (36683) [mupgrade_root, 103]: Firmware download size: 454272, progress rate: 49%[0m
[2019-08-19 10:07:10] D (36690) [mupgrade_root, 103]: Firmware download size: 455728, progress rate: 49%[0m
[2019-08-19 10:07:10] D (36707) [mupgrade_root, 103]: Firmware download size: 457184, progress rate: 49%[0m
[2019-08-19 10:07:10] D (36801) [mupgrade_root, 103]: Firmware download size: 458640, progress rate: 49%[0m
[2019-08-19 10:07:10] D (36813) [mupgrade_root, 103]: Firmware download size: 460096, progress rate: 49%[0m
[2019-08-19 10:07:10] D (36820) [mupgrade_root, 103]: Firmware download size: 461552, progress rate: 50%[0m
[2019-08-19 10:07:10] D (36899) [mupgrade_root, 103]: Firmware download size: 463008, progress rate: 50%[0m
[2019-08-19 10:07:10] D (36906) [mupgrade_root, 103]: Firmware download size: 464464, progress rate: 50%[0m
[2019-08-19 10:07:10] D (36922) [mupgrade_root, 103]: Firmware download size: 465920, progress rate: 50%[0m
[2019-08-19 10:07:10] D (37002) [mupgrade_root, 103]: Firmware download size: 467376, progress rate: 50%[0m
[2019-08-19 10:07:10] D (37009) [mupgrade_root, 103]: Firmware download size: 468832, progress rate: 50%[0m
[2019-08-19 10:07:10] D (37044) [mupgrade_root, 103]: Firmware download size: 470288, progress rate: 51%[0m
[2019-08-19 10:07:10] D (37118) [mupgrade_root, 103]: Firmware download size: 471744, progress rate: 51%[0m
[2019-08-19 10:07:10] D (37125) [mupgrade_root, 103]: Firmware download size: 473200, progress rate: 51%[0m
[2019-08-19 10:07:10] D (37140) [mupgrade_root, 103]: Firmware download size: 474656, progress rate: 51%[0m
[2019-08-19 10:07:10] D (37219) [mupgrade_root, 103]: Firmware download size: 476112, progress rate: 51%[0m
[2019-08-19 10:07:10] D (37226) [mupgrade_root, 103]: Firmware download size: 477568, progress rate: 51%[0m
[2019-08-19 10:07:10] D (37238) [mupgrade_root, 103]: Firmware download size: 479024, progress rate: 51%[0m
[2019-08-19 10:07:11] D (37320) [mupgrade_root, 103]: Firmware download size: 480480, progress rate: 52%[0m
[2019-08-19 10:07:11] D (37327) [mupgrade_root, 103]: Firmware download size: 481936, progress rate: 52%[0m
[2019-08-19 10:07:11] D (37356) [mupgrade_root, 103]: Firmware download size: 483392, progress rate: 52%[0m
[2019-08-19 10:07:11] D (37440) [mupgrade_root, 103]: Firmware download size: 484848, progress rate: 52%[0m
[2019-08-19 10:07:11] D (37447) [mupgrade_root, 103]: Firmware download size: 486304, progress rate: 52%[0m
[2019-08-19 10:07:11] D (37458) [mupgrade_root, 103]: Firmware download size: 487760, progress rate: 52%[0m
[2019-08-19 10:07:11] D (37539) [mupgrade_root, 103]: Firmware download size: 489216, progress rate: 53%[0m
[2019-08-19 10:07:11] D (37548) [mupgrade_root, 103]: Firmware download size: 490672, progress rate: 53%[0m
[2019-08-19 10:07:11] D (37557) [mupgrade_root, 103]: Firmware download size: 492128, progress rate: 53%[0m
[2019-08-19 10:07:11] D (37638) [mupgrade_root, 103]: Firmware download size: 493584, progress rate: 53%[0m
[2019-08-19 10:07:11] D (37649) [mupgrade_root, 103]: Firmware download size: 495040, progress rate: 53%[0m
[2019-08-19 10:07:11] D (37667) [mupgrade_root, 103]: Firmware download size: 496496, progress rate: 53%[0m
[2019-08-19 10:07:11] D (37766) [mupgrade_root, 103]: Firmware download size: 497952, progress rate: 54%[0m
[2019-08-19 10:07:11] D (37773) [mupgrade_root, 103]: Firmware download size: 499408, progress rate: 54%[0m
[2019-08-19 10:07:11] D (37779) [mupgrade_root, 103]: Firmware download size: 500864, progress rate: 54%[0m
[2019-08-19 10:07:11] D (37858) [mupgrade_root, 103]: Firmware download size: 502320, progress rate: 54%[0m
[2019-08-19 10:07:11] D (37865) [mupgrade_root, 103]: Firmware download size: 503776, progress rate: 54%[0m
[2019-08-19 10:07:11] D (37876) [mupgrade_root, 103]: Firmware download size: 505232, progress rate: 54%[0m
[2019-08-19 10:07:11] D (37963) [mupgrade_root, 103]: Firmware download size: 506688, progress rate: 54%[0m
[2019-08-19 10:07:11] D (37969) [mupgrade_root, 103]: Firmware download size: 508144, progress rate: 55%[0m
[2019-08-19 10:07:11] D (37987) [mupgrade_root, 103]: Firmware download size: 509600, progress rate: 55%[0m
[2019-08-19 10:07:11] D (38087) [mupgrade_root, 103]: Firmware download size: 511056, progress rate: 55%[0m
[2019-08-19 10:07:11] D (38094) [mupgrade_root, 103]: Firmware download size: 512512, progress rate: 55%[0m
[2019-08-19 10:07:11] D (38178) [mupgrade_root, 103]: Firmware download size: 513968, progress rate: 55%[0m
[2019-08-19 10:07:11] D (38185) [mupgrade_root, 103]: Firmware download size: 515424, progress rate: 55%[0m
[2019-08-19 10:07:11] D (38218) [mupgrade_root, 103]: Firmware download size: 516880, progress rate: 56%[0m
[2019-08-19 10:07:11] D (38302) [mupgrade_root, 103]: Firmware download size: 518336, progress rate: 56%[0m
[2019-08-19 10:07:12] D (38311) [mupgrade_root, 103]: Firmware download size: 519792, progress rate: 56%[0m
[2019-08-19 10:07:12] D (38318) [mupgrade_root, 103]: Firmware download size: 521248, progress rate: 56%[0m
[2019-08-19 10:07:12] D (38408) [mupgrade_root, 103]: Firmware download size: 522704, progress rate: 56%[0m
[2019-08-19 10:07:12] D (38418) [mupgrade_root, 103]: Firmware download size: 524160, progress rate: 56%[0m
[2019-08-19 10:07:12] D (38424) [mupgrade_root, 103]: Firmware download size: 525616, progress rate: 57%[0m
[2019-08-19 10:07:12] D (38497) [mupgrade_root, 103]: Firmware download size: 527072, progress rate: 57%[0m
[2019-08-19 10:07:12] D (38519) [mupgrade_root, 103]: Firmware download size: 528528, progress rate: 57%[0m
[2019-08-19 10:07:12] D (38526) [mupgrade_root, 103]: Firmware download size: 529984, progress rate: 57%[0m
[2019-08-19 10:07:12] D (38596) [mupgrade_root, 103]: Firmware download size: 531440, progress rate: 57%[0m
[2019-08-19 10:07:12] D (38630) [mupgrade_root, 103]: Firmware download size: 532896, progress rate: 57%[0m
[2019-08-19 10:07:12] D (38639) [mupgrade_root, 103]: Firmware download size: 534352, progress rate: 57%[0m
[2019-08-19 10:07:12] D (38717) [mupgrade_root, 103]: Firmware download size: 535808, progress rate: 58%[0m
[2019-08-19 10:07:12] D (38739) [mupgrade_root, 103]: Firmware download size: 537264, progress rate: 58%[0m
[2019-08-19 10:07:12] D (38745) [mupgrade_root, 103]: Firmware download size: 538720, progress rate: 58%[0m
[2019-08-19 10:07:12] D (38820) [mupgrade_root, 103]: Firmware download size: 540176, progress rate: 58%[0m
[2019-08-19 10:07:12] D (38837) [mupgrade_root, 103]: Firmware download size: 541632, progress rate: 58%[0m
[2019-08-19 10:07:12] D (38846) [mupgrade_root, 103]: Firmware download size: 543088, progress rate: 58%[0m
[2019-08-19 10:07:12] D (38916) [mupgrade_root, 103]: Firmware download size: 544544, progress rate: 59%[0m
[2019-08-19 10:07:12] D (38957) [mupgrade_root, 103]: Firmware download size: 546000, progress rate: 59%[0m
[2019-08-19 10:07:12] D (38963) [mupgrade_root, 103]: Firmware download size: 547456, progress rate: 59%[0m
[2019-08-19 10:07:12] D (39036) [mupgrade_root, 103]: Firmware download size: 548912, progress rate: 59%[0m
[2019-08-19 10:07:12] D (39059) [mupgrade_root, 103]: Firmware download size: 550368, progress rate: 59%[0m
[2019-08-19 10:07:12] D (39066) [mupgrade_root, 103]: Firmware download size: 551824, progress rate: 59%[0m
[2019-08-19 10:07:12] D (39138) [mupgrade_root, 103]: Firmware download size: 553280, progress rate: 60%[0m
[2019-08-19 10:07:12] D (39158) [mupgrade_root, 103]: Firmware download size: 554736, progress rate: 60%[0m
[2019-08-19 10:07:12] D (39165) [mupgrade_root, 103]: Firmware download size: 556192, progress rate: 60%[0m
[2019-08-19 10:07:12] D (39236) [mupgrade_root, 103]: Firmware download size: 557648, progress rate: 60%[0m
[2019-08-19 10:07:13] D (39276) [mupgrade_root, 103]: Firmware download size: 559104, progress rate: 60%[0m
[2019-08-19 10:07:13] D (39285) [mupgrade_root, 103]: Firmware download size: 560560, progress rate: 60%[0m
[2019-08-19 10:07:13] D (39358) [mupgrade_root, 103]: Firmware download size: 562016, progress rate: 60%[0m
[2019-08-19 10:07:13] D (39378) [mupgrade_root, 103]: Firmware download size: 563472, progress rate: 61%[0m
[2019-08-19 10:07:13] D (39386) [mupgrade_root, 103]: Firmware download size: 564928, progress rate: 61%[0m
[2019-08-19 10:07:13] D (39459) [mupgrade_root, 103]: Firmware download size: 566384, progress rate: 61%[0m
[2019-08-19 10:07:13] D (39479) [mupgrade_root, 103]: Firmware download size: 567840, progress rate: 61%[0m
[2019-08-19 10:07:13] D (39488) [mupgrade_root, 103]: Firmware download size: 569296, progress rate: 61%[0m
[2019-08-19 10:07:13] D (39559) [mupgrade_root, 103]: Firmware download size: 570752, progress rate: 61%[0m
[2019-08-19 10:07:13] D (39591) [mupgrade_root, 103]: Firmware download size: 572208, progress rate: 62%[0m
[2019-08-19 10:07:13] D (39598) [mupgrade_root, 103]: Firmware download size: 573664, progress rate: 62%[0m
[2019-08-19 10:07:13] D (39681) [mupgrade_root, 103]: Firmware download size: 575120, progress rate: 62%[0m
[2019-08-19 10:07:13] D (39688) [mupgrade_root, 103]: Firmware download size: 576576, progress rate: 62%[0m
[2019-08-19 10:07:13] D (39699) [mupgrade_root, 103]: Firmware download size: 578032, progress rate: 62%[0m
[2019-08-19 10:07:13] D (39779) [mupgrade_root, 103]: Firmware download size: 579488, progress rate: 62%[0m
[2019-08-19 10:07:13] D (39786) [mupgrade_root, 103]: Firmware download size: 580944, progress rate: 63%[0m
[2019-08-19 10:07:13] D (39806) [mupgrade_root, 103]: Firmware download size: 582400, progress rate: 63%[0m
[2019-08-19 10:07:13] D (39879) [mupgrade_root, 103]: Firmware download size: 583856, progress rate: 63%[0m
[2019-08-19 10:07:13] D (39886) [mupgrade_root, 103]: Firmware download size: 585312, progress rate: 63%[0m
[2019-08-19 10:07:13] D (39906) [mupgrade_root, 103]: Firmware download size: 586768, progress rate: 63%[0m
[2019-08-19 10:07:13] D (39996) [mupgrade_root, 103]: Firmware download size: 588224, progress rate: 63%[0m
[2019-08-19 10:07:13] D (40008) [mupgrade_root, 103]: Firmware download size: 589680, progress rate: 63%[0m
[2019-08-19 10:07:13] D (40015) [mupgrade_root, 103]: Firmware download size: 591136, progress rate: 64%[0m
[2019-08-19 10:07:13] D (40099) [mupgrade_root, 103]: Firmware download size: 592592, progress rate: 64%[0m
[2019-08-19 10:07:13] D (40109) [mupgrade_root, 103]: Firmware download size: 594048, progress rate: 64%[0m
[2019-08-19 10:07:13] D (40118) [mupgrade_root, 103]: Firmware download size: 595504, progress rate: 64%[0m
[2019-08-19 10:07:13] D (40200) [mupgrade_root, 103]: Firmware download size: 596960, progress rate: 64%[0m
[2019-08-19 10:07:13] D (40210) [mupgrade_root, 103]: Firmware download size: 598416, progress rate: 64%[0m
[2019-08-19 10:07:13] D (40234) [mupgrade_root, 103]: Firmware download size: 599872, progress rate: 65%[0m
[2019-08-19 10:07:14] D (40316) [mupgrade_root, 103]: Firmware download size: 601328, progress rate: 65%[0m
[2019-08-19 10:07:14] D (40327) [mupgrade_root, 103]: Firmware download size: 602784, progress rate: 65%[0m
[2019-08-19 10:07:14] D (40334) [mupgrade_root, 103]: Firmware download size: 604240, progress rate: 65%[0m
[2019-08-19 10:07:14] D (40425) [mupgrade_root, 103]: Firmware download size: 605696, progress rate: 65%[0m
[2019-08-19 10:07:14] D (40432) [mupgrade_root, 103]: Firmware download size: 607152, progress rate: 65%[0m
[2019-08-19 10:07:14] D (40438) [mupgrade_root, 103]: Firmware download size: 608608, progress rate: 66%[0m
[2019-08-19 10:07:14] D (40521) [mupgrade_root, 103]: Firmware download size: 610064, progress rate: 66%[0m
[2019-08-19 10:07:14] D (40527) [mupgrade_root, 103]: Firmware download size: 611520, progress rate: 66%[0m
[2019-08-19 10:07:14] D (40549) [mupgrade_root, 103]: Firmware download size: 612976, progress rate: 66%[0m
[2019-08-19 10:07:14] D (40640) [mupgrade_root, 103]: Firmware download size: 614432, progress rate: 66%[0m
[2019-08-19 10:07:14] D (40648) [mupgrade_root, 103]: Firmware download size: 615888, progress rate: 66%[0m
[2019-08-19 10:07:14] D (40654) [mupgrade_root, 103]: Firmware download size: 617344, progress rate: 66%[0m
[2019-08-19 10:07:14] D (40740) [mupgrade_root, 103]: Firmware download size: 618800, progress rate: 67%[0m
[2019-08-19 10:07:14] D (40747) [mupgrade_root, 103]: Firmware download size: 620256, progress rate: 67%[0m
[2019-08-19 10:07:14] D (40758) [mupgrade_root, 103]: Firmware download size: 621712, progress rate: 67%[0m
[2019-08-19 10:07:14] D (40839) [mupgrade_root, 103]: Firmware download size: 623168, progress rate: 67%[0m
[2019-08-19 10:07:14] D (40846) [mupgrade_root, 103]: Firmware download size: 624624, progress rate: 67%[0m
[2019-08-19 10:07:14] D (40873) [mupgrade_root, 103]: Firmware download size: 626080, progress rate: 67%[0m
[2019-08-19 10:07:14] D (40959) [mupgrade_root, 103]: Firmware download size: 627536, progress rate: 68%[0m
[2019-08-19 10:07:14] D (40968) [mupgrade_root, 103]: Firmware download size: 628992, progress rate: 68%[0m
[2019-08-19 10:07:14] D (40975) [mupgrade_root, 103]: Firmware download size: 630448, progress rate: 68%[0m
[2019-08-19 10:07:14] D (41057) [mupgrade_root, 103]: Firmware download size: 631904, progress rate: 68%[0m
[2019-08-19 10:07:14] D (41069) [mupgrade_root, 103]: Firmware download size: 633360, progress rate: 68%[0m
[2019-08-19 10:07:14] D (41080) [mupgrade_root, 103]: Firmware download size: 634816, progress rate: 68%[0m
[2019-08-19 10:07:14] D (41159) [mupgrade_root, 103]: Firmware download size: 636272, progress rate: 69%[0m
[2019-08-19 10:07:14] D (41166) [mupgrade_root, 103]: Firmware download size: 637728, progress rate: 69%[0m
[2019-08-19 10:07:14] D (41185) [mupgrade_root, 103]: Firmware download size: 639184, progress rate: 69%[0m
[2019-08-19 10:07:14] D (41279) [mupgrade_root, 103]: Firmware download size: 640640, progress rate: 69%[0m
[2019-08-19 10:07:15] D (41287) [mupgrade_root, 103]: Firmware download size: 642096, progress rate: 69%[0m
[2019-08-19 10:07:15] D (41293) [mupgrade_root, 103]: Firmware download size: 643552, progress rate: 69%[0m
[2019-08-19 10:07:15] D (41394) [mupgrade_root, 103]: Firmware download size: 645008, progress rate: 69%[0m
[2019-08-19 10:07:15] D (41402) [mupgrade_root, 103]: Firmware download size: 646464, progress rate: 70%[0m
[2019-08-19 10:07:15] D (41409) [mupgrade_root, 103]: Firmware download size: 647920, progress rate: 70%[0m
[2019-08-19 10:07:15] D (41477) [mupgrade_root, 103]: Firmware download size: 649376, progress rate: 70%[0m
[2019-08-19 10:07:15] D (41506) [mupgrade_root, 103]: Firmware download size: 650832, progress rate: 70%[0m
[2019-08-19 10:07:15] D (41513) [mupgrade_root, 103]: Firmware download size: 652288, progress rate: 70%[0m
[2019-08-19 10:07:15] D (41603) [mupgrade_root, 103]: Firmware download size: 653744, progress rate: 70%[0m
[2019-08-19 10:07:15] D (41611) [mupgrade_root, 103]: Firmware download size: 655200, progress rate: 71%[0m
[2019-08-19 10:07:15] D (41617) [mupgrade_root, 103]: Firmware download size: 656656, progress rate: 71%[0m
[2019-08-19 10:07:15] D (41703) [mupgrade_root, 103]: Firmware download size: 658112, progress rate: 71%[0m
[2019-08-19 10:07:15] D (41712) [mupgrade_root, 103]: Firmware download size: 659568, progress rate: 71%[0m
[2019-08-19 10:07:15] D (41726) [mupgrade_root, 103]: Firmware download size: 661024, progress rate: 71%[0m
[2019-08-19 10:07:15] D (41797) [mupgrade_root, 103]: Firmware download size: 662480, progress rate: 71%[0m
[2019-08-19 10:07:15] D (41806) [mupgrade_root, 103]: Firmware download size: 663936, progress rate: 72%[0m
[2019-08-19 10:07:15] D (41826) [mupgrade_root, 103]: Firmware download size: 665392, progress rate: 72%[0m
[2019-08-19 10:07:15] D (41921) [mupgrade_root, 103]: Firmware download size: 666848, progress rate: 72%[0m
[2019-08-19 10:07:15] D (41928) [mupgrade_root, 103]: Firmware download size: 668304, progress rate: 72%[0m
[2019-08-19 10:07:15] D (41934) [mupgrade_root, 103]: Firmware download size: 669760, progress rate: 72%[0m
[2019-08-19 10:07:15] D (42022) [mupgrade_root, 103]: Firmware download size: 671216, progress rate: 72%[0m
[2019-08-19 10:07:15] D (42044) [mupgrade_root, 103]: Firmware download size: 672672, progress rate: 72%[0m
[2019-08-19 10:07:15] D (42053) [mupgrade_root, 103]: Firmware download size: 674128, progress rate: 73%[0m
[2019-08-19 10:07:15] D (42140) [mupgrade_root, 103]: Firmware download size: 675584, progress rate: 73%[0m
[2019-08-19 10:07:15] D (42155) [mupgrade_root, 103]: Firmware download size: 677040, progress rate: 73%[0m
[2019-08-19 10:07:15] D (42162) [mupgrade_root, 103]: Firmware download size: 678496, progress rate: 73%[0m
[2019-08-19 10:07:15] D (42238) [mupgrade_root, 103]: Firmware download size: 679952, progress rate: 73%[0m
[2019-08-19 10:07:16] D (42247) [mupgrade_root, 103]: Firmware download size: 681408, progress rate: 73%[0m
[2019-08-19 10:07:16] D (42266) [mupgrade_root, 103]: Firmware download size: 682864, progress rate: 74%[0m
[2019-08-19 10:07:16] D (42338) [mupgrade_root, 103]: Firmware download size: 684320, progress rate: 74%[0m
[2019-08-19 10:07:16] D (42363) [mupgrade_root, 103]: Firmware download size: 685776, progress rate: 74%[0m
[2019-08-19 10:07:16] D (42369) [mupgrade_root, 103]: Firmware download size: 687232, progress rate: 74%[0m
[2019-08-19 10:07:16] D (42472) [mupgrade_root, 103]: Firmware download size: 688688, progress rate: 74%[0m
[2019-08-19 10:07:16] D (42478) [mupgrade_root, 103]: Firmware download size: 690144, progress rate: 74%[0m
[2019-08-19 10:07:16] D (42484) [mupgrade_root, 103]: Firmware download size: 691600, progress rate: 75%[0m
[2019-08-19 10:07:16] D (42556) [mupgrade_root, 103]: Firmware download size: 693056, progress rate: 75%[0m
[2019-08-19 10:07:16] D (42582) [mupgrade_root, 103]: Firmware download size: 694512, progress rate: 75%[0m
[2019-08-19 10:07:16] D (42588) [mupgrade_root, 103]: Firmware download size: 695968, progress rate: 75%[0m
[2019-08-19 10:07:16] D (42676) [mupgrade_root, 103]: Firmware download size: 697424, progress rate: 75%[0m
[2019-08-19 10:07:16] D (42688) [mupgrade_root, 103]: Firmware download size: 698880, progress rate: 75%[0m
[2019-08-19 10:07:16] D (42699) [mupgrade_root, 103]: Firmware download size: 700336, progress rate: 75%[0m
[2019-08-19 10:07:16] D (42787) [mupgrade_root, 103]: Firmware download size: 701792, progress rate: 76%[0m
[2019-08-19 10:07:16] D (42796) [mupgrade_root, 103]: Firmware download size: 703248, progress rate: 76%[0m
[2019-08-19 10:07:16] D (42807) [mupgrade_root, 103]: Firmware download size: 704704, progress rate: 76%[0m
[2019-08-19 10:07:16] D (42876) [mupgrade_root, 103]: Firmware download size: 706160, progress rate: 76%[0m
[2019-08-19 10:07:16] D (42900) [mupgrade_root, 103]: Firmware download size: 707616, progress rate: 76%[0m
[2019-08-19 10:07:16] D (42913) [mupgrade_root, 103]: Firmware download size: 709072, progress rate: 76%[0m
[2019-08-19 10:07:16] D (42975) [mupgrade_root, 103]: Firmware download size: 710528, progress rate: 77%[0m
[2019-08-19 10:07:16] D (42999) [mupgrade_root, 103]: Firmware download size: 711984, progress rate: 77%[0m
[2019-08-19 10:07:16] D (43006) [mupgrade_root, 103]: Firmware download size: 713440, progress rate: 77%[0m
[2019-08-19 10:07:16] D (43017) [mupgrade_root, 103]: Firmware download size: 714896, progress rate: 77%[0m
[2019-08-19 10:07:16] D (43106) [mupgrade_root, 103]: Firmware download size: 716352, progress rate: 77%[0m
[2019-08-19 10:07:16] D (43115) [mupgrade_root, 103]: Firmware download size: 717808, progress rate: 77%[0m
[2019-08-19 10:07:16] D (43122) [mupgrade_root, 103]: Firmware download size: 719264, progress rate: 78%[0m
[2019-08-19 10:07:16] D (43199) [mupgrade_root, 103]: Firmware download size: 720720, progress rate: 78%[0m
[2019-08-19 10:07:16] D (43221) [mupgrade_root, 103]: Firmware download size: 722176, progress rate: 78%[0m
[2019-08-19 10:07:16] D (43228) [mupgrade_root, 103]: Firmware download size: 723632, progress rate: 78%[0m
[2019-08-19 10:07:16] D (43299) [mupgrade_root, 103]: Firmware download size: 725088, progress rate: 78%[0m
[2019-08-19 10:07:17] D (43306) [mupgrade_root, 103]: Firmware download size: 726544, progress rate: 78%[0m
[2019-08-19 10:07:17] D (43317) [mupgrade_root, 103]: Firmware download size: 728000, progress rate: 78%[0m
[2019-08-19 10:07:17] D (43396) [mupgrade_root, 103]: Firmware download size: 729456, progress rate: 79%[0m
[2019-08-19 10:07:17] D (43405) [mupgrade_root, 103]: Firmware download size: 730912, progress rate: 79%[0m
[2019-08-19 10:07:17] D (43417) [mupgrade_root, 103]: Firmware download size: 732368, progress rate: 79%[0m
[2019-08-19 10:07:17] D (43522) [mupgrade_root, 103]: Firmware download size: 733824, progress rate: 79%[0m
[2019-08-19 10:07:17] D (43529) [mupgrade_root, 103]: Firmware download size: 735280, progress rate: 79%[0m
[2019-08-19 10:07:17] D (43535) [mupgrade_root, 103]: Firmware download size: 736736, progress rate: 79%[0m
[2019-08-19 10:07:17] D (43617) [mupgrade_root, 103]: Firmware download size: 738192, progress rate: 80%[0m
[2019-08-19 10:07:17] D (43628) [mupgrade_root, 103]: Firmware download size: 739648, progress rate: 80%[0m
[2019-08-19 10:07:17] D (43635) [mupgrade_root, 103]: Firmware download size: 741104, progress rate: 80%[0m
[2019-08-19 10:07:17] D (43718) [mupgrade_root, 103]: Firmware download size: 742560, progress rate: 80%[0m
[2019-08-19 10:07:17] D (43726) [mupgrade_root, 103]: Firmware download size: 744016, progress rate: 80%[0m
[2019-08-19 10:07:17] D (43744) [mupgrade_root, 103]: Firmware download size: 745472, progress rate: 80%[0m
[2019-08-19 10:07:17] D (43837) [mupgrade_root, 103]: Firmware download size: 746928, progress rate: 81%[0m
[2019-08-19 10:07:17] D (43854) [mupgrade_root, 103]: Firmware download size: 748384, progress rate: 81%[0m
[2019-08-19 10:07:17] D (43861) [mupgrade_root, 103]: Firmware download size: 749840, progress rate: 81%[0m
[2019-08-19 10:07:17] D (43938) [mupgrade_root, 103]: Firmware download size: 751296, progress rate: 81%[0m
[2019-08-19 10:07:17] D (43945) [mupgrade_root, 103]: Firmware download size: 752752, progress rate: 81%[0m
[2019-08-19 10:07:17] D (43958) [mupgrade_root, 103]: Firmware download size: 754208, progress rate: 81%[0m
[2019-08-19 10:07:17] D (44037) [mupgrade_root, 103]: Firmware download size: 755664, progress rate: 81%[0m
[2019-08-19 10:07:17] D (44051) [mupgrade_root, 103]: Firmware download size: 757120, progress rate: 82%[0m
[2019-08-19 10:07:17] D (44068) [mupgrade_root, 103]: Firmware download size: 758576, progress rate: 82%[0m
[2019-08-19 10:07:17] D (44164) [mupgrade_root, 103]: Firmware download size: 760032, progress rate: 82%[0m
[2019-08-19 10:07:17] D (44172) [mupgrade_root, 103]: Firmware download size: 761488, progress rate: 82%[0m
[2019-08-19 10:07:17] D (44178) [mupgrade_root, 103]: Firmware download size: 762944, progress rate: 82%[0m
[2019-08-19 10:07:17] D (44264) [mupgrade_root, 103]: Firmware download size: 764400, progress rate: 82%[0m
[2019-08-19 10:07:18] D (44279) [mupgrade_root, 103]: Firmware download size: 765856, progress rate: 83%[0m
[2019-08-19 10:07:18] D (44287) [mupgrade_root, 103]: Firmware download size: 767312, progress rate: 83%[0m
[2019-08-19 10:07:18] D (44355) [mupgrade_root, 103]: Firmware download size: 768768, progress rate: 83%[0m
[2019-08-19 10:07:18] D (44397) [mupgrade_root, 103]: Firmware download size: 770224, progress rate: 83%[0m
[2019-08-19 10:07:18] D (44405) [mupgrade_root, 103]: Firmware download size: 771680, progress rate: 83%[0m
[2019-08-19 10:07:18] D (44483) [mupgrade_root, 103]: Firmware download size: 773136, progress rate: 83%[0m
[2019-08-19 10:07:18] D (44499) [mupgrade_root, 103]: Firmware download size: 774592, progress rate: 84%[0m
[2019-08-19 10:07:18] D (44508) [mupgrade_root, 103]: Firmware download size: 776048, progress rate: 84%[0m
[2019-08-19 10:07:18] D (44579) [mupgrade_root, 103]: Firmware download size: 777504, progress rate: 84%[0m
[2019-08-19 10:07:18] D (44599) [mupgrade_root, 103]: Firmware download size: 778960, progress rate: 84%[0m
[2019-08-19 10:07:18] D (44608) [mupgrade_root, 103]: Firmware download size: 780416, progress rate: 84%[0m
[2019-08-19 10:07:18] D (44675) [mupgrade_root, 103]: Firmware download size: 781872, progress rate: 84%[0m
[2019-08-19 10:07:18] D (44721) [mupgrade_root, 103]: Firmware download size: 783328, progress rate: 84%[0m
[2019-08-19 10:07:18] D (44729) [mupgrade_root, 103]: Firmware download size: 784784, progress rate: 85%[0m
[2019-08-19 10:07:18] D (44797) [mupgrade_root, 103]: Firmware download size: 786240, progress rate: 85%[0m
[2019-08-19 10:07:18] D (44827) [mupgrade_root, 103]: Firmware download size: 787696, progress rate: 85%[0m
[2019-08-19 10:07:18] D (44833) [mupgrade_root, 103]: Firmware download size: 789152, progress rate: 85%[0m
[2019-08-19 10:07:18] D (44898) [mupgrade_root, 103]: Firmware download size: 790608, progress rate: 85%[0m
[2019-08-19 10:07:18] D (44918) [mupgrade_root, 103]: Firmware download size: 792064, progress rate: 85%[0m
[2019-08-19 10:07:18] D (44930) [mupgrade_root, 103]: Firmware download size: 793520, progress rate: 86%[0m
[2019-08-19 10:07:18] D (44995) [mupgrade_root, 103]: Firmware download size: 794976, progress rate: 86%[0m
[2019-08-19 10:07:18] D (45029) [mupgrade_root, 103]: Firmware download size: 796432, progress rate: 86%[0m
[2019-08-19 10:07:18] D (45036) [mupgrade_root, 103]: Firmware download size: 797888, progress rate: 86%[0m
[2019-08-19 10:07:18] D (45117) [mupgrade_root, 103]: Firmware download size: 799344, progress rate: 86%[0m
[2019-08-19 10:07:18] D (45129) [mupgrade_root, 103]: Firmware download size: 800800, progress rate: 86%[0m
[2019-08-19 10:07:18] D (45137) [mupgrade_root, 103]: Firmware download size: 802256, progress rate: 87%[0m
[2019-08-19 10:07:18] D (45225) [mupgrade_root, 103]: Firmware download size: 803712, progress rate: 87%[0m
[2019-08-19 10:07:18] D (45233) [mupgrade_root, 103]: Firmware download size: 805168, progress rate: 87%[0m
[2019-08-19 10:07:19] D (45241) [mupgrade_root, 103]: Firmware download size: 806624, progress rate: 87%[0m
[2019-08-19 10:07:19] D (45345) [mupgrade_root, 103]: Firmware download size: 808080, progress rate: 87%[0m
[2019-08-19 10:07:19] D (45353) [mupgrade_root, 103]: Firmware download size: 809536, progress rate: 87%[0m
[2019-08-19 10:07:19] D (45359) [mupgrade_root, 103]: Firmware download size: 810992, progress rate: 87%[0m
[2019-08-19 10:07:19] D (45436) [mupgrade_root, 103]: Firmware download size: 812448, progress rate: 88%[0m
[2019-08-19 10:07:19] D (45458) [mupgrade_root, 103]: Firmware download size: 813904, progress rate: 88%[0m
[2019-08-19 10:07:19] D (45467) [mupgrade_root, 103]: Firmware download size: 815360, progress rate: 88%[0m
[2019-08-19 10:07:19] D (45539) [mupgrade_root, 103]: Firmware download size: 816816, progress rate: 88%[0m
[2019-08-19 10:07:19] D (45558) [mupgrade_root, 103]: Firmware download size: 818272, progress rate: 88%[0m
[2019-08-19 10:07:19] D (45565) [mupgrade_root, 103]: Firmware download size: 819728, progress rate: 88%[0m
[2019-08-19 10:07:19] D (45637) [mupgrade_root, 103]: Firmware download size: 821184, progress rate: 89%[0m
[2019-08-19 10:07:19] D (45664) [mupgrade_root, 103]: Firmware download size: 822640, progress rate: 89%[0m
[2019-08-19 10:07:19] D (45670) [mupgrade_root, 103]: Firmware download size: 824096, progress rate: 89%[0m
[2019-08-19 10:07:19] D (45758) [mupgrade_root, 103]: Firmware download size: 825552, progress rate: 89%[0m
[2019-08-19 10:07:19] D (45769) [mupgrade_root, 103]: Firmware download size: 827008, progress rate: 89%[0m
[2019-08-19 10:07:19] D (45775) [mupgrade_root, 103]: Firmware download size: 828464, progress rate: 89%[0m
[2019-08-19 10:07:19] D (45860) [mupgrade_root, 103]: Firmware download size: 829920, progress rate: 90%[0m
[2019-08-19 10:07:19] D (45866) [mupgrade_root, 103]: Firmware download size: 831376, progress rate: 90%[0m
[2019-08-19 10:07:19] D (45873) [mupgrade_root, 103]: Firmware download size: 832832, progress rate: 90%[0m
[2019-08-19 10:07:19] D (45958) [mupgrade_root, 103]: Firmware download size: 834288, progress rate: 90%[0m
[2019-08-19 10:07:19] D (46022) [mupgrade_root, 103]: Firmware download size: 835744, progress rate: 90%[0m
[2019-08-19 10:07:19] D (46029) [mupgrade_root, 103]: Firmware download size: 837200, progress rate: 90%[0m
[2019-08-19 10:07:19] D (46076) [mupgrade_root, 103]: Firmware download size: 838656, progress rate: 90%[0m
[2019-08-19 10:07:19] D (46119) [mupgrade_root, 103]: Firmware download size: 840112, progress rate: 91%[0m
[2019-08-19 10:07:19] D (46125) [mupgrade_root, 103]: Firmware download size: 841568, progress rate: 91%[0m
[2019-08-19 10:07:19] D (46179) [mupgrade_root, 103]: Firmware download size: 843024, progress rate: 91%[0m
[2019-08-19 10:07:19] D (46220) [mupgrade_root, 103]: Firmware download size: 844480, progress rate: 91%[0m
[2019-08-19 10:07:19] D (46227) [mupgrade_root, 103]: Firmware download size: 845936, progress rate: 91%[0m
[2019-08-19 10:07:20] D (46322) [mupgrade_root, 103]: Firmware download size: 847392, progress rate: 91%[0m
[2019-08-19 10:07:20] D (46329) [mupgrade_root, 103]: Firmware download size: 848848, progress rate: 92%[0m
[2019-08-19 10:07:20] D (46335) [mupgrade_root, 103]: Firmware download size: 850304, progress rate: 92%[0m
[2019-08-19 10:07:20] D (46416) [mupgrade_root, 103]: Firmware download size: 851760, progress rate: 92%[0m
[2019-08-19 10:07:20] D (46426) [mupgrade_root, 103]: Firmware download size: 853216, progress rate: 92%[0m
[2019-08-19 10:07:20] D (46438) [mupgrade_root, 103]: Firmware download size: 854672, progress rate: 92%[0m
[2019-08-19 10:07:20] D (46524) [mupgrade_root, 103]: Firmware download size: 856128, progress rate: 92%[0m
[2019-08-19 10:07:20] D (46531) [mupgrade_root, 103]: Firmware download size: 857584, progress rate: 93%[0m
[2019-08-19 10:07:20] D (46544) [mupgrade_root, 103]: Firmware download size: 859040, progress rate: 93%[0m
[2019-08-19 10:07:20] D (46632) [mupgrade_root, 103]: Firmware download size: 860496, progress rate: 93%[0m
[2019-08-19 10:07:20] D (46643) [mupgrade_root, 103]: Firmware download size: 861952, progress rate: 93%[0m
[2019-08-19 10:07:20] D (46649) [mupgrade_root, 103]: Firmware download size: 863408, progress rate: 93%[0m
[2019-08-19 10:07:20] D (46717) [mupgrade_root, 103]: Firmware download size: 864864, progress rate: 93%[0m
[2019-08-19 10:07:20] D (46747) [mupgrade_root, 103]: Firmware download size: 866320, progress rate: 93%[0m
[2019-08-19 10:07:20] D (46753) [mupgrade_root, 103]: Firmware download size: 867776, progress rate: 94%[0m
[2019-08-19 10:07:20] D (46818) [mupgrade_root, 103]: Firmware download size: 869232, progress rate: 94%[0m
[2019-08-19 10:07:20] D (46835) [mupgrade_root, 103]: Firmware download size: 870688, progress rate: 94%[0m
[2019-08-19 10:07:20] D (46860) [mupgrade_root, 103]: Firmware download size: 872144, progress rate: 94%[0m
[2019-08-19 10:07:20] D (46918) [mupgrade_root, 103]: Firmware download size: 873600, progress rate: 94%[0m
[2019-08-19 10:07:20] D (46944) [mupgrade_root, 103]: Firmware download size: 875056, progress rate: 94%[0m
[2019-08-19 10:07:20] D (46958) [mupgrade_root, 103]: Firmware download size: 876512, progress rate: 95%[0m
[2019-08-19 10:07:20] D (47041) [mupgrade_root, 103]: Firmware download size: 877968, progress rate: 95%[0m
[2019-08-19 10:07:20] D (47048) [mupgrade_root, 103]: Firmware download size: 879424, progress rate: 95%[0m
[2019-08-19 10:07:20] D (47057) [mupgrade_root, 103]: Firmware download size: 880880, progress rate: 95%[0m
[2019-08-19 10:07:20] D (47141) [mupgrade_root, 103]: Firmware download size: 882336, progress rate: 95%[0m
[2019-08-19 10:07:20] D (47148) [mupgrade_root, 103]: Firmware download size: 883792, progress rate: 95%[0m
[2019-08-19 10:07:20] D (47161) [mupgrade_root, 103]: Firmware download size: 885248, progress rate: 96%[0m
[2019-08-19 10:07:20] D (47239) [mupgrade_root, 103]: Firmware download size: 886704, progress rate: 96%[0m
[2019-08-19 10:07:21] D (47246) [mupgrade_root, 103]: Firmware download size: 888160, progress rate: 96%[0m
[2019-08-19 10:07:21] D (47266) [mupgrade_root, 103]: Firmware download size: 889616, progress rate: 96%[0m
[2019-08-19 10:07:21] D (47359) [mupgrade_root, 103]: Firmware download size: 891072, progress rate: 96%[0m
[2019-08-19 10:07:21] D (47367) [mupgrade_root, 103]: Firmware download size: 892528, progress rate: 96%[0m
[2019-08-19 10:07:21] D (47375) [mupgrade_root, 103]: Firmware download size: 893984, progress rate: 96%[0m
[2019-08-19 10:07:21] D (47459) [mupgrade_root, 103]: Firmware download size: 895440, progress rate: 97%[0m
[2019-08-19 10:07:21] D (47470) [mupgrade_root, 103]: Firmware download size: 896896, progress rate: 97%[0m
[2019-08-19 10:07:21] D (47480) [mupgrade_root, 103]: Firmware download size: 898352, progress rate: 97%[0m
[2019-08-19 10:07:21] D (47558) [mupgrade_root, 103]: Firmware download size: 899808, progress rate: 97%[0m
[2019-08-19 10:07:21] D (47565) [mupgrade_root, 103]: Firmware download size: 901264, progress rate: 97%[0m
[2019-08-19 10:07:21] D (47586) [mupgrade_root, 103]: Firmware download size: 902720, progress rate: 97%[0m
[2019-08-19 10:07:21] D (47677) [mupgrade_root, 103]: Firmware download size: 904176, progress rate: 98%[0m
[2019-08-19 10:07:21] D (47689) [mupgrade_root, 103]: Firmware download size: 905632, progress rate: 98%[0m
[2019-08-19 10:07:21] D (47696) [mupgrade_root, 103]: Firmware download size: 907088, progress rate: 98%[0m
[2019-08-19 10:07:21] D (47786) [mupgrade_root, 103]: Firmware download size: 908544, progress rate: 98%[0m
[2019-08-19 10:07:21] D (47794) [mupgrade_root, 103]: Firmware download size: 910000, progress rate: 98%[0m
[2019-08-19 10:07:21] D (47800) [mupgrade_root, 103]: Firmware download size: 911456, progress rate: 98%[0m
[2019-08-19 10:07:21] D (47878) [mupgrade_root, 103]: Firmware download size: 912912, progress rate: 99%[0m
[2019-08-19 10:07:21] D (47916) [mupgrade_root, 103]: Firmware download size: 914368, progress rate: 99%[0m
[2019-08-19 10:07:21] D (47923) [mupgrade_root, 103]: Firmware download size: 915824, progress rate: 99%[0m
[2019-08-19 10:07:21] D (47998) [mupgrade_root, 103]: Firmware download size: 917280, progress rate: 99%[0m
[2019-08-19 10:07:21] D (48005) [mupgrade_root, 103]: Firmware download size: 918736, progress rate: 99%[0m
[2019-08-19 10:07:21] D (48015) [mupgrade_root, 103]: Firmware download size: 920192, progress rate: 99%[0m
[2019-08-19 10:07:21] D (48099) [mupgrade_root, 103]: Firmware download size: 921648, progress rate: 99%[0m
[2019-08-19 10:07:21] D (48101) [mupgrade_root, 103]: Firmware download size: 921872, progress rate: 100%[0m
[2019-08-19 10:07:21] [0;32mI (48104) esp_image: segment 0: paddr=0x001f0020 vaddr=0x3f400020 size=0x267b0 (157616) map[0m
[2019-08-19 10:07:21] [0;32mI (48238) esp_image: segment 1: paddr=0x002167d8 vaddr=0x3ffb0000 size=0x02d50 ( 11600) [0m
[2019-08-19 10:07:22] [0;32mI (48247) esp_image: segment 2: paddr=0x00219530 vaddr=0x40080000 size=0x00400 (  1024) [0m
[2019-08-19 10:07:22] [0;32mI (48250) esp_image: segment 3: paddr=0x00219938 vaddr=0x40080400 size=0x066d8 ( 26328) [0m
[2019-08-19 10:07:22] [0;32mI (48277) esp_image: segment 4: paddr=0x00220018 vaddr=0x400d0018 size=0xa721c (684572) map[0m
[2019-08-19 10:07:22] [0;32mI (48827) esp_image: segment 5: paddr=0x002c723c vaddr=0x40086ad8 size=0x09ea8 ( 40616) [0m
[2019-08-19 10:07:22] [0;32mI (48859) [mupgrade_example, 208]: The service download firmware is complete, Spend time: 26s[0m
[2019-08-19 10:07:22] D (48860) [mupgrade_root, 394]: packet_num: 901, total_size: 921872[0m
[2019-08-19 10:07:22] [0;32mI (51865) [mupgrade_example, 92]:  This mesh package contains upgrade data. NODE[0m
[2019-08-19 10:07:25] [0;32mI (51867) esp_image: segment 0: paddr=0x001f0020 vaddr=0x3f400020 size=0x267b0 (157616) map[0m
[2019-08-19 10:07:25] [0;32mI (51998) esp_image: segment 1: paddr=0x002167d8 vaddr=0x3ffb0000 size=0x02d50 ( 11600) [0m
[2019-08-19 10:07:25] [0;32mI (52008) esp_image: segment 2: paddr=0x00219530 vaddr=0x40080000 size=0x00400 (  1024) [0m
[2019-08-19 10:07:25] [0;32mI (52010) esp_image: segment 3: paddr=0x00219938 vaddr=0x40080400 size=0x066d8 ( 26328) [0m
[2019-08-19 10:07:25] [0;32mI (52039) esp_image: segment 4: paddr=0x00220018 vaddr=0x400d0018 size=0xa721c (684572) map[0m
[2019-08-19 10:07:25] [0;32mI (52588) esp_image: segment 5: paddr=0x002c723c vaddr=0x40086ad8 size=0x09ea8 ( 40616) [0m
[2019-08-19 10:07:26] [0;32mI (52661) [mupgrade_example, 277]: MDF_EVENT_MUPGRADE_STARTED, name: hello-world, size: 921872[0m
[2019-08-19 10:07:26] [0;32mI (52662) [mupgrade_node, 76]: MESH_ROOT update finish[0m
[2019-08-19 10:07:26] [0;32mI (52666) [mupgrade_example, 282]: Upgrade progress: 100%[0m
[2019-08-19 10:07:26] D (52672) [mupgrade_node, 135]: Response mupgrade status, written_size: 921872, response_size: 45[0m
[2019-08-19 10:07:26] [0;32mI (52682) [mupgrade_example, 52]:  This mesh package contains upgrade data. ROOT[0m
[2019-08-19 10:07:26] D (52689) [mupgrade_root, 153]: addr: 30:ae:a4:dd:b0:68, size: 45[0m
[2019-08-19 10:07:26] D (52695) [mupgrade_root, 264]: Response, src_addr: 30:ae:a4:dd:b0:68, request_num: 1, total_size: 921872, written_size: 921872, error_code: MDF_OK[0m
[2019-08-19 10:07:26] [0;32mI (52708) [mupgrade_example, 224]: Firmware is sent to the device to complete, Spend time: 3s[0m
[2019-08-19 10:07:26] [0;32mI (52717) [mupgrade_example, 225]: Devices upgrade completed, successed_num: 1, unfinished_num: 0[0m
[2019-08-19 10:07:26] [0;32mI (52728) [mupgrade_example, 97]: Receive [ROOT] addr: 30:ae:a4:dd:b0:68, size: 7, data: restart[0m
[2019-08-19 10:07:26] [0;32mI (52736) [mupgrade_example, 103]: Restart the version of the switching device[0m
[2019-08-19 10:07:26] [0;33mW (52744) [mupgrade_example, 104]: The device will restart after 3 seconds[0m
[2019-08-19 10:07:26] I (55752) wifi: state: run -> init (0)
[2019-08-19 10:07:29] I (55753) wifi: pm stop, total sleep time: 0 us / 44754046 us
[2019-08-19 10:07:29] 
[2019-08-19 10:07:29] I (55753) wifi: n:3 0, o:3 1, ap:3 1, sta:3 0, prof:3
[2019-08-19 10:07:29] [0;31mE (55759) event: system_event_sta_disconnected_handle_default 243 esp_wifi_internal_reg_rxcb ret=0x3014[0m
[2019-08-19 10:07:29] [0;31mE (55766) event: system_event_ap_stop_handle_default 172 esp_wifi_internal_reg_rxcb ret=0x3014[0m
[2019-08-19 10:07:29] [0;32mI (55775) [mwifi, 99]: Parent is disconnected, reason: 8[0m
[2019-08-19 10:07:29] I (55781) mesh: [wifi]disconnected reason:8(assoc leave), continuous:0/max:12, root, vote(,stopped)<><>
[2019-08-19 10:07:29] E (55790) wifi: esp_wifi_disconnect 1142 wifi not start
[2019-08-19 10:07:29] E (55795) wifi: esp_wifi_vnd_mesh_get 2222 wifi not start
[2019-08-19 10:07:29] E (55800) wifi: esp_wifi_scan_stop 1282 wifi not start
[2019-08-19 10:07:29] E (55805) wifi: esp_wifi_connect 1134 wifi not start
[2019-08-19 10:07:29] E (55809) wifi: esp_wifi_vnd_mesh_set 2209 wifi not start
[2019-08-19 10:07:29] I (55815) wifi: flush txq
[2019-08-19 10:07:29] I (55817) wifi: stop sw txq
[2019-08-19 10:07:29] I (55821) wifi: lmac stop hw txq
[2019-08-19 10:07:29] [0;32mI (11) boot: ESP-IDF v3.2.2-42-g4a9f33944-dirty 2nd stage bootloader[0m
[2019-08-19 10:07:29] [0;32mI (11) boot: compile time 09:46:45[0m
[2019-08-19 10:07:29] [0;32mI (12) boot: Enabling RNG early entropy source...[0m
[2019-08-19 10:07:29] [0;32mI (17) boot: SPI Speed      : 40MHz[0m
[2019-08-19 10:07:29] [0;32mI (21) boot: SPI Mode       : DIO[0m
[2019-08-19 10:07:29] [0;32mI (25) boot: SPI Flash Size : 4MB[0m
[2019-08-19 10:07:29] [0;32mI (29) boot: Partition Table:[0m
[2019-08-19 10:07:29] [0;32mI (32) boot: ## Label            Usage          Type ST Offset   Length[0m
[2019-08-19 10:07:29] [0;32mI (40) boot:  0 nvs              WiFi data        01 02 00009000 00004000[0m
[2019-08-19 10:07:29] [0;32mI (47) boot:  1 otadata          OTA data         01 00 0000d000 00002000[0m
[2019-08-19 10:07:29] [0;32mI (55) boot:  2 phy_init         RF data          01 01 0000f000 00001000[0m
[2019-08-19 10:07:29] [0;32mI (62) boot:  3 ota_0            OTA app          00 10 00010000 001e0000[0m
[2019-08-19 10:07:29] [0;32mI (70) boot:  4 ota_1            OTA app          00 11 001f0000 001e0000[0m
[2019-08-19 10:07:29] [0;32mI (77) boot:  5 coredump         Unknown data     01 03 003d0000 00010000[0m
[2019-08-19 10:07:29] [0;32mI (84) boot:  6 reserved         Unknown data     01 fe 003e0000 00020000[0m
[2019-08-19 10:07:29] [0;32mI (92) boot: End of partition table[0m
[2019-08-19 10:07:29] [0;32mI (96) esp_image: segment 0: paddr=0x001f0020 vaddr=0x3f400020 size=0x267b0 (157616) map[0m
[2019-08-19 10:07:29] [0;32mI (160) esp_image: segment 1: paddr=0x002167d8 vaddr=0x3ffb0000 size=0x02d50 ( 11600) load[0m
[2019-08-19 10:07:29] [0;32mI (165) esp_image: segment 2: paddr=0x00219530 vaddr=0x40080000 size=0x00400 (  1024) load[0m
[2019-08-19 10:07:29] [0;32mI (167) esp_image: segment 3: paddr=0x00219938 vaddr=0x40080400 size=0x066d8 ( 26328) load[0m
[2019-08-19 10:07:29] [0;32mI (187) esp_image: segment 4: paddr=0x00220018 vaddr=0x400d0018 size=0xa721c (684572) map[0m
[2019-08-19 10:07:29] [0;32mI (427) esp_image: segment 5: paddr=0x002c723c vaddr=0x40086ad8 size=0x09ea8 ( 40616) load[0m
[2019-08-19 10:07:30] [0;32mI (454) boot: Loaded app from partition at offset 0x1f0000[0m
[2019-08-19 10:07:30] [0;32mI (454) boot: Disabling RNG early entropy source...[0m
[2019-08-19 10:07:30] [0;32mI (454) cpu_start: Pro cpu up.[0m
[2019-08-19 10:07:30] [0;32mI (458) cpu_start: Single core mode[0m
[2019-08-19 10:07:30] [0;32mI (462) heap_init: Initializing. RAM available for dynamic allocation:[0m
[2019-08-19 10:07:30] [0;32mI (469) heap_init: At 3FFAE6E0 len 00001920 (6 KiB): DRAM[0m
[2019-08-19 10:07:30] [0;32mI (475) heap_init: At 3FFB9C98 len 00026368 (152 KiB): DRAM[0m
[2019-08-19 10:07:30] [0;32mI (482) heap_init: At 3FFE0440 len 0001FBC0 (126 KiB): D/IRAM[0m
[2019-08-19 10:07:30] [0;32mI (488) heap_init: At 40078000 len 00008000 (32 KiB): IRAM[0m
[2019-08-19 10:07:30] [0;32mI (494) heap_init: At 40090980 len 0000F680 (61 KiB): IRAM[0m
[2019-08-19 10:07:30] [0;32mI (501) cpu_start: Pro cpu start user code[0m
[2019-08-19 10:07:30] D (182) [mupgrade_check, 142]: Add an identifier to the firmware: ** MUPGRADE_FIRMWARE_FLAG **[0m
[2019-08-19 10:07:30] D (192) [mdf_info_store, 153]: <ESP_ERR_NVS_NOT_FOUND> Get value for given key, key: mupgrade_count[0m
[2019-08-19 10:07:30] [0;33mW (192) [mupgrade_check, 96]: restart reason: 12, count: 1[0m
[2019-08-19 10:07:30] [0;32mI (200) cpu_start: Starting scheduler on PRO CPU.[0m
[2019-08-19 10:07:30] 
[2019-08-19 10:07:30] Opening Non-Volatile moter1 && moter2 (NVS) handle...
[2019-08-19 10:07:30] AlarmTempMax1 Failed!
[2019-08-19 10:07:30] AlarmTempMin1 Failed!
[2019-08-19 10:07:30] SetTempMax1 Failed!
[2019-08-19 10:07:30] SetTempMin1 Failed!
[2019-08-19 10:07:30] TotalTime1 Failed!
[2019-08-19 10:07:30] OpenPer1 Failed!
[2019-08-19 10:07:30] TempCalOff1 Failed!
[2019-08-19 10:07:30] AlarmTempMax2 Failed!
[2019-08-19 10:07:30] AlarmTempMin2 Failed!
[2019-08-19 10:07:30] SetTempMax2 Failed!
[2019-08-19 10:07:30] SetTempMin2 Failed!
[2019-08-19 10:07:30] TotalTime2 Failed!
[2019-08-19 10:07:30] OpenPer2 Failed!
[2019-08-19 10:07:30] TempCalOff2 Failed!
[2019-08-19 10:07:30] [0;32mI (264) [mdf-mesh, 545]: start mdf_mesh_init[0m
[2019-08-19 10:07:30] I (272) wifi: wifi driver task: 3ffc20b0, prio:23, stack:3584, core=0
[2019-08-19 10:07:30] [0;32mI (275) system_api: Base MAC address is not set, read default base MAC address from BLK0 of EFUSE[0m
[2019-08-19 10:07:30] [0;32mI (285) system_api: Base MAC address is not set, read default base MAC address from BLK0 of EFUSE[0m
[2019-08-19 10:07:30] I (301) wifi: wifi firmware version: 0c3a77a
[2019-08-19 10:07:30] I (301) wifi: config NVS flash: enabled
[2019-08-19 10:07:30] I (302) wifi: config nano formating: disabled
[2019-08-19 10:07:30] I (306) wifi: Init dynamic tx buffer num: 32
[2019-08-19 10:07:30] I (310) wifi: Init data frame dynamic rx buffer num: 32
[2019-08-19 10:07:30] I (315) wifi: Init management frame dynamic rx buffer num: 32
[2019-08-19 10:07:30] I (320) wifi: Init management short buffer num: 32
[2019-08-19 10:07:30] I (325) wifi: Init static rx buffer size: 1600
[2019-08-19 10:07:30] I (329) wifi: Init static rx buffer num: 10
[2019-08-19 10:07:30] I (333) wifi: Init dynamic rx buffer num: 32
[2019-08-19 10:07:30] I (338) wifi: Set ps type: 0
[2019-08-19 10:07:30] 
[2019-08-19 10:07:30] [0;32mI (400) phy: phy_version: 4008, 544f89f, Jan 24 2019, 14:54:06, 0, 0[0m
[2019-08-19 10:07:30] I (402) wifi: mode : sta (30:ae:a4:dd:b0:68)
[2019-08-19 10:07:30] [0;32mI (404) [mwifi, 177]: esp-mdf version: 5aa32d3-dirty[0m
[2019-08-19 10:07:30] W (406) wifi: [beacon]new interval:100ms
[2019-08-19 10:07:30] I (411) wifi: mode : sta (30:ae:a4:dd:b0:68) + softAP (30:ae:a4:dd:b0:69)
[2019-08-19 10:07:30] I (417) wifi: Total power save buffer number: 16
[2019-08-19 10:07:30] I (420) wifi: Init max length of beacon: 752/752
[2019-08-19 10:07:30] I (425) wifi: Init max length of beacon: 752/752
[2019-08-19 10:07:30] I (432) mesh: <nvs>read layer:1
[2019-08-19 10:07:30] I (433) mesh: <nvs>read assoc:0, err:0x1102
[2019-08-19 10:07:30] [0;32mI (436) [mdf-mesh, 41]: get_dev_num[0m
[2019-08-19 10:07:30] [0;31mE (440) [mdf-mesh, 49]: 该设备MAC地址不在dest_addr中[0m
[2019-08-19 10:07:30] [0;32mI (446) [mdf-mesh, 567]: NODE device:4[0m
[2019-08-19 10:07:30] W (451) wifi: [beacon]interval:100ms
[2019-08-19 10:07:30] I (454) mesh: [CONFIG]invalid router settings, ssid_len:0, ssid:, bssid:00:00:00:00:00:00
[2019-08-19 10:07:30] I (467) wifi: Total power save buffer number: 16
[2019-08-19 10:07:30] I (1466) wifi: Set ps type: 0
[2019-08-19 10:07:31] 
[2019-08-19 10:07:31] [0;32mI (1472) [mwifi, 113]: MESH is started[0m
[2019-08-19 10:07:31] [0;32mI (1473) [mdf-mesh, 500]: event_loop_cb, event: 0[0m
[2019-08-19 10:07:31] [0;32mI (1473) [mdf-mesh, 504]: MESH is started[0m
[2019-08-19 10:07:31] [0;32mI (1476) [mdf-mesh, 591]: MESH_NODE[0m
[2019-08-19 10:07:31] [0;32mI (1480) [mdf-mesh, 256]: Note read task is running[0m
[2019-08-19 10:07:31] [0;32mI (1486) gpio: GPIO[25]| InputEn: 0| OutputEn: 1| OpenDrain: 0| Pullup: 0| Pulldown: 0| Intr:0 [0m
[2019-08-19 10:07:31] [0;32mI (1496) gpio: GPIO[26]| InputEn: 0| OutputEn: 1| OpenDrain: 0| Pullup: 0| Pulldown: 0| Intr:0 [0m
[2019-08-19 10:07:31] [0;32mI (1504) gpio: GPIO[27]| InputEn: 0| OutputEn: 1| OpenDrain: 0| Pullup: 0| Pulldown: 0| Intr:0 [0m
[2019-08-19 10:07:31] [0;32mI (1514) gpio: GPIO[17]| InputEn: 0| OutputEn: 1| OpenDrain: 0| Pullup: 0| Pulldown: 0| Intr:0 [0m
[2019-08-19 10:07:31] [0;32mI (1523) gpio: GPIO[5]| InputEn: 0| OutputEn: 1| OpenDrain: 0| Pullup: 0| Pulldown: 0| Intr:0 [0m
[2019-08-19 10:07:31] [0;32mI (1532) gpio: GPIO[18]| InputEn: 0| OutputEn: 1| OpenDrain: 0| Pullup: 0| Pulldown: 0| Intr:0 [0m
[2019-08-19 10:07:31] [0;32mI (1542) gpio: GPIO[19]| InputEn: 0| OutputEn: 1| OpenDrain: 0| Pullup: 0| Pulldown: 0| Intr:0 [0m
[2019-08-19 10:07:31] eFuse Two Point: NOT supported
[2019-08-19 10:07:31] eFuse Vref: Supported
[2019-08-19 10:07:31] Characterized using eFuse Vref
[2019-08-19 10:07:31] [0;32mI (1558) [temp_info, 59]: temp task is start[0m
[2019-08-19 10:07:31] [0;32mI (1563) [temp_info, 132]: register temp info[4],TempCalOff:0[0m
[2019-08-19 10:07:31] [0;32mI (1570) [temp_info, 132]: register temp info[5],TempCalOff:0[0m
[2019-08-19 10:07:31] [0;32mI (1577) gpio: GPIO[36]| InputEn: 1| OutputEn: 0| OpenDrain: 0| Pullup: 0| Pulldown: 0| Intr:3 [0m
[2019-08-19 10:07:31] [0;32mI (1586) gpio: GPIO[39]| InputEn: 1| OutputEn: 0| OpenDrain: 0| Pullup: 0| Pulldown: 0| Intr:3 [0m
[2019-08-19 10:07:31] [0;32mI (1595) gpio: GPIO[34]| InputEn: 1| OutputEn: 0| OpenDrain: 0| Pullup: 0| Pulldown: 0| Intr:3 [0m
[2019-08-19 10:07:31] [0;32mI (1604) gpio: GPIO[35]| InputEn: 1| OutputEn: 0| OpenDrain: 0| Pullup: 0| Pulldown: 0| Intr:3 [0m
[2019-08-19 10:07:31] [0;32mI (1615) uart: queue free spaces: 10[0m
[2019-08-19 10:07:31] W (1773) wifi: scan number 0
[2019-08-19 10:07:31] 
[2019-08-19 10:07:31] I (1773) mesh: [SCAN][ch:12]AP:0, other(ID:0, RD:0), MAP:0, idle:0, candidate:0, root:0, topMAP:0[c:1,i:1][00:00:00:00:00:00][FIXED-ROOT]<>
[2019-08-19 10:07:31] I (1777) mesh: [FAIL][1]root:0, fail:1, normal:0
[2019-08-19 10:07:31] 
[2019-08-19 10:07:31] W (2083) wifi: scan number 0
[2019-08-19 10:07:31] 
[2019-08-19 10:07:31] I (2083) mesh: [SCAN][ch:12]AP:0, other(ID:0, RD:0), MAP:0, idle:0, candidate:0, root:0, topMAP:0[c:0,i:1][00:00:00:00:00:00][FIXED-ROOT]<>
[2019-08-19 10:07:32] I (2087) mesh: [FAIL][2]root:0, fail:2, normal:0
[2019-08-19 10:07:32] 
[2019-08-19 10:07:32] W (2393) wifi: scan number 0
[2019-08-19 10:07:32] 
[2019-08-19 10:07:32] I (2394) mesh: [SCAN][ch:12]AP:0, other(ID:0, RD:0), MAP:0, idle:0, candidate:0, root:0, topMAP:0[c:0,i:1][00:00:00:00:00:00][FIXED-ROOT]<>
[2019-08-19 10:07:32] I (2397) mesh: [FAIL][3]root:0, fail:3, normal:0
[2019-08-19 10:07:32] 
[2019-08-19 10:07:32] 