33944-dirty òets Jun  8 2016 00:22:57
[2019-08-23 12:23:40] 
[2019-08-23 12:23:40] rst:0x1 (POWERON_RESET),boot:0x13 (SPI_FAST_FLASH_BOOT)
[2019-08-23 12:23:40] configsip: 0, SPIWP:0xee
[2019-08-23 12:23:40] clk_drv:0x00,q_drv:0x00,d_drv:0x00,cs0_drv:0x00,hd_drv:0x00,wp_drv:0x00
[2019-08-23 12:23:40] mode:DIO, clock div:2
[2019-08-23 12:23:40] load:0x3fff0018,len:4
[2019-08-23 12:23:40] load:0x3fff001c,len:6192
[2019-08-23 12:23:40] ho 0 tail 12 room 4
[2019-08-23 12:23:40] load:0x40078000,len:10272
[2019-08-23 12:23:40] load:0x40080400,len:6608
[2019-08-23 12:23:40] entry 0x40080764
[2019-08-23 12:23:40] [0;32mI (30) boot: ESP-IDF v3.2.2-42-g4a9f33944-dirty 2nd stage bootloader[0m
[2019-08-23 12:23:40] [0;32mI (30) boot: compile time 12:22:00[0m
[2019-08-23 12:23:40] [0;32mI (30) boot: Enabling RNG early entropy source...[0m
[2019-08-23 12:23:40] [0;32mI (37) boot: SPI Speed      : 40MHz[0m
[2019-08-23 12:23:40] [0;32mI (41) boot: SPI Mode       : DIO[0m
[2019-08-23 12:23:40] [0;32mI (45) boot: SPI Flash Size : 4MB[0m
[2019-08-23 12:23:40] [0;32mI (49) boot: Partition Table:[0m
[2019-08-23 12:23:40] [0;32mI (52) boot: ## Label            Usage          Type ST Offset   Length[0m
[2019-08-23 12:23:40] [0;32mI (60) boot:  0 nvs              WiFi data        01 02 00009000 00004000[0m
[2019-08-23 12:23:40] [0;32mI (67) boot:  1 otadata          OTA data         01 00 0000d000 00002000[0m
[2019-08-23 12:23:40] [0;32mI (75) boot:  2 phy_init         RF data          01 01 0000f000 00001000[0m
[2019-08-23 12:23:40] [0;32mI (82) boot:  3 ota_0            OTA app          00 10 00010000 001e0000[0m
[2019-08-23 12:23:40] [0;32mI (89) boot:  4 ota_1            OTA app          00 11 001f0000 001e0000[0m
[2019-08-23 12:23:40] [0;32mI (97) boot:  5 coredump         Unknown data     01 03 003d0000 00010000[0m
[2019-08-23 12:23:40] [0;32mI (104) boot:  6 reserved         Unknown data     01 fe 003e0000 00020000[0m
[2019-08-23 12:23:40] [0;32mI (112) boot: End of partition table[0m
[2019-08-23 12:23:40] [0;32mI (116) boot: No factory image, trying OTA 0[0m
[2019-08-23 12:23:40] [0;32mI (121) esp_image: segment 0: paddr=0x00010020 vaddr=0x3f400020 size=0x33e38 (212536) map[0m
[2019-08-23 12:23:40] [0;32mI (205) esp_image: segment 1: paddr=0x00043e60 vaddr=0x3ffbdb60 size=0x030f8 ( 12536) load[0m
[2019-08-23 12:23:40] [0;32mI (210) esp_image: segment 2: paddr=0x00046f60 vaddr=0x40080000 size=0x00400 (  1024) load[0m
[2019-08-23 12:23:40] [0;32mI (212) esp_image: segment 3: paddr=0x00047368 vaddr=0x40080400 size=0x08ca8 ( 36008) load[0m
[2019-08-23 12:23:40] [0;32mI (235) esp_image: segment 4: paddr=0x00050018 vaddr=0x400d0018 size=0xdbc98 (900248) map[0m
[2019-08-23 12:23:40] [0;32mI (551) esp_image: segment 5: paddr=0x0012bcb8 vaddr=0x400890a8 size=0x0d238 ( 53816) load[0m
[2019-08-23 12:23:40] [0;32mI (586) boot: Loaded app from partition at offset 0x10000[0m
[2019-08-23 12:23:40] [0;32mI (586) boot: Disabling RNG early entropy source...[0m
[2019-08-23 12:23:40] [0;32mI (587) cpu_start: Pro cpu up.[0m
[2019-08-23 12:23:40] [0;32mI (590) cpu_start: Single core mode[0m
[2019-08-23 12:23:40] [0;32mI (595) heap_init: Initializing. RAM available for dynamic allocation:[0m
[2019-08-23 12:23:40] [0;32mI (602) heap_init: At 3FFAFF10 len 000000F0 (0 KiB): DRAM[0m
[2019-08-23 12:23:40] [0;32mI (608) heap_init: At 3FFB6388 len 00001C78 (7 KiB): DRAM[0m
[2019-08-23 12:23:40] [0;32mI (614) heap_init: At 3FFB9A20 len 00004108 (16 KiB): DRAM[0m
[2019-08-23 12:23:40] [0;32mI (620) heap_init: At 3FFBDB5C len 00000004 (0 KiB): DRAM[0m
[2019-08-23 12:23:40] [0;32mI (626) heap_init: At 3FFC8D88 len 00017278 (92 KiB): DRAM[0m
[2019-08-23 12:23:40] [0;32mI (632) heap_init: At 3FFE0440 len 0001FBC0 (126 KiB): D/IRAM[0m
[2019-08-23 12:23:40] [0;32mI (639) heap_init: At 40078000 len 00008000 (32 KiB): IRAM[0m
[2019-08-23 12:23:40] [0;32mI (645) heap_init: At 400962E0 len 00009D20 (39 KiB): IRAM[0m
[2019-08-23 12:23:40] [0;32mI (651) cpu_start: Pro cpu start user code[0m
[2019-08-23 12:23:40] [0;32mI (334) cpu_start: Starting scheduler on PRO CPU.[0m
[2019-08-23 12:23:40] I (363) wifi: wifi driver task: 3ffcca88, prio:23, stack:3584, core=0
[2019-08-23 12:23:40] [0;32mI (363) system_api: Base MAC address is not set, read default base MAC address from BLK0 of EFUSE[0m
[2019-08-23 12:23:40] [0;32mI (368) system_api: Base MAC address is not set, read default base MAC address from BLK0 of EFUSE[0m
[2019-08-23 12:23:40] I (388) wifi: wifi firmware version: 0c3a77a
[2019-08-23 12:23:40] I (388) wifi: config NVS flash: enabled
[2019-08-23 12:23:40] I (388) wifi: config nano formating: disabled
[2019-08-23 12:23:40] I (389) wifi: Init dynamic tx buffer num: 32
[2019-08-23 12:23:40] I (393) wifi: Init data frame dynamic rx buffer num: 32
[2019-08-23 12:23:40] I (398) wifi: Init management frame dynamic rx buffer num: 32
[2019-08-23 12:23:40] I (403) wifi: Init management short buffer num: 32
[2019-08-23 12:23:40] I (408) wifi: Init static rx buffer size: 1600
[2019-08-23 12:23:40] I (412) wifi: Init static rx buffer num: 10
[2019-08-23 12:23:40] I (416) wifi: Init dynamic rx buffer num: 32
[2019-08-23 12:23:40] I (421) wifi: Set ps type: 0
[2019-08-23 12:23:40] 
[2019-08-23 12:23:40] [0;33mW (423) phy_init: failed to load RF calibration data (0x1102), falling back to full calibration[0m
[2019-08-23 12:23:40] [0;32mI (660) phy: phy_version: 4008, 544f89f, Jan 24 2019, 14:54:06, 0, 2[0m
[2019-08-23 12:23:41] I (667) wifi: mode : sta (3c:71:bf:e0:92:28)
[2019-08-23 12:23:41] I (669) ESPNOW: espnow [version: 1.0] init
[2019-08-23 12:23:41] [0;32mI (670) [mconfig_example, 104]: BLE name: HQF_MESH_9228[0m
[2019-08-23 12:23:41] [0;32mI (671) [mconfig_example, 59]: event_loop_cb, event: 8704[0m
[2019-08-23 12:23:41] [0;32mI (1264) BTDM_INIT: BT controller compile version [5186949][0m
[2019-08-23 12:23:41] [0;32mI (1265) system_api: Base MAC address is not set, read default base MAC address from BLK0 of EFUSE[0m
[2019-08-23 12:23:41] [0;32mI (1588) [mconfig_blufi, 545]: BLUFI init finish, set ble advertising data[0m
[2019-08-23 12:23:42] [0;32mI (1589) system_api: Base MAC address is not set, read default base MAC address from BLK0 of EFUSE[0m
[2019-08-23 12:23:42] [0;32mI (1599) [mconfig_blufi, 874]: start ble advertising[0m
[2019-08-23 12:23:42] [0;32mI (1603) [mconfig_example, 59]: event_loop_cb, event: 8449[0m
[2019-08-23 12:23:42] [0;32mI (2137) [mconfig_chain, 357]: Generate RSA public and private keys[0m
[2019-08-23 12:23:42] I (2138) wifi: ic_enable_sniffer
[2019-08-23 12:23:42] D (22465) [mconfig_blufi, 555]: BLUFI ble connect, server_if: 3, conn_id: 0[0m
[2019-08-23 12:24:03] [0;32mI (22467) [mconfig_example, 59]: event_loop_cb, event: 8706[0m
[2019-08-23 12:24:03] [0;32mI (22468) [mconfig_example, 76]: MDF_EVENT_MCONFIG_BLUFI_CONNECTED[0m
[2019-08-23 12:24:03] [0;32mI (23497) [mconfig_blufi, 185]: SEC_TYPE_RSA_PUBKEY_REQUEST[0m
[2019-08-23 12:24:04] D (23943) [mconfig_blufi, 164]: aes_key: b4:0c:55:14:d0:19[0m
[2019-08-23 12:24:04] D (24267) [mconfig_blufi, 639]: Router ssid: SIRUIA_2.4G[0m
[2019-08-23 12:24:04] D (24269) [mconfig_blufi, 645]: Router password: srv20170928[0m
[2019-08-23 12:24:04] D (24269) [mconfig_blufi, 656]: Router bssid: 78:44:fd:a3:ed:75[0m
[2019-08-23 12:24:04] D (24275) [mconfig_blufi, 668]: Mesh id: 78:44:fd:a3:ed:75[0m
[2019-08-23 12:24:04] D (24280) [mconfig_blufi, 813]: Whitelist, number: 2[0m
[2019-08-23 12:24:04] D (24285) [mconfig_blufi, 817]: count: 0, data:3c:71:bf:e0:92:b8[0m
[2019-08-23 12:24:04] D (24291) [mconfig_blufi, 817]: count: 1, data:3c:71:bf:e0:92:28[0m
[2019-08-23 12:24:04] [0;32mI (24308) [mconfig_example, 59]: event_loop_cb, event: 8450[0m
[2019-08-23 12:24:04] [0;32mI (24309) [mconfig_example, 59]: event_loop_cb, event: 8708[0m
[2019-08-23 12:24:04] [0;32mI (24311) [mconfig_example, 80]: MDF_EVENT_MCONFIG_BLUFI_STA_CONNECTED[0m
[2019-08-23 12:24:04] I (25641) wifi: n:11 2, o:1 0, ap:255 255, sta:11 2, prof:1
[2019-08-23 12:24:06] I (26679) wifi: state: init -> auth (b0)
[2019-08-23 12:24:07] I (26684) wifi: state: auth -> assoc (0)
[2019-08-23 12:24:07] I (26697) wifi: state: assoc -> run (10)
[2019-08-23 12:24:07] I (26755) wifi: connected with SIRUIA_2.4G, channel 11, 40D
[2019-08-23 12:24:07] I (26758) wifi: pm start, type: 0
[2019-08-23 12:24:07] 
[2019-08-23 12:24:07] [0;32mI (26761) [mconfig_blufi, 338]: BLUFI is success, Wi-Fi sta is connect[0m
[2019-08-23 12:24:07] [0;32mI (26764) [mconfig_example, 59]: event_loop_cb, event: 8708[0m
[2019-08-23 12:24:07] [0;32mI (26766) [mconfig_example, 80]: MDF_EVENT_MCONFIG_BLUFI_STA_CONNECTED[0m
[2019-08-23 12:24:07] [0;32mI (28652) event: sta ip: 192.168.1.136, mask: 255.255.255.0, gw: 192.168.1.1[0m
[2019-08-23 12:24:09] [0;32mI (28852) [mconfig_blufi, 571]: BLUFI ble disconnect[0m
[2019-08-23 12:24:09] [0;32mI (28853) [mconfig_example, 59]: event_loop_cb, event: 8449[0m
[2019-08-23 12:24:09] [0;32mI (28854) [mconfig_example, 59]: event_loop_cb, event: 8710[0m
[2019-08-23 12:24:09] [0;32mI (28860) [mconfig_example, 59]: event_loop_cb, event: 8707[0m
[2019-08-23 12:24:09] D (28866) [mconfig_chain, 561]: mconfig_chain_slave_deinit[0m
[2019-08-23 12:24:09] I (28887) wifi: ic_disable_sniffer
[2019-08-23 12:24:09] I (28888) wifi: state: run -> init (0)
[2019-08-23 12:24:09] I (28889) wifi: pm stop, total sleep time: 0 us / 2130702 us
[2019-08-23 12:24:09] 
[2019-08-23 12:24:09] I (28889) wifi: n:11 0, o:11 2, ap:255 255, sta:11 2, prof:1
[2019-08-23 12:24:09] [0;32mI (28897) [mconfig_blufi, 550]: BLUFI deinit finish[0m
[2019-08-23 12:24:09] [0;33mW (28901) BT_APPL: bta_dm_disable BTA_DISABLE_DELAY set to 200 ms[0m
[2019-08-23 12:24:09] [0;32mI (29111) [mconfig_example, 59]: event_loop_cb, event: 8705[0m
[2019-08-23 12:24:09] [0;32mI (29112) [mconfig_chain, 157]: Start send network configured[0m
[2019-08-23 12:24:09] [0;32mI (29113) [mconfig_example, 59]: event_loop_cb, event: 8452[0m
[2019-08-23 12:24:09] D (29120) [mconfig_chain, 163]: g_chain_master_duration_ticks: 60000[0m
[2019-08-23 12:24:09] [0;32mI (29126) [mconfig_example, 180]: mconfig, ssid: SIRUIA_2.4G, password: srv20170928, mesh_id: 78:44:fd:a3:ed:75, custom: Z²
[2019-08-23 12:24:09] [0m
[2019-08-23 12:24:09] [0;32mI (29138) [mwifi, 177]: esp-mdf version: v1.0-beta1-dirty[0m
[2019-08-23 12:24:09] W (29144) wifi: [beacon]interval:100ms
[2019-08-23 12:24:09] I (29148) wifi: mode : sta (3c:71:bf:e0:92:28) + softAP (3c:71:bf:e0:92:29)
[2019-08-23 12:24:09] I (29156) wifi: Total power save buffer number: 16
[2019-08-23 12:24:09] I (29159) wifi: Init max length of beacon: 752/752
[2019-08-23 12:24:09] I (29164) wifi: Init max length of beacon: 752/752
[2019-08-23 12:24:09] I (29171) mesh: <nvs>read layer:0, err:0x1102
[2019-08-23 12:24:09] I (29172) mesh: <nvs>read assoc:0, err:0x1102
[2019-08-23 12:24:09] W (29177) wifi: [beacon]interval:100ms
[2019-08-23 12:24:09] I (29185) wifi: Total power save buffer number: 16
[2019-08-23 12:24:09] [0;32mI (30117) [mconfig_example, 59]: event_loop_cb, event: 4608[0m
[2019-08-23 12:24:10] [0;32mI (30118) [mconfig_chain, 190]: Add device, rssi: -22, addr: 3c:71:bf:e0:92:b8[0m
[2019-08-23 12:24:10] [0;32mI (30154) [mconfig_example, 59]: event_loop_cb, event: 4609[0m
[2019-08-23 12:24:10] [0;32mI (30160) [mconfig_example, 59]: event_loop_cb, event: 4609[0m
[2019-08-23 12:24:10] I (30224) wifi: Set ps type: 0
[2019-08-23 12:24:10] 
[2019-08-23 12:24:10] I (30229) wifi: mode : sta (3c:71:bf:e0:92:28)
[2019-08-23 12:24:10] I (30232) mesh: <MESH_NWK_LOOK_FOR_NETWORK>need_scan:0x1, need_scan_router:0x0, look_for_nwk_count:1
[2019-08-23 12:24:10] [0;32mI (30233) [mwifi, 113]: MESH is started[0m
[2019-08-23 12:24:10] [0;32mI (30237) [mconfig_example, 59]: event_loop_cb, event: 0[0m
[2019-08-23 12:24:10] [0;32mI (30242) [mconfig_example, 63]: MDF_EVENT_MWIFI_STARTED[0m
[2019-08-23 12:24:10] I (30534) mesh: [S2]SIRUIA_2.4G, 78:44:fd:a3:ed:75, channel:11, rssi:-65
[2019-08-23 12:24:11] I (30534) mesh: find router:[ssid_len:11]SIRUIA_2.4G, rssi:-65, 78:44:fd:a3:ed:75(encrypted), new channel:11, old channel:0
[2019-08-23 12:24:11] I (30541) mesh: [FIND][ch:11]AP:5, otherID:0, MAP:0, idle:0, candidate:0, root:0[78:44:fd:a3:ed:75]router found
[2019-08-23 12:24:11] I (30550) mesh: [FIND:1]find a network, channel:11, cfg<channel:11, router:SIRUIA_2.4G, 78:44:fd:a3:ed:75>
[2019-08-23 12:24:11] 
[2019-08-23 12:24:11] [0;32mI (30560) [mconfig_example, 59]: event_loop_cb, event: 24[0m
[2019-08-23 12:24:11] I (30561) wifi: mode : sta (3c:71:bf:e0:92:28) + softAP (3c:71:bf:e0:92:29)
[2019-08-23 12:24:11] W (30574) wifi: <MESH AP>adjust channel:11, secondary channel offset:2(40D)
[2019-08-23 12:24:11] I (30580) wifi: Total power save buffer number: 16
[2019-08-23 12:24:11] I (30889) mesh: [SCAN][ch:11]AP:3, other(ID:0, RD:0), MAP:0, idle:0, candidate:1, root:0, topMAP:0[c:0,i:0][78:44:fd:a3:ed:75]router found<>
[2019-08-23 12:24:11] I (30891) mesh: 1212[SCAN]init rc[3c:71:bf:e0:92:29,-66], mine:0, voter:0
[2019-08-23 12:24:11] I (30897) mesh: 1250, vote myself, router rssi:-66 > voted rc_rssi:-120
[2019-08-23 12:24:11] I (30904) mesh: [SCAN:1/10]rc[128][3c:71:bf:e0:92:29,-66], self[3c:71:bf:e0:92:28,-66,reason:0,votes:1,idle][mine:1,voter:1(1.00)percent:0.90][128,1,3c:71:bf:e0:92:29]
[2019-08-23 12:24:11] 
[2019-08-23 12:24:11] I (31221) mesh: [SCAN][ch:11]AP:3, other(ID:0, RD:0), MAP:0, idle:0, candidate:1, root:0, topMAP:0[c:0,i:1][78:44:fd:a3:ed:75]router found<>
[2019-08-23 12:24:11] I (31223) mesh: 1212[SCAN]init rc[3c:71:bf:e0:92:29,-67], mine:0, voter:0
[2019-08-23 12:24:11] I (31230) mesh: [SCAN:2/10]rc[128][3c:71:bf:e0:92:29,-66], self[3c:71:bf:e0:92:28,-67,reason:0,votes:1,idle][mine:1,voter:1(1.00)percent:0.90][128,1,3c:71:bf:e0:92:29]
[2019-08-23 12:24:11] 
[2019-08-23 12:24:11] I (31546) mesh: [SCAN][ch:11]AP:5, other(ID:0, RD:0), MAP:0, idle:0, candidate:1, root:0, topMAP:0[c:0,i:1][78:44:fd:a3:ed:75]router found<>
[2019-08-23 12:24:12] I (31550) mesh: 1212[SCAN]init rc[3c:71:bf:e0:92:29,-67], mine:0, voter:0
[2019-08-23 12:24:12] I (31556) mesh: [SCAN:3/10]rc[128][3c:71:bf:e0:92:29,-66], self[3c:71:bf:e0:92:28,-67,reason:0,votes:1,idle][mine:1,voter:1(1.00)percent:0.90][128,1,3c:71:bf:e0:92:29]
[2019-08-23 12:24:12] 
[2019-08-23 12:24:12] I (31873) mesh: [SCAN][ch:11]AP:4, other(ID:0, RD:0), MAP:0, idle:0, candidate:1, root:0, topMAP:0[c:0,i:1][78:44:fd:a3:ed:75]router found<>
[2019-08-23 12:24:12] I (31875) mesh: 1212[SCAN]init rc[3c:71:bf:e0:92:29,-66], mine:0, voter:0
[2019-08-23 12:24:12] I (31882) mesh: [SCAN:4/10]rc[128][3c:71:bf:e0:92:29,-66], self[3c:71:bf:e0:92:28,-66,reason:0,votes:1,idle][mine:1,voter:1(1.00)percent:0.90][128,1,3c:71:bf:e0:92:29]
[2019-08-23 12:24:12] 
[2019-08-23 12:24:12] I (32199) mesh: [SCAN][ch:11]AP:3, other(ID:0, RD:0), MAP:1, idle:1, candidate:1, root:0, topMAP:0[c:0,i:1][78:44:fd:a3:ed:75]router found<>
[2019-08-23 12:24:12] I (32202) mesh: [SCAN:5/10]rc[128][3c:71:bf:e0:92:29,-66], self[3c:71:bf:e0:92:28,-64,reason:0,votes:1,idle][mine:1,voter:1(1.00)percent:0.90][128,1,3c:71:bf:e0:92:29]
[2019-08-23 12:24:12] 
[2019-08-23 12:24:12] I (32518) mesh: [SCAN][ch:11]AP:3, other(ID:0, RD:0), MAP:1, idle:1, candidate:1, root:0, topMAP:0[c:0,i:1][78:44:fd:a3:ed:75]router found<>
[2019-08-23 12:24:13] I (32521) mesh: [SCAN:6/10]rc[128][3c:71:bf:e0:92:29,-66], self[3c:71:bf:e0:92:28,-64,reason:0,votes:1,idle][mine:1,voter:1(1.00)percent:0.90][128,1,3c:71:bf:e0:92:29]
[2019-08-23 12:24:13] 
[2019-08-23 12:24:13] I (32839) mesh: [SCAN][ch:11]AP:4, other(ID:0, RD:0), MAP:1, idle:1, candidate:1, root:0, topMAP:0[c:0,i:1][78:44:fd:a3:ed:75]router found<>
[2019-08-23 12:24:13] I (32843) mesh: [SCAN:7/10]rc[127][3c:71:bf:e0:92:b9,-66], self[3c:71:bf:e0:92:28,-65,reason:0,votes:0,idle][mine:0,voter:2(0.00)percent:0.90][127,1,3c:71:bf:e0:92:b9]
[2019-08-23 12:24:13] 
[2019-08-23 12:24:13] I (33159) mesh: [SCAN][ch:11]AP:2, other(ID:0, RD:0), MAP:1, idle:1, candidate:1, root:0, topMAP:0[c:0,i:1][78:44:fd:a3:ed:75]router found<>
[2019-08-23 12:24:13] I (33162) mesh: [SCAN:8/10]rc[127][3c:71:bf:e0:92:b9,-60], self[3c:71:bf:e0:92:28,-64,reason:0,votes:0,idle][mine:0,voter:2(0.00)percent:0.90][127,1,3c:71:bf:e0:92:b9]
[2019-08-23 12:24:13] 
[2019-08-23 12:24:13] I (33478) mesh: [SCAN][ch:11]AP:4, other(ID:0, RD:0), MAP:1, idle:1, candidate:1, root:0, topMAP:0[c:0,i:1][78:44:fd:a3:ed:75]router found<>
[2019-08-23 12:24:14] I (33481) mesh: [SCAN:9/10]rc[127][3c:71:bf:e0:92:b9,-61], self[3c:71:bf:e0:92:28,-65,reason:0,votes:0,idle][mine:0,voter:2(0.00)percent:0.90][127,1,3c:71:bf:e0:92:b9]
[2019-08-23 12:24:14] 
[2019-08-23 12:24:14] I (33798) mesh: [SCAN][ch:11]AP:5, other(ID:0, RD:0), MAP:1, idle:1, candidate:1, root:0, topMAP:0[c:0,i:1][78:44:fd:a3:ed:75]router found<>
[2019-08-23 12:24:14] I (33801) mesh: [SCAN:10/10]rc[127][3c:71:bf:e0:92:b9,-59], self[3c:71:bf:e0:92:28,-65,reason:0,votes:0,idle][mine:0,voter:2(0.00)percent:0.90][127,2,3c:71:bf:e0:92:b9]
[2019-08-23 12:24:14] 
[2019-08-23 12:24:14] I (34118) mesh: [SCAN][ch:11]AP:2, other(ID:0, RD:0), MAP:1, idle:1, candidate:1, root:0, topMAP:0[c:0,i:1][78:44:fd:a3:ed:75]router found<>
[2019-08-23 12:24:14] I (34121) mesh: [SCAN:11/10]rc[127][3c:71:bf:e0:92:b9,-59], self[3c:71:bf:e0:92:28,-63,reason:0,votes:0,idle][mine:0,voter:2(0.00)percent:0.90][127,2,3c:71:bf:e0:92:b9]
[2019-08-23 12:24:14] 
[2019-08-23 12:24:14] I (34437) mesh: [SCAN][ch:11]AP:3, other(ID:0, RD:0), MAP:1, idle:1, candidate:1, root:0, topMAP:0[c:0,i:1][78:44:fd:a3:ed:75]router found<>
[2019-08-23 12:24:14] I (34440) mesh: [SCAN:12/10]rc[127][3c:71:bf:e0:92:b9,-60], self[3c:71:bf:e0:92:28,-65,reason:0,votes:0,idle][mine:0,voter:2(0.00)percent:0.90][127,2,3c:71:bf:e0:92:b9]
[2019-08-23 12:24:15] 
[2019-08-23 12:24:15] I (34757) mesh: [SCAN][ch:11]AP:3, other(ID:0, RD:0), MAP:1, idle:1, candidate:1, root:0, topMAP:0[c:0,i:1][78:44:fd:a3:ed:75]router found<>
[2019-08-23 12:24:15] I (34760) mesh: [SCAN:13/10]rc[127][3c:71:bf:e0:92:b9,-60], self[3c:71:bf:e0:92:28,-65,reason:0,votes:0,idle][mine:0,voter:2(0.00)percent:0.90][127,2,3c:71:bf:e0:92:b9]
[2019-08-23 12:24:15] 
[2019-08-23 12:24:15] I (35076) mesh: [SCAN][ch:11]AP:4, other(ID:0, RD:0), MAP:1, idle:1, candidate:1, root:0, topMAP:0[c:0,i:1][78:44:fd:a3:ed:75]router found<>
[2019-08-23 12:24:15] I (35079) mesh: [SCAN:14/10]rc[127][3c:71:bf:e0:92:b9,-60], self[3c:71:bf:e0:92:28,-64,reason:0,votes:0,idle][mine:0,voter:2(0.00)percent:0.90][127,2,3c:71:bf:e0:92:b9]
[2019-08-23 12:24:15] 
[2019-08-23 12:24:15] I (35396) mesh: [SCAN][ch:11]AP:6, other(ID:0, RD:0), MAP:1, idle:1, candidate:1, root:0, topMAP:0[c:0,i:1][78:44:fd:a3:ed:75]router found<>
[2019-08-23 12:24:15] I (35400) mesh: [SCAN:15/10]rc[127][3c:71:bf:e0:92:b9,-61], self[3c:71:bf:e0:92:28,-65,reason:0,votes:0,idle][mine:0,voter:2(0.00)percent:0.90][127,2,3c:71:bf:e0:92:b9]
[2019-08-23 12:24:15] 
[2019-08-23 12:24:15] I (35715) mesh: [SCAN][ch:11]AP:3, other(ID:0, RD:0), MAP:0, idle:0, candidate:1, root:0, topMAP:0[c:0,i:1][78:44:fd:a3:ed:75]router found<>
[2019-08-23 12:24:16] I (35717) mesh: 1212[SCAN]init rc[3c:71:bf:e0:92:29,-64], mine:0, voter:0
[2019-08-23 12:24:16] I (35724) mesh: [SCAN:16/10]rc[126][3c:71:bf:e0:92:b9,-61], self[3c:71:bf:e0:92:28,-64,reason:0,votes:0,idle][mine:0,voter:1(0.00)percent:0.90][126,2,3c:71:bf:e0:92:b9]
[2019-08-23 12:24:16] 
[2019-08-23 12:24:16] I (36041) mesh: [SCAN][ch:11]AP:4, other(ID:0, RD:0), MAP:0, idle:0, candidate:1, root:0, topMAP:0[c:0,i:1][78:44:fd:a3:ed:75]router found<>
[2019-08-23 12:24:16] I (36043) mesh: 1212[SCAN]init rc[3c:71:bf:e0:92:29,-65], mine:0, voter:0
[2019-08-23 12:24:16] I (36049) mesh: 711[SCAN]the heard rc[3c:71:bf:e0:92:b9], vote_ttl:126 <= last ttl:126, expired
[2019-08-23 12:24:16] I (36058) mesh: [SCAN:17/10]rc[0,expire][00:00:00:00:00:00,-61], self[3c:71:bf:e0:92:28,-65,reason:0,votes:0,idle][mine:0,voter:0(0.00)percent:0.90][0,0,00:00:00:00:00:00]
[2019-08-23 12:24:16] 
[2019-08-23 12:24:16] I (36375) mesh: [SCAN][ch:11]AP:3, other(ID:0, RD:0), MAP:0, idle:0, candidate:1, root:0, topMAP:0[c:0,i:1][78:44:fd:a3:ed:75]router found<>
[2019-08-23 12:24:16] I (36377) mesh: 1212[SCAN]init rc[3c:71:bf:e0:92:29,-64], mine:0, voter:0
[2019-08-23 12:24:16] I (36383) mesh: 1250, vote myself, router rssi:-64 > voted rc_rssi:-120
[2019-08-23 12:24:16] I (36390) mesh: [SCAN:18/21+x+]rc[128][3c:71:bf:e0:92:29,-61], self[3c:71:bf:e0:92:28,-64,reason:0,votes:1,idle][mine:1,voter:1(1.00)percent:0.90][128,1,3c:71:bf:e0:92:29]
[2019-08-23 12:24:16] 
[2019-08-23 12:24:16] I (36707) mesh: [SCAN][ch:11]AP:4, other(ID:0, RD:0), MAP:1, idle:1, candidate:1, root:0, topMAP:0[c:0,i:1][78:44:fd:a3:ed:75]router found<>
[2019-08-23 12:24:17] I (36710) mesh: [SCAN:19/21+x+]rc[127][3c:71:bf:e0:92:b9,-61], self[3c:71:bf:e0:92:28,-65,reason:0,votes:0,idle][mine:0,voter:2(0.00)percent:0.90][127,0,3c:71:bf:e0:92:b9]
[2019-08-23 12:24:17] 
[2019-08-23 12:24:17] I (37027) mesh: [SCAN][ch:11]AP:2, other(ID:0, RD:0), MAP:1, idle:0, candidate:1, root:1, topMAP:0[c:0,i:0][78:44:fd:a3:ed:75]router found<>
[2019-08-23 12:24:17] I (37029) mesh: 6563[selection]try rssi_threshold:-78, backoff times:0, max:5<-78,-82,-85>
[2019-08-23 12:24:17] I (37039) mesh: [DONE]connect to parent:ESPM_E092B8, channel:11, rssi:-23, 3c:71:bf:e0:92:b9[layer:1, assoc:0], my_vote_num:0/voter_num:0, rc[00:00:00:00:00:00/-56/0]
[2019-08-23 12:24:17] I (38560) wifi: n:11 2, o:11 2, ap:11 2, sta:11 2, prof:11
[2019-08-23 12:24:19] I (38561) wifi: state: init -> auth (b0)
[2019-08-23 12:24:19] I (38566) wifi: state: auth -> assoc (0)
[2019-08-23 12:24:19] I (38574) wifi: state: assoc -> run (10)
[2019-08-23 12:24:19] I (38575) wifi: connected with ESPM_E092B8, channel 11, 40D
[2019-08-23 12:24:19] I (38578) wifi: pm start, type: 0
[2019-08-23 12:24:19] 
[2019-08-23 12:24:19] I (38581) mesh: [scan]new scanning time:600ms
[2019-08-23 12:24:19] W (38582) wifi: [beacon]new interval:300ms
[2019-08-23 12:24:19] I (38586) mesh: 1891<arm>parent monitor, my layer:2(cap:16)(node), interval:7682ms, retries:1<normal connected>
[2019-08-23 12:24:19] [0;32mI (38594) [mwifi, 80]: Parent is connected[0m
[2019-08-23 12:24:19] [0;32mI (38599) [mconfig_example, 59]: event_loop_cb, event: 7[0m
[2019-08-23 12:24:19] [0;32mI (38600) [mwifi, 149]: State represents: 0[0m
[2019-08-23 12:24:19] [0;32mI (38606) [mconfig_example, 67]: MDF_EVENT_PARENT_CONNECTED[0m
[2019-08-23 12:24:19] [0;32mI (38616) [mconfig_example, 59]: event_loop_cb, event: 11[0m
[2019-08-23 12:24:19] [0;32mI (38622) [mconfig_example, 59]: event_loop_cb, event: 14[0m
[2019-08-23 12:24:19] I (46462) mesh: 4433<active>parent layer:1(node), channel:11, rssi:-19, assoc:0(cnx rssi threshold:-120)my_assoc:0
[2019-08-23 12:24:27] I (47965) mesh: 5177<scan>parent layer:1, rssi:-20, assoc:1(cnx rssi threshold:-120)
[2019-08-23 12:24:28] I (47966) mesh: [SCAN][ch:11]AP:1, other(ID:0, RD:0), MAP:1, idle:0, candidate:1, root:1, topMAP:0[c:2,i:2][78:44:fd:a3:ed:75]<weak>
[2019-08-23 12:24:28] I (47974) mesh: 6563[weak]try rssi_threshold:-120, backoff times:0, max:5<-78,-82,-85>
[2019-08-23 12:24:28] I (47982) mesh: 616[monitor]no change, parent:3c:71:bf:e0:92:b9, rssi:-20
[2019-08-23 12:24:28] I (47988) mesh: 1891<arm>parent monitor, my layer:2(cap:16)(node), interval:11716ms, retries:2<>
[2019-08-23 12:24:28] I (59994) mesh: 4433<active>parent layer:1(node), channel:11, rssi:-19, assoc:1(cnx rssi threshold:-120)my_assoc:0
[2019-08-23 12:24:40] I (61498) mesh: 5177<scan>parent layer:1, rssi:-20, assoc:1(cnx rssi threshold:-120)
[2019-08-23 12:24:42] I (61499) mesh: [SCAN][ch:11]AP:1, other(ID:0, RD:0), MAP:1, idle:0, candidate:1, root:1, topMAP:0[c:0,i:2][78:44:fd:a3:ed:75]<weak>
[2019-08-23 12:24:42] I (61507) mesh: 6563[weak]try rssi_threshold:-120, backoff times:0, max:5<-78,-82,-85>
[2019-08-23 12:24:42] I (61515) mesh: 616[monitor]no change, parent:3c:71:bf:e0:92:b9, rssi:-20
[2019-08-23 12:24:42] I (61521) mesh: 1891<arm>parent monitor, my layer:2(cap:16)(node), interval:10500ms, retries:3<>
[2019-08-23 12:24:42] I (72283) mesh: 4433<active>parent layer:1(node), channel:11, rssi:-19, assoc:1(cnx rssi threshold:-120)my_assoc:0
[2019-08-23 12:24:52] I (73786) mesh: 5177<scan>parent layer:1, rssi:-20, assoc:1(cnx rssi threshold:-120)
[2019-08-23 12:24:54] I (73787) mesh: [SCAN][ch:11]AP:1, other(ID:0, RD:0), MAP:1, idle:0, candidate:1, root:1, topMAP:0[c:2,i:2][78:44:fd:a3:ed:75]<weak>
[2019-08-23 12:24:54] I (73795) mesh: 6563[weak]try rssi_threshold:-120, backoff times:0, max:5<-78,-82,-85>
[2019-08-23 12:24:54] I (73803) mesh: 616[monitor]no change, parent:3c:71:bf:e0:92:b9, rssi:-20
[2019-08-23 12:24:54] I (73809) mesh: 1891<arm>parent monitor, my layer:2(cap:16)(node), interval:349914ms, retries:3<>
[2019-08-23 12:24:54] [0;32mI (89133) [mconfig_chain, 281]: End send network configured[0m
[2019-08-23 12:25:09] [0;32mI (89133) [mconfig_example, 59]: event_loop_cb, event: 8453[0m
[2019-08-23 12:25:09] W (139709) wifi: [beacon]new interval:1000ms
[2019-08-23 12:26:00] I (139712) mesh: [scan]new scanning time:1500ms
[2019-08-23 12:26:00] [0;32mI (148903) [mwifi, 94]: Root loses the IP address[0m
[2019-08-23 12:26:09] [0;32mI (148903) event: station ip lost[0m
[2019-08-23 12:26:09] [0;32mI (148903) [mconfig_example, 59]: event_loop_cb, event: 18[0m
[2019-08-23 12:26:09] [0;32mI (148905) [mwifi, 99]: Parent is disconnected, reason: 0[0m
[2019-08-23 12:26:09] [0;32mI (148914) [mconfig_example, 59]: event_loop_cb, event: 8[0m
[2019-08-23 12:26:09] I (148915) mesh: [wifi]disconnected reason:0(), continuous:0/max:12, non-root, vote(,stopped)<><>
[2019-08-23 12:26:09] I (148928) mesh: [scan]new scanning time:600ms
[2019-08-23 12:26:09] W (148932) wifi: [beacon]new interval:300ms
[2019-08-23 12:26:09] I (148938) wifi: state: run -> init (0)
[2019-08-23 12:26:09] I (148941) wifi: pm stop, total sleep time: 0 us / 110362597 us
[2019-08-23 12:26:09] 
[2019-08-23 12:26:09] I (148946) wifi: n:11 0, o:11 2, ap:11 2, sta:11 2, prof:11
[2019-08-23 12:26:09] [0;32mI (148955) [mwifi, 99]: Parent is disconnected, reason: 8[0m
[2019-08-23 12:26:09] [0;32mI (148957) [mconfig_example, 59]: event_loop_cb, event: 8[0m
[2019-08-23 12:26:09] I (148958) mesh: [wifi]disconnected reason:8(assoc leave), continuous:1/max:12, non-root, vote(,stopped)<><>
[2019-08-23 12:26:09] W (148973) wifi: [beacon]interval:300ms
[2019-08-23 12:26:09] I (148977) wifi: n:11 2, o:11 0, ap:11 2, sta:11 2, prof:11
[2019-08-23 12:26:09] I (148982) wifi: state: init -> auth (b0)
[2019-08-23 12:26:09] I (148992) wifi: state: auth -> assoc (0)
[2019-08-23 12:26:09] I (149009) wifi: state: assoc -> run (10)
[2019-08-23 12:26:09] I (149010) wifi: connected with ESPM_E092B8, channel 11, 40D
[2019-08-23 12:26:09] I (149013) wifi: pm start, type: 0
[2019-08-23 12:26:09] 
[2019-08-23 12:26:09] [0;31mE (149014) event: invalid static ip[0m
[2019-08-23 12:26:09] W (149015) wifi: [beacon]interval:300ms
[2019-08-23 12:26:09] I (149019) mesh: 1891<arm>parent monitor, my layer:2(cap:16)(node), interval:7365ms, retries:1<normal connected>
[2019-08-23 12:26:09] [0;32mI (149028) [mwifi, 80]: Parent is connected[0m
[2019-08-23 12:26:09] [0;32mI (149033) [mconfig_example, 59]: event_loop_cb, event: 7[0m
[2019-08-23 12:26:09] [0;32mI (149034) [mwifi, 149]: State represents: 0[0m
[2019-08-23 12:26:09] [0;32mI (149040) [mconfig_example, 67]: MDF_EVENT_PARENT_CONNECTED[0m
[2019-08-23 12:26:09] [0;32mI (149050) [mconfig_example, 59]: event_loop_cb, event: 11[0m
[2019-08-23 12:26:09] [0;32mI (149056) [mconfig_example, 59]: event_loop_cb, event: 14[0m
[2019-08-23 12:26:09] I (156571) mesh: 4433<active>parent layer:0(node), channel:11, rssi:-19, assoc:0(cnx rssi threshold:-120)my_assoc:0
[2019-08-23 12:26:17] I (158075) mesh: 5177<scan>parent layer:1, rssi:-20, assoc:1(cnx rssi threshold:-120)
[2019-08-23 12:26:18] I (158076) mesh: [SCAN][ch:11]AP:1, other(ID:0, RD:0), MAP:1, idle:0, candidate:1, root:1, topMAP:0[c:2,i:2][78:44:fd:a3:ed:75]<weak>
[2019-08-23 12:26:18] I (158085) mesh: 6563[weak]try rssi_threshold:-120, backoff times:0, max:5<-78,-82,-85>
[2019-08-23 12:26:18] I (158092) mesh: 616[monitor]no change, parent:3c:71:bf:e0:92:b9, rssi:-20
[2019-08-23 12:26:18] I (158098) mesh: 1891<arm>parent monitor, my layer:2(cap:16)(node), interval:9372ms, retries:2<>
[2019-08-23 12:26:18] I (165207) mesh: 4397<assoc>parent layer:1, channel:11, rssi:-19, assoc:1, rssi threshold<-78,-82,-85>
[2019-08-23 12:26:25] I (167705) mesh: 4433<active>parent layer:1(node), channel:11, rssi:-19, assoc:1(cnx rssi threshold:-120)my_assoc:0
[2019-08-23 12:26:28] I (169209) mesh: 5177<scan>parent layer:1, rssi:-19, assoc:1(cnx rssi threshold:-120)
[2019-08-23 12:26:29] I (169210) mesh: [SCAN][ch:11]AP:1, other(ID:0, RD:0), MAP:1, idle:0, candidate:1, root:1, topMAP:0[c:0,i:2][78:44:fd:a3:ed:75]<weak>
[2019-08-23 12:26:29] I (169218) mesh: 6563[weak]try rssi_threshold:-120, backoff times:0, max:5<-78,-82,-85>
[2019-08-23 12:26:29] I (169225) mesh: 616[monitor]no change, parent:3c:71:bf:e0:92:b9, rssi:-19
[2019-08-23 12:26:29] I (169232) mesh: 1891<arm>parent monitor, my layer:2(cap:16)(node), interval:10563ms, retries:3<>
[2019-08-23 12:26:29] 