ÿets Jun  8 2016 00:22:57
[2019-08-21 11:07:31] 
[2019-08-21 11:07:31] rst:0x1 (POWERON_RESET),boot:0x13 (SPI_FAST_FLASH_BOOT)
[2019-08-21 11:07:31] configsip: 0, SPIWP:0xee
[2019-08-21 11:07:31] clk_drv:0x00,q_drv:0x00,d_drv:0x00,cs0_drv:0x00,hd_drv:0x00,wp_drv:0x00
[2019-08-21 11:07:31] mode:DIO, clock div:2
[2019-08-21 11:07:31] load:0x3fff0018,len:4
[2019-08-21 11:07:31] load:0x3fff001c,len:6192
[2019-08-21 11:07:31] ho 0 tail 12 room 4
[2019-08-21 11:07:31] load:0x40078000,len:10272
[2019-08-21 11:07:31] load:0x40080400,len:6608
[2019-08-21 11:07:31] entry 0x40080764
[2019-08-21 11:07:31] [0;32mI (30) boot: ESP-IDF v3.2.2-42-g4a9f33944-dirty 2nd stage bootloader[0m
[2019-08-21 11:07:31] [0;32mI (30) boot: compile time 18:19:05[0m
[2019-08-21 11:07:31] [0;32mI (30) boot: Enabling RNG early entropy source...[0m
[2019-08-21 11:07:31] [0;32mI (37) boot: SPI Speed      : 40MHz[0m
[2019-08-21 11:07:31] [0;32mI (41) boot: SPI Mode       : DIO[0m
[2019-08-21 11:07:31] [0;32mI (45) boot: SPI Flash Size : 4MB[0m
[2019-08-21 11:07:31] [0;32mI (49) boot: Partition Table:[0m
[2019-08-21 11:07:31] [0;32mI (52) boot: ## Label            Usage          Type ST Offset   Length[0m
[2019-08-21 11:07:31] [0;32mI (60) boot:  0 nvs              WiFi data        01 02 00009000 00004000[0m
[2019-08-21 11:07:31] [0;32mI (67) boot:  1 otadata          OTA data         01 00 0000d000 00002000[0m
[2019-08-21 11:07:31] [0;32mI (75) boot:  2 phy_init         RF data          01 01 0000f000 00001000[0m
[2019-08-21 11:07:31] [0;32mI (82) boot:  3 ota_0            OTA app          00 10 00010000 001e0000[0m
[2019-08-21 11:07:31] [0;32mI (90) boot:  4 ota_1            OTA app          00 11 001f0000 001e0000[0m
[2019-08-21 11:07:31] [0;32mI (97) boot:  5 coredump         Unknown data     01 03 003d0000 00010000[0m
[2019-08-21 11:07:31] [0;32mI (104) boot:  6 reserved         Unknown data     01 fe 003e0000 00020000[0m
[2019-08-21 11:07:31] [0;32mI (112) boot: End of partition table[0m
[2019-08-21 11:07:31] [0;32mI (116) boot: No factory image, trying OTA 0[0m
[2019-08-21 11:07:31] [0;32mI (121) esp_image: segment 0: paddr=0x00010020 vaddr=0x3f400020 size=0x29a04 (170500) map[0m
[2019-08-21 11:07:31] [0;32mI (190) esp_image: segment 1: paddr=0x00039a2c vaddr=0x3ffb0000 size=0x02c84 ( 11396) load[0m
[2019-08-21 11:07:31] [0;32mI (195) esp_image: segment 2: paddr=0x0003c6b8 vaddr=0x40080000 size=0x00400 (  1024) load[0m
[2019-08-21 11:07:31] [0;32mI (197) esp_image: segment 3: paddr=0x0003cac0 vaddr=0x40080400 size=0x03550 ( 13648) load[0m
[2019-08-21 11:07:31] [0;32mI (211) esp_image: segment 4: paddr=0x00040018 vaddr=0x400d0018 size=0xbf7d4 (784340) map[0m
[2019-08-21 11:07:31] [0;32mI (489) esp_image: segment 5: paddr=0x000ff7f4 vaddr=0x40083950 size=0x0c46c ( 50284) load[0m
[2019-08-21 11:07:31] [0;32mI (520) boot: Loaded app from partition at offset 0x10000[0m
[2019-08-21 11:07:31] [0;32mI (520) boot: Disabling RNG early entropy source...[0m
[2019-08-21 11:07:31] [0;32mI (520) cpu_start: Pro cpu up.[0m
[2019-08-21 11:07:31] [0;32mI (524) cpu_start: Single core mode[0m
[2019-08-21 11:07:31] [0;32mI (528) heap_init: Initializing. RAM available for dynamic allocation:[0m
[2019-08-21 11:07:31] [0;32mI (535) heap_init: At 3FFAE6E0 len 00001920 (6 KiB): DRAM[0m
[2019-08-21 11:07:31] [0;32mI (541) heap_init: At 3FFB9D78 len 00026288 (152 KiB): DRAM[0m
[2019-08-21 11:07:31] [0;32mI (547) heap_init: At 3FFE0440 len 0001FBC0 (126 KiB): D/IRAM[0m
[2019-08-21 11:07:31] [0;32mI (554) heap_init: At 40078000 len 00008000 (32 KiB): IRAM[0m
[2019-08-21 11:07:31] [0;32mI (560) heap_init: At 4008FDBC len 00010244 (64 KiB): IRAM[0m
[2019-08-21 11:07:31] [0;32mI (566) cpu_start: Pro cpu start user code[0m
[2019-08-21 11:07:31] D (248) [mupgrade_check, 142]: Add an identifier to the firmware: ** MUPGRADE_FIRMWARE_FLAG **[0m
[2019-08-21 11:07:31] [0;32mI (259) cpu_start: Starting scheduler on PRO CPU.[0m
[2019-08-21 11:07:31] [0;32mI (260) gpio: GPIO[4]| InputEn: 0| OutputEn: 1| OpenDrain: 0| Pullup: 0| Pulldown: 0| Intr:0 [0m
[2019-08-21 11:07:31] [0;32mI (263) gpio: GPIO[13]| InputEn: 0| OutputEn: 1| OpenDrain: 0| Pullup: 0| Pulldown: 0| Intr:0 [0m
[2019-08-21 11:07:31] [0;32mI (272) gpio: GPIO[21]| InputEn: 0| OutputEn: 1| OpenDrain: 0| Pullup: 0| Pulldown: 0| Intr:0 [0m
[2019-08-21 11:07:31] [0;32mI (282) gpio: GPIO[22]| InputEn: 0| OutputEn: 1| OpenDrain: 0| Pullup: 0| Pulldown: 0| Intr:0 [0m
[2019-08-21 11:07:31] [0;32mI (291) gpio: GPIO[23]| InputEn: 0| OutputEn: 1| OpenDrain: 0| Pullup: 0| Pulldown: 0| Intr:0 [0m
[2019-08-21 11:07:31] [0;32mI (300) gpio: GPIO[17]| InputEn: 0| OutputEn: 1| OpenDrain: 0| Pullup: 0| Pulldown: 0| Intr:0 [0m
[2019-08-21 11:07:31] [0;32mI (310) gpio: GPIO[5]| InputEn: 0| OutputEn: 1| OpenDrain: 0| Pullup: 0| Pulldown: 0| Intr:0 [0m
[2019-08-21 11:07:31] [0;32mI (319) gpio: GPIO[18]| InputEn: 0| OutputEn: 1| OpenDrain: 0| Pullup: 0| Pulldown: 0| Intr:0 [0m
[2019-08-21 11:07:31] [0;32mI (328) gpio: GPIO[19]| InputEn: 0| OutputEn: 1| OpenDrain: 0| Pullup: 0| Pulldown: 0| Intr:0 [0m
[2019-08-21 11:07:31] [0;32mI (337) gpio: GPIO[33]| InputEn: 1| OutputEn: 0| OpenDrain: 0| Pullup: 1| Pulldown: 0| Intr:3 [0m
[2019-08-21 11:07:31] [0;32mI (347) gpio: GPIO[25]| InputEn: 1| OutputEn: 0| OpenDrain: 0| Pullup: 1| Pulldown: 0| Intr:3 [0m
[2019-08-21 11:07:31] [0;32mI (356) gpio: GPIO[26]| InputEn: 1| OutputEn: 0| OpenDrain: 0| Pullup: 1| Pulldown: 0| Intr:3 [0m
[2019-08-21 11:07:31] [0;32mI (365) gpio: GPIO[32]| InputEn: 1| OutputEn: 0| OpenDrain: 0| Pullup: 0| Pulldown: 1| Intr:3 [0m
[2019-08-21 11:07:31] [0;32mI (375) [mupgrade_example, 357]: Starting OTA example ...[0m
[2019-08-21 11:07:31] I (384) wifi: wifi driver task: 3ffc2c8c, prio:23, stack:3584, core=0
[2019-08-21 11:07:31] [0;32mI (387) system_api: Base MAC address is not set, read default base MAC address from BLK0 of EFUSE[0m
[2019-08-21 11:07:31] [0;32mI (396) system_api: Base MAC address is not set, read default base MAC address from BLK0 of EFUSE[0m
[2019-08-21 11:07:31] I (416) wifi: wifi firmware version: 0c3a77a
[2019-08-21 11:07:31] I (417) wifi: config NVS flash: enabled
[2019-08-21 11:07:31] I (417) wifi: config nano formating: disabled
[2019-08-21 11:07:31] I (418) wifi: Init dynamic tx buffer num: 32
[2019-08-21 11:07:31] I (421) wifi: Init data frame dynamic rx buffer num: 32
[2019-08-21 11:07:31] I (426) wifi: Init management frame dynamic rx buffer num: 32
[2019-08-21 11:07:31] I (432) wifi: Init management short buffer num: 32
[2019-08-21 11:07:31] I (437) wifi: Init static rx buffer size: 1600
[2019-08-21 11:07:31] I (441) wifi: Init static rx buffer num: 10
[2019-08-21 11:07:31] I (444) wifi: Init dynamic rx buffer num: 32
[2019-08-21 11:07:31] I (449) wifi: Set ps type: 0
[2019-08-21 11:07:31] 
[2019-08-21 11:07:31] [0;33mW (452) phy_init: failed to load RF calibration data (0x1102), falling back to full calibration[0m
[2019-08-21 11:07:31] [0;32mI (626) phy: phy_version: 4008, 544f89f, Jan 24 2019, 14:54:06, 0, 2[0m
[2019-08-21 11:07:31] I (634) wifi: mode : sta (3c:71:bf:e0:92:28)
[2019-08-21 11:07:31] [0;32mI (635) [mwifi, 177]: esp-mdf version: v1.0-beta1-dirty[0m
[2019-08-21 11:07:31] W (636) wifi: [beacon]interval:100ms
[2019-08-21 11:07:31] I (638) wifi: mode : sta (3c:71:bf:e0:92:28) + softAP (3c:71:bf:e0:92:29)
[2019-08-21 11:07:31] I (645) wifi: Total power save buffer number: 16
[2019-08-21 11:07:32] I (648) wifi: Init max length of beacon: 752/752
[2019-08-21 11:07:32] I (653) wifi: Init max length of beacon: 752/752
[2019-08-21 11:07:32] I (660) mesh: <nvs>read layer:0, err:0x1102
[2019-08-21 11:07:32] I (661) mesh: <nvs>read assoc:0, err:0x1102
[2019-08-21 11:07:32] W (666) wifi: [beacon]interval:100ms
[2019-08-21 11:07:32] I (673) wifi: Total power save buffer number: 16
[2019-08-21 11:07:32] I (1677) wifi: Set ps type: 0
[2019-08-21 11:07:33] 
[2019-08-21 11:07:33] I (1682) wifi: mode : sta (3c:71:bf:e0:92:28)
[2019-08-21 11:07:33] I (1684) mesh: <MESH_NWK_LOOK_FOR_NETWORK>need_scan:0x3, need_scan_router:0x0, look_for_nwk_count:1
[2019-08-21 11:07:33] [0;32mI (1685) [mwifi, 113]: MESH is started[0m
[2019-08-21 11:07:33] [0;32mI (4689) [get_started, 27]: heap free: 176728[0m
[2019-08-21 11:07:36] I (5595) mesh: [FIND][ch:0]AP:24, otherID:0, MAP:0, idle:0, candidate:0, root:0[00:00:00:00:00:00]
[2019-08-21 11:07:36] I (5596) mesh: [FIND:1]fail to find a network, channel:0, cfg<channel:0, router:Mr.Hu, 00:00:00:00:00:00>
[2019-08-21 11:07:36] 
[2019-08-21 11:07:36] I (5603) mesh: <MESH_NWK_LOOK_FOR_NETWORK>need_scan:0x3, need_scan_router:0x1, look_for_nwk_count:2
[2019-08-21 11:07:36] I (7187) mesh: [FIND][ch:0]AP:0, otherID:0, MAP:0, idle:0, candidate:0, root:0[00:00:00:00:00:00]<scan router>
[2019-08-21 11:07:38] I (7187) mesh: [FIND:2]fail to find a network, channel:0, cfg<channel:0, router:Mr.Hu, 00:00:00:00:00:00>
[2019-08-21 11:07:38] 
[2019-08-21 11:07:38] I (7195) mesh: <MESH_NWK_LOOK_FOR_NETWORK>need_scan:0x3, need_scan_router:0x0, look_for_nwk_count:3
[2019-08-21 11:07:38] [0;32mI (7689) [get_started, 27]: heap free: 177872[0m
[2019-08-21 11:07:39] [0;32mI (10689) [get_started, 27]: heap free: 177076[0m
[2019-08-21 11:07:42] I (11114) mesh: [FIND][ch:0]AP:16, otherID:0, MAP:0, idle:0, candidate:0, root:0[00:00:00:00:00:00]
[2019-08-21 11:07:42] I (11115) mesh: [FIND:3]fail to find a network, channel:0, cfg<channel:0, router:Mr.Hu, 00:00:00:00:00:00>
[2019-08-21 11:07:42] 
[2019-08-21 11:07:42] I (11122) mesh: <MESH_NWK_LOOK_FOR_NETWORK>need_scan:0x3, need_scan_router:0x1, look_for_nwk_count:4
[2019-08-21 11:07:42] I (12706) mesh: [FIND][ch:0]AP:0, otherID:0, MAP:0, idle:0, candidate:0, root:0[00:00:00:00:00:00]<scan router>
[2019-08-21 11:07:44] I (12706) mesh: [FIND:4]fail to find a network, channel:0, cfg<channel:0, router:Mr.Hu, 00:00:00:00:00:00>
[2019-08-21 11:07:44] 
[2019-08-21 11:07:44] I (12715) mesh: <MESH_NWK_LOOK_FOR_NETWORK>need_scan:0x3, need_scan_router:0x0, look_for_nwk_count:5
[2019-08-21 11:07:44] [0;32mI (13689) [get_started, 27]: heap free: 177972[0m
[2019-08-21 11:07:45] I (16633) mesh: [FIND][ch:0]AP:15, otherID:0, MAP:0, idle:0, candidate:0, root:0[00:00:00:00:00:00]
[2019-08-21 11:07:47] I (16634) mesh: [FIND:5]fail to find a network, channel:0, cfg<channel:0, router:Mr.Hu, 00:00:00:00:00:00>
[2019-08-21 11:07:47] 
[2019-08-21 11:07:47] I (16641) mesh: <MESH_NWK_LOOK_FOR_NETWORK>need_scan:0x3, need_scan_router:0x1, look_for_nwk_count:6
[2019-08-21 11:07:47] [0;32mI (16689) [get_started, 27]: heap free: 178272[0m
[2019-08-21 11:07:48] I (18224) mesh: [FIND][ch:0]AP:0, otherID:0, MAP:0, idle:0, candidate:0, root:0[00:00:00:00:00:00]<scan router>
[2019-08-21 11:07:49] I (18225) mesh: [FIND:6]fail to find a network, channel:0, cfg<channel:0, router:Mr.Hu, 00:00:00:00:00:00>
[2019-08-21 11:07:49] 
[2019-08-21 11:07:49] I (18233) mesh: <MESH_NWK_LOOK_FOR_NETWORK>need_scan:0x3, need_scan_router:0x0, look_for_nwk_count:7
[2019-08-21 11:07:49] [0;32mI (19689) [get_started, 27]: heap free: 177772[0m
[2019-08-21 11:07:51] I (22153) mesh: [FIND][ch:0]AP:26, otherID:0, MAP:0, idle:0, candidate:0, root:0[00:00:00:00:00:00]
[2019-08-21 11:07:53] I (22153) mesh: [FIND:7]fail to find a network, channel:0, cfg<channel:0, router:Mr.Hu, 00:00:00:00:00:00>
[2019-08-21 11:07:53] 
[2019-08-21 11:07:53] I (22160) mesh: <MESH_NWK_LOOK_FOR_NETWORK>need_scan:0x3, need_scan_router:0x1, look_for_nwk_count:8
[2019-08-21 11:07:53] [0;32mI (22689) [get_started, 27]: heap free: 178272[0m
[2019-08-21 11:07:54] I (23744) mesh: [FIND][ch:0]AP:0, otherID:0, MAP:0, idle:0, candidate:0, root:0[00:00:00:00:00:00]<scan router>
[2019-08-21 11:07:55] I (23745) mesh: [FIND:8]fail to find a network, channel:0, cfg<channel:0, router:Mr.Hu, 00:00:00:00:00:00>
[2019-08-21 11:07:55] 
[2019-08-21 11:07:55] I (23753) mesh: <MESH_NWK_LOOK_FOR_NETWORK>need_scan:0x3, need_scan_router:0x0, look_for_nwk_count:9
[2019-08-21 11:07:55] [0;32mI (25689) [get_started, 27]: heap free: 176972[0m
[2019-08-21 11:07:57] I (27672) mesh: [FIND][ch:0]AP:27, otherID:0, MAP:0, idle:0, candidate:0, root:0[00:00:00:00:00:00]
[2019-08-21 11:07:59] I (27673) mesh: [FIND:9]fail to find a network, channel:0, cfg<channel:0, router:Mr.Hu, 00:00:00:00:00:00>
[2019-08-21 11:07:59] 
[2019-08-21 11:07:59] I (27680) mesh: <MESH_NWK_LOOK_FOR_NETWORK>need_scan:0x3, need_scan_router:0x1, look_for_nwk_count:10
[2019-08-21 11:07:59] [0;32mI (28689) [get_started, 27]: heap free: 178272[0m
[2019-08-21 11:08:00] I (29264) mesh: [FIND][ch:0]AP:0, otherID:0, MAP:0, idle:0, candidate:0, root:0[00:00:00:00:00:00]<scan router>
[2019-08-21 11:08:00] I (29265) mesh: [FIND:10]fail to find a network, channel:0, cfg<channel:0, router:Mr.Hu, 00:00:00:00:00:00>
[2019-08-21 11:08:00] 
[2019-08-21 11:08:00] I (29273) mesh: <MESH_NWK_LOOK_FOR_NETWORK>need_scan:0x3, need_scan_router:0x0, look_for_nwk_count:11
[2019-08-21 11:08:00] [0;32mI (31689) [get_started, 27]: heap free: 176972[0m
[2019-08-21 11:08:03] I (33193) mesh: [FIND][ch:0]AP:28, otherID:0, MAP:0, idle:0, candidate:0, root:0[00:00:00:00:00:00]
[2019-08-21 11:08:04] I (33194) mesh: [FIND:11]fail to find a network, channel:0, cfg<channel:0, router:Mr.Hu, 00:00:00:00:00:00>
[2019-08-21 11:08:04] 
[2019-08-21 11:08:04] I (33201) mesh: <MESH_NWK_LOOK_FOR_NETWORK>need_scan:0x3, need_scan_router:0x1, look_for_nwk_count:12
[2019-08-21 11:08:04] [0;32mI (34689) [get_started, 27]: heap free: 178272[0m
[2019-08-21 11:08:06] I (34785) mesh: [FIND][ch:0]AP:0, otherID:0, MAP:0, idle:0, candidate:0, root:0[00:00:00:00:00:00]<scan router>
[2019-08-21 11:08:06] I (34785) mesh: [FIND:12]fail to find a network, channel:0, cfg<channel:0, router:Mr.Hu, 00:00:00:00:00:00>
[2019-08-21 11:08:06] 
[2019-08-21 11:08:06] I (34794) mesh: <MESH_NWK_LOOK_FOR_NETWORK>need_scan:0x3, need_scan_router:0x0, look_for_nwk_count:13
[2019-08-21 11:08:06] [0;32mI (37689) [get_started, 27]: heap free: 176872[0m
[2019-08-21 11:08:09] I (38713) mesh: [FIND][ch:0]AP:27, otherID:0, MAP:0, idle:0, candidate:0, root:0[00:00:00:00:00:00]
[2019-08-21 11:08:10] I (38714) mesh: [FIND:13]fail to find a network, channel:0, cfg<channel:0, router:Mr.Hu, 00:00:00:00:00:00>
[2019-08-21 11:08:10] 
[2019-08-21 11:08:10] I (38721) mesh: <MESH_NWK_LOOK_FOR_NETWORK>need_scan:0x3, need_scan_router:0x1, look_for_nwk_count:14
[2019-08-21 11:08:10] I (40305) mesh: [FIND][ch:0]AP:0, otherID:0, MAP:0, idle:0, candidate:0, root:0[00:00:00:00:00:00]<scan router>
[2019-08-21 11:08:11] I (40305) mesh: [FIND:14]fail to find a network, channel:0, cfg<channel:0, router:Mr.Hu, 00:00:00:00:00:00>
[2019-08-21 11:08:11] 
[2019-08-21 11:08:11] I (40314) mesh: <MESH_NWK_LOOK_FOR_NETWORK>need_scan:0x3, need_scan_router:0x0, look_for_nwk_count:15
[2019-08-21 11:08:11] [0;32mI (40689) [get_started, 27]: heap free: 177772[0m
[2019-08-21 11:08:12] [0;32mI (43689) [get_started, 27]: heap free: 175872[0m
[2019-08-21 11:08:15] I (44234) mesh: [FIND][ch:0]AP:31, otherID:0, MAP:0, idle:0, candidate:0, root:0[00:00:00:00:00:00]
[2019-08-21 11:08:15] I (44234) mesh: [FIND:15]fail to find a network, channel:0, cfg<channel:0, router:Mr.Hu, 00:00:00:00:00:00>
[2019-08-21 11:08:15] 
[2019-08-21 11:08:15] I (44242) mesh: <MESH_NWK_LOOK_FOR_NETWORK>need_scan:0x3, need_scan_router:0x1, look_for_nwk_count:16
[2019-08-21 11:08:15] I (45826) mesh: [FIND][ch:0]AP:0, otherID:0, MAP:0, idle:0, candidate:0, root:0[00:00:00:00:00:00]<scan router>
[2019-08-21 11:08:17] I (45827) mesh: [FIND:16]fail to find a network, channel:0, cfg<channel:0, router:Mr.Hu, 00:00:00:00:00:00>
[2019-08-21 11:08:17] 
[2019-08-21 11:08:17] I (45835) mesh: <MESH_NWK_LOOK_FOR_NETWORK>need_scan:0x3, need_scan_router:0x0, look_for_nwk_count:17
[2019-08-21 11:08:17] [0;32mI (46689) [get_started, 27]: heap free: 177472[0m
[2019-08-21 11:08:18] [0;32mI (49689) [get_started, 27]: heap free: 175772[0m
[2019-08-21 11:08:21] I (49754) mesh: [FIND][ch:0]AP:25, otherID:0, MAP:0, idle:0, candidate:0, root:0[00:00:00:00:00:00]
[2019-08-21 11:08:21] I (49755) mesh: [FIND:17]fail to find a network, channel:0, cfg<channel:0, router:Mr.Hu, 00:00:00:00:00:00>
[2019-08-21 11:08:21] 
[2019-08-21 11:08:21] I (49762) mesh: <MESH_NWK_LOOK_FOR_NETWORK>need_scan:0x3, need_scan_router:0x1, look_for_nwk_count:18
[2019-08-21 11:08:21] I (51346) mesh: [FIND][ch:0]AP:0, otherID:0, MAP:0, idle:0, candidate:0, root:0[00:00:00:00:00:00]<scan router>
[2019-08-21 11:08:22] I (51346) mesh: [FIND:18]fail to find a network, channel:0, cfg<channel:0, router:Mr.Hu, 00:00:00:00:00:00>
[2019-08-21 11:08:22] 
[2019-08-21 11:08:22] I (51355) mesh: <MESH_NWK_LOOK_FOR_NETWORK>need_scan:0x3, need_scan_router:0x0, look_for_nwk_count:19
[2019-08-21 11:08:22] [0;32mI (52689) [get_started, 27]: heap free: 177472[0m
[2019-08-21 11:08:24] 