0;3þets Jun  8 2016 00:22:57
[2019-08-22 18:26:36] 
[2019-08-22 18:26:36] rst:0x1 (POWERON_RESET),boot:0x13 (SPI_FAST_FLASH_BOOT)
[2019-08-22 18:26:36] configsip: 0, SPIWP:0xee
[2019-08-22 18:26:36] clk_drv:0x00,q_drv:0x00,d_drv:0x00,cs0_drv:0x00,hd_drv:0x00,wp_drv:0x00
[2019-08-22 18:26:36] mode:DIO, clock div:2
[2019-08-22 18:26:36] load:0x3fff0018,len:4
[2019-08-22 18:26:36] load:0x3fff001c,len:6192
[2019-08-22 18:26:36] ho 0 tail 12 room 4
[2019-08-22 18:26:36] load:0x40078000,len:10272
[2019-08-22 18:26:36] load:0x40080400,len:6608
[2019-08-22 18:26:36] entry 0x40080764
[2019-08-22 18:26:36] [0;32mI (30) boot: ESP-IDF v3.2.2-42-g4a9f33944-dirty 2nd stage bootloader[0m
[2019-08-22 18:26:36] [0;32mI (30) boot: compile time 16:16:44[0m
[2019-08-22 18:26:36] [0;32mI (30) boot: Enabling RNG early entropy source...[0m
[2019-08-22 18:26:36] [0;32mI (37) boot: SPI Speed      : 40MHz[0m
[2019-08-22 18:26:36] [0;32mI (41) boot: SPI Mode       : DIO[0m
[2019-08-22 18:26:36] [0;32mI (45) boot: SPI Flash Size : 4MB[0m
[2019-08-22 18:26:36] [0;32mI (49) boot: Partition Table:[0m
[2019-08-22 18:26:36] [0;32mI (52) boot: ## Label            Usage          Type ST Offset   Length[0m
[2019-08-22 18:26:36] [0;32mI (60) boot:  0 nvs              WiFi data        01 02 00009000 00004000[0m
[2019-08-22 18:26:36] [0;32mI (67) boot:  1 otadata          OTA data         01 00 0000d000 00002000[0m
[2019-08-22 18:26:36] [0;32mI (75) boot:  2 phy_init         RF data          01 01 0000f000 00001000[0m
[2019-08-22 18:26:36] [0;32mI (82) boot:  3 ota_0            OTA app          00 10 00010000 001e0000[0m
[2019-08-22 18:26:36] [0;32mI (90) boot:  4 ota_1            OTA app          00 11 001f0000 001e0000[0m
[2019-08-22 18:26:36] [0;32mI (97) boot:  5 coredump         Unknown data     01 03 003d0000 00010000[0m
[2019-08-22 18:26:36] [0;32mI (104) boot:  6 reserved         Unknown data     01 fe 003e0000 00020000[0m
[2019-08-22 18:26:36] [0;32mI (112) boot: End of partition table[0m
[2019-08-22 18:26:36] [0;32mI (116) boot: No factory image, trying OTA 0[0m
[2019-08-22 18:26:36] [0;32mI (121) esp_image: segment 0: paddr=0x00010020 vaddr=0x3f400020 size=0x2c480 (181376) map[0m
[2019-08-22 18:26:36] [0;32mI (194) esp_image: segment 1: paddr=0x0003c4a8 vaddr=0x3ffb0000 size=0x02ccc ( 11468) load[0m
[2019-08-22 18:26:36] [0;32mI (199) esp_image: segment 2: paddr=0x0003f17c vaddr=0x40080000 size=0x00400 (  1024) load[0m
[2019-08-22 18:26:36] [0;32mI (201) esp_image: segment 3: paddr=0x0003f584 vaddr=0x40080400 size=0x00a8c (  2700) load[0m
[2019-08-22 18:26:36] [0;32mI (211) esp_image: segment 4: paddr=0x00040018 vaddr=0x400d0018 size=0xca6dc (829148) map[0m
[2019-08-22 18:26:36] [0;32mI (509) esp_image: segment 5: paddr=0x0010a6fc vaddr=0x40080e8c size=0x0ef30 ( 61232) load[0m
[2019-08-22 18:26:37] [0;32mI (544) boot: Loaded app from partition at offset 0x10000[0m
[2019-08-22 18:26:37] [0;32mI (544) boot: Disabling RNG early entropy source...[0m
[2019-08-22 18:26:37] [0;32mI (544) cpu_start: Pro cpu up.[0m
[2019-08-22 18:26:37] [0;32mI (548) cpu_start: Single core mode[0m
[2019-08-22 18:26:37] [0;32mI (552) heap_init: Initializing. RAM available for dynamic allocation:[0m
[2019-08-22 18:26:37] [0;32mI (559) heap_init: At 3FFAE6E0 len 00001920 (6 KiB): DRAM[0m
[2019-08-22 18:26:37] [0;32mI (565) heap_init: At 3FFBA038 len 00025FC8 (151 KiB): DRAM[0m
[2019-08-22 18:26:37] [0;32mI (572) heap_init: At 3FFE0440 len 0001FBC0 (126 KiB): D/IRAM[0m
[2019-08-22 18:26:37] [0;32mI (578) heap_init: At 40078000 len 00008000 (32 KiB): IRAM[0m
[2019-08-22 18:26:37] [0;32mI (584) heap_init: At 4008FDBC len 00010244 (64 KiB): IRAM[0m
[2019-08-22 18:26:37] [0;32mI (590) cpu_start: Pro cpu start user code[0m
[2019-08-22 18:26:37] D (272) [mupgrade_check, 142]: Add an identifier to the firmware: ** MUPGRADE_FIRMWARE_FLAG **[0m
[2019-08-22 18:26:37] [0;32mI (283) cpu_start: Starting scheduler on PRO CPU.[0m
[2019-08-22 18:26:37] [0;32mI (284) SmartConfig: START GET WIFI INFO...[0m
[2019-08-22 18:26:37] [0;32mI (284) SmartConfig: TRY LOAD WIFI INFO[0m
[2019-08-22 18:26:37] [0;32mI (287) SmartConfig: WIFI SSID PASSWD LOAD ERR[0m
[2019-08-22 18:26:37] [0;32mI (292) SmartConfig: START initialise_wifi...[0m
[2019-08-22 18:26:37] I (301) wifi: wifi driver task: 3ffc1080, prio:23, stack:3584, core=0
[2019-08-22 18:26:37] [0;32mI (304) system_api: Base MAC address is not set, read default base MAC address from BLK0 of EFUSE[0m
[2019-08-22 18:26:37] [0;32mI (313) system_api: Base MAC address is not set, read default base MAC address from BLK0 of EFUSE[0m
[2019-08-22 18:26:37] I (334) wifi: wifi firmware version: 0c3a77a
[2019-08-22 18:26:37] I (334) wifi: config NVS flash: enabled
[2019-08-22 18:26:37] I (334) wifi: config nano formating: disabled
[2019-08-22 18:26:37] I (337) wifi: Init dynamic tx buffer num: 32
[2019-08-22 18:26:37] I (341) wifi: Init data frame dynamic rx buffer num: 32
[2019-08-22 18:26:37] I (346) wifi: Init management frame dynamic rx buffer num: 32
[2019-08-22 18:26:37] I (351) wifi: Init management short buffer num: 32
[2019-08-22 18:26:37] I (356) wifi: Init static rx buffer size: 1600
[2019-08-22 18:26:37] I (360) wifi: Init static rx buffer num: 10
[2019-08-22 18:26:37] I (364) wifi: Init dynamic rx buffer num: 32
[2019-08-22 18:26:37] [0;33mW (369) phy_init: failed to load RF calibration data (0x1102), falling back to full calibration[0m
[2019-08-22 18:26:37] [0;32mI (535) phy: phy_version: 4008, 544f89f, Jan 24 2019, 14:54:06, 0, 2[0m
[2019-08-22 18:26:37] I (543) wifi: mode : sta (30:ae:a4:dd:b0:20)
[2019-08-22 18:26:37] [0;32mI (545) SmartConfig_Event: SYSTEM_EVENT_STA_START[0m
[2019-08-22 18:26:37] [0;32mI (546) gpio: GPIO[4]| InputEn: 0| OutputEn: 1| OpenDrain: 0| Pullup: 0| Pulldown: 0| Intr:0 [0m
[2019-08-22 18:26:37] [0;32mI (552) gpio: GPIO[33]| InputEn: 0| OutputEn: 1| OpenDrain: 0| Pullup: 0| Pulldown: 0| Intr:0 [0m
[2019-08-22 18:26:37] [0;32mI (561) gpio: GPIO[32]| InputEn: 0| OutputEn: 1| OpenDrain: 0| Pullup: 0| Pulldown: 0| Intr:0 [0m
[2019-08-22 18:26:37] [0;32mI (571) gpio: GPIO[25]| InputEn: 0| OutputEn: 1| OpenDrain: 0| Pullup: 0| Pulldown: 0| Intr:0 [0m
[2019-08-22 18:26:37] [0;32mI (580) gpio: GPIO[26]| InputEn: 0| OutputEn: 1| OpenDrain: 0| Pullup: 0| Pulldown: 0| Intr:0 [0m
[2019-08-22 18:26:37] [0;32mI (589) gpio: GPIO[17]| InputEn: 0| OutputEn: 1| OpenDrain: 0| Pullup: 0| Pulldown: 0| Intr:0 [0m
[2019-08-22 18:26:37] I (596) smartconfig: SC version: V2.8.0
[2019-08-22 18:26:37] [0;32mI (604) gpio: GPIO[5]| InputEn: 0| OutputEn: 1| OpenDrain: 0| Pullup: 0| Pulldown: 0| Intr:0 [0m
[2019-08-22 18:26:37] [0;32mI (611) gpio: GPIO[18]| InputEn: 0| OutputEn: 1| OpenDrain: 0| Pullup: 0| Pulldown: 0| Intr:0 [0m
[2019-08-22 18:26:37] [0;32mI (621) gpio: GPIO[19]| InputEn: 0| OutputEn: 1| OpenDrain: 0| Pullup: 0| Pulldown: 0| Intr:0 [0m
[2019-08-22 18:26:37] [0;32mI (630) gpio: GPIO[36]| InputEn: 1| OutputEn: 0| OpenDrain: 0| Pullup: 1| Pulldown: 0| Intr:3 [0m
[2019-08-22 18:26:37] [0;32mI (639) gpio: GPIO[39]| InputEn: 1| OutputEn: 0| OpenDrain: 0| Pullup: 1| Pulldown: 0| Intr:3 [0m
[2019-08-22 18:26:37] [0;32mI (648) gpio: GPIO[34]| InputEn: 1| OutputEn: 0| OpenDrain: 0| Pullup: 1| Pulldown: 0| Intr:3 [0m
[2019-08-22 18:26:37] [0;32mI (658) gpio: GPIO[35]| InputEn: 1| OutputEn: 0| OpenDrain: 0| Pullup: 1| Pulldown: 0| Intr:3 [0m
[2019-08-22 18:26:37] [0;32mI (3668) [get_started, 31]: heap free: 222436[0m
[2019-08-22 18:26:40] I (4707) wifi: ic_enable_sniffer
[2019-08-22 18:26:41] [0;32mI (4708) SmartConfig: SC_STATUS_FINDING_CHANNEL[0m
[2019-08-22 18:26:41] [0;32mI (6668) [get_started, 31]: heap free: 222192[0m
[2019-08-22 18:26:43] [0;32mI (9668) [get_started, 31]: heap free: 222192[0m
[2019-08-22 18:26:46] [0;32mI (12668) [get_started, 31]: heap free: 222192[0m
[2019-08-22 18:26:49] [0;32mI (15668) [get_started, 31]: heap free: 222192[0m
[2019-08-22 18:26:52] [0;32mI (18668) [get_started, 31]: heap free: 222192[0m
[2019-08-22 18:26:55] [0;32mI (21668) [get_started, 31]: heap free: 222192[0m
[2019-08-22 18:26:58] [0;32mI (24668) [get_started, 31]: heap free: 222192[0m
[2019-08-22 18:27:01] [0;32mI (27668) [get_started, 31]: heap free: 222192[0m
[2019-08-22 18:27:04] [0;32mI (30668) [get_started, 31]: heap free: 222192[0m
[2019-08-22 18:27:07] [0;32mI (33668) [get_started, 31]: heap free: 222192[0m
[2019-08-22 18:27:10] [0;32mI (36668) [get_started, 31]: heap free: 222192[0m
[2019-08-22 18:27:13] [0;32mI (39668) [get_started, 31]: heap free: 222192[0m
[2019-08-22 18:27:16] [0;32mI (40412) [mesh-key, 114]: press 0 level:0[0m
[2019-08-22 18:27:17] [0;32mI (40613) [mesh-key, 140]: lift 0 level 1 tick = 200965[0m
[2019-08-22 18:27:17] [0;32mI (40613) mesh-key: æŒ‰é”®1å•å‡»[0m
[2019-08-22 18:27:17] [0;33mW (41114) [mupgrade_example, 242]: mwifi is not connected.[0m
[2019-08-22 18:27:18] [0;33mW (41114) [cmd, 64]: uploadInformation : -1:{"Devs":[{"ID":1,"Flag": "On"},{"ID":2,"Flag": "Off"},{"ID":3,"Flag": "Off"},{"ID":4,"Flag": "Off"}]}[0m
[2019-08-22 18:27:18] [0;32mI (41259) [mesh-key, 114]: press 1 level:0[0m
[2019-08-22 18:27:18] [0;32mI (41473) [mesh-key, 140]: lift 1 level 1 tick = 213976[0m
[2019-08-22 18:27:18] [0;32mI (41473) mesh-key: æŒ‰é”®2å•å‡»[0m
[2019-08-22 18:27:18] [0;33mW (41973) [mupgrade_example, 242]: mwifi is not connected.[0m
[2019-08-22 18:27:19] [0;33mW (41973) [cmd, 64]: uploadInformation : -1:{"Devs":[{"ID":1,"Flag": "On"},{"ID":2,"Flag": "On"},{"ID":3,"Flag": "Off"},{"ID":4,"Flag": "Off"}]}[0m
[2019-08-22 18:27:19] [0;32mI (42277) [mesh-key, 114]: press 2 level:0[0m
[2019-08-22 18:27:19] [0;32mI (42514) [mesh-key, 140]: lift 2 level 1 tick = 236972[0m
[2019-08-22 18:27:19] [0;32mI (42514) mesh-key: æŒ‰é”®3å•å‡»[0m
[2019-08-22 18:27:19] [0;32mI (42668) [get_started, 31]: heap free: 218168[0m
[2019-08-22 18:27:19] [0;33mW (43014) [mupgrade_example, 242]: mwifi is not connected.[0m
[2019-08-22 18:27:20] [0;33mW (43014) [cmd, 64]: uploadInformation : -1:{"Devs":[{"ID":1,"Flag": "On"},{"ID":2,"Flag": "On"},{"ID":3,"Flag": "On"},{"ID":4,"Flag": "Off"}]}[0m
[2019-08-22 18:27:20] [0;32mI (43549) [mesh-key, 114]: press 3 level:0[0m
[2019-08-22 18:27:20] [0;32mI (43744) [mesh-key, 140]: lift 3 level 1 tick = 194992[0m
[2019-08-22 18:27:20] [0;32mI (43744) mesh-key: æŒ‰é”®4å•å‡»[0m
[2019-08-22 18:27:20] [0;33mW (44244) [mupgrade_example, 242]: mwifi is not connected.[0m
[2019-08-22 18:27:21] [0;33mW (44244) [cmd, 64]: uploadInformation : -1:{"Devs":[{"ID":1,"Flag": "On"},{"ID":2,"Flag": "On"},{"ID":3,"Flag": "On"},{"ID":4,"Flag": "On"}]}[0m
[2019-08-22 18:27:21] [0;32mI (44253) [mesh-key, 114]: press 3 level:0[0m
[2019-08-22 18:27:21] [0;32mI (44274) [mesh-key, 140]: lift 3 level 1 tick = 20618[0m
[2019-08-22 18:27:21] [0;32mI (44274) mesh-key: æŒ‰é”®4å•å‡»[0m
[2019-08-22 18:27:21] [0;33mW (44774) [mupgrade_example, 242]: mwifi is not connected.[0m
[2019-08-22 18:27:21] [0;33mW (44774) [cmd, 64]: uploadInformation : -1:{"Devs":[{"ID":1,"Flag": "On"},{"ID":2,"Flag": "On"},{"ID":3,"Flag": "On"},{"ID":4,"Flag": "Off"}]}[0m
[2019-08-22 18:27:21] [0;32mI (44783) [mesh-key, 114]: press 0 level:0[0m
[2019-08-22 18:27:21] [0;32mI (44811) [mesh-key, 140]: lift 0 level 1 tick = 27447[0m
[2019-08-22 18:27:21] [0;32mI (44811) mesh-key: æŒ‰é”®1å•å‡»[0m
[2019-08-22 18:27:21] [0;33mW (45311) [mupgrade_example, 242]: mwifi is not connected.[0m
[2019-08-22 18:27:22] [0;33mW (45311) [cmd, 64]: uploadInformation : -1:{"Devs":[{"ID":1,"Flag": "Off"},{"ID":2,"Flag": "On"},{"ID":3,"Flag": "On"},{"ID":4,"Flag": "Off"}]}[0m
[2019-08-22 18:27:22] [0;32mI (45376) [mesh-key, 114]: press 1 level:0[0m
[2019-08-22 18:27:22] [0;32mI (45528) [mesh-key, 140]: lift 1 level 1 tick = 151984[0m
[2019-08-22 18:27:22] [0;32mI (45528) mesh-key: æŒ‰é”®2å•å‡»[0m
[2019-08-22 18:27:22] [0;32mI (45668) [get_started, 31]: heap free: 218168[0m
[2019-08-22 18:27:22] [0;33mW (46028) [mupgrade_example, 242]: mwifi is not connected.[0m
[2019-08-22 18:27:23] [0;33mW (46028) [cmd, 64]: uploadInformation : -1:{"Devs":[{"ID":1,"Flag": "Off"},{"ID":2,"Flag": "Off"},{"ID":3,"Flag": "On"},{"ID":4,"Flag": "Off"}]}[0m
[2019-08-22 18:27:23] [0;32mI (48668) [get_started, 31]: heap free: 219624[0m
[2019-08-22 18:27:25] I (50779) smartconfig: TYPE: ESPTOUCH
[2019-08-22 18:27:27] I (50779) smartconfig: T|PHONE MAC:e0:dc:ff:df:03:71
[2019-08-22 18:27:27] I (50779) smartconfig: T|AP MAC:b8:81:98:ac:1d:40
[2019-08-22 18:27:27] [0;32mI (50780) SmartConfig: SC_STATUS_GETTING_SSID_PSWD[0m
[2019-08-22 18:27:27] [0;32mI (51668) [get_started, 31]: heap free: 219160[0m
[2019-08-22 18:27:28] [0;32mI (54668) [get_started, 31]: heap free: 219164[0m
[2019-08-22 18:27:31] I (55826) smartconfig: T|pswd: hqf666123
[2019-08-22 18:27:32] I (55826) smartconfig: T|ssid: Ubuntu
[2019-08-22 18:27:32] I (55826) smartconfig: T|bssid: b8:81:98:ac:1d:40
[2019-08-22 18:27:32] I (55826) wifi: ic_disable_sniffer
[2019-08-22 18:27:32] [0;32mI (55830) SmartConfig: SC_STATUS_LINK[0m
[2019-08-22 18:27:32] [0;32mI (55834) SmartConfig: SSID:Ubuntu[0m
[2019-08-22 18:27:32] [0;32mI (55838) SmartConfig: PASSWORD:hqf666123[0m
[2019-08-22 18:27:32] I (55971) wifi: n:1 0, o:1 0, ap:255 255, sta:1 0, prof:1
[2019-08-22 18:27:33] I (56960) wifi: state: init -> auth (b0)
[2019-08-22 18:27:34] I (56966) wifi: state: auth -> assoc (0)
[2019-08-22 18:27:34] I (56972) wifi: state: assoc -> run (10)
[2019-08-22 18:27:34] I (56990) wifi: connected with Ubuntu, channel 1, HT20
[2019-08-22 18:27:34] I (56993) wifi: pm start, type: 1
[2019-08-22 18:27:34] 
[2019-08-22 18:27:34] [0;32mI (57668) [get_started, 31]: heap free: 216560[0m
[2019-08-22 18:27:34] [0;32mI (57856) event: sta ip: 10.42.0.196, mask: 255.255.255.0, gw: 10.42.0.1[0m
[2019-08-22 18:27:34] [0;32mI (57857) SmartConfig_Event: SYSTEM_EVENT_STA_GOT_IP[0m
[2019-08-22 18:27:34] [0;32mI (57860) SmartConfig: WiFi Connected to ap[0m
[2019-08-22 18:27:34] [0;32mI (60668) [get_started, 31]: heap free: 216076[0m
[2019-08-22 18:27:37] [0;32mI (60933) SmartConfig: SC_STATUS_LINK_OVER[0m
[2019-08-22 18:27:38] [0;32mI (60934) SmartConfig: Phone ip: 10.42.0.195
[2019-08-22 18:27:38] [0m
[2019-08-22 18:27:38] [0;32mI (60934) SmartConfig: smartconfig over[0m
[2019-08-22 18:27:38] WIFI SSID PASSWD SAVE OK
[2019-08-22 18:27:38] [0;32mI (63668) [get_started, 31]: heap free: 220276[0m
[2019-08-22 18:27:40] I (65941) wifi: state: run -> init (0)
[2019-08-22 18:27:43] I (65942) wifi: pm stop, total sleep time: 5833334 us / 8948393 us
[2019-08-22 18:27:43] 
[2019-08-22 18:27:43] I (65943) wifi: n:1 0, o:1 0, ap:255 255, sta:1 0, prof:1
[2019-08-22 18:27:43] [0;31mE (65946) event: system_event_sta_disconnected_handle_default 243 esp_wifi_internal_reg_rxcb ret=0x3014[0m
[2019-08-22 18:27:43] [0;32mI (65955) SmartConfig_Event: SYSTEM_EVENT_STA_DISCONNECTED[0m
[2019-08-22 18:27:43] E (65961) wifi: esp_wifi_connect 1134 wifi not start
[2019-08-22 18:27:43] I (65966) wifi: flush txq
[2019-08-22 18:27:43] I (65968) wifi: stop sw txq
[2019-08-22 18:27:43] I (65972) wifi: lmac stop hw txq
[2019-08-22 18:27:43] ets Jun  8 2016 00:22:57
[2019-08-22 18:27:43] 
[2019-08-22 18:27:43] rst:0xc (SW_CPU_RESET),boot:0x13 (SPI_FAST_FLASH_BOOT)
[2019-08-22 18:27:43] configsip: 0, SPIWP:0xee
[2019-08-22 18:27:43] clk_drv:0x00,q_drv:0x00,d_drv:0x00,cs0_drv:0x00,hd_drv:0x00,wp_drv:0x00
[2019-08-22 18:27:43] mode:DIO, clock div:2
[2019-08-22 18:27:43] load:0x3fff0018,len:4
[2019-08-22 18:27:43] load:0x3fff001c,len:6192
[2019-08-22 18:27:43] ho 0 tail 12 room 4
[2019-08-22 18:27:43] load:0x40078000,len:10272
[2019-08-22 18:27:43] load:0x40080400,len:6608
[2019-08-22 18:27:43] entry 0x40080764
[2019-08-22 18:27:43] [0;32mI (31) boot: ESP-IDF v3.2.2-42-g4a9f33944-dirty 2nd stage bootloader[0m
[2019-08-22 18:27:43] [0;32mI (31) boot: compile time 16:16:44[0m
[2019-08-22 18:27:43] [0;32mI (31) boot: Enabling RNG early entropy source...[0m
[2019-08-22 18:27:43] [0;32mI (37) boot: SPI Speed      : 40MHz[0m
[2019-08-22 18:27:43] [0;32mI (41) boot: SPI Mode       : DIO[0m
[2019-08-22 18:27:43] [0;32mI (45) boot: SPI Flash Size : 4MB[0m
[2019-08-22 18:27:43] [0;32mI (49) boot: Partition Table:[0m
[2019-08-22 18:27:43] [0;32mI (53) boot: ## Label            Usage          Type ST Offset   Length[0m
[2019-08-22 18:27:43] [0;32mI (60) boot:  0 nvs              WiFi data        01 02 00009000 00004000[0m
[2019-08-22 18:27:43] [0;32mI (68) boot:  1 otadata          OTA data         01 00 0000d000 00002000[0m
[2019-08-22 18:27:43] [0;32mI (75) boot:  2 phy_init         RF data          01 01 0000f000 00001000[0m
[2019-08-22 18:27:43] [0;32mI (83) boot:  3 ota_0            OTA app          00 10 00010000 001e0000[0m
[2019-08-22 18:27:43] [0;32mI (90) boot:  4 ota_1            OTA app          00 11 001f0000 001e0000[0m
[2019-08-22 18:27:43] [0;32mI (98) boot:  5 coredump         Unknown data     01 03 003d0000 00010000[0m
[2019-08-22 18:27:43] [0;32mI (105) boot:  6 reserved         Unknown data     01 fe 003e0000 00020000[0m
[2019-08-22 18:27:43] [0;32mI (113) boot: End of partition table[0m
[2019-08-22 18:27:43] [0;32mI (117) boot: No factory image, trying OTA 0[0m
[2019-08-22 18:27:43] [0;32mI (122) esp_image: segment 0: paddr=0x00010020 vaddr=0x3f400020 size=0x2c480 (181376) map[0m
[2019-08-22 18:27:43] [0;32mI (194) esp_image: segment 1: paddr=0x0003c4a8 vaddr=0x3ffb0000 size=0x02ccc ( 11468) load[0m
[2019-08-22 18:27:43] [0;32mI (199) esp_image: segment 2: paddr=0x0003f17c vaddr=0x40080000 size=0x00400 (  1024) load[0m
[2019-08-22 18:27:43] [0;32mI (202) esp_image: segment 3: paddr=0x0003f584 vaddr=0x40080400 size=0x00a8c (  2700) load[0m
[2019-08-22 18:27:43] [0;32mI (211) esp_image: segment 4: paddr=0x00040018 vaddr=0x400d0018 size=0xca6dc (829148) map[0m
[2019-08-22 18:27:43] [0;32mI (509) esp_image: segment 5: paddr=0x0010a6fc vaddr=0x40080e8c size=0x0ef30 ( 61232) load[0m
[2019-08-22 18:27:43] [0;32mI (544) boot: Loaded app from partition at offset 0x10000[0m
[2019-08-22 18:27:43] [0;32mI (544) boot: Disabling RNG early entropy source...[0m
[2019-08-22 18:27:43] [0;32mI (545) cpu_start: Pro cpu up.[0m
[2019-08-22 18:27:43] [0;32mI (548) cpu_start: Single core mode[0m
[2019-08-22 18:27:43] [0;32mI (553) heap_init: Initializing. RAM available for dynamic allocation:[0m
[2019-08-22 18:27:43] [0;32mI (560) heap_init: At 3FFAE6E0 len 00001920 (6 KiB): DRAM[0m
[2019-08-22 18:27:43] [0;32mI (566) heap_init: At 3FFBA038 len 00025FC8 (151 KiB): DRAM[0m
[2019-08-22 18:27:43] [0;32mI (572) heap_init: At 3FFE0440 len 0001FBC0 (126 KiB): D/IRAM[0m
[2019-08-22 18:27:43] [0;32mI (579) heap_init: At 40078000 len 00008000 (32 KiB): IRAM[0m
[2019-08-22 18:27:43] [0;32mI (585) heap_init: At 4008FDBC len 00010244 (64 KiB): IRAM[0m
[2019-08-22 18:27:43] [0;32mI (591) cpu_start: Pro cpu start user code[0m
[2019-08-22 18:27:43] D (273) [mupgrade_check, 142]: Add an identifier to the firmware: ** MUPGRADE_FIRMWARE_FLAG **[0m
[2019-08-22 18:27:43] D (282) [mdf_info_store, 153]: <ESP_ERR_NVS_NOT_FOUND> Get value for given key, key: mupgrade_count[0m
[2019-08-22 18:27:43] [0;33mW (282) [mupgrade_check, 96]: restart reason: 12, count: 1[0m
[2019-08-22 18:27:43] [0;32mI (290) cpu_start: Starting scheduler on PRO CPU.[0m
[2019-08-22 18:27:43] [0;32mI (294) SmartConfig: START GET WIFI INFO...[0m
[2019-08-22 18:27:43] [0;32mI (298) SmartConfig: TRY LOAD WIFI INFO[0m
[2019-08-22 18:27:43] [0;32mI (303) SmartConfig: WIFI SSID PASSWD LOAD OK[0m
[2019-08-22 18:27:43] [0;32mI (308) gpio: GPIO[4]| InputEn: 0| OutputEn: 1| OpenDrain: 0| Pullup: 0| Pulldown: 0| Intr:0 [0m
[2019-08-22 18:27:43] [0;32mI (317) gpio: GPIO[33]| InputEn: 0| OutputEn: 1| OpenDrain: 0| Pullup: 0| Pulldown: 0| Intr:0 [0m
[2019-08-22 18:27:43] [0;32mI (326) gpio: GPIO[32]| InputEn: 0| OutputEn: 1| OpenDrain: 0| Pullup: 0| Pulldown: 0| Intr:0 [0m
[2019-08-22 18:27:43] [0;32mI (336) gpio: GPIO[25]| InputEn: 0| OutputEn: 1| OpenDrain: 0| Pullup: 0| Pulldown: 0| Intr:0 [0m
[2019-08-22 18:27:43] [0;32mI (345) gpio: GPIO[26]| InputEn: 0| OutputEn: 1| OpenDrain: 0| Pullup: 0| Pulldown: 0| Intr:0 [0m
[2019-08-22 18:27:43] [0;32mI (354) gpio: GPIO[17]| InputEn: 0| OutputEn: 1| OpenDrain: 0| Pullup: 0| Pulldown: 0| Intr:0 [0m
[2019-08-22 18:27:43] [0;32mI (364) gpio: GPIO[5]| InputEn: 0| OutputEn: 1| OpenDrain: 0| Pullup: 0| Pulldown: 0| Intr:0 [0m
[2019-08-22 18:27:43] [0;32mI (373) gpio: GPIO[18]| InputEn: 0| OutputEn: 1| OpenDrain: 0| Pullup: 0| Pulldown: 0| Intr:0 [0m
[2019-08-22 18:27:43] [0;32mI (382) gpio: GPIO[19]| InputEn: 0| OutputEn: 1| OpenDrain: 0| Pullup: 0| Pulldown: 0| Intr:0 [0m
[2019-08-22 18:27:43] [0;32mI (392) gpio: GPIO[36]| InputEn: 1| OutputEn: 0| OpenDrain: 0| Pullup: 1| Pulldown: 0| Intr:3 [0m
[2019-08-22 18:27:43] [0;32mI (401) gpio: GPIO[39]| InputEn: 1| OutputEn: 0| OpenDrain: 0| Pullup: 1| Pulldown: 0| Intr:3 [0m
[2019-08-22 18:27:43] [0;32mI (410) gpio: GPIO[34]| InputEn: 1| OutputEn: 0| OpenDrain: 0| Pullup: 1| Pulldown: 0| Intr:3 [0m
[2019-08-22 18:27:43] [0;32mI (419) gpio: GPIO[35]| InputEn: 1| OutputEn: 0| OpenDrain: 0| Pullup: 1| Pulldown: 0| Intr:3 [0m
[2019-08-22 18:27:43] [0;32mI (429) [mupgrade_example, 588]: MUPGRATE INIT...[0m
[2019-08-22 18:27:43] [0;32mI (434) [mupgrade_example, 601]: SSID:Ubuntu[0m
[2019-08-22 18:27:43] [0;32mI (439) [mupgrade_example, 602]: PASSWD:hqf666123[0m
[2019-08-22 18:27:43] [0;32mI (444) [mupgrade_example, 611]: Starting OTA example ...[0m
[2019-08-22 18:27:43] I (453) wifi: wifi driver task: 3ffc429c, prio:23, stack:3584, core=0
[2019-08-22 18:27:43] [0;32mI (457) system_api: Base MAC address is not set, read default base MAC address from BLK0 of EFUSE[0m
[2019-08-22 18:27:43] [0;32mI (466) system_api: Base MAC address is not set, read default base MAC address from BLK0 of EFUSE[0m
[2019-08-22 18:27:43] I (483) wifi: wifi firmware version: 0c3a77a
[2019-08-22 18:27:43] I (483) wifi: config NVS flash: enabled
[2019-08-22 18:27:43] I (483) wifi: config nano formating: disabled
[2019-08-22 18:27:43] I (487) wifi: Init dynamic tx buffer num: 32
[2019-08-22 18:27:43] I (491) wifi: Init data frame dynamic rx buffer num: 32
[2019-08-22 18:27:43] I (496) wifi: Init management frame dynamic rx buffer num: 32
[2019-08-22 18:27:43] I (502) wifi: Init management short buffer num: 32
[2019-08-22 18:27:43] I (506) wifi: Init static rx buffer size: 1600
[2019-08-22 18:27:43] I (510) wifi: Init static rx buffer num: 10
[2019-08-22 18:27:43] I (514) wifi: Init dynamic rx buffer num: 32
[2019-08-22 18:27:43] I (519) wifi: Set ps type: 0
[2019-08-22 18:27:43] 
[2019-08-22 18:27:43] 
[2019-08-22 18:27:43] Brownout detector was triggered
[2019-08-22 18:27:43] 
[2019-08-22 18:27:43] ets Jun  8 2016 00:22:57
[2019-08-22 18:27:43] 
[2019-08-22 18:27:43] rst:0xc (SW_CPU_RESET),boot:0x13 (SPI_FAST_FLASH_BOOT)
[2019-08-22 18:27:43] configsip: 0, SPIWP:0xee
[2019-08-22 18:27:43] clk_drv:0x00,q_drv:0x00,d_drv:0x00,cs0_drv:0x00,hd_drv:0x00,wp_drv:0x00
[2019-08-22 18:27:43] mode:DIO, clock div:2
[2019-08-22 18:27:43] load:0x3fff0018,len:4
[2019-08-22 18:27:43] load:0x3fff001c,len:6192
[2019-08-22 18:27:43] ho 0 tail 12 room 4
[2019-08-22 18:27:43] load:0x40078000,len:10272
[2019-08-22 18:27:43] load:0x40080400,len:6608
[2019-08-22 18:27:43] entry 0x40080764
[2019-08-22 18:27:43] [0;32mI (31) boot: ESP-IDF v3.2.2-42-g4a9f33944-dirty 2nd stage bootloader[0m
[2019-08-22 18:27:43] [0;32mI (31) boot: compile time 16:16:44[0m
[2019-08-22 18:27:43] [0;32mI (31) boot: Enabling RNG early entropy source...[0m
[2019-08-22 18:27:43] [0;32mI (37) boot: SPI Speed      : 40MHz[0m
[2019-08-22 18:27:44] [0;32mI (41) boot: SPI Mode       : DIO[0m
[2019-08-22 18:27:44] [0;32mI (45) boot: SPI Flash Size : 4MB[0m
[2019-08-22 18:27:44] [0;32mI (49) boot: Partition Table:[0m
[2019-08-22 18:27:44] [0;32mI (53) boot: ## Label            Usage          Type ST Offset   Length[0m
[2019-08-22 18:27:44] [0;32mI (60) boot:  0 nvs              WiFi data        01 02 00009000 00004000[0m
[2019-08-22 18:27:44] [0;32mI (68) boot:  1 otadata          OTA data         01 00 0000d000 00002000[0m
[2019-08-22 18:27:44] [0;32mI (75) boot:  2 phy_init         RF data          01 01 0000f000 00001000[0m
[2019-08-22 18:27:44] [0;32mI (83) boot:  3 ota_0            OTA app          00 10 00010000 001e0000[0m
[2019-08-22 18:27:44] [0;32mI (90) boot:  4 ota_1            OTA app          00 11 001f0000 001e0000[0m
[2019-08-22 18:27:44] [0;32mI (98) boot:  5 coredump         Unknown data     01 03 003d0000 00010000[0m
[2019-08-22 18:27:44] [0;32mI (105) boot:  6 reserved         Unknown data     01 fe 003e0000 00020000[0m
[2019-08-22 18:27:44] [0;32mI (113) boot: End of partition table[0m
[2019-08-22 18:27:44] [0;32mI (117) boot: No factory image, trying OTA 0[0m
[2019-08-22 18:27:44] [0;32mI (122) esp_image: segment 0: paddr=0x00010020 vaddr=0x3f400020 size=0x2c480 (181376) map[0m
[2019-08-22 18:27:44] [0;32mI (194) esp_image: segment 1: paddr=0x0003c4a8 vaddr=0x3ffb0000 size=0x02ccc ( 11468) load[0m
[2019-08-22 18:27:44] [0;32mI (199) esp_image: segment 2: paddr=0x0003f17c vaddr=0x40080000 size=0x00400 (  1024) load[0m
[2019-08-22 18:27:44] [0;32mI (202) esp_image: segment 3: paddr=0x0003f584 vaddr=0x40080400 size=0x00a8c (  2700) load[0m
[2019-08-22 18:27:44] [0;32mI (211) esp_image: segment 4: paddr=0x00040018 vaddr=0x400d0018 size=0xca6dc (829148) map[0m
[2019-08-22 18:27:44] [0;32mI (509) esp_image: segment 5: paddr=0x0010a6fc vaddr=0x40080e8c size=0x0ef30 ( 61232) load[0m
[2019-08-22 18:27:44] [0;32mI (544) boot: Loaded app from partition at offset 0x10000[0m
[2019-08-22 18:27:44] [0;32mI (544) boot: Disabling RNG early entropy source...[0m
[2019-08-22 18:27:44] [0;32mI (545) cpu_start: Pro cpu up.[0m
[2019-08-22 18:27:44] [0;32mI (548) cpu_start: Single core mode[0m
[2019-08-22 18:27:44] [0;32mI (553) heap_init: Initializing. RAM available for dynamic allocation:[0m
[2019-08-22 18:27:44] [0;32mI (560) heap_init: At 3FFAE6E0 len 00001920 (6 KiB): DRAM[0m
[2019-08-22 18:27:44] [0;32mI (566) heap_init: At 3FFBA038 len 00025FC8 (151 KiB): DRAM[0m
[2019-08-22 18:27:44] [0;32mI (572) heap_init: At 3FFE0440 len 0001FBC0 (126 KiB): D/IRAM[0m
[2019-08-22 18:27:44] [0;32mI (579) heap_init: At 40078000 len 00008000 (32 KiB): IRAM[0m
[2019-08-22 18:27:44] [0;32mI (585) heap_init: At 4008FDBC len 00010244 (64 KiB): IRAM[0m
[2019-08-22 18:27:44] [0;32mI (591) cpu_start: Pro cpu start user code[0m
[2019-08-22 18:27:44] D (273) [mupgrade_check, 142]: Add an identifier to the firmware: ** MUPGRADE_FIRMWARE_FLAG **[0m
[2019-08-22 18:27:44] [0;33mW (282) [mupgrade_check, 96]: restart reason: 12, count: 2[0m
[2019-08-22 18:27:44] [0;32mI (285) cpu_start: Starting scheduler on PRO CPU.[0m
[2019-08-22 18:27:44] [0;32mI (286) SmartConfig: START GET WIFI INFO...[0m
[2019-08-22 18:27:44] [0;32mI (290) SmartConfig: TRY LOAD WIFI INFO[0m
[2019-08-22 18:27:44] [0;32mI (295) SmartConfig: WIFI SSID PASSWD LOAD OK[0m
[2019-08-22 18:27:44] [0;32mI (300) gpio: GPIO[4]| InputEn: 0| OutputEn: 1| OpenDrain: 0| Pullup: 0| Pulldown: 0| Intr:0 [0m
[2019-08-22 18:27:44] [0;32mI (309) gpio: GPIO[33]| InputEn: 0| OutputEn: 1| OpenDrain: 0| Pullup: 0| Pulldown: 0| Intr:0 [0m
[2019-08-22 18:27:44] [0;32mI (318) gpio: GPIO[32]| InputEn: 0| OutputEn: 1| OpenDrain: 0| Pullup: 0| Pulldown: 0| Intr:0 [0m
[2019-08-22 18:27:44] [0;32mI (327) gpio: GPIO[25]| InputEn: 0| OutputEn: 1| OpenDrain: 0| Pullup: 0| Pulldown: 0| Intr:0 [0m
[2019-08-22 18:27:44] [0;32mI (337) gpio: GPIO[26]| InputEn: 0| OutputEn: 1| OpenDrain: 0| Pullup: 0| Pulldown: 0| Intr:0 [0m
[2019-08-22 18:27:44] [0;32mI (346) gpio: GPIO[17]| InputEn: 0| OutputEn: 1| OpenDrain: 0| Pullup: 0| Pulldown: 0| Intr:0 [0m
[2019-08-22 18:27:44] [0;32mI (355) gpio: GPIO[5]| InputEn: 0| OutputEn: 1| OpenDrain: 0| Pullup: 0| Pulldown: 0| Intr:0 [0m
[2019-08-22 18:27:44] [0;32mI (364) gpio: GPIO[18]| InputEn: 0| OutputEn: 1| OpenDrain: 0| Pullup: 0| Pulldown: 0| Intr:0 [0m
[2019-08-22 18:27:44] [0;32mI (374) gpio: GPIO[19]| InputEn: 0| OutputEn: 1| OpenDrain: 0| Pullup: 0| Pulldown: 0| Intr:0 [0m
[2019-08-22 18:27:44] [0;32mI (383) gpio: GPIO[36]| InputEn: 1| OutputEn: 0| OpenDrain: 0| Pullup: 1| Pulldown: 0| Intr:3 [0m
[2019-08-22 18:27:44] [0;32mI (392) gpio: GPIO[39]| InputEn: 1| OutputEn: 0| OpenDrain: 0| Pullup: 1| Pulldown: 0| Intr:3 [0m
[2019-08-22 18:27:44] [0;32mI (402) gpio: GPIO[34]| InputEn: 1| OutputEn: 0| OpenDrain: 0| Pullup: 1| Pulldown: 0| Intr:3 [0m
[2019-08-22 18:27:44] [0;32mI (411) gpio: GPIO[35]| InputEn: 1| OutputEn: 0| OpenDrain: 0| Pullup: 1| Pulldown: 0| Intr:3 [0m
[2019-08-22 18:27:44] [0;32mI (420) [mupgrade_example, 588]: MUPGRATE INIT...[0m
[2019-08-22 18:27:44] [0;32mI (425) [mupgrade_example, 601]: SSID:Ubuntu[0m
[2019-08-22 18:27:44] [0;32mI (430) [mupgrade_example, 602]: PASSWD:hqf666123[0m
[2019-08-22 18:27:44] [0;32mI (436) [mupgrade_example, 611]: Starting OTA example ...[0m
[2019-08-22 18:27:44] I (445) wifi: wifi driver task: 3ffc429c, prio:23, stack:3584, core=0
[2019-08-22 18:27:44] [0;32mI (448) system_api: Base MAC address is not set, read default base MAC address from BLK0 of EFUSE[0m
[2019-08-22 18:27:44] [0;32mI (458) system_api: Base MAC address is not set, read default base MAC address from BLK0 of EFUSE[0m
[2019-08-22 18:27:44] I (475) wifi: wifi firmware version: 0c3a77a
[2019-08-22 18:27:44] I (475) wifi: config NVS flash: enabled
[2019-08-22 18:27:44] I (475) wifi: config nano formating: disabled
[2019-08-22 18:27:44] I (479) wifi: Init dynamic tx buffer num: 32
[2019-08-22 18:27:44] I (483) wifi: Init data frame dynamic rx buffer num: 32
[2019-08-22 18:27:44] I (488) wifi: Init management frame dynamic rx buffer num: 32
[2019-08-22 18:27:44] I (493) wifi: Init management short buffer num: 32
[2019-08-22 18:27:44] I (498) wifi: Init static rx buffer size: 1600
[2019-08-22 18:27:44] I (502) wifi: Init static rx buffer num: 10
[2019-08-22 18:27:44] I (506) wifi: Init dynamic rx buffer num: 32
[2019-08-22 18:27:44] I (510) wifi: Set ps type: 0
[2019-08-22 18:27:44] 
[2019-08-22 18:27:44] [0;32mI (669) phy: phy_version: 4008, 544f89f, Jan 24 2019, 14:54:06, 0, 2[0m
[2019-08-22 18:27:44] [0;33mW (669) phy_init: saving new calibration data because of checksum failure, mode(0)[0m
[2019-08-22 18:27:44] I (681) wifi: mode : sta (30:ae:a4:dd:b0:20)
[2019-08-22 18:27:44] [0;32mI (683) [mwifi, 177]: esp-mdf version: v1.0-beta1-dirty[0m
[2019-08-22 18:27:44] W (683) wifi: [beacon]interval:100ms
[2019-08-22 18:27:44] I (687) wifi: mode : sta (30:ae:a4:dd:b0:20) + softAP (30:ae:a4:dd:b0:21)
[2019-08-22 18:27:44] I (694) wifi: Total power save buffer number: 16
[2019-08-22 18:27:45] I (697) wifi: Init max length of beacon: 752/752
[2019-08-22 18:27:45] I (702) wifi: Init max length of beacon: 752/752
[2019-08-22 18:27:45] I (709) mesh: <nvs>read layer:0, err:0x1102
[2019-08-22 18:27:45] I (710) mesh: <nvs>read assoc:0, err:0x1102
[2019-08-22 18:27:45] W (715) wifi: [beacon]interval:100ms
[2019-08-22 18:27:45] I (1711) wifi: Total power save buffer number: 16
[2019-08-22 18:27:45] I (2710) wifi: Set ps type: 0
[2019-08-22 18:27:47] 
[2019-08-22 18:27:47] I (2715) wifi: mode : sta (30:ae:a4:dd:b0:20)
[2019-08-22 18:27:47] I (2718) mesh: <MESH_NWK_LOOK_FOR_NETWORK>need_scan:0x3, need_scan_router:0x0, look_for_nwk_count:1
[2019-08-22 18:27:47] [0;32mI (2719) [mwifi, 113]: MESH is started[0m
[2019-08-22 18:27:47] [0;32mI (2722) [mupgrade_example, 416]: event_loop_cb, event: 0[0m
[2019-08-22 18:27:47] [0;32mI (5728) [get_started, 31]: heap free: 172016[0m
[2019-08-22 18:27:50] I (6628) mesh: [S3]Ubuntu, b8:81:98:ac:1d:40, channel:1, rssi:-51
[2019-08-22 18:27:50] I (6629) mesh: find router:[ssid_len:6]Ubuntu, rssi:-51, b8:81:98:ac:1d:40(encrypted), new channel:1, old channel:0
[2019-08-22 18:27:50] I (6634) mesh: [FIND][ch:0]AP:10, otherID:0, MAP:0, idle:0, candidate:0, root:0[b8:81:98:ac:1d:40]router found
[2019-08-22 18:27:50] I (6643) mesh: [FIND:1]find a network, channel:1, cfg<channel:0, router:Ubuntu, 00:00:00:00:00:00>
[2019-08-22 18:27:50] 
[2019-08-22 18:27:50] [0;32mI (6652) [mupgrade_example, 416]: event_loop_cb, event: 24[0m
[2019-08-22 18:27:50] I (6653) wifi: mode : sta (30:ae:a4:dd:b0:20) + softAP (30:ae:a4:dd:b0:21)
[2019-08-22 18:27:50] W (6666) wifi: <MESH AP>adjust channel:1, secondary channel offset:1(40U)
[2019-08-22 18:27:50] I (6674) wifi: Total power save buffer number: 16
[2019-08-22 18:27:50] I (6981) mesh: [SCAN][ch:1]AP:3, other(ID:0, RD:0), MAP:0, idle:0, candidate:1, root:0, topMAP:0[c:0,i:0][b8:81:98:ac:1d:40]router found<>
[2019-08-22 18:27:51] I (6984) mesh: 1212[SCAN]init rc[30:ae:a4:dd:b0:21,-52], mine:0, voter:0
[2019-08-22 18:27:51] I (6990) mesh: 1250, vote myself, router rssi:-52 > voted rc_rssi:-120
[2019-08-22 18:27:51] I (6996) mesh: [SCAN:1/10]rc[128][30:ae:a4:dd:b0:21,-52], self[30:ae:a4:dd:b0:20,-52,reason:0,votes:1,idle][mine:1,voter:1(1.00)percent:0.90][128,1,30:ae:a4:dd:b0:21]
[2019-08-22 18:27:51] 
[2019-08-22 18:27:51] I (7313) mesh: [SCAN][ch:1]AP:3, other(ID:0, RD:0), MAP:0, idle:0, candidate:1, root:0, topMAP:0[c:0,i:1][b8:81:98:ac:1d:40]router found<>
[2019-08-22 18:27:51] I (7315) mesh: 1212[SCAN]init rc[30:ae:a4:dd:b0:21,-54], mine:0, voter:0
[2019-08-22 18:27:51] I (7322) mesh: [SCAN:2/10]rc[128][30:ae:a4:dd:b0:21,-52], self[30:ae:a4:dd:b0:20,-54,reason:0,votes:1,idle][mine:1,voter:1(1.00)percent:0.90][128,1,30:ae:a4:dd:b0:21]
[2019-08-22 18:27:51] 
[2019-08-22 18:27:51] I (7638) mesh: [SCAN][ch:1]AP:3, other(ID:0, RD:0), MAP:0, idle:0, candidate:1, root:0, topMAP:0[c:0,i:1][b8:81:98:ac:1d:40]router found<>
[2019-08-22 18:27:51] I (7640) mesh: 1212[SCAN]init rc[30:ae:a4:dd:b0:21,-54], mine:0, voter:0
[2019-08-22 18:27:51] I (7647) mesh: [SCAN:3/10]rc[128][30:ae:a4:dd:b0:21,-52], self[30:ae:a4:dd:b0:20,-54,reason:0,votes:1,idle][mine:1,voter:1(1.00)percent:0.90][128,1,30:ae:a4:dd:b0:21]
[2019-08-22 18:27:51] 
[2019-08-22 18:27:51] I (7964) mesh: [SCAN][ch:1]AP:3, other(ID:0, RD:0), MAP:0, idle:0, candidate:1, root:0, topMAP:0[c:0,i:1][b8:81:98:ac:1d:40]router found<>
[2019-08-22 18:27:52] I (7966) mesh: 1212[SCAN]init rc[30:ae:a4:dd:b0:21,-52], mine:0, voter:0
[2019-08-22 18:27:52] I (7972) mesh: [SCAN:4/10]rc[128][30:ae:a4:dd:b0:21,-52], self[30:ae:a4:dd:b0:20,-52,reason:0,votes:1,idle][mine:1,voter:1(1.00)percent:0.90][128,1,30:ae:a4:dd:b0:21]
[2019-08-22 18:27:52] 
[2019-08-22 18:27:52] I (8289) mesh: [SCAN][ch:1]AP:2, other(ID:0, RD:0), MAP:0, idle:0, candidate:1, root:0, topMAP:0[c:0,i:1][b8:81:98:ac:1d:40]router found<>
[2019-08-22 18:27:52] I (8291) mesh: 1212[SCAN]init rc[30:ae:a4:dd:b0:21,-53], mine:0, voter:0
[2019-08-22 18:27:52] I (8297) mesh: [SCAN:5/10]rc[128][30:ae:a4:dd:b0:21,-52], self[30:ae:a4:dd:b0:20,-53,reason:0,votes:1,idle][mine:1,voter:1(1.00)percent:0.90][128,1,30:ae:a4:dd:b0:21]
[2019-08-22 18:27:52] 
[2019-08-22 18:27:52] I (8614) mesh: [SCAN][ch:1]AP:3, other(ID:0, RD:0), MAP:0, idle:0, candidate:1, root:0, topMAP:0[c:0,i:1][b8:81:98:ac:1d:40]router found<>
[2019-08-22 18:27:52] I (8616) mesh: 1212[SCAN]init rc[30:ae:a4:dd:b0:21,-53], mine:0, voter:0
[2019-08-22 18:27:52] I (8623) mesh: [SCAN:6/10]rc[128][30:ae:a4:dd:b0:21,-52], self[30:ae:a4:dd:b0:20,-53,reason:0,votes:1,idle][mine:1,voter:1(1.00)percent:0.90][128,1,30:ae:a4:dd:b0:21]
[2019-08-22 18:27:52] 
[2019-08-22 18:27:52] [0;32mI (8728) [get_started, 31]: heap free: 170052[0m
[2019-08-22 18:27:53] I (8939) mesh: [SCAN][ch:1]AP:2, other(ID:0, RD:0), MAP:0, idle:0, candidate:1, root:0, topMAP:0[c:0,i:1][b8:81:98:ac:1d:40]router found<>
[2019-08-22 18:27:53] I (8941) mesh: 1212[SCAN]init rc[30:ae:a4:dd:b0:21,-54], mine:0, voter:0
[2019-08-22 18:27:53] I (8947) mesh: [SCAN:7/10]rc[128][30:ae:a4:dd:b0:21,-52], self[30:ae:a4:dd:b0:20,-54,reason:0,votes:1,idle][mine:1,voter:1(1.00)percent:0.90][128,1,30:ae:a4:dd:b0:21]
[2019-08-22 18:27:53] 
[2019-08-22 18:27:53] I (9264) mesh: [SCAN][ch:1]AP:3, other(ID:0, RD:0), MAP:0, idle:0, candidate:1, root:0, topMAP:0[c:0,i:1][b8:81:98:ac:1d:40]router found<>
[2019-08-22 18:27:53] I (9266) mesh: 1212[SCAN]init rc[30:ae:a4:dd:b0:21,-52], mine:0, voter:0
[2019-08-22 18:27:53] I (9273) mesh: [SCAN:8/10]rc[128][30:ae:a4:dd:b0:21,-52], self[30:ae:a4:dd:b0:20,-52,reason:0,votes:1,idle][mine:1,voter:1(1.00)percent:0.90][128,1,30:ae:a4:dd:b0:21]
[2019-08-22 18:27:53] 
[2019-08-22 18:27:53] I (9589) mesh: [SCAN][ch:1]AP:3, other(ID:0, RD:0), MAP:0, idle:0, candidate:1, root:0, topMAP:0[c:0,i:1][b8:81:98:ac:1d:40]router found<>
[2019-08-22 18:27:53] I (9592) mesh: 1212[SCAN]init rc[30:ae:a4:dd:b0:21,-51], mine:0, voter:0
[2019-08-22 18:27:53] I (9598) mesh: [SCAN:9/10]rc[128][30:ae:a4:dd:b0:21,-52], self[30:ae:a4:dd:b0:20,-51,reason:0,votes:1,idle][mine:1,voter:1(1.00)percent:0.90][128,1,30:ae:a4:dd:b0:21]
[2019-08-22 18:27:53] 
[2019-08-22 18:27:53] I (9915) mesh: [SCAN][ch:1]AP:3, other(ID:0, RD:0), MAP:0, idle:0, candidate:1, root:0, topMAP:0[c:0,i:1][b8:81:98:ac:1d:40]router found<>
[2019-08-22 18:27:54] I (9917) mesh: 1212[SCAN]init rc[30:ae:a4:dd:b0:21,-52], mine:0, voter:0
[2019-08-22 18:27:54] I (9924) mesh: [SCAN:10/13+x+]rc[128][30:ae:a4:dd:b0:21,-52], self[30:ae:a4:dd:b0:20,-52,reason:0,votes:1,idle][mine:1,voter:1(1.00)percent:0.90][128,1,30:ae:a4:dd:b0:21]
[2019-08-22 18:27:54] 
[2019-08-22 18:27:54] I (10241) mesh: [SCAN][ch:1]AP:3, other(ID:0, RD:0), MAP:0, idle:0, candidate:1, root:0, topMAP:0[c:0,i:1][b8:81:98:ac:1d:40]router found<>
[2019-08-22 18:27:54] I (10243) mesh: 1212[SCAN]init rc[30:ae:a4:dd:b0:21,-50], mine:0, voter:0
[2019-08-22 18:27:54] I (10249) mesh: [SCAN:11/13+x+]rc[128][30:ae:a4:dd:b0:21,-52], self[30:ae:a4:dd:b0:20,-50,reason:0,votes:1,idle][mine:1,voter:1(1.00)percent:0.90][128,1,30:ae:a4:dd:b0:21]
[2019-08-22 18:27:54] 
[2019-08-22 18:27:54] I (10566) mesh: [SCAN][ch:1]AP:3, other(ID:0, RD:0), MAP:0, idle:0, candidate:1, root:0, topMAP:0[c:0,i:1][b8:81:98:ac:1d:40]router found<>
[2019-08-22 18:27:54] I (10570) mesh: 1212[SCAN]init rc[30:ae:a4:dd:b0:21,-53], mine:0, voter:0
[2019-08-22 18:27:54] I (10575) mesh: [SCAN:12/13+x+]rc[128][30:ae:a4:dd:b0:21,-52], self[30:ae:a4:dd:b0:20,-53,reason:0,votes:1,idle][mine:1,voter:1(1.00)percent:0.90][128,1,30:ae:a4:dd:b0:21]
[2019-08-22 18:27:54] 
[2019-08-22 18:27:54] I (10892) mesh: [SCAN][ch:1]AP:3, other(ID:0, RD:0), MAP:0, idle:0, candidate:1, root:0, topMAP:0[c:0,i:1][b8:81:98:ac:1d:40]router found<>
[2019-08-22 18:27:55] I (10894) mesh: 1212[SCAN]init rc[30:ae:a4:dd:b0:21,-53], mine:0, voter:0
[2019-08-22 18:27:55] I (10901) mesh: [SCAN:13/13+x+]rc[128][30:ae:a4:dd:b0:21,-52], self[30:ae:a4:dd:b0:20,-53,reason:0,votes:1,idle][mine:1,voter:1(1.00)percent:0.90][128,1,30:ae:a4:dd:b0:21]
[2019-08-22 18:27:55] 
[2019-08-22 18:27:55] W (10916) wifi: [beacon]interval:100ms
[2019-08-22 18:27:55] I (10920) mesh: [DONE]connect to router:Ubuntu, channel:1, rssi:-53, b8:81:98:ac:1d:40[layer:0, assoc:0], my_vote_num:1/voter_num:1, rc[30:ae:a4:dd:b0:21/-52/1]
[2019-08-22 18:27:55] I (11056) wifi: n:1 1, o:1 1, ap:1 1, sta:1 0, prof:1
[2019-08-22 18:27:55] I (11057) wifi: state: init -> auth (b0)
[2019-08-22 18:27:55] I (11061) wifi: state: auth -> assoc (0)
[2019-08-22 18:27:55] I (11068) wifi: state: assoc -> run (10)
[2019-08-22 18:27:55] I (11076) wpa: <EAPOL>state:6
[2019-08-22 18:27:55] I (11076) wpa: <EAPOL>receiving the 1/4 EAPOL-Key, state:6
[2019-08-22 18:27:55] I (11087) wpa: <EAPOL>state:7
[2019-08-22 18:27:55] I (11087) wpa: <EAPOL>receiving the 3/4 EAPOL-Key, state:7
[2019-08-22 18:27:55] I (11087) wifi: connected with Ubuntu, channel 1, HT20
[2019-08-22 18:27:55] I (11133) wifi: pm start, type: 0
[2019-08-22 18:27:55] 
[2019-08-22 18:27:55] I (11139) mesh: [scan]new scanning time:600ms
[2019-08-22 18:27:55] W (11140) wifi: [beacon]new interval:300ms
[2019-08-22 18:27:55] I (11142) mesh: <nvs>write layer:1
[2019-08-22 18:27:55] [0;32mI (11142) [mwifi, 80]: Parent is connected[0m
[2019-08-22 18:27:55] [0;32mI (11144) [mupgrade_example, 416]: event_loop_cb, event: 7[0m
[2019-08-22 18:27:55] [0;32mI (11145) [mwifi, 149]: State represents: 0[0m
[2019-08-22 18:27:55] [0;32mI (11153) [mupgrade_example, 421]: MDF_EVENT_PARENT_CONNECTED[0m
[2019-08-22 18:27:55] [0;32mI (11162) [mupgrade_example, 416]: event_loop_cb, event: 11[0m
[2019-08-22 18:27:55] [0;32mI (11168) [mupgrade_example, 416]: event_loop_cb, event: 14[0m
[2019-08-22 18:27:55] [0;32mI (11174) [mupgrade_example, 201]: Node task is running[0m
[2019-08-22 18:27:55] [0;32mI (11175) [mupgrade_example, 108]: Root read task is running[0m
[2019-08-22 18:27:55] [0;32mI (11175) [mupgrade_example, 150]: Node read task is running[0m
[2019-08-22 18:27:55] [0;32mI (11728) [get_started, 31]: heap free: 149036[0m
[2019-08-22 18:27:56] [0;32mI (12015) event: sta ip: 10.42.0.196, mask: 255.255.255.0, gw: 10.42.0.1[0m
[2019-08-22 18:27:56] [0;32mI (12016) [mupgrade_example, 416]: event_loop_cb, event: 17[0m
[2019-08-22 18:27:56] [0;32mI (12018) [mupgrade_example, 511]: MDF_EVENT_MWIFI_ROOT_GOT_IP[0m
[2019-08-22 18:27:56] [0;32mI (12025) system_api: Base MAC address is not set, read default base MAC address from BLK0 of EFUSE[0m
[2019-08-22 18:27:56] [0;32mI (14728) [get_started, 31]: heap free: 136608[0m
[2019-08-22 18:27:59] [0;32mI (17728) [get_started, 31]: heap free: 136608[0m
[2019-08-22 18:28:02] [0;32mI (20728) [get_started, 31]: heap free: 136608[0m
[2019-08-22 18:28:05] [0;32mI (23728) [get_started, 31]: heap free: 136608[0m
[2019-08-22 18:28:08] [0;32mI (26728) [get_started, 31]: heap free: 136608[0m
[2019-08-22 18:28:11] [0;32mI (29728) [get_started, 31]: heap free: 136608[0m
[2019-08-22 18:28:14] [0;31mE (30294) MQTT_CLIENT: Error transport connect[0m
[2019-08-22 18:28:14] [0;32mI (32728) [get_started, 31]: heap free: 137136[0m
[2019-08-22 18:28:17] [0;32mI (35728) [get_started, 31]: heap free: 137136[0m
[2019-08-22 18:28:20] [0;32mI (38728) [get_started, 31]: heap free: 137136[0m
[2019-08-22 18:28:23] [0;32mI (41728) [get_started, 31]: heap free: 137136[0m
[2019-08-22 18:28:26] [0;32mI (44728) [get_started, 31]: heap free: 137136[0m
[2019-08-22 18:28:29] [0;32mI (47728) [get_started, 31]: heap free: 137136[0m
[2019-08-22 18:28:32] [0;32mI (50728) [get_started, 31]: heap free: 136516[0m
[2019-08-22 18:28:35] [0;32mI (53728) [get_started, 31]: heap free: 136516[0m
[2019-08-22 18:28:38] [0;32mI (56728) [get_started, 31]: heap free: 136516[0m
[2019-08-22 18:28:41] [0;32mI (59728) [get_started, 31]: heap free: 136516[0m
[2019-08-22 18:28:44] [0;32mI (62728) [get_started, 31]: heap free: 136516[0m
[2019-08-22 18:28:47] [0;32mI (65728) [get_started, 31]: heap free: 136516[0m
[2019-08-22 18:28:50] [0;32mI (68728) [get_started, 31]: heap free: 136516[0m
[2019-08-22 18:28:53] [0;31mE (68802) MQTT_CLIENT: Error transport connect[0m
[2019-08-22 18:28:53] [0;32mI (71728) [get_started, 31]: heap free: 137044[0m
[2019-08-22 18:28:56] [0;32mI (74728) [get_started, 31]: heap free: 137044[0m
[2019-08-22 18:28:59] [0;32mI (77728) [get_started, 31]: heap free: 137044[0m
[2019-08-22 18:29:02] [0;32mI (80728) [get_started, 31]: heap free: 137044[0m
[2019-08-22 18:29:05] [0;32mI (83728) [get_started, 31]: heap free: 137044[0m
[2019-08-22 18:29:08] [0;32mI (86728) [get_started, 31]: heap free: 137044[0m
[2019-08-22 18:29:11] [0;32mI (89728) [get_started, 31]: heap free: 136424[0m
[2019-08-22 18:29:14] [0;32mI (92728) [get_started, 31]: heap free: 136424[0m
[2019-08-22 18:29:17] [0;32mI (95728) [get_started, 31]: heap free: 136424[0m
[2019-08-22 18:29:20] [0;32mI (98728) [get_started, 31]: heap free: 136424[0m
[2019-08-22 18:29:23] [0;32mI (101728) [get_started, 31]: heap free: 136424[0m
[2019-08-22 18:29:26] [0;32mI (104728) [get_started, 31]: heap free: 136424[0m
[2019-08-22 18:29:29] [0;31mE (107311) MQTT_CLIENT: Error transport connect[0m
[2019-08-22 18:29:31] [0;32mI (107728) [get_started, 31]: heap free: 136952[0m
[2019-08-22 18:29:32] [0;32mI (110728) [get_started, 31]: heap free: 136952[0m
[2019-08-22 18:29:35] [0;32mI (113728) [get_started, 31]: heap free: 136952[0m
[2019-08-22 18:29:38] [0;32mI (116728) [get_started, 31]: heap free: 136952[0m
[2019-08-22 18:29:41] [0;32mI (119728) [get_started, 31]: heap free: 136952[0m
[2019-08-22 18:29:44] [0;32mI (122728) [get_started, 31]: heap free: 136952[0m
[2019-08-22 18:29:47] [0;32mI (125728) [get_started, 31]: heap free: 136952[0m
[2019-08-22 18:29:50] [0;32mI (128728) [get_started, 31]: heap free: 136332[0m
[2019-08-22 18:29:53] [0;32mI (131728) [get_started, 31]: heap free: 136332[0m
[2019-08-22 18:29:56] [0;32mI (134728) [get_started, 31]: heap free: 136332[0m
[2019-08-22 18:29:59] 