ets Jun  8 2016 00:22:57
[2019-08-16 16:21:42] 
[2019-08-16 16:21:42] rst:0x1 (POWERON_RESET),boot:0x13 (SPI_FAST_FLASH_BOOT)
[2019-08-16 16:21:42] configsip: 0, SPIWP:0xee
[2019-08-16 16:21:42] clk_drv:0x00,q_drv:0x00,d_drv:0x00,cs0_drv:0x00,hd_drv:0x00,wp_drv:0x00
[2019-08-16 16:21:42] mode:DIO, clock div:2
[2019-08-16 16:21:42] load:0x3fff0018,len:4
[2019-08-16 16:21:42] load:0x3fff001c,len:6192
[2019-08-16 16:21:42] ho 0 tail 12 room 4
[2019-08-16 16:21:42] load:0x40078000,len:10272
[2019-08-16 16:21:42] load:0x40080400,len:6608
[2019-08-16 16:21:42] entry 0x40080764
[2019-08-16 16:21:42] [0;32mI (30) boot: ESP-IDF v3.2.2-42-g4a9f33944-dirty 2nd stage bootloader[0m
[2019-08-16 16:21:42] [0;32mI (30) boot: compile time 16:21:04[0m
[2019-08-16 16:21:42] [0;32mI (30) boot: Enabling RNG early entropy source...[0m
[2019-08-16 16:21:42] [0;32mI (36) boot: SPI Speed      : 40MHz[0m
[2019-08-16 16:21:42] [0;32mI (40) boot: SPI Mode       : DIO[0m
[2019-08-16 16:21:42] [0;32mI (44) boot: SPI Flash Size : 4MB[0m
[2019-08-16 16:21:42] [0;32mI (48) boot: Partition Table:[0m
[2019-08-16 16:21:42] [0;32mI (52) boot: ## Label            Usage          Type ST Offset   Length[0m
[2019-08-16 16:21:42] [0;32mI (59) boot:  0 nvs              WiFi data        01 02 00009000 00004000[0m
[2019-08-16 16:21:42] [0;32mI (67) boot:  1 otadata          OTA data         01 00 0000d000 00002000[0m
[2019-08-16 16:21:42] [0;32mI (74) boot:  2 phy_init         RF data          01 01 0000f000 00001000[0m
[2019-08-16 16:21:42] [0;32mI (82) boot:  3 ota_0            OTA app          00 10 00010000 001e0000[0m
[2019-08-16 16:21:42] [0;32mI (89) boot:  4 ota_1            OTA app          00 11 001f0000 001e0000[0m
[2019-08-16 16:21:42] [0;32mI (97) boot:  5 coredump         Unknown data     01 03 003d0000 00010000[0m
[2019-08-16 16:21:42] [0;32mI (104) boot:  6 reserved         Unknown data     01 fe 003e0000 00020000[0m
[2019-08-16 16:21:42] [0;32mI (112) boot: End of partition table[0m
[2019-08-16 16:21:42] [0;32mI (116) boot: No factory image, trying OTA 0[0m
[2019-08-16 16:21:42] [0;32mI (121) esp_image: segment 0: paddr=0x00010020 vaddr=0x3f400020 size=0x266a8 (157352) map[0m
[2019-08-16 16:21:42] [0;32mI (185) esp_image: segment 1: paddr=0x000366d0 vaddr=0x3ffb0000 size=0x02d50 ( 11600) load[0m
[2019-08-16 16:21:42] [0;32mI (190) esp_image: segment 2: paddr=0x00039428 vaddr=0x40080000 size=0x00400 (  1024) load[0m
[2019-08-16 16:21:42] [0;32mI (192) esp_image: segment 3: paddr=0x00039830 vaddr=0x40080400 size=0x067e0 ( 26592) load[0m
[2019-08-16 16:21:42] [0;32mI (212) esp_image: segment 4: paddr=0x00040018 vaddr=0x400d0018 size=0xa7118 (684312) map[0m
[2019-08-16 16:21:42] [0;32mI (452) esp_image: segment 5: paddr=0x000e7138 vaddr=0x40086be0 size=0x09da0 ( 40352) load[0m
[2019-08-16 16:21:43] [0;32mI (478) boot: Loaded app from partition at offset 0x10000[0m
[2019-08-16 16:21:43] [0;32mI (479) boot: Disabling RNG early entropy source...[0m
[2019-08-16 16:21:43] [0;32mI (479) cpu_start: Pro cpu up.[0m
[2019-08-16 16:21:43] [0;32mI (483) cpu_start: Single core mode[0m
[2019-08-16 16:21:43] [0;32mI (487) heap_init: Initializing. RAM available for dynamic allocation:[0m
[2019-08-16 16:21:43] [0;32mI (494) heap_init: At 3FFAE6E0 len 00001920 (6 KiB): DRAM[0m
[2019-08-16 16:21:43] [0;32mI (500) heap_init: At 3FFB9C98 len 00026368 (152 KiB): DRAM[0m
[2019-08-16 16:21:43] [0;32mI (506) heap_init: At 3FFE0440 len 0001FBC0 (126 KiB): D/IRAM[0m
[2019-08-16 16:21:43] [0;32mI (513) heap_init: At 40078000 len 00008000 (32 KiB): IRAM[0m
[2019-08-16 16:21:43] [0;32mI (519) heap_init: At 40090980 len 0000F680 (61 KiB): IRAM[0m
[2019-08-16 16:21:43] [0;32mI (525) cpu_start: Pro cpu start user code[0m
[2019-08-16 16:21:43] D (207) [mupgrade_check, 142]: Add an identifier to the firmware: ** MUPGRADE_FIRMWARE_FLAG **[0m
[2019-08-16 16:21:43] [0;32mI (218) cpu_start: Starting scheduler on PRO CPU.[0m
[2019-08-16 16:21:43] 
[2019-08-16 16:21:43] Opening Non-Volatile moter1 && moter2 (NVS) handle...
[2019-08-16 16:21:43] AlarmTempMax1 Failed!
[2019-08-16 16:21:43] AlarmTempMin1 Failed!
[2019-08-16 16:21:43] SetTempMax1 Failed!
[2019-08-16 16:21:43] SetTempMin1 Failed!
[2019-08-16 16:21:43] TotalTime1 Failed!
[2019-08-16 16:21:43] OpenPer1 Failed!
[2019-08-16 16:21:43] TempCalOff1 Failed!
[2019-08-16 16:21:43] AlarmTempMax2 Failed!
[2019-08-16 16:21:43] AlarmTempMin2 Failed!
[2019-08-16 16:21:43] SetTempMax2 Failed!
[2019-08-16 16:21:43] SetTempMin2 Failed!
[2019-08-16 16:21:43] TotalTime2 Failed!
[2019-08-16 16:21:43] OpenPer2 Failed!
[2019-08-16 16:21:43] TempCalOff2 Failed!
[2019-08-16 16:21:43] [0;32mI (267) [mdf-mesh, 543]: start mdf_mesh_init[0m
[2019-08-16 16:21:43] I (276) wifi: wifi driver task: 3ffc1f48, prio:23, stack:3584, core=0
[2019-08-16 16:21:43] [0;32mI (279) system_api: Base MAC address is not set, read default base MAC address from BLK0 of EFUSE[0m
[2019-08-16 16:21:43] [0;32mI (288) system_api: Base MAC address is not set, read default base MAC address from BLK0 of EFUSE[0m
[2019-08-16 16:21:43] I (308) wifi: wifi firmware version: 0c3a77a
[2019-08-16 16:21:43] I (309) wifi: config NVS flash: enabled
[2019-08-16 16:21:43] I (309) wifi: config nano formating: disabled
[2019-08-16 16:21:43] I (310) wifi: Init dynamic tx buffer num: 32
[2019-08-16 16:21:43] I (313) wifi: Init data frame dynamic rx buffer num: 32
[2019-08-16 16:21:43] I (318) wifi: Init management frame dynamic rx buffer num: 32
[2019-08-16 16:21:43] I (324) wifi: Init management short buffer num: 32
[2019-08-16 16:21:43] I (328) wifi: Init static rx buffer size: 1600
[2019-08-16 16:21:43] I (333) wifi: Init static rx buffer num: 10
[2019-08-16 16:21:43] I (336) wifi: Init dynamic rx buffer num: 32
[2019-08-16 16:21:43] I (341) wifi: Set ps type: 0
[2019-08-16 16:21:43] 
[2019-08-16 16:21:43] [0;33mW (344) phy_init: failed to load RF calibration data (0x1102), falling back to full calibration[0m
[2019-08-16 16:21:43] [0;32mI (545) phy: phy_version: 4008, 544f89f, Jan 24 2019, 14:54:06, 0, 2[0m
[2019-08-16 16:21:43] I (553) wifi: mode : sta (3c:71:bf:e0:92:b8)
[2019-08-16 16:21:43] [0;32mI (555) [mwifi, 177]: esp-mdf version: 5aa32d3-dirty[0m
[2019-08-16 16:21:43] W (555) wifi: [beacon]interval:100ms
[2019-08-16 16:21:43] I (557) wifi: mode : sta (3c:71:bf:e0:92:b8) + softAP (3c:71:bf:e0:92:b9)
[2019-08-16 16:21:43] I (564) wifi: Total power save buffer number: 16
[2019-08-16 16:21:43] I (567) wifi: Init max length of beacon: 752/752
[2019-08-16 16:21:43] I (572) wifi: Init max length of beacon: 752/752
[2019-08-16 16:21:43] I (579) mesh: <nvs>read layer:0, err:0x1102
[2019-08-16 16:21:43] I (580) mesh: <nvs>read assoc:0, err:0x1102
[2019-08-16 16:21:43] [0;32mI (584) [mdf-mesh, 41]: get_dev_num[0m
[2019-08-16 16:21:43] [0;32mI (588) [mdf-mesh, 565]: NODE device:3[0m
[2019-08-16 16:21:43] W (593) wifi: [beacon]interval:100ms
[2019-08-16 16:21:43] I (595) mesh: [CONFIG]invalid router settings, ssid_len:0, ssid:, bssid:00:00:00:00:00:00
[2019-08-16 16:21:43] I (608) wifi: Total power save buffer number: 16
[2019-08-16 16:21:43] I (1607) wifi: Set ps type: 0
[2019-08-16 16:21:44] 
[2019-08-16 16:21:44] [0;32mI (1612) [mwifi, 113]: MESH is started[0m
[2019-08-16 16:21:44] [0;32mI (1613) [mdf-mesh, 498]: event_loop_cb, event: 0[0m
[2019-08-16 16:21:44] [0;32mI (1613) [mdf-mesh, 502]: MESH is started[0m
[2019-08-16 16:21:44] [0;32mI (1616) [mdf-mesh, 589]: MESH_NODE[0m
[2019-08-16 16:21:44] [0;32mI (1620) [mdf-mesh, 254]: Note read task is running[0m
[2019-08-16 16:21:44] [0;32mI (1626) gpio: GPIO[25]| InputEn: 0| OutputEn: 1| OpenDrain: 0| Pullup: 0| Pulldown: 0| Intr:0 [0m
[2019-08-16 16:21:44] [0;32mI (1637) gpio: GPIO[26]| InputEn: 0| OutputEn: 1| OpenDrain: 0| Pullup: 0| Pulldown: 0| Intr:0 [0m
[2019-08-16 16:21:44] [0;32mI (1645) gpio: GPIO[27]| InputEn: 0| OutputEn: 1| OpenDrain: 0| Pullup: 0| Pulldown: 0| Intr:0 [0m
[2019-08-16 16:21:44] [0;32mI (1654) gpio: GPIO[17]| InputEn: 0| OutputEn: 1| OpenDrain: 0| Pullup: 0| Pulldown: 0| Intr:0 [0m
[2019-08-16 16:21:44] [0;32mI (1663) gpio: GPIO[5]| InputEn: 0| OutputEn: 1| OpenDrain: 0| Pullup: 0| Pulldown: 0| Intr:0 [0m
[2019-08-16 16:21:44] [0;32mI (1673) gpio: GPIO[18]| InputEn: 0| OutputEn: 1| OpenDrain: 0| Pullup: 0| Pulldown: 0| Intr:0 [0m
[2019-08-16 16:21:44] [0;32mI (1682) gpio: GPIO[19]| InputEn: 0| OutputEn: 1| OpenDrain: 0| Pullup: 0| Pulldown: 0| Intr:0 [0m
[2019-08-16 16:21:44] eFuse Two Point: NOT supported
[2019-08-16 16:21:44] eFuse Vref: Supported
[2019-08-16 16:21:44] Characterized using eFuse Vref
[2019-08-16 16:21:44] [0;32mI (1699) [temp_info, 73]: temp task is start[0m
[2019-08-16 16:21:44] [0;32mI (1704) gpio: GPIO[36]| InputEn: 1| OutputEn: 0| OpenDrain: 0| Pullup: 0| Pulldown: 0| Intr:3 [0m
[2019-08-16 16:21:44] [0;32mI (1713) gpio: GPIO[39]| InputEn: 1| OutputEn: 0| OpenDrain: 0| Pullup: 0| Pulldown: 0| Intr:3 [0m
[2019-08-16 16:21:44] [0;32mI (1723) gpio: GPIO[34]| InputEn: 1| OutputEn: 0| OpenDrain: 0| Pullup: 0| Pulldown: 0| Intr:3 [0m
[2019-08-16 16:21:44] [0;32mI (1732) gpio: GPIO[35]| InputEn: 1| OutputEn: 0| OpenDrain: 0| Pullup: 0| Pulldown: 0| Intr:3 [0m
[2019-08-16 16:21:44] [0;32mI (1743) uart: queue free spaces: 10[0m
[2019-08-16 16:21:44] Hello .................W (1913) wifi: scan number 0
[2019-08-16 16:21:44] 
[2019-08-16 16:21:44] I (1914) mesh: [SCAN][ch:12]AP:0, other(ID:0, RD:0), MAP:0, idle:0, candidate:0, root:0, topMAP:0[c:0,i:0][00:00:00:00:00:00][FIXED-ROOT]<>
[2019-08-16 16:21:44] I (1920) mesh: [FAIL][1]root:0, fail:1, normal:0
[2019-08-16 16:21:44] 
[2019-08-16 16:21:44] W (2225) wifi: scan number 0
[2019-08-16 16:21:45] 
[2019-08-16 16:21:45] I (2226) mesh: [SCAN][ch:12]AP:0, other(ID:0, RD:0), MAP:0, idle:0, candidate:0, root:0, topMAP:0[c:0,i:0][00:00:00:00:00:00][FIXED-ROOT]<>
[2019-08-16 16:21:45] I (2230) mesh: [FAIL][2]root:0, fail:2, normal:0
[2019-08-16 16:21:45] 
[2019-08-16 16:21:45] W (2536) wifi: scan number 0
[2019-08-16 16:21:45] 
[2019-08-16 16:21:45] I (2536) mesh: [SCAN][ch:12]AP:0, other(ID:0, RD:0), MAP:0, idle:0, candidate:0, root:0, topMAP:0[c:0,i:0][00:00:00:00:00:00][FIXED-ROOT]<>
[2019-08-16 16:21:45] I (2540) mesh: [FAIL][3]root:0, fail:3, normal:0
[2019-08-16 16:21:45] 
[2019-08-16 16:21:45] W (2846) wifi: scan number 0
[2019-08-16 16:21:45] 
[2019-08-16 16:21:45] I (2847) mesh: [SCAN][ch:12]AP:0, other(ID:0, RD:0), MAP:0, idle:0, candidate:0, root:0, topMAP:0[c:0,i:0][00:00:00:00:00:00][FIXED-ROOT]<>
[2019-08-16 16:21:45] I (2850) mesh: [FAIL][4]root:0, fail:4, normal:0
[2019-08-16 16:21:45] 
[2019-08-16 16:21:45] W (3156) wifi: scan number 0
[2019-08-16 16:21:46] 
[2019-08-16 16:21:46] I (3157) mesh: [SCAN][ch:12]AP:0, other(ID:0, RD:0), MAP:0, idle:0, candidate:0, root:0, topMAP:0[c:0,i:0][00:00:00:00:00:00][FIXED-ROOT]<>
[2019-08-16 16:21:46] I (3161) mesh: [FAIL][5]root:0, fail:5, normal:0
[2019-08-16 16:21:46] 
[2019-08-16 16:21:46] W (3466) wifi: scan number 0
[2019-08-16 16:21:46] 
[2019-08-16 16:21:46] I (3467) mesh: [SCAN][ch:12]AP:0, other(ID:0, RD:0), MAP:0, idle:0, candidate:0, root:0, topMAP:0[c:0,i:0][00:00:00:00:00:00][FIXED-ROOT]<>
[2019-08-16 16:21:46] I (3471) mesh: [FAIL][6]root:0, fail:6, normal:0
[2019-08-16 16:21:46] 
[2019-08-16 16:21:46] W (3777) wifi: scan number 0
[2019-08-16 16:21:46] 
[2019-08-16 16:21:46] I (3777) mesh: [SCAN][ch:12]AP:0, other(ID:0, RD:0), MAP:0, idle:0, candidate:0, root:0, topMAP:0[c:0,i:0][00:00:00:00:00:00][FIXED-ROOT]<>
[2019-08-16 16:21:46] I (3781) mesh: [FAIL][7]root:0, fail:7, normal:0
[2019-08-16 16:21:46] 
[2019-08-16 16:21:46] W (4087) wifi: scan number 0
[2019-08-16 16:21:47] 
[2019-08-16 16:21:47] I (4087) mesh: [SCAN][ch:12]AP:0, other(ID:0, RD:0), MAP:0, idle:0, candidate:0, root:0, topMAP:0[c:0,i:0][00:00:00:00:00:00][FIXED-ROOT]<>
[2019-08-16 16:21:47] I (4091) mesh: [FAIL][8]root:0, fail:8, normal:0
[2019-08-16 16:21:47] 
[2019-08-16 16:21:47] W (4397) wifi: scan number 0
[2019-08-16 16:21:47] 
[2019-08-16 16:21:47] I (4398) mesh: [SCAN][ch:12]AP:0, other(ID:0, RD:0), MAP:0, idle:0, candidate:0, root:0, topMAP:0[c:0,i:0][00:00:00:00:00:00][FIXED-ROOT]<>
[2019-08-16 16:21:47] I (4402) mesh: [FAIL][9]root:0, fail:9, normal:0
[2019-08-16 16:21:47] 
[2019-08-16 16:21:47] W (4708) wifi: scan number 0
[2019-08-16 16:21:47] 
[2019-08-16 16:21:47] I (4708) mesh: [SCAN][ch:12]AP:0, other(ID:0, RD:0), MAP:0, idle:0, candidate:0, root:0, topMAP:0[c:0,i:0][00:00:00:00:00:00][FIXED-ROOT]<>
[2019-08-16 16:21:47] I (4712) mesh: [FAIL][10]root:0, fail:10, normal:0
[2019-08-16 16:21:47] 
[2019-08-16 16:21:47] [0;32mI (4746) [get_started, 32]: heap free: 151080[0m
[2019-08-16 16:21:47] W (5018) wifi: scan number 0
[2019-08-16 16:21:47] 
[2019-08-16 16:21:47] I (5019) mesh: [SCAN][ch:12]AP:0, other(ID:0, RD:0), MAP:0, idle:0, candidate:0, root:0, topMAP:0[c:0,i:0][00:00:00:00:00:00][FIXED-ROOT]<>
[2019-08-16 16:21:47] I (5023) mesh: [FAIL][11]root:0, fail:11, normal:0
[2019-08-16 16:21:47] 
[2019-08-16 16:21:47] W (5329) wifi: scan number 0
[2019-08-16 16:21:48] 
[2019-08-16 16:21:48] I (5329) mesh: [SCAN][ch:12]AP:0, other(ID:0, RD:0), MAP:0, idle:0, candidate:0, root:0, topMAP:0[c:0,i:0][00:00:00:00:00:00][FIXED-ROOT]<>
[2019-08-16 16:21:48] I (5333) mesh: [FAIL][12]root:0, fail:12, normal:0
[2019-08-16 16:21:48] 
[2019-08-16 16:21:48] W (5639) wifi: scan number 0
[2019-08-16 16:21:48] 
[2019-08-16 16:21:48] I (5640) mesh: [SCAN][ch:12]AP:0, other(ID:0, RD:0), MAP:0, idle:0, candidate:0, root:0, topMAP:0[c:0,i:0][00:00:00:00:00:00][FIXED-ROOT]<>
[2019-08-16 16:21:48] I (5643) mesh: [FAIL][13]root:0, fail:13, normal:0
[2019-08-16 16:21:48] 
[2019-08-16 16:21:48] W (5949) wifi: scan number 0
[2019-08-16 16:21:48] 
[2019-08-16 16:21:48] I (5950) mesh: [SCAN][ch:12]AP:0, other(ID:0, RD:0), MAP:0, idle:0, candidate:0, root:0, topMAP:0[c:0,i:0][00:00:00:00:00:00][FIXED-ROOT]<>
[2019-08-16 16:21:48] I (5954) mesh: [FAIL][14]root:0, fail:14, normal:0
[2019-08-16 16:21:48] 
[2019-08-16 16:21:48] W (6260) wifi: scan number 0
[2019-08-16 16:21:49] 
[2019-08-16 16:21:49] I (6260) mesh: [SCAN][ch:12]AP:0, other(ID:0, RD:0), MAP:0, idle:0, candidate:0, root:0, topMAP:0[c:0,i:0][00:00:00:00:00:00][FIXED-ROOT]<>
[2019-08-16 16:21:49] I (6264) mesh: [FAIL][15]root:0, fail:15, normal:0
[2019-08-16 16:21:49] 
[2019-08-16 16:21:49] W (6570) wifi: scan number 0
[2019-08-16 16:21:49] 
[2019-08-16 16:21:49] I (6570) mesh: [SCAN][ch:12]AP:0, other(ID:0, RD:0), MAP:0, idle:0, candidate:0, root:0, topMAP:0[c:0,i:0][00:00:00:00:00:00][FIXED-ROOT]<>
[2019-08-16 16:21:49] I (6574) mesh: [FAIL][16]root:0, fail:16, normal:0
[2019-08-16 16:21:49] 
[2019-08-16 16:21:49] [0;31mE (6704) [temp_table, 98]: convert2temp fail, return [25][0m
[2019-08-16 16:21:49] [0;32mI (6704) [temp_table, 93]: n[47] kom[46.622696] temp[26.593624][0m
[2019-08-16 16:21:49] *************temp_info**************
[2019-08-16 16:21:49] kom[3.486754] offset[0.000000]
[2019-08-16 16:21:49] [0;31mE (6712) [temp_table, 98]: convert2temp fail, return [25][0m
[2019-08-16 16:21:49] temp[25.000000]
[2019-08-16 16:21:49] -------------------------------------
[2019-08-16 16:21:49] *************temp_info**************
[2019-08-16 16:21:49] kom[46.622696] offset[0.000000]
[2019-08-16 16:21:49] [0;32mI (6730) [temp_table, 93]: n[47] kom[46.622696] temp[26.593624][0m
[2019-08-16 16:21:49] temp[26.593624]
[2019-08-16 16:21:49] -------------------------------------
[2019-08-16 16:21:49] W (6880) wifi: scan number 0
[2019-08-16 16:21:49] 
[2019-08-16 16:21:49] I (6881) mesh: [SCAN][ch:12]AP:0, other(ID:0, RD:0), MAP:0, idle:0, candidate:0, root:0, topMAP:0[c:0,i:0][00:00:00:00:00:00][FIXED-ROOT]<>
[2019-08-16 16:21:49] I (6885) mesh: [FAIL][17]root:0, fail:17, normal:0
[2019-08-16 16:21:49] 
[2019-08-16 16:21:49] W (7191) wifi: scan number 0
[2019-08-16 16:21:50] 
[2019-08-16 16:21:50] I (7191) mesh: [SCAN][ch:12]AP:0, other(ID:0, RD:0), MAP:0, idle:0, candidate:0, root:0, topMAP:0[c:0,i:0][00:00:00:00:00:00][FIXED-ROOT]<>
[2019-08-16 16:21:50] I (7195) mesh: [FAIL][18]root:0, fail:18, normal:0
[2019-08-16 16:21:50] 
[2019-08-16 16:21:50] W (7501) wifi: scan number 0
[2019-08-16 16:21:50] 
[2019-08-16 16:21:50] I (7501) mesh: [SCAN][ch:12]AP:0, other(ID:0, RD:0), MAP:0, idle:0, candidate:0, root:0, topMAP:0[c:0,i:0][00:00:00:00:00:00][FIXED-ROOT]<>
[2019-08-16 16:21:50] I (7505) mesh: [FAIL][19]root:0, fail:19, normal:0
[2019-08-16 16:21:50] 
[2019-08-16 16:21:50] [0;32mI (7746) [get_started, 32]: heap free: 150912[0m
[2019-08-16 16:21:50] 