P-IDF v3.2.òets Jun  8 2016 00:22:57
[2019-08-20 18:11:55] 
[2019-08-20 18:11:55] rst:0x1 (POWERON_RESET),boot:0x13 (SPI_FAST_FLASH_BOOT)
[2019-08-20 18:11:55] configsip: 0, SPIWP:0xee
[2019-08-20 18:11:55] clk_drv:0x00,q_drv:0x00,d_drv:0x00,cs0_drv:0x00,hd_drv:0x00,wp_drv:0x00
[2019-08-20 18:11:55] mode:DIO, clock div:2
[2019-08-20 18:11:55] load:0x3fff0018,len:4
[2019-08-20 18:11:55] load:0x3fff001c,len:6192
[2019-08-20 18:11:55] ho 0 tail 12 room 4
[2019-08-20 18:11:55] load:0x40078000,len:10272
[2019-08-20 18:11:55] load:0x40080400,len:6608
[2019-08-20 18:11:55] entry 0x40080764
[2019-08-20 18:11:55] [0;32mI (30) boot: ESP-IDF v3.2.2-42-g4a9f33944-dirty 2nd stage bootloader[0m
[2019-08-20 18:11:55] [0;32mI (30) boot: compile time 17:08:46[0m
[2019-08-20 18:11:55] [0;32mI (30) boot: Enabling RNG early entropy source...[0m
[2019-08-20 18:11:55] [0;32mI (36) boot: SPI Speed      : 40MHz[0m
[2019-08-20 18:11:55] [0;32mI (40) boot: SPI Mode       : DIO[0m
[2019-08-20 18:11:55] [0;32mI (44) boot: SPI Flash Size : 4MB[0m
[2019-08-20 18:11:55] [0;32mI (48) boot: Partition Table:[0m
[2019-08-20 18:11:55] [0;32mI (52) boot: ## Label            Usage          Type ST Offset   Length[0m
[2019-08-20 18:11:55] [0;32mI (59) boot:  0 nvs              WiFi data        01 02 00009000 00004000[0m
[2019-08-20 18:11:55] [0;32mI (67) boot:  1 otadata          OTA data         01 00 0000d000 00002000[0m
[2019-08-20 18:11:55] [0;32mI (74) boot:  2 phy_init         RF data          01 01 0000f000 00001000[0m
[2019-08-20 18:11:55] [0;32mI (82) boot:  3 ota_0            OTA app          00 10 00010000 001e0000[0m
[2019-08-20 18:11:55] [0;32mI (89) boot:  4 ota_1            OTA app          00 11 001f0000 001e0000[0m
[2019-08-20 18:11:55] [0;32mI (97) boot:  5 coredump         Unknown data     01 03 003d0000 00010000[0m
[2019-08-20 18:11:55] [0;32mI (104) boot:  6 reserved         Unknown data     01 fe 003e0000 00020000[0m
[2019-08-20 18:11:55] [0;32mI (112) boot: End of partition table[0m
[2019-08-20 18:11:55] [0;32mI (116) boot: No factory image, trying OTA 0[0m
[2019-08-20 18:11:55] [0;32mI (121) esp_image: segment 0: paddr=0x00010020 vaddr=0x3f400020 size=0x29a04 (170500) map[0m
[2019-08-20 18:11:55] [0;32mI (190) esp_image: segment 1: paddr=0x00039a2c vaddr=0x3ffb0000 size=0x02c84 ( 11396) load[0m
[2019-08-20 18:11:55] [0;32mI (194) esp_image: segment 2: paddr=0x0003c6b8 vaddr=0x40080000 size=0x00400 (  1024) load[0m
[2019-08-20 18:11:55] [0;32mI (197) esp_image: segment 3: paddr=0x0003cac0 vaddr=0x40080400 size=0x03550 ( 13648) load[0m
[2019-08-20 18:11:55] [0;32mI (211) esp_image: segment 4: paddr=0x00040018 vaddr=0x400d0018 size=0xbf7a8 (784296) map[0m
[2019-08-20 18:11:55] [0;32mI (489) esp_image: segment 5: paddr=0x000ff7c8 vaddr=0x40083950 size=0x0c46c ( 50284) load[0m
[2019-08-20 18:11:55] [0;32mI (519) boot: Loaded app from partition at offset 0x10000[0m
[2019-08-20 18:11:55] [0;32mI (519) boot: Disabling RNG early entropy source...[0m
[2019-08-20 18:11:55] [0;32mI (520) cpu_start: Pro cpu up.[0m
[2019-08-20 18:11:55] [0;32mI (523) cpu_start: Single core mode[0m
[2019-08-20 18:11:55] [0;32mI (528) heap_init: Initializing. RAM available for dynamic allocation:[0m
[2019-08-20 18:11:55] [0;32mI (535) heap_init: At 3FFAE6E0 len 00001920 (6 KiB): DRAM[0m
[2019-08-20 18:11:55] [0;32mI (541) heap_init: At 3FFB9D78 len 00026288 (152 KiB): DRAM[0m
[2019-08-20 18:11:55] [0;32mI (547) heap_init: At 3FFE0440 len 0001FBC0 (126 KiB): D/IRAM[0m
[2019-08-20 18:11:55] [0;32mI (554) heap_init: At 40078000 len 00008000 (32 KiB): IRAM[0m
[2019-08-20 18:11:55] [0;32mI (560) heap_init: At 4008FDBC len 00010244 (64 KiB): IRAM[0m
[2019-08-20 18:11:55] [0;32mI (566) cpu_start: Pro cpu start user code[0m
[2019-08-20 18:11:55] D (248) [mupgrade_check, 142]: Add an identifier to the firmware: ** MUPGRADE_FIRMWARE_FLAG **[0m
[2019-08-20 18:11:55] [0;32mI (259) cpu_start: Starting scheduler on PRO CPU.[0m
[2019-08-20 18:11:55] [0;32mI (260) gpio: GPIO[4]| InputEn: 0| OutputEn: 1| OpenDrain: 0| Pullup: 0| Pulldown: 0| Intr:0 [0m
[2019-08-20 18:11:55] [0;32mI (263) gpio: GPIO[13]| InputEn: 0| OutputEn: 1| OpenDrain: 0| Pullup: 0| Pulldown: 0| Intr:0 [0m
[2019-08-20 18:11:55] [0;32mI (272) gpio: GPIO[21]| InputEn: 0| OutputEn: 1| OpenDrain: 0| Pullup: 0| Pulldown: 0| Intr:0 [0m
[2019-08-20 18:11:55] [0;32mI (282) gpio: GPIO[22]| InputEn: 0| OutputEn: 1| OpenDrain: 0| Pullup: 0| Pulldown: 0| Intr:0 [0m
[2019-08-20 18:11:55] [0;32mI (291) gpio: GPIO[23]| InputEn: 0| OutputEn: 1| OpenDrain: 0| Pullup: 0| Pulldown: 0| Intr:0 [0m
[2019-08-20 18:11:55] [0;32mI (300) gpio: GPIO[17]| InputEn: 0| OutputEn: 1| OpenDrain: 0| Pullup: 0| Pulldown: 0| Intr:0 [0m
[2019-08-20 18:11:55] [0;32mI (310) gpio: GPIO[5]| InputEn: 0| OutputEn: 1| OpenDrain: 0| Pullup: 0| Pulldown: 0| Intr:0 [0m
[2019-08-20 18:11:55] [0;32mI (319) gpio: GPIO[18]| InputEn: 0| OutputEn: 1| OpenDrain: 0| Pullup: 0| Pulldown: 0| Intr:0 [0m
[2019-08-20 18:11:55] [0;32mI (328) gpio: GPIO[19]| InputEn: 0| OutputEn: 1| OpenDrain: 0| Pullup: 0| Pulldown: 0| Intr:0 [0m
[2019-08-20 18:11:55] [0;32mI (337) gpio: GPIO[33]| InputEn: 1| OutputEn: 0| OpenDrain: 0| Pullup: 1| Pulldown: 0| Intr:3 [0m
[2019-08-20 18:11:56] [0;32mI (347) gpio: GPIO[32]| InputEn: 1| OutputEn: 0| OpenDrain: 0| Pullup: 1| Pulldown: 0| Intr:3 [0m
[2019-08-20 18:11:56] [0;32mI (356) gpio: GPIO[25]| InputEn: 1| OutputEn: 0| OpenDrain: 0| Pullup: 1| Pulldown: 0| Intr:3 [0m
[2019-08-20 18:11:56] [0;32mI (365) gpio: GPIO[26]| InputEn: 1| OutputEn: 0| OpenDrain: 0| Pullup: 1| Pulldown: 0| Intr:3 [0m
[2019-08-20 18:11:56] [0;32mI (375) [mupgrade_example, 357]: Starting OTA example ...[0m
[2019-08-20 18:11:56] I (384) wifi: wifi driver task: 3ffc2c8c, prio:23, stack:3584, core=0
[2019-08-20 18:11:56] [0;32mI (387) system_api: Base MAC address is not set, read default base MAC address from BLK0 of EFUSE[0m
[2019-08-20 18:11:56] [0;32mI (396) system_api: Base MAC address is not set, read default base MAC address from BLK0 of EFUSE[0m
[2019-08-20 18:11:56] I (417) wifi: wifi firmware version: 0c3a77a
[2019-08-20 18:11:56] I (417) wifi: config NVS flash: enabled
[2019-08-20 18:11:56] I (417) wifi: config nano formating: disabled
[2019-08-20 18:11:56] I (418) wifi: Init dynamic tx buffer num: 32
[2019-08-20 18:11:56] I (422) wifi: Init data frame dynamic rx buffer num: 32
[2019-08-20 18:11:56] I (426) wifi: Init management frame dynamic rx buffer num: 32
[2019-08-20 18:11:56] I (432) wifi: Init management short buffer num: 32
[2019-08-20 18:11:56] I (437) wifi: Init static rx buffer size: 1600
[2019-08-20 18:11:56] I (441) wifi: Init static rx buffer num: 10
[2019-08-20 18:11:56] I (444) wifi: Init dynamic rx buffer num: 32
[2019-08-20 18:11:56] I (450) wifi: Set ps type: 0
[2019-08-20 18:11:56] 
[2019-08-20 18:11:56] [0;33mW (452) phy_init: failed to load RF calibration data (0x1102), falling back to full calibration[0m
[2019-08-20 18:11:56] [0;32mI (623) phy: phy_version: 4008, 544f89f, Jan 24 2019, 14:54:06, 0, 2[0m
[2019-08-20 18:11:56] I (631) wifi: mode : sta (3c:71:bf:e0:92:b8)
[2019-08-20 18:11:56] [0;32mI (633) [mwifi, 177]: esp-mdf version: v1.0-beta1-dirty[0m
[2019-08-20 18:11:56] W (633) wifi: [beacon]interval:100ms
[2019-08-20 18:11:56] I (635) wifi: mode : sta (3c:71:bf:e0:92:b8) + softAP (3c:71:bf:e0:92:b9)
[2019-08-20 18:11:56] I (643) wifi: Total power save buffer number: 16
[2019-08-20 18:11:56] I (646) wifi: Init max length of beacon: 752/752
[2019-08-20 18:11:56] I (650) wifi: Init max length of beacon: 752/752
[2019-08-20 18:11:56] I (657) mesh: <nvs>read layer:0, err:0x1102
[2019-08-20 18:11:56] I (658) mesh: <nvs>read assoc:0, err:0x1102
[2019-08-20 18:11:56] W (663) wifi: [beacon]interval:100ms
[2019-08-20 18:11:56] I (671) wifi: Total power save buffer number: 16
[2019-08-20 18:11:56] I (1672) wifi: Set ps type: 0
[2019-08-20 18:11:57] 
[2019-08-20 18:11:57] I (1677) wifi: mode : sta (3c:71:bf:e0:92:b8)
[2019-08-20 18:11:57] I (1679) mesh: <MESH_NWK_LOOK_FOR_NETWORK>need_scan:0x3, need_scan_router:0x0, look_for_nwk_count:1
[2019-08-20 18:11:57] [0;32mI (1681) [mwifi, 113]: MESH is started[0m
[2019-08-20 18:11:57] [0;32mI (4684) [get_started, 27]: heap free: 175824[0m
[2019-08-20 18:12:00] I (5591) mesh: [S11]Mr.Hu, e0:dc:ff:64:03:71, channel:4, rssi:-31
[2019-08-20 18:12:01] I (5591) mesh: find router:[ssid_len:5]Mr.Hu, rssi:-31, e0:dc:ff:64:03:71(encrypted), new channel:4, old channel:0
[2019-08-20 18:12:01] I (5597) mesh: [FIND][ch:0]AP:31, otherID:0, MAP:0, idle:0, candidate:0, root:0[e0:dc:ff:64:03:71]router found
[2019-08-20 18:12:01] I (5606) mesh: [FIND:1]find a network, channel:4, cfg<channel:0, router:Mr.Hu, 00:00:00:00:00:00>
[2019-08-20 18:12:01] 
[2019-08-20 18:12:01] I (5615) wifi: mode : sta (3c:71:bf:e0:92:b8) + softAP (3c:71:bf:e0:92:b9)
[2019-08-20 18:12:01] W (5622) wifi: <MESH AP>adjust channel:1, secondary channel offset:1(40U)
[2019-08-20 18:12:01] I (5628) wifi: Total power save buffer number: 16
[2019-08-20 18:12:01] W (5639) wifi: <MESH AP>adjust channel:4, secondary channel offset:1(40U)
[2019-08-20 18:12:01] I (5640) wifi: Total power save buffer number: 16
[2019-08-20 18:12:01] I (5948) mesh: [SCAN][ch:4]AP:1, other(ID:0, RD:0), MAP:0, idle:0, candidate:1, root:0, topMAP:0[c:0,i:0][e0:dc:ff:64:03:71]router found<>
[2019-08-20 18:12:01] I (5950) mesh: 1212[SCAN]init rc[3c:71:bf:e0:92:b9,-32], mine:0, voter:0
[2019-08-20 18:12:01] I (5956) mesh: 1250, vote myself, router rssi:-32 > voted rc_rssi:-120
[2019-08-20 18:12:01] I (5963) mesh: [SCAN:1/10]rc[128][3c:71:bf:e0:92:b9,-32], self[3c:71:bf:e0:92:b8,-32,reason:0,votes:1,idle][mine:1,voter:1(1.00)percent:0.90][128,1,3c:71:bf:e0:92:b9]
[2019-08-20 18:12:01] 
[2019-08-20 18:12:01] I (6279) mesh: [SCAN][ch:4]AP:3, other(ID:0, RD:0), MAP:0, idle:0, candidate:1, root:0, topMAP:0[c:0,i:1][e0:dc:ff:64:03:71]router found<>
[2019-08-20 18:12:01] I (6281) mesh: 1212[SCAN]init rc[3c:71:bf:e0:92:b9,-34], mine:0, voter:0
[2019-08-20 18:12:01] I (6288) mesh: [SCAN:2/10]rc[128][3c:71:bf:e0:92:b9,-32], self[3c:71:bf:e0:92:b8,-34,reason:0,votes:1,idle][mine:1,voter:1(1.00)percent:0.90][128,1,3c:71:bf:e0:92:b9]
[2019-08-20 18:12:01] 
[2019-08-20 18:12:01] I (6605) mesh: [SCAN][ch:4]AP:3, other(ID:0, RD:0), MAP:0, idle:0, candidate:1, root:0, topMAP:0[c:0,i:1][e0:dc:ff:64:03:71]router found<>
[2019-08-20 18:12:02] I (6607) mesh: 1212[SCAN]init rc[3c:71:bf:e0:92:b9,-32], mine:0, voter:0
[2019-08-20 18:12:02] I (6613) mesh: [SCAN:3/10]rc[128][3c:71:bf:e0:92:b9,-32], self[3c:71:bf:e0:92:b8,-32,reason:0,votes:1,idle][mine:1,voter:1(1.00)percent:0.90][128,1,3c:71:bf:e0:92:b9]
[2019-08-20 18:12:02] 
[2019-08-20 18:12:02] I (6930) mesh: [SCAN][ch:4]AP:1, other(ID:0, RD:0), MAP:0, idle:0, candidate:1, root:0, topMAP:0[c:0,i:1][e0:dc:ff:64:03:71]router found<>
[2019-08-20 18:12:02] I (6932) mesh: 1212[SCAN]init rc[3c:71:bf:e0:92:b9,-33], mine:0, voter:0
[2019-08-20 18:12:02] I (6938) mesh: [SCAN:4/10]rc[128][3c:71:bf:e0:92:b9,-32], self[3c:71:bf:e0:92:b8,-33,reason:0,votes:1,idle][mine:1,voter:1(1.00)percent:0.90][128,1,3c:71:bf:e0:92:b9]
[2019-08-20 18:12:02] 
[2019-08-20 18:12:02] I (7255) mesh: [SCAN][ch:4]AP:2, other(ID:0, RD:0), MAP:0, idle:0, candidate:1, root:0, topMAP:0[c:0,i:1][e0:dc:ff:64:03:71]router found<>
[2019-08-20 18:12:02] I (7257) mesh: 1212[SCAN]init rc[3c:71:bf:e0:92:b9,-32], mine:0, voter:0
[2019-08-20 18:12:02] I (7263) mesh: [SCAN:5/10]rc[128][3c:71:bf:e0:92:b9,-32], self[3c:71:bf:e0:92:b8,-32,reason:0,votes:1,idle][mine:1,voter:1(1.00)percent:0.90][128,1,3c:71:bf:e0:92:b9]
[2019-08-20 18:12:02] 
[2019-08-20 18:12:02] I (7580) mesh: [SCAN][ch:4]AP:2, other(ID:0, RD:0), MAP:0, idle:0, candidate:1, root:0, topMAP:0[c:0,i:1][e0:dc:ff:64:03:71]router found<>
[2019-08-20 18:12:03] I (7582) mesh: 1212[SCAN]init rc[3c:71:bf:e0:92:b9,-31], mine:0, voter:0
[2019-08-20 18:12:03] I (7588) mesh: [SCAN:6/10]rc[128][3c:71:bf:e0:92:b9,-32], self[3c:71:bf:e0:92:b8,-31,reason:0,votes:1,idle][mine:1,voter:1(1.00)percent:0.90][128,1,3c:71:bf:e0:92:b9]
[2019-08-20 18:12:03] 
[2019-08-20 18:12:03] [0;32mI (7684) [get_started, 27]: heap free: 176604[0m
[2019-08-20 18:12:03] I (7905) mesh: [SCAN][ch:4]AP:3, other(ID:0, RD:0), MAP:0, idle:0, candidate:1, root:0, topMAP:0[c:0,i:1][e0:dc:ff:64:03:71]router found<>
[2019-08-20 18:12:03] I (7907) mesh: 1212[SCAN]init rc[3c:71:bf:e0:92:b9,-31], mine:0, voter:0
[2019-08-20 18:12:03] I (7913) mesh: [SCAN:7/10]rc[128][3c:71:bf:e0:92:b9,-32], self[3c:71:bf:e0:92:b8,-31,reason:0,votes:1,idle][mine:1,voter:1(1.00)percent:0.90][128,1,3c:71:bf:e0:92:b9]
[2019-08-20 18:12:03] 
[2019-08-20 18:12:03] I (8230) mesh: [SCAN][ch:4]AP:2, other(ID:0, RD:0), MAP:0, idle:0, candidate:1, root:0, topMAP:0[c:0,i:1][e0:dc:ff:64:03:71]router found<>
[2019-08-20 18:12:03] I (8232) mesh: 1212[SCAN]init rc[3c:71:bf:e0:92:b9,-31], mine:0, voter:0
[2019-08-20 18:12:03] I (8238) mesh: [SCAN:8/10]rc[128][3c:71:bf:e0:92:b9,-32], self[3c:71:bf:e0:92:b8,-31,reason:0,votes:1,idle][mine:1,voter:1(1.00)percent:0.90][128,1,3c:71:bf:e0:92:b9]
[2019-08-20 18:12:03] 
[2019-08-20 18:12:03] I (8555) mesh: [SCAN][ch:4]AP:2, other(ID:0, RD:0), MAP:0, idle:0, candidate:1, root:0, topMAP:0[c:0,i:1][e0:dc:ff:64:03:71]router found<>
[2019-08-20 18:12:04] I (8557) mesh: 1212[SCAN]init rc[3c:71:bf:e0:92:b9,-31], mine:0, voter:0
[2019-08-20 18:12:04] I (8563) mesh: [SCAN:9/10]rc[128][3c:71:bf:e0:92:b9,-32], self[3c:71:bf:e0:92:b8,-31,reason:0,votes:1,idle][mine:1,voter:1(1.00)percent:0.90][128,1,3c:71:bf:e0:92:b9]
[2019-08-20 18:12:04] 
[2019-08-20 18:12:04] I (8880) mesh: [SCAN][ch:4]AP:3, other(ID:0, RD:0), MAP:0, idle:0, candidate:1, root:0, topMAP:0[c:0,i:1][e0:dc:ff:64:03:71]router found<>
[2019-08-20 18:12:04] I (8882) mesh: 1212[SCAN]init rc[3c:71:bf:e0:92:b9,-31], mine:0, voter:0
[2019-08-20 18:12:04] I (8888) mesh: [SCAN:10/13+x+]rc[128][3c:71:bf:e0:92:b9,-32], self[3c:71:bf:e0:92:b8,-31,reason:0,votes:1,idle][mine:1,voter:1(1.00)percent:0.90][128,1,3c:71:bf:e0:92:b9]
[2019-08-20 18:12:04] 
[2019-08-20 18:12:04] I (9205) mesh: [SCAN][ch:4]AP:3, other(ID:0, RD:0), MAP:0, idle:0, candidate:1, root:0, topMAP:0[c:0,i:1][e0:dc:ff:64:03:71]router found<>
[2019-08-20 18:12:04] I (9207) mesh: 1212[SCAN]init rc[3c:71:bf:e0:92:b9,-31], mine:0, voter:0
[2019-08-20 18:12:04] I (9214) mesh: [SCAN:11/13+x+]rc[128][3c:71:bf:e0:92:b9,-32], self[3c:71:bf:e0:92:b8,-31,reason:0,votes:1,idle][mine:1,voter:1(1.00)percent:0.90][128,1,3c:71:bf:e0:92:b9]
[2019-08-20 18:12:04] 
[2019-08-20 18:12:04] I (9531) mesh: [SCAN][ch:4]AP:3, other(ID:0, RD:0), MAP:0, idle:0, candidate:1, root:0, topMAP:0[c:0,i:1][e0:dc:ff:64:03:71]router found<>
[2019-08-20 18:12:05] I (9534) mesh: 1212[SCAN]init rc[3c:71:bf:e0:92:b9,-31], mine:0, voter:0
[2019-08-20 18:12:05] I (9540) mesh: [SCAN:12/13+x+]rc[128][3c:71:bf:e0:92:b9,-32], self[3c:71:bf:e0:92:b8,-31,reason:0,votes:1,idle][mine:1,voter:1(1.00)percent:0.90][128,1,3c:71:bf:e0:92:b9]
[2019-08-20 18:12:05] 
[2019-08-20 18:12:05] I (9857) mesh: [SCAN][ch:4]AP:2, other(ID:0, RD:0), MAP:0, idle:0, candidate:1, root:0, topMAP:0[c:0,i:1][e0:dc:ff:64:03:71]router found<>
[2019-08-20 18:12:05] I (9859) mesh: 1212[SCAN]init rc[3c:71:bf:e0:92:b9,-30], mine:0, voter:0
[2019-08-20 18:12:05] I (9865) mesh: [SCAN:13/13+x+]rc[128][3c:71:bf:e0:92:b9,-32], self[3c:71:bf:e0:92:b8,-30,reason:0,votes:1,idle][mine:1,voter:1(1.00)percent:0.90][128,1,3c:71:bf:e0:92:b9]
[2019-08-20 18:12:05] 
[2019-08-20 18:12:05] W (9880) wifi: [beacon]interval:100ms
[2019-08-20 18:12:05] I (9884) mesh: [DONE]connect to router:Mr.Hu, channel:4, rssi:-30, e0:dc:ff:64:03:71[layer:0, assoc:0], my_vote_num:1/voter_num:1, rc[3c:71:bf:e0:92:b9/-32/1]
[2019-08-20 18:12:05] I (10026) wifi: n:4 1, o:4 1, ap:4 1, sta:4 0, prof:4
[2019-08-20 18:12:05] I (11016) wifi: state: init -> auth (b0)
[2019-08-20 18:12:06] [0;32mI (11024) [get_started, 27]: heap free: 176536[0m
[2019-08-20 18:12:06] I (11075) wifi: state: auth -> assoc (0)
[2019-08-20 18:12:06] I (11101) wifi: state: assoc -> run (10)
[2019-08-20 18:12:06] I (11136) wpa: <EAPOL>state:6
[2019-08-20 18:12:06] I (11137) wpa: <EAPOL>receiving the 1/4 EAPOL-Key, state:6
[2019-08-20 18:12:06] I (11143) wpa: <EAPOL>state:7
[2019-08-20 18:12:06] I (11143) wpa: <EAPOL>receiving the 3/4 EAPOL-Key, state:7
[2019-08-20 18:12:06] I (11144) wifi: connected with Mr.Hu, channel 4, HT20
[2019-08-20 18:12:06] I (11149) wifi: pm start, type: 0
[2019-08-20 18:12:06] 
[2019-08-20 18:12:06] I (11153) mesh: [scan]new scanning time:600ms
[2019-08-20 18:12:06] W (11154) wifi: [beacon]new interval:300ms
[2019-08-20 18:12:06] I (11159) mesh: <nvs>write layer:1
[2019-08-20 18:12:06] [0;32mI (11162) [mwifi, 80]: Parent is connected[0m
[2019-08-20 18:12:06] [0;32mI (11165) [mupgrade_example, 287]: MDF_EVENT_PARENT_CONNECTED[0m
[2019-08-20 18:12:06] [0;32mI (11168) [mwifi, 149]: State represents: 0[0m
[2019-08-20 18:12:06] [0;32mI (11177) [mupgrade_example, 44]: Root read task is running[0m
[2019-08-20 18:12:06] [0;32mI (11178) [mupgrade_example, 84]: Node read task is running[0m
[2019-08-20 18:12:06] [0;32mI (12964) event: sta ip: 192.168.43.45, mask: 255.255.255.0, gw: 192.168.43.1[0m
[2019-08-20 18:12:08] [0;32mI (12965) [mupgrade_example, 299]: MDF_EVENT_MWIFI_ROOT_GOT_IP[0m
[2019-08-20 18:12:08] [0;32mI (14024) [get_started, 27]: heap free: 155320[0m
[2019-08-20 18:12:09] [0;32mI (17024) [get_started, 27]: heap free: 155320[0m
[2019-08-20 18:12:12] [0;32mI (20024) [get_started, 27]: heap free: 155320[0m
[2019-08-20 18:12:15] [0;32mI (23024) [get_started, 27]: heap free: 155320[0m
[2019-08-20 18:12:18] [0;32mI (26024) [get_started, 27]: heap free: 155320[0m
[2019-08-20 18:12:21] [0;32mI (29024) [get_started, 27]: heap free: 155320[0m
[2019-08-20 18:12:24] [0;32mI (32024) [get_started, 27]: heap free: 155320[0m
[2019-08-20 18:12:27] [0;32mI (32968) [tcp client, 44]: Start TCP client read[0m
[2019-08-20 18:12:28] [0;32mI (32968) [tcp client, 12]: Create a tcp client, ip: 192.168.43.131, port: 1234[0m
[2019-08-20 18:12:28] [0;32mI (34075) [mesh-key, 81]: press 1 level:0[0m
[2019-08-20 18:12:29] [0;32mI (34247) [mesh-key, 95]: lift 1 level 1 tick = 172008[0m
[2019-08-20 18:12:29] [0;32mI (34247) mesh-key: æŒ‰é”®2å•å‡»[0m
[2019-08-20 18:12:29] [0;32mI (35024) [get_started, 27]: heap free: 154476[0m
[2019-08-20 18:12:30] [0;32mI (35381) [mesh-key, 81]: press 0 level:0[0m
[2019-08-20 18:12:31] [0;32mI (35533) [mesh-key, 95]: lift 0 level 1 tick = 151445[0m
[2019-08-20 18:12:31] [0;32mI (35533) mesh-key: æŒ‰é”®1å•å‡»[0m
[2019-08-20 18:12:31] [0;32mI (36153) [mesh-key, 81]: press 1 level:0[0m
[2019-08-20 18:12:31] [0;32mI (36291) [mesh-key, 95]: lift 1 level 1 tick = 137972[0m
[2019-08-20 18:12:31] [0;32mI (36291) mesh-key: æŒ‰é”®2å•å‡»[0m
[2019-08-20 18:12:31] [0;32mI (36675) [mesh-key, 81]: press 0 level:0[0m
[2019-08-20 18:12:32] [0;32mI (36767) [mesh-key, 95]: lift 0 level 1 tick = 91993[0m
[2019-08-20 18:12:32] [0;32mI (36767) mesh-key: æŒ‰é”®1å•å‡»[0m
[2019-08-20 18:12:32] [0;32mI (37483) [mesh-key, 81]: press 1 level:0[0m
[2019-08-20 18:12:33] [0;32mI (38024) [get_started, 27]: heap free: 154576[0m
[2019-08-20 18:12:33] [0;32mI (39638) [mesh-key, 95]: lift 1 level 1 tick = 2154962[0m
[2019-08-20 18:12:35] [0;32mI (39638) mesh-key: æŒ‰é”®2é•¿æŒ‰[0m
[2019-08-20 18:12:35] [0;32mI (40111) [mesh-key, 81]: press 0 level:0[0m
[2019-08-20 18:12:35] [0;32mI (40811) [mesh-key, 95]: lift 0 level 1 tick = 700021[0m
[2019-08-20 18:12:36] [0;32mI (40811) mesh-key: æŒ‰é”®1å•å‡»[0m
[2019-08-20 18:12:36] [0;32mI (41024) [get_started, 27]: heap free: 154476[0m
[2019-08-20 18:12:36] [0;32mI (41279) [mesh-key, 81]: press 2 level:0[0m
[2019-08-20 18:12:36] [0;32mI (42630) [mesh-key, 95]: lift 2 level 1 tick = 1350993[0m
[2019-08-20 18:12:38] [0;32mI (42630) mesh-key: æŒ‰é”®3é•¿æŒ‰[0m
[2019-08-20 18:12:38] [0;32mI (44024) [get_started, 27]: heap free: 154576[0m
[2019-08-20 18:12:39] [0;32mI (44241) [mesh-key, 81]: press 3 level:0[0m
[2019-08-20 18:12:39] [0;32mI (44927) [mesh-key, 95]: lift 3 level 1 tick = 685951[0m
[2019-08-20 18:12:40] [0;32mI (44927) mesh-key: æŒ‰é”®4å•å‡»[0m
[2019-08-20 18:12:40] [0;32mI (45278) [mesh-key, 81]: press 3 level:0[0m
[2019-08-20 18:12:40] [0;32mI (45469) [mesh-key, 95]: lift 3 level 1 tick = 191036[0m
[2019-08-20 18:12:41] [0;32mI (45469) mesh-key: æŒ‰é”®4å•å‡»[0m
[2019-08-20 18:12:41] [0;32mI (45749) [mesh-key, 81]: press 3 level:0[0m
[2019-08-20 18:12:41] [0;32mI (45921) [mesh-key, 95]: lift 3 level 1 tick = 171996[0m
[2019-08-20 18:12:41] [0;32mI (45921) mesh-key: æŒ‰é”®4å•å‡»[0m
[2019-08-20 18:12:41] [0;32mI (46161) [mesh-key, 81]: press 3 level:0[0m
[2019-08-20 18:12:41] [0;32mI (46300) [mesh-key, 95]: lift 3 level 1 tick = 139004[0m
[2019-08-20 18:12:41] [0;32mI (46300) mesh-key: æŒ‰é”®4å•å‡»[0m
[2019-08-20 18:12:41] [0;32mI (46527) [mesh-key, 81]: press 3 level:0[0m
[2019-08-20 18:12:42] [0;32mI (46690) [mesh-key, 95]: lift 3 level 1 tick = 163056[0m
[2019-08-20 18:12:42] [0;32mI (46690) mesh-key: æŒ‰é”®4å•å‡»[0m
[2019-08-20 18:12:42] [0;32mI (46913) [mesh-key, 81]: press 3 level:0[0m
[2019-08-20 18:12:42] [0;32mI (47024) [get_started, 27]: heap free: 154476[0m
[2019-08-20 18:12:42] [0;32mI (47092) [mesh-key, 95]: lift 3 level 1 tick = 179016[0m
[2019-08-20 18:12:42] [0;32mI (47092) mesh-key: æŒ‰é”®4å•å‡»[0m
[2019-08-20 18:12:42] [0;32mI (50024) [get_started, 27]: heap free: 154576[0m
[2019-08-20 18:12:45] [0;32mI (50580) [mesh-key, 81]: press 2 level:0[0m
[2019-08-20 18:12:46] [0;32mI (50705) [mesh-key, 95]: lift 2 level 1 tick = 124971[0m
[2019-08-20 18:12:46] [0;32mI (50705) mesh-key: æŒ‰é”®3å•å‡»[0m
[2019-08-20 18:12:46] [0;32mI (50941) [mesh-key, 81]: press 3 level:0[0m
[2019-08-20 18:12:46] [0;32mI (51113) [mesh-key, 95]: lift 3 level 1 tick = 171973[0m
[2019-08-20 18:12:46] [0;32mI (51113) mesh-key: æŒ‰é”®4å•å‡»[0m
[2019-08-20 18:12:46] [0;33mW (51227) [tcp client, 27]: socket connect, ret: -1, ip: 192.168.43.131, port: 1234[0m
[2019-08-20 18:12:46] [0;32mI (51305) [mesh-key, 81]: press 3 level:0[0m
[2019-08-20 18:12:46] [0;32mI (51411) [mesh-key, 95]: lift 3 level 1 tick = 105960[0m
[2019-08-20 18:12:47] [0;32mI (51411) mesh-key: æŒ‰é”®4å•å‡»[0m
[2019-08-20 18:12:47] [0;32mI (51577) [mesh-key, 81]: press 3 level:0[0m
[2019-08-20 18:12:47] [0;32mI (51719) [mesh-key, 95]: lift 3 level 1 tick = 141957[0m
[2019-08-20 18:12:47] [0;32mI (51719) mesh-key: æŒ‰é”®4å•å‡»[0m
[2019-08-20 18:12:47] [0;33mW (51728) [mupgrade_example, 260]: tcp client read err[0m
[2019-08-20 18:12:47] [0;32mI (51890) [mesh-key, 81]: press 3 level:0[0m
[2019-08-20 18:12:47] [0;32mI (52003) [mesh-key, 95]: lift 3 level 1 tick = 112759[0m
[2019-08-20 18:12:47] [0;32mI (52003) mesh-key: æŒ‰é”®4å•å‡»[0m
[2019-08-20 18:12:47] [0;32mI (52142) [mesh-key, 81]: press 3 level:0[0m
[2019-08-20 18:12:47] [0;32mI (52263) [mesh-key, 95]: lift 3 level 1 tick = 120968[0m
[2019-08-20 18:12:47] [0;32mI (52263) mesh-key: æŒ‰é”®4å•å‡»[0m
[2019-08-20 18:12:47] [0;32mI (52392) [mesh-key, 81]: press 3 level:0[0m
[2019-08-20 18:12:48] [0;32mI (52512) [mesh-key, 95]: lift 3 level 1 tick = 120005[0m
[2019-08-20 18:12:48] [0;32mI (52512) mesh-key: æŒ‰é”®4å•å‡»[0m
[2019-08-20 18:12:48] [0;32mI (52644) [mesh-key, 81]: press 3 level:0[0m
[2019-08-20 18:12:48] [0;32mI (52768) [mesh-key, 95]: lift 3 level 1 tick = 124003[0m
[2019-08-20 18:12:48] [0;32mI (52768) mesh-key: æŒ‰é”®4å•å‡»[0m
[2019-08-20 18:12:48] [0;32mI (52874) [mesh-key, 81]: press 3 level:0[0m
[2019-08-20 18:12:48] [0;32mI (53001) [mesh-key, 95]: lift 3 level 1 tick = 127003[0m
[2019-08-20 18:12:48] [0;32mI (53001) mesh-key: æŒ‰é”®4å•å‡»[0m
[2019-08-20 18:12:48] [0;32mI (53025) [get_started, 27]: heap free: 154992[0m
[2019-08-20 18:12:48] [0;32mI (54504) [mesh-key, 81]: press 3 level:0[0m
[2019-08-20 18:12:50] [0;32mI (54696) [mesh-key, 95]: lift 3 level 1 tick = 191948[0m
[2019-08-20 18:12:50] [0;32mI (54696) mesh-key: æŒ‰é”®4å•å‡»[0m
[2019-08-20 18:12:50] [0;32mI (54923) [mesh-key, 81]: press 3 level:0[0m
[2019-08-20 18:12:50] [0;32mI (55095) [mesh-key, 95]: lift 3 level 1 tick = 171957[0m
[2019-08-20 18:12:50] [0;32mI (55095) mesh-key: æŒ‰é”®4å•å‡»[0m
[2019-08-20 18:12:50] [0;32mI (55313) [mesh-key, 81]: press 3 level:0[0m
[2019-08-20 18:12:50] [0;32mI (55489) [mesh-key, 95]: lift 3 level 1 tick = 176104[0m
[2019-08-20 18:12:51] [0;32mI (55489) mesh-key: æŒ‰é”®4å•å‡»[0m
[2019-08-20 18:12:51] [0;32mI (55668) [mesh-key, 81]: press 3 level:0[0m
[2019-08-20 18:12:51] [0;32mI (55815) [mesh-key, 95]: lift 3 level 1 tick = 146995[0m
[2019-08-20 18:12:51] [0;32mI (55815) mesh-key: æŒ‰é”®4å•å‡»[0m
[2019-08-20 18:12:51] [0;32mI (56021) [mesh-key, 81]: press 2 level:0[0m
[2019-08-20 18:12:51] [0;32mI (56025) [get_started, 27]: heap free: 155096[0m
[2019-08-20 18:12:51] [0;32mI (56107) [mesh-key, 95]: lift 2 level 1 tick = 85996[0m
[2019-08-20 18:12:51] [0;32mI (56107) mesh-key: æŒ‰é”®3å•å‡»[0m
[2019-08-20 18:12:51] [0;32mI (56546) [mesh-key, 81]: press 2 level:0[0m
[2019-08-20 18:12:52] [0;32mI (56677) [mesh-key, 95]: lift 2 level 1 tick = 131020[0m
[2019-08-20 18:12:52] [0;32mI (56677) mesh-key: æŒ‰é”®3å•å‡»[0m
[2019-08-20 18:12:52] [0;32mI (56916) [mesh-key, 81]: press 2 level:0[0m
[2019-08-20 18:12:52] [0;32mI (56944) [mesh-key, 95]: lift 2 level 1 tick = 27971[0m
[2019-08-20 18:12:52] [0;32mI (56944) mesh-key: æŒ‰é”®3å•å‡»[0m
[2019-08-20 18:12:52] [0;32mI (57138) [mesh-key, 81]: press 2 level:0[0m
[2019-08-20 18:12:52] [0;32mI (57184) [mesh-key, 95]: lift 2 level 1 tick = 45980[0m
[2019-08-20 18:12:52] [0;32mI (57184) mesh-key: æŒ‰é”®3å•å‡»[0m
[2019-08-20 18:12:52] [0;32mI (57318) [mesh-key, 81]: press 2 level:0[0m
[2019-08-20 18:12:52] [0;32mI (57346) [mesh-key, 95]: lift 2 level 1 tick = 27976[0m
[2019-08-20 18:12:52] [0;32mI (57346) mesh-key: æŒ‰é”®3å•å‡»[0m
[2019-08-20 18:12:52] [0;32mI (57557) [mesh-key, 81]: press 2 level:0[0m
[2019-08-20 18:12:53] [0;32mI (57677) [mesh-key, 95]: lift 2 level 1 tick = 120028[0m
[2019-08-20 18:12:53] [0;32mI (57677) mesh-key: æŒ‰é”®3å•å‡»[0m
[2019-08-20 18:12:53] [0;32mI (57806) [mesh-key, 81]: press 2 level:0[0m
[2019-08-20 18:12:53] [0;32mI (57931) [mesh-key, 95]: lift 2 level 1 tick = 124986[0m
[2019-08-20 18:12:53] [0;32mI (57931) mesh-key: æŒ‰é”®3å•å‡»[0m
[2019-08-20 18:12:53] [0;32mI (58503) [mesh-key, 81]: press 0 level:0[0m
[2019-08-20 18:12:54] [0;32mI (58689) [mesh-key, 95]: lift 0 level 1 tick = 185969[0m
[2019-08-20 18:12:54] [0;32mI (58689) mesh-key: æŒ‰é”®1å•å‡»[0m
[2019-08-20 18:12:54] [0;32mI (58862) [mesh-key, 81]: press 0 level:0[0m
[2019-08-20 18:12:54] [0;32mI (59020) [mesh-key, 95]: lift 0 level 1 tick = 158008[0m
[2019-08-20 18:12:54] [0;32mI (59020) mesh-key: æŒ‰é”®1å•å‡»[0m
[2019-08-20 18:12:54] [0;32mI (59025) [get_started, 27]: heap free: 155096[0m
[2019-08-20 18:12:54] [0;32mI (59159) [mesh-key, 81]: press 0 level:0[0m
[2019-08-20 18:12:54] [0;32mI (59303) [mesh-key, 95]: lift 0 level 1 tick = 143992[0m
[2019-08-20 18:12:54] [0;32mI (59303) mesh-key: æŒ‰é”®1å•å‡»[0m
[2019-08-20 18:12:54] [0;32mI (59420) [mesh-key, 81]: press 0 level:0[0m
[2019-08-20 18:12:55] [0;32mI (59526) [mesh-key, 95]: lift 0 level 1 tick = 106024[0m
[2019-08-20 18:12:55] [0;32mI (59526) mesh-key: æŒ‰é”®1å•å‡»[0m
[2019-08-20 18:12:55] [0;32mI (59714) [mesh-key, 81]: press 1 level:0[0m
[2019-08-20 18:12:55] [0;32mI (59855) [mesh-key, 95]: lift 1 level 1 tick = 141240[0m
[2019-08-20 18:12:55] [0;32mI (59855) mesh-key: æŒ‰é”®2å•å‡»[0m
[2019-08-20 18:12:55] [0;32mI (59977) [mesh-key, 81]: press 1 level:0[0m
[2019-08-20 18:12:55] [0;32mI (60078) [mesh-key, 95]: lift 1 level 1 tick = 101004[0m
[2019-08-20 18:12:55] [0;32mI (60078) mesh-key: æŒ‰é”®2å•å‡»[0m
[2019-08-20 18:12:55] [0;32mI (60206) [mesh-key, 81]: press 1 level:0[0m
[2019-08-20 18:12:55] [0;32mI (60301) [mesh-key, 95]: lift 1 level 1 tick = 95004[0m
[2019-08-20 18:12:55] [0;32mI (60301) mesh-key: æŒ‰é”®2å•å‡»[0m
[2019-08-20 18:12:55] [0;32mI (60353) [mesh-key, 81]: press 1 level:0[0m
[2019-08-20 18:12:55] [0;32mI (60509) [mesh-key, 95]: lift 1 level 1 tick = 155984[0m
[2019-08-20 18:12:56] [0;32mI (60509) mesh-key: æŒ‰é”®2å•å‡»[0m
[2019-08-20 18:12:56] [0;32mI (60642) [mesh-key, 81]: press 1 level:0[0m
[2019-08-20 18:12:56] [0;32mI (60733) [mesh-key, 95]: lift 1 level 1 tick = 91016[0m
[2019-08-20 18:12:56] [0;32mI (60733) mesh-key: æŒ‰é”®2å•å‡»[0m
[2019-08-20 18:12:56] [0;32mI (60866) [mesh-key, 81]: press 1 level:0[0m
[2019-08-20 18:12:56] [0;32mI (60956) [mesh-key, 95]: lift 1 level 1 tick = 90012[0m
[2019-08-20 18:12:56] [0;32mI (60956) mesh-key: æŒ‰é”®2å•å‡»[0m
[2019-08-20 18:12:56] [0;32mI (61346) [mesh-key, 81]: press 0 level:0[0m
[2019-08-20 18:12:56] [0;32mI (61463) [mesh-key, 95]: lift 0 level 1 tick = 116977[0m
[2019-08-20 18:12:57] [0;32mI (61463) mesh-key: æŒ‰é”®1å•å‡»[0m
[2019-08-20 18:12:57] [0;32mI (61597) [mesh-key, 81]: press 0 level:0[0m
[2019-08-20 18:12:57] [0;32mI (61695) [mesh-key, 95]: lift 0 level 1 tick = 97950[0m
[2019-08-20 18:12:57] [0;32mI (61695) mesh-key: æŒ‰é”®1å•å‡»[0m
[2019-08-20 18:12:57] [0;32mI (61809) [mesh-key, 81]: press 0 level:0[0m
[2019-08-20 18:12:57] [0;32mI (61902) [mesh-key, 95]: lift 0 level 1 tick = 93000[0m
[2019-08-20 18:12:57] [0;32mI (61904) mesh-key: æŒ‰é”®1å•å‡»[0m
[2019-08-20 18:12:57] [0;32mI (62010) [mesh-key, 81]: press 0 level:0[0m
[2019-08-20 18:12:57] [0;32mI (62025) [get_started, 27]: heap free: 155096[0m
[2019-08-20 18:12:57] [0;32mI (62097) [mesh-key, 95]: lift 0 level 1 tick = 86981[0m
[2019-08-20 18:12:57] [0;32mI (62097) mesh-key: æŒ‰é”®1å•å‡»[0m
[2019-08-20 18:12:57] [0;32mI (62261) [mesh-key, 81]: press 1 level:0[0m
[2019-08-20 18:12:57] [0;32mI (62379) [mesh-key, 95]: lift 1 level 1 tick = 117989[0m
[2019-08-20 18:12:58] [0;32mI (62379) mesh-key: æŒ‰é”®2å•å‡»[0m
[2019-08-20 18:12:58] [0;32mI (62486) [mesh-key, 81]: press 1 level:0[0m
[2019-08-20 18:12:58] [0;32mI (62575) [mesh-key, 95]: lift 1 level 1 tick = 89024[0m
[2019-08-20 18:12:58] [0;32mI (62575) mesh-key: æŒ‰é”®2å•å‡»[0m
[2019-08-20 18:12:58] [0;32mI (62674) [mesh-key, 81]: press 1 level:0[0m
[2019-08-20 18:12:58] [0;32mI (62774) [mesh-key, 95]: lift 1 level 1 tick = 100004[0m
[2019-08-20 18:12:58] [0;32mI (62774) mesh-key: æŒ‰é”®2å•å‡»[0m
[2019-08-20 18:12:58] [0;32mI (63032) [mesh-key, 81]: press 1 level:0[0m
[2019-08-20 18:12:58] [0;32mI (63148) [mesh-key, 95]: lift 1 level 1 tick = 115986[0m
[2019-08-20 18:12:58] [0;32mI (63148) mesh-key: æŒ‰é”®2å•å‡»[0m
[2019-08-20 18:12:58] [0;32mI (63351) [mesh-key, 81]: press 0 level:0[0m
[2019-08-20 18:12:58] [0;32mI (63469) [mesh-key, 95]: lift 0 level 1 tick = 117168[0m
[2019-08-20 18:12:59] [0;32mI (63469) mesh-key: æŒ‰é”®1å•å‡»[0m
[2019-08-20 18:12:59] [0;32mI (63585) [mesh-key, 81]: press 0 level:0[0m
[2019-08-20 18:12:59] [0;32mI (63676) [mesh-key, 95]: lift 0 level 1 tick = 90986[0m
[2019-08-20 18:12:59] [0;32mI (63676) mesh-key: æŒ‰é”®1å•å‡»[0m
[2019-08-20 18:12:59] [0;32mI (63783) [mesh-key, 81]: press 0 level:0[0m
[2019-08-20 18:12:59] [0;32mI (63894) [mesh-key, 95]: lift 0 level 1 tick = 111008[0m
[2019-08-20 18:12:59] [0;32mI (63894) mesh-key: æŒ‰é”®1å•å‡»[0m
[2019-08-20 18:12:59] [0;32mI (64208) [mesh-key, 81]: press 0 level:0[0m
[2019-08-20 18:12:59] [0;32mI (64367) [mesh-key, 95]: lift 0 level 1 tick = 159051[0m
[2019-08-20 18:12:59] [0;32mI (64367) mesh-key: æŒ‰é”®1å•å‡»[0m
[2019-08-20 18:12:59] [0;32mI (64580) [mesh-key, 81]: press 2 level:0[0m
[2019-08-20 18:13:00] [0;32mI (64624) [mesh-key, 95]: lift 2 level 1 tick = 43202[0m
[2019-08-20 18:13:00] [0;32mI (64624) mesh-key: æŒ‰é”®3å•å‡»[0m
[2019-08-20 18:13:00] [0;32mI (64795) [mesh-key, 81]: press 2 level:0[0m
[2019-08-20 18:13:00] [0;32mI (64883) [mesh-key, 95]: lift 2 level 1 tick = 87977[0m
[2019-08-20 18:13:00] [0;32mI (64883) mesh-key: æŒ‰é”®3å•å‡»[0m
[2019-08-20 18:13:00] [0;32mI (65003) [mesh-key, 81]: press 2 level:0[0m
[2019-08-20 18:13:00] [0;32mI (65025) [get_started, 27]: heap free: 155096[0m
[2019-08-20 18:13:00] [0;32mI (65117) [mesh-key, 95]: lift 2 level 1 tick = 113989[0m
[2019-08-20 18:13:00] [0;32mI (65117) mesh-key: æŒ‰é”®3å•å‡»[0m
[2019-08-20 18:13:00] [0;32mI (65229) [mesh-key, 81]: press 2 level:0[0m
[2019-08-20 18:13:00] [0;32mI (65341) [mesh-key, 95]: lift 2 level 1 tick = 112218[0m
[2019-08-20 18:13:00] [0;32mI (65342) mesh-key: æŒ‰é”®3å•å‡»[0m
[2019-08-20 18:13:00] [0;32mI (65578) [mesh-key, 81]: press 3 level:0[0m
[2019-08-20 18:13:01] [0;32mI (65716) [mesh-key, 95]: lift 3 level 1 tick = 137989[0m
[2019-08-20 18:13:01] [0;32mI (65716) mesh-key: æŒ‰é”®4å•å‡»[0m
[2019-08-20 18:13:01] [0;32mI (65840) [mesh-key, 81]: press 3 level:0[0m
[2019-08-20 18:13:01] [0;32mI (65954) [mesh-key, 95]: lift 3 level 1 tick = 114028[0m
[2019-08-20 18:13:01] [0;32mI (65954) mesh-key: æŒ‰é”®4å•å‡»[0m
[2019-08-20 18:13:01] [0;32mI (66081) [mesh-key, 81]: press 3 level:0[0m
[2019-08-20 18:13:01] [0;32mI (66181) [mesh-key, 95]: lift 3 level 1 tick = 100001[0m
[2019-08-20 18:13:01] [0;32mI (66181) mesh-key: æŒ‰é”®4å•å‡»[0m
[2019-08-20 18:13:01] [0;32mI (66280) [mesh-key, 81]: press 3 level:0[0m
[2019-08-20 18:13:01] [0;32mI (66374) [mesh-key, 95]: lift 3 level 1 tick = 93970[0m
[2019-08-20 18:13:01] [0;32mI (66374) mesh-key: æŒ‰é”®4å•å‡»[0m
[2019-08-20 18:13:01] [0;32mI (66580) [mesh-key, 81]: press 2 level:0[0m
[2019-08-20 18:13:02] [0;32mI (66647) [mesh-key, 95]: lift 2 level 1 tick = 66982[0m
[2019-08-20 18:13:02] [0;32mI (66647) mesh-key: æŒ‰é”®3å•å‡»[0m
[2019-08-20 18:13:02] [0;32mI (66859) [mesh-key, 81]: press 2 level:0[0m
[2019-08-20 18:13:02] [0;32mI (66901) [mesh-key, 95]: lift 2 level 1 tick = 41948[0m
[2019-08-20 18:13:02] [0;32mI (66901) mesh-key: æŒ‰é”®3å•å‡»[0m
[2019-08-20 18:13:02] [0;32mI (67062) [mesh-key, 81]: press 2 level:0[0m
[2019-08-20 18:13:02] [0;32mI (67175) [mesh-key, 95]: lift 2 level 1 tick = 113048[0m
[2019-08-20 18:13:02] [0;32mI (67175) mesh-key: æŒ‰é”®3å•å‡»[0m
[2019-08-20 18:13:02] [0;32mI (67775) [mesh-key, 81]: press 0 level:0[0m
[2019-08-20 18:13:03] [0;32mI (67920) [mesh-key, 95]: lift 0 level 1 tick = 144973[0m
[2019-08-20 18:13:03] [0;32mI (67920) mesh-key: æŒ‰é”®1å•å‡»[0m
[2019-08-20 18:13:03] [0;32mI (68021) [mesh-key, 81]: press 0 level:0[0m
[2019-08-20 18:13:03] [0;32mI (68025) [get_started, 27]: heap free: 155096[0m
[2019-08-20 18:13:03] [0;32mI (68146) [mesh-key, 95]: lift 0 level 1 tick = 125020[0m
[2019-08-20 18:13:03] [0;32mI (68146) mesh-key: æŒ‰é”®1å•å‡»[0m
[2019-08-20 18:13:03] [0;32mI (68239) [mesh-key, 81]: press 0 level:0[0m
[2019-08-20 18:13:03] [0;32mI (68366) [mesh-key, 95]: lift 0 level 1 tick = 127000[0m
[2019-08-20 18:13:03] [0;32mI (68366) mesh-key: æŒ‰é”®1å•å‡»[0m
[2019-08-20 18:13:03] [0;32mI (68469) [mesh-key, 81]: press 0 level:0[0m
[2019-08-20 18:13:04] [0;32mI (68571) [mesh-key, 95]: lift 0 level 1 tick = 102001[0m
[2019-08-20 18:13:04] [0;32mI (68571) mesh-key: æŒ‰é”®1å•å‡»[0m
[2019-08-20 18:13:04] [0;32mI (68745) [mesh-key, 81]: press 1 level:0[0m
[2019-08-20 18:13:04] [0;32mI (68872) [mesh-key, 95]: lift 1 level 1 tick = 127000[0m
[2019-08-20 18:13:04] [0;32mI (68872) mesh-key: æŒ‰é”®2å•å‡»[0m
[2019-08-20 18:13:04] [0;32mI (68998) [mesh-key, 81]: press 1 level:0[0m
[2019-08-20 18:13:04] [0;32mI (69092) [mesh-key, 95]: lift 1 level 1 tick = 94063[0m
[2019-08-20 18:13:04] [0;32mI (69092) mesh-key: æŒ‰é”®2å•å‡»[0m
[2019-08-20 18:13:04] [0;32mI (69211) [mesh-key, 81]: press 1 level:0[0m
[2019-08-20 18:13:04] [0;32mI (69307) [mesh-key, 95]: lift 1 level 1 tick = 96016[0m
[2019-08-20 18:13:04] [0;32mI (69307) mesh-key: æŒ‰é”®2å•å‡»[0m
[2019-08-20 18:13:04] [0;32mI (69599) [mesh-key, 81]: press 1 level:0[0m
[2019-08-20 18:13:05] [0;32mI (69762) [mesh-key, 95]: lift 1 level 1 tick = 163020[0m
[2019-08-20 18:13:05] [0;32mI (69762) mesh-key: æŒ‰é”®2å•å‡»[0m
[2019-08-20 18:13:05] [0;32mI (70376) [mesh-key, 81]: press 1 level:0[0m
[2019-08-20 18:13:05] [0;32mI (71025) [get_started, 27]: heap free: 155096[0m
[2019-08-20 18:13:06] [0;32mI (71308) [mesh-key, 95]: lift 1 level 1 tick = 932009[0m
[2019-08-20 18:13:06] [0;32mI (71308) mesh-key: æŒ‰é”®2å•å‡»[0m
[2019-08-20 18:13:06] [0;32mI (71718) [mesh-key, 81]: press 1 level:0[0m
[2019-08-20 18:13:07] [0;32mI (71728) [tcp client, 44]: Start TCP client read[0m
[2019-08-20 18:13:07] [0;32mI (71728) [tcp client, 12]: Create a tcp client, ip: 192.168.43.131, port: 1234[0m
[2019-08-20 18:13:07] [0;32mI (72812) [mesh-key, 95]: lift 1 level 1 tick = 1094035[0m
[2019-08-20 18:13:08] [0;32mI (72812) mesh-key: æŒ‰é”®2é•¿æŒ‰[0m
[2019-08-20 18:13:08] [0;32mI (73309) [mesh-key, 81]: press 1 level:0[0m
[2019-08-20 18:13:08] [0;32mI (74025) [get_started, 27]: heap free: 154388[0m
[2019-08-20 18:13:09] [0;32mI (76230) [mesh-key, 95]: lift 1 level 1 tick = 2921011[0m
[2019-08-20 18:13:11] [0;32mI (76230) mesh-key: æŒ‰é”®2é•¿æŒ‰[0m
[2019-08-20 18:13:11] [0;32mI (76599) [mesh-key, 81]: press 0 level:0[0m
[2019-08-20 18:13:12] [0;32mI (77025) [get_started, 27]: heap free: 154484[0m
[2019-08-20 18:13:12] [0;32mI (77369) [mesh-key, 95]: lift 0 level 1 tick = 769859[0m
[2019-08-20 18:13:12] [0;32mI (77369) mesh-key: æŒ‰é”®1å•å‡»[0m
[2019-08-20 18:13:12] [0;32mI (78544) [mesh-key, 81]: press 1 level:0[0m
[2019-08-20 18:13:14] [0;32mI (79919) [mesh-key, 81]: press 2 level:0[0m
[2019-08-20 18:13:15] [0;32mI (79925) [mesh-key, 81]: press 0 level:0[0m
[2019-08-20 18:13:15] [0;32mI (80025) [get_started, 27]: heap free: 154384[0m
[2019-08-20 18:13:15] [0;32mI (80056) [mesh-key, 95]: lift 0 level 1 tick = 130193[0m
[2019-08-20 18:13:15] [0;32mI (80056) mesh-key: æŒ‰é”®1å•å‡»[0m
[2019-08-20 18:13:15] [0;32mI (80060) [mesh-key, 95]: lift 2 level 1 tick = 140941[0m
[2019-08-20 18:13:15] [0;32mI (80060) mesh-key: æŒ‰é”®3å•å‡»[0m
[2019-08-20 18:13:15] [0;32mI (81647) [mesh-key, 81]: press 2 level:0[0m
[2019-08-20 18:13:17] [0;32mI (83025) [get_started, 27]: heap free: 154484[0m
[2019-08-20 18:13:18] [0;32mI (83100) [mesh-key, 95]: lift 2 level 1 tick = 1453818[0m
[2019-08-20 18:13:18] [0;32mI (83101) mesh-key: æŒ‰é”®3é•¿æŒ‰[0m
[2019-08-20 18:13:18] [0;32mI (84093) [mesh-key, 81]: press 2 level:0[0m
[2019-08-20 18:13:19] [0;32mI (84173) [mesh-key, 95]: lift 2 level 1 tick = 79961[0m
[2019-08-20 18:13:19] [0;32mI (84173) mesh-key: æŒ‰é”®3å•å‡»[0m
[2019-08-20 18:13:19] [0;32mI (84394) [mesh-key, 81]: press 2 level:0[0m
[2019-08-20 18:13:19] [0;32mI (84461) [mesh-key, 95]: lift 2 level 1 tick = 66984[0m
[2019-08-20 18:13:20] [0;32mI (84461) mesh-key: æŒ‰é”®3å•å‡»[0m
[2019-08-20 18:13:20] [0;32mI (85942) [mesh-key, 81]: press 2 level:0[0m
[2019-08-20 18:13:21] [0;32mI (86025) [get_started, 27]: heap free: 154384[0m
[2019-08-20 18:13:21] [0;32mI (86194) [mesh-key, 95]: lift 2 level 1 tick = 251986[0m
[2019-08-20 18:13:21] [0;32mI (86194) mesh-key: æŒ‰é”®3å•å‡»[0m
[2019-08-20 18:13:21] [0;32mI (86346) [mesh-key, 81]: press 2 level:0[0m
[2019-08-20 18:13:21] [0;32mI (86694) [mesh-key, 81]: press 3 level:0[0m
[2019-08-20 18:13:22] [0;32mI (86884) [mesh-key, 95]: lift 3 level 1 tick = 189988[0m
[2019-08-20 18:13:22] [0;32mI (86884) mesh-key: æŒ‰é”®4å•å‡»[0m
[2019-08-20 18:13:22] [0;32mI (87185) [mesh-key, 81]: press 3 level:0[0m
[2019-08-20 18:13:22] [0;32mI (87344) [mesh-key, 95]: lift 3 level 1 tick = 159066[0m
[2019-08-20 18:13:22] [0;32mI (87344) mesh-key: æŒ‰é”®4å•å‡»[0m
[2019-08-20 18:13:22] [0;32mI (87576) [mesh-key, 81]: press 3 level:0[0m
[2019-08-20 18:13:23] [0;32mI (87770) [mesh-key, 95]: lift 3 level 1 tick = 193965[0m
[2019-08-20 18:13:23] [0;32mI (87770) mesh-key: æŒ‰é”®4å•å‡»[0m
[2019-08-20 18:13:23] [0;32mI (87983) [mesh-key, 81]: press 3 level:0[0m
[2019-08-20 18:13:23] [0;32mI (88145) [mesh-key, 95]: lift 3 level 1 tick = 161999[0m
[2019-08-20 18:13:23] [0;32mI (88145) mesh-key: æŒ‰é”®4å•å‡»[0m
[2019-08-20 18:13:23] [0;32mI (88405) [mesh-key, 81]: press 3 level:0[0m
[2019-08-20 18:13:23] [0;32mI (88518) [mesh-key, 95]: lift 3 level 1 tick = 113000[0m
[2019-08-20 18:13:24] [0;32mI (88518) mesh-key: æŒ‰é”®4å•å‡»[0m
[2019-08-20 18:13:24] [0;32mI (89013) [mesh-key, 95]: lift 2 level 1 tick = 2667004[0m
[2019-08-20 18:13:24] [0;32mI (89013) mesh-key: æŒ‰é”®3é•¿æŒ‰[0m
[2019-08-20 18:13:24] [0;32mI (89025) [get_started, 27]: heap free: 154484[0m
[2019-08-20 18:13:24] [0;33mW (90234) [tcp client, 27]: socket connect, ret: -1, ip: 192.168.43.131, port: 1234[0m
[2019-08-20 18:13:25] [0;33mW (90735) [mupgrade_example, 260]: tcp client read err[0m
[2019-08-20 18:13:26] [0;32mI (91094) [mesh-key, 81]: press 0 level:0[0m
[2019-08-20 18:13:26] [0;32mI (91251) [mesh-key, 95]: lift 0 level 1 tick = 156954[0m
[2019-08-20 18:13:26] [0;32mI (91251) mesh-key: æŒ‰é”®1å•å‡»[0m
[2019-08-20 18:13:26] [0;32mI (91456) [mesh-key, 81]: press 0 level:0[0m
[2019-08-20 18:13:27] [0;32mI (91627) [mesh-key, 95]: lift 0 level 1 tick = 170981[0m
[2019-08-20 18:13:27] [0;32mI (91627) mesh-key: æŒ‰é”®1å•å‡»[0m
[2019-08-20 18:13:27] [0;32mI (91834) [mesh-key, 81]: press 0 level:0[0m
[2019-08-20 18:13:27] [0;32mI (91952) [mesh-key, 95]: lift 0 level 1 tick = 117996[0m
[2019-08-20 18:13:27] [0;32mI (91952) mesh-key: æŒ‰é”®1å•å‡»[0m
[2019-08-20 18:13:27] [0;32mI (92025) [get_started, 27]: heap free: 154900[0m
[2019-08-20 18:13:27] [0;32mI (92142) [mesh-key, 81]: press 0 level:0[0m
[2019-08-20 18:13:27] [0;32mI (92276) [mesh-key, 95]: lift 0 level 1 tick = 133977[0m
[2019-08-20 18:13:27] [0;32mI (92276) mesh-key: æŒ‰é”®1å•å‡»[0m
[2019-08-20 18:13:27] [0;32mI (92438) [mesh-key, 81]: press 0 level:0[0m
[2019-08-20 18:13:28] [0;32mI (92438) [mesh-key, 81]: press 2 level:0[0m
[2019-08-20 18:13:28] [0;32mI (92585) [mesh-key, 95]: lift 2 level 1 tick = 146553[0m
[2019-08-20 18:13:28] [0;32mI (92585) mesh-key: æŒ‰é”®3å•å‡»[0m
[2019-08-20 18:13:28] [0;32mI (92618) [mesh-key, 95]: lift 0 level 1 tick = 179976[0m
[2019-08-20 18:13:28] [0;32mI (92618) mesh-key: æŒ‰é”®1å•å‡»[0m
[2019-08-20 18:13:28] [0;32mI (92832) [mesh-key, 81]: press 0 level:0[0m
[2019-08-20 18:13:28] [0;32mI (92832) [mesh-key, 81]: press 2 level:0[0m
[2019-08-20 18:13:28] [0;32mI (92972) [mesh-key, 95]: lift 2 level 1 tick = 139609[0m
[2019-08-20 18:13:28] [0;32mI (92972) mesh-key: æŒ‰é”®3å•å‡»[0m
[2019-08-20 18:13:28] [0;32mI (92990) [mesh-key, 95]: lift 0 level 1 tick = 158277[0m
[2019-08-20 18:13:28] [0;32mI (92990) mesh-key: æŒ‰é”®1å•å‡»[0m
[2019-08-20 18:13:28] [0;32mI (93480) [mesh-key, 81]: press 0 level:0[0m
[2019-08-20 18:13:29] [0;32mI (94475) [mesh-key, 95]: lift 0 level 1 tick = 994890[0m
[2019-08-20 18:13:30] [0;32mI (94475) mesh-key: æŒ‰é”®1å•å‡»[0m
[2019-08-20 18:13:30] [0;32mI (95025) [get_started, 27]: heap free: 155004[0m
[2019-08-20 18:13:30] [0;32mI (95221) [mesh-key, 95]: lift 1 level 1 tick = 16676917[0m
[2019-08-20 18:13:30] [0;32mI (95221) mesh-key: æŒ‰é”®2é•¿æŒ‰[0m
[2019-08-20 18:13:30] [0;32mI (96622) [mesh-key, 81]: press 3 level:0[0m
[2019-08-20 18:13:32] [0;32mI (96807) [mesh-key, 95]: lift 3 level 1 tick = 184936[0m
[2019-08-20 18:13:32] [0;32mI (96807) mesh-key: æŒ‰é”®4å•å‡»[0m
[2019-08-20 18:13:32] [0;32mI (96929) [mesh-key, 81]: press 3 level:0[0m
[2019-08-20 18:13:32] [0;32mI (97083) [mesh-key, 95]: lift 3 level 1 tick = 153964[0m
[2019-08-20 18:13:32] [0;32mI (97083) mesh-key: æŒ‰é”®4å•å‡»[0m
[2019-08-20 18:13:32] [0;32mI (97098) [mesh-key, 81]: press 1 level:0[0m
[2019-08-20 18:13:32] [0;32mI (97218) [mesh-key, 95]: lift 1 level 1 tick = 119493[0m
[2019-08-20 18:13:32] [0;32mI (97218) mesh-key: æŒ‰é”®2å•å‡»[0m
[2019-08-20 18:13:32] [0;32mI (97429) [mesh-key, 81]: press 1 level:0[0m
[2019-08-20 18:13:33] [0;32mI (97455) [mesh-key, 81]: press 2 level:0[0m
[2019-08-20 18:13:33] [0;32mI (97490) [mesh-key, 95]: lift 2 level 1 tick = 35064[0m
[2019-08-20 18:13:33] [0;32mI (97490) mesh-key: æŒ‰é”®3å•å‡»[0m
[2019-08-20 18:13:33] [0;32mI (97609) [mesh-key, 81]: press 2 level:0[0m
[2019-08-20 18:13:33] [0;32mI (97657) [mesh-key, 95]: lift 1 level 1 tick = 228019[0m
[2019-08-20 18:13:33] [0;32mI (97657) mesh-key: æŒ‰é”®2å•å‡»[0m
[2019-08-20 18:13:33] [0;32mI (97658) [mesh-key, 95]: lift 2 level 1 tick = 48956[0m
[2019-08-20 18:13:33] [0;32mI (97661) mesh-key: æŒ‰é”®3å•å‡»[0m
[2019-08-20 18:13:33] [0;32mI (97866) [mesh-key, 81]: press 1 level:0[0m
[2019-08-20 18:13:33] [0;32mI (97899) [mesh-key, 81]: press 2 level:0[0m
[2019-08-20 18:13:33] [0;32mI (98025) [get_started, 27]: heap free: 155004[0m
[2019-08-20 18:13:33] [0;32mI (98027) [mesh-key, 95]: lift 2 level 1 tick = 128044[0m
[2019-08-20 18:13:33] [0;32mI (98027) mesh-key: æŒ‰é”®3å•å‡»[0m
[2019-08-20 18:13:33] [0;32mI (98069) [mesh-key, 95]: lift 1 level 1 tick = 202974[0m
[2019-08-20 18:13:33] [0;32mI (98069) mesh-key: æŒ‰é”®2å•å‡»[0m
[2019-08-20 18:13:33] [0;32mI (98193) [mesh-key, 81]: press 1 level:0[0m
[2019-08-20 18:13:33] [0;32mI (98227) [mesh-key, 81]: press 2 level:0[0m
[2019-08-20 18:13:33] [0;32mI (98351) [mesh-key, 95]: lift 1 level 1 tick = 157977[0m
[2019-08-20 18:13:33] [0;32mI (98351) mesh-key: æŒ‰é”®2å•å‡»[0m
[2019-08-20 18:13:33] [0;32mI (98364) [mesh-key, 95]: lift 2 level 1 tick = 137035[0m
[2019-08-20 18:13:33] [0;32mI (98364) mesh-key: æŒ‰é”®3å•å‡»[0m
[2019-08-20 18:13:33] [0;32mI (98473) [mesh-key, 81]: press 1 level:0[0m
[2019-08-20 18:13:34] [0;32mI (98506) [mesh-key, 81]: press 2 level:0[0m
[2019-08-20 18:13:34] [0;32mI (98618) [mesh-key, 95]: lift 2 level 1 tick = 112028[0m
[2019-08-20 18:13:34] [0;32mI (98618) mesh-key: æŒ‰é”®3å•å‡»[0m
[2019-08-20 18:13:34] [0;32mI (98636) [mesh-key, 95]: lift 1 level 1 tick = 162976[0m
[2019-08-20 18:13:34] [0;32mI (98636) mesh-key: æŒ‰é”®2å•å‡»[0m
[2019-08-20 18:13:34] [0;32mI (98729) [mesh-key, 81]: press 1 level:0[0m
[2019-08-20 18:13:34] [0;32mI (98759) [mesh-key, 81]: press 2 level:0[0m
[2019-08-20 18:13:34] [0;32mI (98852) [mesh-key, 95]: lift 2 level 1 tick = 93012[0m
[2019-08-20 18:13:34] [0;32mI (98852) mesh-key: æŒ‰é”®3å•å‡»[0m
[2019-08-20 18:13:34] [0;32mI (99080) [mesh-key, 95]: lift 1 level 1 tick = 351050[0m
[2019-08-20 18:13:34] [0;32mI (99080) mesh-key: æŒ‰é”®2å•å‡»[0m
[2019-08-20 18:13:34] [0;32mI (99203) [mesh-key, 81]: press 1 level:0[0m
[2019-08-20 18:13:34] [0;32mI (99429) [mesh-key, 81]: press 2 level:0[0m
[2019-08-20 18:13:35] [0;32mI (99465) [mesh-key, 95]: lift 1 level 1 tick = 261983[0m
[2019-08-20 18:13:35] [0;32mI (99465) mesh-key: æŒ‰é”®2å•å‡»[0m
[2019-08-20 18:13:35] [0;32mI (99493) [mesh-key, 81]: press 1 level:0[0m
[2019-08-20 18:13:35] [0;32mI (99600) [mesh-key, 95]: lift 2 level 1 tick = 171008[0m
[2019-08-20 18:13:35] [0;32mI (99600) mesh-key: æŒ‰é”®3å•å‡»[0m
[2019-08-20 18:13:35] [0;32mI (99763) [mesh-key, 95]: lift 1 level 1 tick = 269978[0m
[2019-08-20 18:13:35] [0;32mI (99763) mesh-key: æŒ‰é”®2å•å‡»[0m
[2019-08-20 18:13:35] [0;32mI (99877) [mesh-key, 81]: press 1 level:0[0m
[2019-08-20 18:13:35] [0;32mI (99884) [mesh-key, 81]: press 2 level:0[0m
[2019-08-20 18:13:35] [0;32mI (99921) [mesh-key, 95]: lift 2 level 1 tick = 37036[0m
[2019-08-20 18:13:35] [0;32mI (99921) mesh-key: æŒ‰é”®3å•å‡»[0m
[2019-08-20 18:13:35] [0;32mI (100165) [mesh-key, 81]: press 3 level:0[0m
[2019-08-20 18:13:35] [0;32mI (100213) [mesh-key, 81]: press 0 level:0[0m
[2019-08-20 18:13:35] [0;32mI (100398) [mesh-key, 95]: lift 3 level 1 tick = 233064[0m
[2019-08-20 18:13:35] [0;32mI (100398) mesh-key: æŒ‰é”®4å•å‡»[0m
[2019-08-20 18:13:35] [0;32mI (100429) [mesh-key, 95]: lift 0 level 1 tick = 216024[0m
[2019-08-20 18:13:36] [0;32mI (100429) mesh-key: æŒ‰é”®1å•å‡»[0m
[2019-08-20 18:13:36] [0;32mI (100450) [mesh-key, 81]: press 0 level:0[0m
[2019-08-20 18:13:36] [0;32mI (100518) [mesh-key, 95]: lift 0 level 1 tick = 68016[0m
[2019-08-20 18:13:36] [0;32mI (100518) mesh-key: æŒ‰é”®1å•å‡»[0m
[2019-08-20 18:13:36] [0;32mI (100538) [mesh-key, 81]: press 0 level:0[0m
[2019-08-20 18:13:36] [0;32mI (100565) [mesh-key, 81]: press 3 level:0[0m
[2019-08-20 18:13:36] [0;32mI (100586) [mesh-key, 95]: lift 1 level 1 tick = 708967[0m
[2019-08-20 18:13:36] [0;32mI (100586) mesh-key: æŒ‰é”®2å•å‡»[0m
[2019-08-20 18:13:36] [0;32mI (100779) [mesh-key, 95]: lift 0 level 1 tick = 241032[0m
[2019-08-20 18:13:36] [0;32mI (100779) mesh-key: æŒ‰é”®1å•å‡»[0m
[2019-08-20 18:13:36] [0;32mI (100798) [mesh-key, 95]: lift 3 level 1 tick = 233007[0m
[2019-08-20 18:13:36] [0;32mI (100798) mesh-key: æŒ‰é”®4å•å‡»[0m
[2019-08-20 18:13:36] [0;32mI (100798) [mesh-key, 81]: press 1 level:0[0m
[2019-08-20 18:13:36] [0;32mI (100818) [mesh-key, 81]: press 3 level:0[0m
[2019-08-20 18:13:36] [0;32mI (100864) [mesh-key, 95]: lift 3 level 1 tick = 45996[0m
[2019-08-20 18:13:36] [0;32mI (100864) mesh-key: æŒ‰é”®4å•å‡»[0m
[2019-08-20 18:13:36] [0;32mI (101025) [get_started, 27]: heap free: 155004[0m
[2019-08-20 18:13:36] [0;32mI (101048) [mesh-key, 95]: lift 1 level 1 tick = 249830[0m
[2019-08-20 18:13:36] [0;32mI (101048) mesh-key: æŒ‰é”®2å•å‡»[0m
[2019-08-20 18:13:36] [0;32mI (101180) [mesh-key, 81]: press 1 level:0[0m
[2019-08-20 18:13:36] [0;32mI (101190) [mesh-key, 81]: press 2 level:0[0m
[2019-08-20 18:13:36] [0;32mI (101248) [mesh-key, 95]: lift 2 level 1 tick = 57602[0m
[2019-08-20 18:13:36] [0;32mI (101248) mesh-key: æŒ‰é”®3å•å‡»[0m
[2019-08-20 18:13:36] [0;32mI (101499) [mesh-key, 95]: lift 1 level 1 tick = 319044[0m
[2019-08-20 18:13:37] [0;32mI (101499) mesh-key: æŒ‰é”®2å•å‡»[0m
[2019-08-20 18:13:37] [0;32mI (101640) [mesh-key, 81]: press 1 level:0[0m
[2019-08-20 18:13:37] [0;32mI (101806) [mesh-key, 81]: press 0 level:0[0m
[2019-08-20 18:13:37] [0;32mI (101826) [mesh-key, 95]: lift 0 level 1 tick = 19996[0m
[2019-08-20 18:13:37] [0;32mI (101826) mesh-key: æŒ‰é”®1å•å‡»[0m
[2019-08-20 18:13:37] [0;32mI (101833) [mesh-key, 81]: press 3 level:0[0m
[2019-08-20 18:13:37] [0;32mI (101882) [mesh-key, 95]: lift 1 level 1 tick = 242000[0m
[2019-08-20 18:13:37] [0;32mI (101882) mesh-key: æŒ‰é”®2å•å‡»[0m
[2019-08-20 18:13:37] [0;32mI (102157) [mesh-key, 81]: press 0 level:0[0m
[2019-08-20 18:13:37] [0;32mI (102212) [mesh-key, 95]: lift 3 level 1 tick = 379024[0m
[2019-08-20 18:13:37] [0;32mI (102212) mesh-key: æŒ‰é”®4å•å‡»[0m
[2019-08-20 18:13:37] [0;32mI (102387) [mesh-key, 95]: lift 0 level 1 tick = 229986[0m
[2019-08-20 18:13:37] [0;32mI (102387) mesh-key: æŒ‰é”®1å•å‡»[0m
[2019-08-20 18:13:37] [0;32mI (102525) [mesh-key, 81]: press 2 level:0[0m
[2019-08-20 18:13:38] [0;32mI (102704) [mesh-key, 95]: lift 2 level 1 tick = 178982[0m
[2019-08-20 18:13:38] [0;32mI (102704) mesh-key: æŒ‰é”®3å•å‡»[0m
[2019-08-20 18:13:38] [0;32mI (102927) [mesh-key, 81]: press 2 level:0[0m
[2019-08-20 18:13:38] [0;32mI (103045) [mesh-key, 95]: lift 2 level 1 tick = 118000[0m
[2019-08-20 18:13:38] [0;32mI (103045) mesh-key: æŒ‰é”®3å•å‡»[0m
[2019-08-20 18:13:38] [0;32mI (103205) [mesh-key, 81]: press 0 level:0[0m
[2019-08-20 18:13:38] [0;32mI (103361) [mesh-key, 95]: lift 0 level 1 tick = 155997[0m
[2019-08-20 18:13:38] [0;32mI (103361) mesh-key: æŒ‰é”®1å•å‡»[0m
[2019-08-20 18:13:38] [0;32mI (103413) [mesh-key, 81]: press 2 level:0[0m
[2019-08-20 18:13:38] [0;32mI (103483) [mesh-key, 81]: press 1 level:0[0m
[2019-08-20 18:13:39] [0;32mI (103521) [mesh-key, 95]: lift 2 level 1 tick = 107952[0m
[2019-08-20 18:13:39] [0;32mI (103521) mesh-key: æŒ‰é”®3å•å‡»[0m
[2019-08-20 18:13:39] [0;32mI (103733) [mesh-key, 95]: lift 1 level 1 tick = 250031[0m
[2019-08-20 18:13:39] [0;32mI (103733) mesh-key: æŒ‰é”®2å•å‡»[0m
[2019-08-20 18:13:39] [0;32mI (103779) [mesh-key, 81]: press 1 level:0[0m
[2019-08-20 18:13:39] [0;32mI (103987) [mesh-key, 95]: lift 1 level 1 tick = 208013[0m
[2019-08-20 18:13:39] [0;32mI (103987) mesh-key: æŒ‰é”®2å•å‡»[0m
[2019-08-20 18:13:39] [0;32mI (104008) [mesh-key, 81]: press 2 level:0[0m
[2019-08-20 18:13:39] [0;32mI (104025) [get_started, 27]: heap free: 155004[0m
[2019-08-20 18:13:39] [0;32mI (104038) [mesh-key, 95]: lift 2 level 1 tick = 29976[0m
[2019-08-20 18:13:39] [0;32mI (104038) mesh-key: æŒ‰é”®3å•å‡»[0m
[2019-08-20 18:13:39] [0;32mI (104115) [mesh-key, 81]: press 1 level:0[0m
[2019-08-20 18:13:39] [0;32mI (104312) [mesh-key, 81]: press 2 level:0[0m
[2019-08-20 18:13:39] [0;32mI (104361) [mesh-key, 95]: lift 2 level 1 tick = 48418[0m
[2019-08-20 18:13:39] [0;32mI (104361) mesh-key: æŒ‰é”®3å•å‡»[0m
[2019-08-20 18:13:39] [0;32mI (104425) [mesh-key, 81]: press 2 level:0[0m
[2019-08-20 18:13:40] [0;32mI (104864) [mesh-key, 95]: lift 2 level 1 tick = 439008[0m
[2019-08-20 18:13:40] [0;32mI (104864) mesh-key: æŒ‰é”®3å•å‡»[0m
[2019-08-20 18:13:40] [0;32mI (104890) [mesh-key, 95]: lift 1 level 1 tick = 774988[0m
[2019-08-20 18:13:40] [0;32mI (104890) mesh-key: æŒ‰é”®2å•å‡»[0m
[2019-08-20 18:13:40] [0;32mI (105225) [mesh-key, 81]: press 1 level:0[0m
[2019-08-20 18:13:40] [0;32mI (105306) [mesh-key, 81]: press 2 level:0[0m
[2019-08-20 18:13:40] [0;32mI (105336) [mesh-key, 81]: press 0 level:0[0m
[2019-08-20 18:13:40] [0;32mI (105587) [mesh-key, 95]: lift 1 level 1 tick = 361974[0m
[2019-08-20 18:13:41] [0;32mI (105587) mesh-key: æŒ‰é”®2å•å‡»[0m
[2019-08-20 18:13:41] [0;32mI (105588) [mesh-key, 95]: lift 0 level 1 tick = 251928[0m
[2019-08-20 18:13:41] [0;32mI (105592) mesh-key: æŒ‰é”®1å•å‡»[0m
[2019-08-20 18:13:41] [0;32mI (105596) [mesh-key, 95]: lift 2 level 1 tick = 290244[0m
[2019-08-20 18:13:41] [0;32mI (105602) mesh-key: æŒ‰é”®3å•å‡»[0m
[2019-08-20 18:13:41] [0;32mI (107025) [get_started, 27]: heap free: 155004[0m
[2019-08-20 18:13:42] [0;32mI (110027) [get_started, 27]: heap free: 155004[0m
[2019-08-20 18:13:45] [0;32mI (110735) [tcp client, 44]: Start TCP client read[0m
[2019-08-20 18:13:46] [0;32mI (110735) [tcp client, 12]: Create a tcp client, ip: 192.168.43.131, port: 1234[0m
[2019-08-20 18:13:46] [0;32mI (113027) [get_started, 27]: heap free: 154292[0m
[2019-08-20 18:13:48] [0;32mI (116027) [get_started, 27]: heap free: 154392[0m
[2019-08-20 18:13:51] [0;32mI (119027) [get_started, 27]: heap free: 154292[0m
[2019-08-20 18:13:54] [0;32mI (122027) [get_started, 27]: heap free: 154392[0m
[2019-08-20 18:13:57] [0;32mI (125027) [get_started, 27]: heap free: 154292[0m
[2019-08-20 18:14:00] 