ot:ˇets Jun  8 2016 00:22:57
[2019-08-21 10:53:02] 
[2019-08-21 10:53:02] rst:0x1 (POWERON_RESET),boot:0x13 (SPI_FAST_FLASH_BOOT)
[2019-08-21 10:53:02] configsip: 0, SPIWP:0xee
[2019-08-21 10:53:02] clk_drv:0x00,q_drv:0x00,d_drv:0x00,cs0_drv:0x00,hd_drv:0x00,wp_drv:0x00
[2019-08-21 10:53:02] mode:DIO, clock div:2
[2019-08-21 10:53:02] load:0x3fff0018,len:4
[2019-08-21 10:53:02] load:0x3fff001c,len:6192
[2019-08-21 10:53:02] ho 0 tail 12 room 4
[2019-08-21 10:53:02] load:0x40078000,len:10272
[2019-08-21 10:53:02] load:0x40080400,len:6608
[2019-08-21 10:53:02] entry 0x40080764
[2019-08-21 10:53:02] [0;32mI (30) boot: ESP-IDF v3.2.2-42-g4a9f33944-dirty 2nd stage bootloader[0m
[2019-08-21 10:53:02] [0;32mI (30) boot: compile time 18:19:05[0m
[2019-08-21 10:53:02] [0;32mI (30) boot: Enabling RNG early entropy source...[0m
[2019-08-21 10:53:02] [0;32mI (36) boot: SPI Speed      : 40MHz[0m
[2019-08-21 10:53:02] [0;32mI (41) boot: SPI Mode       : DIO[0m
[2019-08-21 10:53:02] [0;32mI (45) boot: SPI Flash Size : 4MB[0m
[2019-08-21 10:53:02] [0;32mI (49) boot: Partition Table:[0m
[2019-08-21 10:53:02] [0;32mI (52) boot: ## Label            Usage          Type ST Offset   Length[0m
[2019-08-21 10:53:02] [0;32mI (59) boot:  0 nvs              WiFi data        01 02 00009000 00004000[0m
[2019-08-21 10:53:02] [0;32mI (67) boot:  1 otadata          OTA data         01 00 0000d000 00002000[0m
[2019-08-21 10:53:02] [0;32mI (74) boot:  2 phy_init         RF data          01 01 0000f000 00001000[0m
[2019-08-21 10:53:02] [0;32mI (82) boot:  3 ota_0            OTA app          00 10 00010000 001e0000[0m
[2019-08-21 10:53:02] [0;32mI (89) boot:  4 ota_1            OTA app          00 11 001f0000 001e0000[0m
[2019-08-21 10:53:02] [0;32mI (97) boot:  5 coredump         Unknown data     01 03 003d0000 00010000[0m
[2019-08-21 10:53:02] [0;32mI (104) boot:  6 reserved         Unknown data     01 fe 003e0000 00020000[0m
[2019-08-21 10:53:02] [0;32mI (112) boot: End of partition table[0m
[2019-08-21 10:53:02] [0;32mI (116) boot: No factory image, trying OTA 0[0m
[2019-08-21 10:53:02] [0;32mI (121) esp_image: segment 0: paddr=0x00010020 vaddr=0x3f400020 size=0x29a04 (170500) map[0m
[2019-08-21 10:53:02] [0;32mI (190) esp_image: segment 1: paddr=0x00039a2c vaddr=0x3ffb0000 size=0x02c84 ( 11396) load[0m
[2019-08-21 10:53:02] [0;32mI (195) esp_image: segment 2: paddr=0x0003c6b8 vaddr=0x40080000 size=0x00400 (  1024) load[0m
[2019-08-21 10:53:02] [0;32mI (197) esp_image: segment 3: paddr=0x0003cac0 vaddr=0x40080400 size=0x03550 ( 13648) load[0m
[2019-08-21 10:53:02] [0;32mI (211) esp_image: segment 4: paddr=0x00040018 vaddr=0x400d0018 size=0xbf7d4 (784340) map[0m
[2019-08-21 10:53:02] [0;32mI (489) esp_image: segment 5: paddr=0x000ff7f4 vaddr=0x40083950 size=0x0c46c ( 50284) load[0m
[2019-08-21 10:53:03] [0;32mI (519) boot: Loaded app from partition at offset 0x10000[0m
[2019-08-21 10:53:03] [0;32mI (520) boot: Disabling RNG early entropy source...[0m
[2019-08-21 10:53:03] [0;32mI (520) cpu_start: Pro cpu up.[0m
[2019-08-21 10:53:03] [0;32mI (524) cpu_start: Single core mode[0m
[2019-08-21 10:53:03] [0;32mI (528) heap_init: Initializing. RAM available for dynamic allocation:[0m
[2019-08-21 10:53:03] [0;32mI (535) heap_init: At 3FFAE6E0 len 00001920 (6 KiB): DRAM[0m
[2019-08-21 10:53:03] [0;32mI (541) heap_init: At 3FFB9D78 len 00026288 (152 KiB): DRAM[0m
[2019-08-21 10:53:03] [0;32mI (547) heap_init: At 3FFE0440 len 0001FBC0 (126 KiB): D/IRAM[0m
[2019-08-21 10:53:03] [0;32mI (554) heap_init: At 40078000 len 00008000 (32 KiB): IRAM[0m
[2019-08-21 10:53:03] [0;32mI (560) heap_init: At 4008FDBC len 00010244 (64 KiB): IRAM[0m
[2019-08-21 10:53:03] [0;32mI (566) cpu_start: Pro cpu start user code[0m
[2019-08-21 10:53:03] D (248) [mupgrade_check, 142]: Add an identifier to the firmware: ** MUPGRADE_FIRMWARE_FLAG **[0m
[2019-08-21 10:53:03] [0;32mI (259) cpu_start: Starting scheduler on PRO CPU.[0m
[2019-08-21 10:53:03] [0;32mI (260) gpio: GPIO[4]| InputEn: 0| OutputEn: 1| OpenDrain: 0| Pullup: 0| Pulldown: 0| Intr:0 [0m
[2019-08-21 10:53:03] [0;32mI (263) gpio: GPIO[13]| InputEn: 0| OutputEn: 1| OpenDrain: 0| Pullup: 0| Pulldown: 0| Intr:0 [0m
[2019-08-21 10:53:03] [0;32mI (272) gpio: GPIO[21]| InputEn: 0| OutputEn: 1| OpenDrain: 0| Pullup: 0| Pulldown: 0| Intr:0 [0m
[2019-08-21 10:53:03] [0;32mI (282) gpio: GPIO[22]| InputEn: 0| OutputEn: 1| OpenDrain: 0| Pullup: 0| Pulldown: 0| Intr:0 [0m
[2019-08-21 10:53:03] [0;32mI (291) gpio: GPIO[23]| InputEn: 0| OutputEn: 1| OpenDrain: 0| Pullup: 0| Pulldown: 0| Intr:0 [0m
[2019-08-21 10:53:03] [0;32mI (300) gpio: GPIO[17]| InputEn: 0| OutputEn: 1| OpenDrain: 0| Pullup: 0| Pulldown: 0| Intr:0 [0m
[2019-08-21 10:53:03] [0;32mI (309) gpio: GPIO[5]| InputEn: 0| OutputEn: 1| OpenDrain: 0| Pullup: 0| Pulldown: 0| Intr:0 [0m
[2019-08-21 10:53:03] [0;32mI (319) gpio: GPIO[18]| InputEn: 0| OutputEn: 1| OpenDrain: 0| Pullup: 0| Pulldown: 0| Intr:0 [0m
[2019-08-21 10:53:03] [0;32mI (328) gpio: GPIO[19]| InputEn: 0| OutputEn: 1| OpenDrain: 0| Pullup: 0| Pulldown: 0| Intr:0 [0m
[2019-08-21 10:53:03] [0;32mI (337) gpio: GPIO[33]| InputEn: 1| OutputEn: 0| OpenDrain: 0| Pullup: 1| Pulldown: 0| Intr:3 [0m
[2019-08-21 10:53:03] [0;32mI (346) gpio: GPIO[25]| InputEn: 1| OutputEn: 0| OpenDrain: 0| Pullup: 1| Pulldown: 0| Intr:3 [0m
[2019-08-21 10:53:03] [0;32mI (356) gpio: GPIO[26]| InputEn: 1| OutputEn: 0| OpenDrain: 0| Pullup: 1| Pulldown: 0| Intr:3 [0m
[2019-08-21 10:53:03] [0;32mI (365) gpio: GPIO[32]| InputEn: 1| OutputEn: 0| OpenDrain: 0| Pullup: 0| Pulldown: 1| Intr:3 [0m
[2019-08-21 10:53:03] [0;32mI (375) [mupgrade_example, 357]: Starting OTA example ...[0m
[2019-08-21 10:53:03] I (384) wifi: wifi driver task: 3ffc2c8c, prio:23, stack:3584, core=0
[2019-08-21 10:53:03] [0;32mI (387) system_api: Base MAC address is not set, read default base MAC address from BLK0 of EFUSE[0m
[2019-08-21 10:53:03] [0;32mI (396) system_api: Base MAC address is not set, read default base MAC address from BLK0 of EFUSE[0m
[2019-08-21 10:53:03] I (419) wifi: wifi firmware version: 0c3a77a
[2019-08-21 10:53:03] I (420) wifi: config NVS flash: enabled
[2019-08-21 10:53:03] I (420) wifi: config nano formating: disabled
[2019-08-21 10:53:03] I (420) wifi: Init dynamic tx buffer num: 32
[2019-08-21 10:53:03] I (424) wifi: Init data frame dynamic rx buffer num: 32
[2019-08-21 10:53:03] I (429) wifi: Init management frame dynamic rx buffer num: 32
[2019-08-21 10:53:03] I (435) wifi: Init management short buffer num: 32
[2019-08-21 10:53:03] I (439) wifi: Init static rx buffer size: 1600
[2019-08-21 10:53:03] I (443) wifi: Init static rx buffer num: 10
[2019-08-21 10:53:03] I (447) wifi: Init dynamic rx buffer num: 32
[2019-08-21 10:53:03] I (452) wifi: Set ps type: 0
[2019-08-21 10:53:03] 
[2019-08-21 10:53:03] [0;33mW (454) phy_init: failed to load RF calibration data (0x1102), falling back to full calibration[0m
[2019-08-21 10:53:03] [0;32mI (615) phy: phy_version: 4008, 544f89f, Jan 24 2019, 14:54:06, 0, 2[0m
[2019-08-21 10:53:03] I (624) wifi: mode : sta (3c:71:bf:0f:cd:dc)
[2019-08-21 10:53:03] [0;32mI (626) [mwifi, 177]: esp-mdf version: v1.0-beta1-dirty[0m
[2019-08-21 10:53:03] W (627) wifi: [beacon]interval:100ms
[2019-08-21 10:53:03] I (627) wifi: mode : sta (3c:71:bf:0f:cd:dc) + softAP (3c:71:bf:0f:cd:dd)
[2019-08-21 10:53:03] I (635) wifi: Total power save buffer number: 16
[2019-08-21 10:53:03] I (638) wifi: Init max length of beacon: 752/752
[2019-08-21 10:53:03] I (643) wifi: Init max length of beacon: 752/752
[2019-08-21 10:53:03] I (650) mesh: <nvs>read layer:0, err:0x1102
[2019-08-21 10:53:03] I (650) mesh: <nvs>read assoc:0, err:0x1102
[2019-08-21 10:53:03] W (655) wifi: [beacon]interval:100ms
[2019-08-21 10:53:03] I (664) wifi: Total power save buffer number: 16
[2019-08-21 10:53:03] I (1665) wifi: Set ps type: 0
[2019-08-21 10:53:04] 
[2019-08-21 10:53:04] I (1670) wifi: mode : sta (3c:71:bf:0f:cd:dc)
[2019-08-21 10:53:04] I (1673) mesh: <MESH_NWK_LOOK_FOR_NETWORK>need_scan:0x3, need_scan_router:0x0, look_for_nwk_count:1
[2019-08-21 10:53:04] [0;32mI (1674) [mwifi, 113]: MESH is started[0m
[2019-08-21 10:53:04] [0;32mI (4677) [get_started, 27]: heap free: 176824[0m
[2019-08-21 10:53:07] [0;32mI (4834) [mesh-key, 83]: press 0 level:0[0m
[2019-08-21 10:53:07] [0;32mI (5012) [mesh-key, 98]: lift 0 level 1 tick = 177948[0m
[2019-08-21 10:53:08] [0;32mI (5012) mesh-key: ÊåâÈîÆ1ÂçïÂáª[0m
[2019-08-21 10:53:08] [0;32mI (5391) [mesh-key, 83]: press 0 level:0[0m
[2019-08-21 10:53:08] I (5584) mesh: [FIND][ch:0]AP:23, otherID:0, MAP:0, idle:0, candidate:0, root:0[00:00:00:00:00:00]
[2019-08-21 10:53:08] I (5585) mesh: [FIND:1]fail to find a network, channel:0, cfg<channel:0, router:Mr.Hu, 00:00:00:00:00:00>
[2019-08-21 10:53:08] 
[2019-08-21 10:53:08] I (5592) mesh: <MESH_NWK_LOOK_FOR_NETWORK>need_scan:0x3, need_scan_router:0x1, look_for_nwk_count:2
[2019-08-21 10:53:08] [0;32mI (5677) [mesh-key, 98]: lift 0 level 1 tick = 285438[0m
[2019-08-21 10:53:08] [0;32mI (5677) mesh-key: ÊåâÈîÆ1ÂçïÂáª[0m
[2019-08-21 10:53:08] [0;32mI (6259) [mesh-key, 83]: press 0 level:0[0m
[2019-08-21 10:53:09] [0;32mI (6437) [mesh-key, 98]: lift 0 level 1 tick = 178028[0m
[2019-08-21 10:53:09] [0;32mI (6437) mesh-key: ÊåâÈîÆ1ÂçïÂáª[0m
[2019-08-21 10:53:09] [0;32mI (6674) [mesh-key, 83]: press 0 level:0[0m
[2019-08-21 10:53:09] [0;32mI (6817) [mesh-key, 98]: lift 0 level 1 tick = 143008[0m
[2019-08-21 10:53:09] [0;32mI (6817) mesh-key: ÊåâÈîÆ1ÂçïÂáª[0m
[2019-08-21 10:53:09] [0;32mI (7090) [mesh-key, 83]: press 0 level:0[0m
[2019-08-21 10:53:10] I (7176) mesh: [FIND][ch:0]AP:0, otherID:0, MAP:0, idle:0, candidate:0, root:0[00:00:00:00:00:00]<scan router>
[2019-08-21 10:53:10] I (7177) mesh: [FIND:2]fail to find a network, channel:0, cfg<channel:0, router:Mr.Hu, 00:00:00:00:00:00>
[2019-08-21 10:53:10] 
[2019-08-21 10:53:10] I (7185) mesh: <MESH_NWK_LOOK_FOR_NETWORK>need_scan:0x3, need_scan_router:0x0, look_for_nwk_count:3
[2019-08-21 10:53:10] [0;32mI (7209) [mesh-key, 98]: lift 0 level 1 tick = 119710[0m
[2019-08-21 10:53:10] [0;32mI (7210) mesh-key: ÊåâÈîÆ1ÂçïÂáª[0m
[2019-08-21 10:53:10] [0;32mI (7529) [mesh-key, 83]: press 0 level:0[0m
[2019-08-21 10:53:10] [0;32mI (7648) [mesh-key, 98]: lift 0 level 1 tick = 119008[0m
[2019-08-21 10:53:10] [0;32mI (7648) mesh-key: ÊåâÈîÆ1ÂçïÂáª[0m
[2019-08-21 10:53:10] [0;32mI (7677) [get_started, 27]: heap free: 177568[0m
[2019-08-21 10:53:10] [0;32mI (7980) [mesh-key, 83]: press 0 level:0[0m
[2019-08-21 10:53:11] [0;32mI (8111) [mesh-key, 98]: lift 0 level 1 tick = 131551[0m
[2019-08-21 10:53:11] [0;32mI (8111) mesh-key: ÊåâÈîÆ1ÂçïÂáª[0m
[2019-08-21 10:53:11] [0;32mI (8360) [mesh-key, 83]: press 0 level:0[0m
[2019-08-21 10:53:11] [0;32mI (8491) [mesh-key, 98]: lift 0 level 1 tick = 131036[0m
[2019-08-21 10:53:11] [0;32mI (8491) mesh-key: ÊåâÈîÆ1ÂçïÂáª[0m
[2019-08-21 10:53:11] [0;32mI (8764) [mesh-key, 83]: press 0 level:0[0m
[2019-08-21 10:53:11] [0;32mI (8894) [mesh-key, 98]: lift 0 level 1 tick = 130012[0m
[2019-08-21 10:53:11] [0;32mI (8894) mesh-key: ÊåâÈîÆ1ÂçïÂáª[0m
[2019-08-21 10:53:11] [0;32mI (9179) [mesh-key, 83]: press 0 level:0[0m
[2019-08-21 10:53:12] [0;32mI (9262) [mesh-key, 98]: lift 0 level 1 tick = 82985[0m
[2019-08-21 10:53:12] [0;32mI (9262) mesh-key: ÊåâÈîÆ1ÂçïÂáª[0m
[2019-08-21 10:53:12] [0;32mI (9903) [mesh-key, 83]: press 0 level:0[0m
[2019-08-21 10:53:12] [0;32mI (9963) [mesh-key, 98]: lift 0 level 1 tick = 60005[0m
[2019-08-21 10:53:13] [0;32mI (9963) mesh-key: ÊåâÈîÆ1ÂçïÂáª[0m
[2019-08-21 10:53:13] [0;32mI (10295) [mesh-key, 83]: press 0 level:0[0m
[2019-08-21 10:53:13] [0;32mI (10343) [mesh-key, 98]: lift 0 level 1 tick = 47993[0m
[2019-08-21 10:53:13] [0;32mI (10343) mesh-key: ÊåâÈîÆ1ÂçïÂáª[0m
[2019-08-21 10:53:13] [0;32mI (10627) [mesh-key, 83]: press 0 level:0[0m
[2019-08-21 10:53:13] [0;32mI (10677) [get_started, 27]: heap free: 176668[0m
[2019-08-21 10:53:13] [0;32mI (10687) [mesh-key, 98]: lift 0 level 1 tick = 60064[0m
[2019-08-21 10:53:13] [0;32mI (10687) mesh-key: ÊåâÈîÆ1ÂçïÂáª[0m
[2019-08-21 10:53:13] I (11104) mesh: [FIND][ch:0]AP:21, otherID:0, MAP:0, idle:0, candidate:0, root:0[00:00:00:00:00:00]
[2019-08-21 10:53:14] I (11105) mesh: [FIND:3]fail to find a network, channel:0, cfg<channel:0, router:Mr.Hu, 00:00:00:00:00:00>
[2019-08-21 10:53:14] 
[2019-08-21 10:53:14] I (11112) mesh: <MESH_NWK_LOOK_FOR_NETWORK>need_scan:0x3, need_scan_router:0x1, look_for_nwk_count:4
[2019-08-21 10:53:14] [0;32mI (11304) [mesh-key, 83]: press 0 level:0[0m
[2019-08-21 10:53:14] [0;32mI (11364) [mesh-key, 98]: lift 0 level 1 tick = 59981[0m
[2019-08-21 10:53:14] [0;32mI (11364) mesh-key: ÊåâÈîÆ1ÂçïÂáª[0m
[2019-08-21 10:53:14] [0;32mI (11696) [mesh-key, 83]: press 0 level:0[0m
[2019-08-21 10:53:14] [0;32mI (11755) [mesh-key, 98]: lift 0 level 1 tick = 58992[0m
[2019-08-21 10:53:14] [0;32mI (11755) mesh-key: ÊåâÈîÆ1ÂçïÂáª[0m
[2019-08-21 10:53:14] [0;32mI (12040) [mesh-key, 83]: press 0 level:0[0m
[2019-08-21 10:53:15] [0;32mI (12123) [mesh-key, 98]: lift 0 level 1 tick = 83008[0m
[2019-08-21 10:53:15] [0;32mI (12123) mesh-key: ÊåâÈîÆ1ÂçïÂáª[0m
[2019-08-21 10:53:15] [0;32mI (12326) [mesh-key, 83]: press 2 level:0[0m
[2019-08-21 10:53:15] [0;32mI (12433) [mesh-key, 98]: lift 2 level 1 tick = 107011[0m
[2019-08-21 10:53:15] [0;32mI (12433) mesh-key: ÊåâÈîÆ3ÂçïÂáª[0m
[2019-08-21 10:53:15] I (12697) mesh: [FIND][ch:0]AP:0, otherID:0, MAP:0, idle:0, candidate:0, root:0[00:00:00:00:00:00]<scan router>
[2019-08-21 10:53:15] I (12698) mesh: [FIND:4]fail to find a network, channel:0, cfg<channel:0, router:Mr.Hu, 00:00:00:00:00:00>
[2019-08-21 10:53:15] 
[2019-08-21 10:53:15] I (12706) mesh: <MESH_NWK_LOOK_FOR_NETWORK>need_scan:0x3, need_scan_router:0x0, look_for_nwk_count:5
[2019-08-21 10:53:15] [0;32mI (12872) [mesh-key, 83]: press 2 level:0[0m
[2019-08-21 10:53:15] [0;32mI (12944) [mesh-key, 98]: lift 2 level 1 tick = 72201[0m
[2019-08-21 10:53:16] [0;32mI (12944) mesh-key: ÊåâÈîÆ3ÂçïÂáª[0m
[2019-08-21 10:53:16] [0;32mI (13288) [mesh-key, 83]: press 2 level:0[0m
[2019-08-21 10:53:16] [0;32mI (13359) [mesh-key, 98]: lift 2 level 1 tick = 71004[0m
[2019-08-21 10:53:16] [0;32mI (13359) mesh-key: ÊåâÈîÆ3ÂçïÂáª[0m
[2019-08-21 10:53:16] [0;32mI (13609) [mesh-key, 83]: press 2 level:0[0m
[2019-08-21 10:53:16] [0;32mI (13677) [get_started, 27]: heap free: 177568[0m
[2019-08-21 10:53:16] [0;32mI (13692) [mesh-key, 98]: lift 2 level 1 tick = 82994[0m
[2019-08-21 10:53:16] [0;32mI (13692) mesh-key: ÊåâÈîÆ3ÂçïÂáª[0m
[2019-08-21 10:53:16] [0;32mI (13809) [mesh-key, 83]: press 1 level:1[0m
[2019-08-21 10:53:16] [0;32mI (13880) [mesh-key, 98]: lift 1 level 0 tick = 70996[0m
[2019-08-21 10:53:16] [0;32mI (13880) mesh-key: ÊåâÈîÆ2ÂçïÂáª[0m
[2019-08-21 10:53:16] [0;32mI (14248) [mesh-key, 83]: press 1 level:1[0m
[2019-08-21 10:53:17] [0;32mI (14307) [mesh-key, 98]: lift 1 level 0 tick = 59017[0m
[2019-08-21 10:53:17] [0;32mI (14307) mesh-key: ÊåâÈîÆ2ÂçïÂáª[0m
[2019-08-21 10:53:17] [0;32mI (14640) [mesh-key, 83]: press 1 level:1[0m
[2019-08-21 10:53:17] [0;32mI (14687) [mesh-key, 98]: lift 1 level 0 tick = 47066[0m
[2019-08-21 10:53:17] [0;32mI (14687) mesh-key: ÊåâÈîÆ2ÂçïÂáª[0m
[2019-08-21 10:53:17] [0;32mI (14984) [mesh-key, 83]: press 1 level:1[0m
[2019-08-21 10:53:18] [0;32mI (15044) [mesh-key, 98]: lift 1 level 0 tick = 60027[0m
[2019-08-21 10:53:18] [0;32mI (15044) mesh-key: ÊåâÈîÆ2ÂçïÂáª[0m
[2019-08-21 10:53:18] [0;32mI (15616) [mesh-key, 83]: press 3 level:0[0m
[2019-08-21 10:53:18] [0;32mI (15637) [mesh-key, 83]: press 1 level:1[0m
[2019-08-21 10:53:18] [0;32mI (15709) [mesh-key, 98]: lift 1 level 0 tick = 72015[0m
[2019-08-21 10:53:18] [0;32mI (15709) mesh-key: ÊåâÈîÆ2ÂçïÂáª[0m
[2019-08-21 10:53:18] I (16625) mesh: [FIND][ch:0]AP:22, otherID:0, MAP:0, idle:0, candidate:0, root:0[00:00:00:00:00:00]
[2019-08-21 10:53:19] I (16626) mesh: [FIND:5]fail to find a network, channel:0, cfg<channel:0, router:Mr.Hu, 00:00:00:00:00:00>
[2019-08-21 10:53:19] 
[2019-08-21 10:53:19] I (16633) mesh: <MESH_NWK_LOOK_FOR_NETWORK>need_scan:0x3, need_scan_router:0x1, look_for_nwk_count:6
[2019-08-21 10:53:19] [0;32mI (16677) [get_started, 27]: heap free: 178268[0m
[2019-08-21 10:53:19] [0;32mI (18170) [mesh-key, 98]: lift 3 level 1 tick = 2554028[0m
[2019-08-21 10:53:21] [0;32mI (18170) mesh-key: ÊåâÈîÆ4ÈïøÊåâ[0m
[2019-08-21 10:53:21] I (18217) mesh: [FIND][ch:0]AP:0, otherID:0, MAP:0, idle:0, candidate:0, root:0[00:00:00:00:00:00]<scan router>
[2019-08-21 10:53:21] I (18217) mesh: [FIND:6]fail to find a network, channel:0, cfg<channel:0, router:Mr.Hu, 00:00:00:00:00:00>
[2019-08-21 10:53:21] 
[2019-08-21 10:53:21] I (18226) mesh: <MESH_NWK_LOOK_FOR_NETWORK>need_scan:0x3, need_scan_router:0x0, look_for_nwk_count:7
[2019-08-21 10:53:21] [0;32mI (18289) [mesh-key, 83]: press 3 level:0[0m
[2019-08-21 10:53:21] [0;32mI (18431) [mesh-key, 98]: lift 3 level 1 tick = 141973[0m
[2019-08-21 10:53:21] [0;32mI (18431) mesh-key: ÊåâÈîÆ4ÂçïÂáª[0m
[2019-08-21 10:53:21] [0;32mI (18799) [mesh-key, 83]: press 3 level:0[0m
[2019-08-21 10:53:21] [0;32mI (18966) [mesh-key, 98]: lift 3 level 1 tick = 166988[0m
[2019-08-21 10:53:22] [0;32mI (18966) mesh-key: ÊåâÈîÆ4ÂçïÂáª[0m
[2019-08-21 10:53:22] [0;32mI (19381) [mesh-key, 83]: press 3 level:0[0m
[2019-08-21 10:53:22] [0;32mI (19536) [mesh-key, 98]: lift 3 level 1 tick = 155017[0m
[2019-08-21 10:53:22] [0;32mI (19536) mesh-key: ÊåâÈîÆ4ÂçïÂáª[0m
[2019-08-21 10:53:22] [0;32mI (19677) [get_started, 27]: heap free: 177668[0m
[2019-08-21 10:53:22] [0;32mI (19833) [mesh-key, 83]: press 3 level:0[0m
[2019-08-21 10:53:22] [0;32mI (19975) [mesh-key, 98]: lift 3 level 1 tick = 142032[0m
[2019-08-21 10:53:23] [0;32mI (19975) mesh-key: ÊåâÈîÆ4ÂçïÂáª[0m
[2019-08-21 10:53:23] [0;32mI (20177) [mesh-key, 83]: press 3 level:0[0m
[2019-08-21 10:53:23] [0;32mI (20332) [mesh-key, 98]: lift 3 level 1 tick = 155004[0m
[2019-08-21 10:53:23] [0;32mI (20332) mesh-key: ÊåâÈîÆ4ÂçïÂáª[0m
[2019-08-21 10:53:23] [0;32mI (20522) [mesh-key, 83]: press 3 level:0[0m
[2019-08-21 10:53:23] [0;32mI (20688) [mesh-key, 98]: lift 3 level 1 tick = 165996[0m
[2019-08-21 10:53:23] [0;32mI (20688) mesh-key: ÊåâÈîÆ4ÂçïÂáª[0m
[2019-08-21 10:53:23] [0;32mI (21186) [mesh-key, 83]: press 2 level:0[0m
[2019-08-21 10:53:24] [0;32mI (21281) [mesh-key, 98]: lift 2 level 1 tick = 95032[0m
[2019-08-21 10:53:24] [0;32mI (21281) mesh-key: ÊåâÈîÆ3ÂçïÂáª[0m
[2019-08-21 10:53:24] [0;32mI (21566) [mesh-key, 83]: press 2 level:0[0m
[2019-08-21 10:53:24] [0;32mI (21638) [mesh-key, 98]: lift 2 level 1 tick = 72008[0m
[2019-08-21 10:53:24] [0;32mI (21638) mesh-key: ÊåâÈîÆ3ÂçïÂáª[0m
[2019-08-21 10:53:24] [0;32mI (22004) [mesh-key, 83]: press 1 level:1[0m
[2019-08-21 10:53:25] [0;32mI (22111) [mesh-key, 98]: lift 1 level 0 tick = 107011[0m
[2019-08-21 10:53:25] [0;32mI (22111) mesh-key: ÊåâÈîÆ2ÂçïÂáª[0m
[2019-08-21 10:53:25] I (22146) mesh: [FIND][ch:0]AP:20, otherID:0, MAP:0, idle:0, candidate:0, root:0[00:00:00:00:00:00]
[2019-08-21 10:53:25] I (22146) mesh: [FIND:7]fail to find a network, channel:0, cfg<channel:0, router:Mr.Hu, 00:00:00:00:00:00>
[2019-08-21 10:53:25] 
[2019-08-21 10:53:25] I (22154) mesh: <MESH_NWK_LOOK_FOR_NETWORK>need_scan:0x3, need_scan_router:0x1, look_for_nwk_count:8
[2019-08-21 10:53:25] [0;32mI (22408) [mesh-key, 83]: press 1 level:1[0m
[2019-08-21 10:53:25] [0;32mI (22491) [mesh-key, 98]: lift 1 level 0 tick = 82842[0m
[2019-08-21 10:53:25] [0;32mI (22491) mesh-key: ÊåâÈîÆ2ÂçïÂáª[0m
[2019-08-21 10:53:25] [0;32mI (22677) [get_started, 27]: heap free: 178268[0m
[2019-08-21 10:53:25] [0;32mI (22825) [mesh-key, 83]: press 0 level:0[0m
[2019-08-21 10:53:25] [0;32mI (22944) [mesh-key, 98]: lift 0 level 1 tick = 118985[0m
[2019-08-21 10:53:26] [0;32mI (22944) mesh-key: ÊåâÈîÆ1ÂçïÂáª[0m
[2019-08-21 10:53:26] [0;32mI (23217) [mesh-key, 83]: press 0 level:0[0m
[2019-08-21 10:53:26] [0;32mI (23336) [mesh-key, 98]: lift 0 level 1 tick = 119000[0m
[2019-08-21 10:53:26] [0;32mI (23336) mesh-key: ÊåâÈîÆ1ÂçïÂáª[0m
[2019-08-21 10:53:26] [0;32mI (23573) [mesh-key, 83]: press 0 level:0[0m
[2019-08-21 10:53:26] [0;32mI (23716) [mesh-key, 98]: lift 0 level 1 tick = 143012[0m
[2019-08-21 10:53:26] [0;32mI (23716) mesh-key: ÊåâÈîÆ1ÂçïÂáª[0m
[2019-08-21 10:53:26] I (23739) mesh: [FIND][ch:0]AP:0, otherID:0, MAP:0, idle:0, candidate:0, root:0[00:00:00:00:00:00]<scan router>
[2019-08-21 10:53:26] I (23739) mesh: [FIND:8]fail to find a network, channel:0, cfg<channel:0, router:Mr.Hu, 00:00:00:00:00:00>
[2019-08-21 10:53:26] 
[2019-08-21 10:53:26] I (23748) mesh: <MESH_NWK_LOOK_FOR_NETWORK>need_scan:0x3, need_scan_router:0x0, look_for_nwk_count:9
[2019-08-21 10:53:26] [0;32mI (23894) [mesh-key, 83]: press 0 level:0[0m
[2019-08-21 10:53:26] [0;32mI (24013) [mesh-key, 98]: lift 0 level 1 tick = 118976[0m
[2019-08-21 10:53:27] [0;32mI (24013) mesh-key: ÊåâÈîÆ1ÂçïÂáª[0m
[2019-08-21 10:53:27] [0;32mI (24215) [mesh-key, 83]: press 0 level:0[0m
[2019-08-21 10:53:27] [0;32mI (24322) [mesh-key, 98]: lift 0 level 1 tick = 107005[0m
[2019-08-21 10:53:27] [0;32mI (24322) mesh-key: ÊåâÈîÆ1ÂçïÂáª[0m
[2019-08-21 10:53:27] [0;32mI (24536) [mesh-key, 83]: press 0 level:0[0m
[2019-08-21 10:53:27] [0;32mI (24643) [mesh-key, 98]: lift 0 level 1 tick = 106997[0m
[2019-08-21 10:53:27] [0;32mI (24643) mesh-key: ÊåâÈîÆ1ÂçïÂáª[0m
[2019-08-21 10:53:27] [0;32mI (25677) [get_started, 27]: heap free: 177072[0m
[2019-08-21 10:53:28] I (27667) mesh: [FIND][ch:0]AP:23, otherID:0, MAP:0, idle:0, candidate:0, root:0[00:00:00:00:00:00]
[2019-08-21 10:53:30] I (27667) mesh: [FIND:9]fail to find a network, channel:0, cfg<channel:0, router:Mr.Hu, 00:00:00:00:00:00>
[2019-08-21 10:53:30] 
[2019-08-21 10:53:30] I (27675) mesh: <MESH_NWK_LOOK_FOR_NETWORK>need_scan:0x3, need_scan_router:0x1, look_for_nwk_count:10
[2019-08-21 10:53:30] [0;32mI (28677) [get_started, 27]: heap free: 178268[0m
[2019-08-21 10:53:31] I (29258) mesh: [FIND][ch:0]AP:0, otherID:0, MAP:0, idle:0, candidate:0, root:0[00:00:00:00:00:00]<scan router>
[2019-08-21 10:53:32] I (29259) mesh: [FIND:10]fail to find a network, channel:0, cfg<channel:0, router:Mr.Hu, 00:00:00:00:00:00>
[2019-08-21 10:53:32] 
[2019-08-21 10:53:32] I (29267) mesh: <MESH_NWK_LOOK_FOR_NETWORK>need_scan:0x3, need_scan_router:0x0, look_for_nwk_count:11
[2019-08-21 10:53:32] [0;32mI (30571) [mesh-key, 83]: press 0 level:0[0m
[2019-08-21 10:53:33] [0;32mI (30846) [mesh-key, 83]: press 3 level:0[0m
[2019-08-21 10:53:33] [0;32mI (30856) [mesh-key, 98]: lift 0 level 1 tick = 285004[0m
[2019-08-21 10:53:33] [0;32mI (30856) mesh-key: ÊåâÈîÆ1ÂçïÂáª[0m
[2019-08-21 10:53:33] [0;32mI (30987) [mesh-key, 83]: press 0 level:0[0m
[2019-08-21 10:53:34] [0;32mI (31095) [mesh-key, 98]: lift 3 level 1 tick = 249016[0m
[2019-08-21 10:53:34] [0;32mI (31095) mesh-key: ÊåâÈîÆ4ÂçïÂáª[0m
[2019-08-21 10:53:34] [0;32mI (31331) [mesh-key, 98]: lift 0 level 1 tick = 343915[0m
[2019-08-21 10:53:34] [0;32mI (31331) mesh-key: ÊåâÈîÆ1ÂçïÂáª[0m
[2019-08-21 10:53:34] [0;32mI (31414) [mesh-key, 83]: press 0 level:0[0m
[2019-08-21 10:53:34] [0;32mI (31677) [get_started, 27]: heap free: 177168[0m
[2019-08-21 10:53:34] [0;32mI (31901) [mesh-key, 98]: lift 0 level 1 tick = 487008[0m
[2019-08-21 10:53:34] [0;32mI (31901) mesh-key: ÊåâÈîÆ1ÂçïÂáª[0m
[2019-08-21 10:53:34] [0;32mI (32115) [mesh-key, 83]: press 0 level:0[0m
[2019-08-21 10:53:35] [0;32mI (32234) [mesh-key, 98]: lift 0 level 1 tick = 118997[0m
[2019-08-21 10:53:35] [0;32mI (32234) mesh-key: ÊåâÈîÆ1ÂçïÂáª[0m
[2019-08-21 10:53:35] I (33187) mesh: [FIND][ch:0]AP:22, otherID:0, MAP:0, idle:0, candidate:0, root:0[00:00:00:00:00:00]
[2019-08-21 10:53:36] I (33187) mesh: [FIND:11]fail to find a network, channel:0, cfg<channel:0, router:Mr.Hu, 00:00:00:00:00:00>
[2019-08-21 10:53:36] 
[2019-08-21 10:53:36] I (33195) mesh: <MESH_NWK_LOOK_FOR_NETWORK>need_scan:0x3, need_scan_router:0x1, look_for_nwk_count:12
[2019-08-21 10:53:36] [0;32mI (34526) [mesh-key, 83]: press 0 level:0[0m
[2019-08-21 10:53:37] [0;32mI (34677) [get_started, 27]: heap free: 178268[0m
[2019-08-21 10:53:37] [0;32mI (34704) [mesh-key, 98]: lift 0 level 1 tick = 177969[0m
[2019-08-21 10:53:37] [0;32mI (34704) mesh-key: ÊåâÈîÆ1ÂçïÂáª[0m
[2019-08-21 10:53:37] I (34779) mesh: [FIND][ch:0]AP:0, otherID:0, MAP:0, idle:0, candidate:0, root:0[00:00:00:00:00:00]<scan router>
[2019-08-21 10:53:37] I (34779) mesh: [FIND:12]fail to find a network, channel:0, cfg<channel:0, router:Mr.Hu, 00:00:00:00:00:00>
[2019-08-21 10:53:37] 
[2019-08-21 10:53:37] I (34788) mesh: <MESH_NWK_LOOK_FOR_NETWORK>need_scan:0x3, need_scan_router:0x0, look_for_nwk_count:13
[2019-08-21 10:53:37] [0;32mI (35690) [mesh-key, 83]: press 0 level:0[0m
[2019-08-21 10:53:38] [0;32mI (35868) [mesh-key, 98]: lift 0 level 1 tick = 177985[0m
[2019-08-21 10:53:38] [0;32mI (35868) mesh-key: ÊåâÈîÆ1ÂçïÂáª[0m
[2019-08-21 10:53:38] [0;32mI (36200) [mesh-key, 83]: press 0 level:0[0m
[2019-08-21 10:53:39] [0;32mI (36367) [mesh-key, 98]: lift 0 level 1 tick = 167009[0m
[2019-08-21 10:53:39] [0;32mI (36367) mesh-key: ÊåâÈîÆ1ÂçïÂáª[0m
[2019-08-21 10:53:39] [0;32mI (36640) [mesh-key, 83]: press 0 level:0[0m
[2019-08-21 10:53:39] [0;32mI (36794) [mesh-key, 98]: lift 0 level 1 tick = 154004[0m
[2019-08-21 10:53:39] [0;32mI (36794) mesh-key: ÊåâÈîÆ1ÂçïÂáª[0m
[2019-08-21 10:53:39] [0;32mI (37079) [mesh-key, 83]: press 0 level:0[0m
[2019-08-21 10:53:40] [0;32mI (37245) [mesh-key, 98]: lift 0 level 1 tick = 165996[0m
[2019-08-21 10:53:40] [0;32mI (37245) mesh-key: ÊåâÈîÆ1ÂçïÂáª[0m
[2019-08-21 10:53:40] [0;32mI (37483) [mesh-key, 83]: press 0 level:0[0m
[2019-08-21 10:53:40] [0;32mI (37637) [mesh-key, 98]: lift 0 level 1 tick = 154005[0m
[2019-08-21 10:53:40] [0;32mI (37637) mesh-key: ÊåâÈîÆ1ÂçïÂáª[0m
[2019-08-21 10:53:40] [0;32mI (37677) [get_started, 27]: heap free: 176968[0m
[2019-08-21 10:53:40] [0;32mI (37887) [mesh-key, 83]: press 0 level:0[0m
[2019-08-21 10:53:40] [0;32mI (38041) [mesh-key, 98]: lift 0 level 1 tick = 153997[0m
[2019-08-21 10:53:41] [0;32mI (38041) mesh-key: ÊåâÈîÆ1ÂçïÂáª[0m
[2019-08-21 10:53:41] [0;32mI (38255) [mesh-key, 83]: press 0 level:0[0m
[2019-08-21 10:53:41] [0;32mI (38421) [mesh-key, 98]: lift 0 level 1 tick = 166056[0m
[2019-08-21 10:53:41] [0;32mI (38421) mesh-key: ÊåâÈîÆ1ÂçïÂáª[0m
[2019-08-21 10:53:41] [0;32mI (38670) [mesh-key, 83]: press 0 level:0[0m
[2019-08-21 10:53:41] I (38708) mesh: [FIND][ch:0]AP:21, otherID:0, MAP:0, idle:0, candidate:0, root:0[00:00:00:00:00:00]
[2019-08-21 10:53:41] I (38708) mesh: [FIND:13]fail to find a network, channel:0, cfg<channel:0, router:Mr.Hu, 00:00:00:00:00:00>
[2019-08-21 10:53:41] 
[2019-08-21 10:53:41] I (38715) mesh: <MESH_NWK_LOOK_FOR_NETWORK>need_scan:0x3, need_scan_router:0x1, look_for_nwk_count:14
[2019-08-21 10:53:41] [0;32mI (38801) [mesh-key, 98]: lift 0 level 1 tick = 131020[0m
[2019-08-21 10:53:41] [0;32mI (38801) mesh-key: ÊåâÈîÆ1ÂçïÂáª[0m
[2019-08-21 10:53:41] I (40300) mesh: [FIND][ch:0]AP:0, otherID:0, MAP:0, idle:0, candidate:0, root:0[00:00:00:00:00:00]<scan router>
[2019-08-21 10:53:43] I (40300) mesh: [FIND:14]fail to find a network, channel:0, cfg<channel:0, router:Mr.Hu, 00:00:00:00:00:00>
[2019-08-21 10:53:43] 
[2019-08-21 10:53:43] I (40309) mesh: <MESH_NWK_LOOK_FOR_NETWORK>need_scan:0x3, need_scan_router:0x0, look_for_nwk_count:15
[2019-08-21 10:53:43] [0;32mI (40677) [get_started, 27]: heap free: 177568[0m
[2019-08-21 10:53:43] [0;32mI (43677) [get_started, 27]: heap free: 176668[0m
[2019-08-21 10:53:46] I (44228) mesh: [FIND][ch:0]AP:22, otherID:0, MAP:0, idle:0, candidate:0, root:0[00:00:00:00:00:00]
[2019-08-21 10:53:47] I (44228) mesh: [FIND:15]fail to find a network, channel:0, cfg<channel:0, router:Mr.Hu, 00:00:00:00:00:00>
[2019-08-21 10:53:47] 
[2019-08-21 10:53:47] I (44236) mesh: <MESH_NWK_LOOK_FOR_NETWORK>need_scan:0x3, need_scan_router:0x1, look_for_nwk_count:16
[2019-08-21 10:53:47] I (45820) mesh: [FIND][ch:0]AP:0, otherID:0, MAP:0, idle:0, candidate:0, root:0[00:00:00:00:00:00]<scan router>
[2019-08-21 10:53:48] I (45820) mesh: [FIND:16]fail to find a network, channel:0, cfg<channel:0, router:Mr.Hu, 00:00:00:00:00:00>
[2019-08-21 10:53:48] 
[2019-08-21 10:53:48] I (45829) mesh: <MESH_NWK_LOOK_FOR_NETWORK>need_scan:0x3, need_scan_router:0x0, look_for_nwk_count:17
[2019-08-21 10:53:48] [0;32mI (46677) [get_started, 27]: heap free: 177868[0m
[2019-08-21 10:53:49] 