oot: ESP-IDF vóets Jun  8 2016 00:22:57
[2019-08-22 12:08:23] 
[2019-08-22 12:08:23] rst:0x1 (POWERON_RESET),boot:0x13 (SPI_FAST_FLASH_BOOT)
[2019-08-22 12:08:23] configsip: 0, SPIWP:0xee
[2019-08-22 12:08:23] clk_drv:0x00,q_drv:0x00,d_drv:0x00,cs0_drv:0x00,hd_drv:0x00,wp_drv:0x00
[2019-08-22 12:08:23] mode:DIO, clock div:2
[2019-08-22 12:08:23] load:0x3fff0018,len:4
[2019-08-22 12:08:23] load:0x3fff001c,len:6192
[2019-08-22 12:08:23] ho 0 tail 12 room 4
[2019-08-22 12:08:23] load:0x40078000,len:10272
[2019-08-22 12:08:23] load:0x40080400,len:6608
[2019-08-22 12:08:23] entry 0x40080764
[2019-08-22 12:08:23] [0;32mI (30) boot: ESP-IDF v3.2.2-42-g4a9f33944-dirty 2nd stage bootloader[0m
[2019-08-22 12:08:23] [0;32mI (30) boot: compile time 11:11:14[0m
[2019-08-22 12:08:23] [0;32mI (30) boot: Enabling RNG early entropy source...[0m
[2019-08-22 12:08:23] [0;32mI (37) boot: SPI Speed      : 40MHz[0m
[2019-08-22 12:08:23] [0;32mI (41) boot: SPI Mode       : DIO[0m
[2019-08-22 12:08:23] [0;32mI (45) boot: SPI Flash Size : 4MB[0m
[2019-08-22 12:08:23] [0;32mI (49) boot: Partition Table:[0m
[2019-08-22 12:08:23] [0;32mI (52) boot: ## Label            Usage          Type ST Offset   Length[0m
[2019-08-22 12:08:23] [0;32mI (60) boot:  0 nvs              WiFi data        01 02 00009000 00004000[0m
[2019-08-22 12:08:23] [0;32mI (67) boot:  1 otadata          OTA data         01 00 0000d000 00002000[0m
[2019-08-22 12:08:23] [0;32mI (75) boot:  2 phy_init         RF data          01 01 0000f000 00001000[0m
[2019-08-22 12:08:23] [0;32mI (82) boot:  3 ota_0            OTA app          00 10 00010000 001e0000[0m
[2019-08-22 12:08:23] [0;32mI (90) boot:  4 ota_1            OTA app          00 11 001f0000 001e0000[0m
[2019-08-22 12:08:23] [0;32mI (97) boot:  5 coredump         Unknown data     01 03 003d0000 00010000[0m
[2019-08-22 12:08:23] [0;32mI (104) boot:  6 reserved         Unknown data     01 fe 003e0000 00020000[0m
[2019-08-22 12:08:23] [0;32mI (112) boot: End of partition table[0m
[2019-08-22 12:08:23] [0;32mI (116) boot: No factory image, trying OTA 0[0m
[2019-08-22 12:08:23] [0;32mI (121) esp_image: segment 0: paddr=0x00010020 vaddr=0x3f400020 size=0x2c1a0 (180640) map[0m
[2019-08-22 12:08:23] [0;32mI (194) esp_image: segment 1: paddr=0x0003c1c8 vaddr=0x3ffb0000 size=0x02cbc ( 11452) load[0m
[2019-08-22 12:08:23] [0;32mI (198) esp_image: segment 2: paddr=0x0003ee8c vaddr=0x40080000 size=0x00400 (  1024) load[0m
[2019-08-22 12:08:23] [0;32mI (201) esp_image: segment 3: paddr=0x0003f294 vaddr=0x40080400 size=0x00d7c (  3452) load[0m
[2019-08-22 12:08:23] [0;32mI (211) esp_image: segment 4: paddr=0x00040018 vaddr=0x400d0018 size=0xca324 (828196) map[0m
[2019-08-22 12:08:23] [0;32mI (508) esp_image: segment 5: paddr=0x0010a344 vaddr=0x4008117c size=0x0ec40 ( 60480) load[0m
[2019-08-22 12:08:24] [0;32mI (543) boot: Loaded app from partition at offset 0x10000[0m
[2019-08-22 12:08:24] [0;32mI (543) boot: Disabling RNG early entropy source...[0m
[2019-08-22 12:08:24] [0;32mI (543) cpu_start: Pro cpu up.[0m
[2019-08-22 12:08:24] [0;32mI (547) cpu_start: Single core mode[0m
[2019-08-22 12:08:24] [0;32mI (551) heap_init: Initializing. RAM available for dynamic allocation:[0m
[2019-08-22 12:08:24] [0;32mI (558) heap_init: At 3FFAE6E0 len 00001920 (6 KiB): DRAM[0m
[2019-08-22 12:08:24] [0;32mI (564) heap_init: At 3FFBA018 len 00025FE8 (151 KiB): DRAM[0m
[2019-08-22 12:08:24] [0;32mI (571) heap_init: At 3FFE0440 len 0001FBC0 (126 KiB): D/IRAM[0m
[2019-08-22 12:08:24] [0;32mI (577) heap_init: At 40078000 len 00008000 (32 KiB): IRAM[0m
[2019-08-22 12:08:24] [0;32mI (583) heap_init: At 4008FDBC len 00010244 (64 KiB): IRAM[0m
[2019-08-22 12:08:24] [0;32mI (589) cpu_start: Pro cpu start user code[0m
[2019-08-22 12:08:24] D (271) [mupgrade_check, 142]: Add an identifier to the firmware: ** MUPGRADE_FIRMWARE_FLAG **[0m
[2019-08-22 12:08:24] [0;32mI (282) cpu_start: Starting scheduler on PRO CPU.[0m
[2019-08-22 12:08:24] [0;32mI (283) sc: START GET WIFI INFO...[0m
[2019-08-22 12:08:24] [0;32mI (283) sc: TRY LOAD WIFI INFO[0m
[2019-08-22 12:08:24] [0;32mI (285) sc: WIFI SSID PASSWD LOAD ERR[0m
[2019-08-22 12:08:24] [0;32mI (289) sc: START initialise_wifi...[0m
[2019-08-22 12:08:24] I (297) wifi: wifi driver task: 3ffc1060, prio:23, stack:3584, core=0
[2019-08-22 12:08:24] [0;32mI (300) system_api: Base MAC address is not set, read default base MAC address from BLK0 of EFUSE[0m
[2019-08-22 12:08:24] [0;32mI (309) system_api: Base MAC address is not set, read default base MAC address from BLK0 of EFUSE[0m
[2019-08-22 12:08:24] I (330) wifi: wifi firmware version: 0c3a77a
[2019-08-22 12:08:24] I (330) wifi: config NVS flash: enabled
[2019-08-22 12:08:24] I (330) wifi: config nano formating: disabled
[2019-08-22 12:08:24] I (333) wifi: Init dynamic tx buffer num: 32
[2019-08-22 12:08:24] I (336) wifi: Init data frame dynamic rx buffer num: 32
[2019-08-22 12:08:24] I (341) wifi: Init management frame dynamic rx buffer num: 32
[2019-08-22 12:08:24] I (347) wifi: Init management short buffer num: 32
[2019-08-22 12:08:24] I (352) wifi: Init static rx buffer size: 1600
[2019-08-22 12:08:24] I (356) wifi: Init static rx buffer num: 10
[2019-08-22 12:08:24] I (359) wifi: Init dynamic rx buffer num: 32
[2019-08-22 12:08:24] [0;33mW (365) phy_init: failed to load RF calibration data (0x1102), falling back to full calibration[0m
[2019-08-22 12:08:24] [0;32mI (724) phy: phy_version: 4008, 544f89f, Jan 24 2019, 14:54:06, 0, 2[0m
[2019-08-22 12:08:24] I (731) wifi: mode : sta (3c:71:bf:e0:92:28)
[2019-08-22 12:08:24] [0;32mI (733) u_event: SYSTEM_EVENT_STA_START[0m
[2019-08-22 12:08:24] I (784) smartconfig: SC version: V2.8.0
[2019-08-22 12:08:24] [0;32mI (3734) [get_started, 33]: heap free: 228596[0m
[2019-08-22 12:08:27] I (4889) wifi: ic_enable_sniffer
[2019-08-22 12:08:28] [0;32mI (4890) sc: SC_STATUS_FINDING_CHANNEL[0m
[2019-08-22 12:08:28] [0;32mI (6734) [get_started, 33]: heap free: 228852[0m
[2019-08-22 12:08:30] [0;32mI (9734) [get_started, 33]: heap free: 228852[0m
[2019-08-22 12:08:33] [0;32mI (12734) [get_started, 33]: heap free: 228852[0m
[2019-08-22 12:08:36] [0;32mI (15734) [get_started, 33]: heap free: 228852[0m
[2019-08-22 12:08:39] I (15823) smartconfig: TYPE: ESPTOUCH
[2019-08-22 12:08:39] I (15824) smartconfig: T|AP MAC: b8:81:98:ac:1d:40
[2019-08-22 12:08:39] [0;32mI (15824) sc: SC_STATUS_GETTING_SSID_PSWD[0m
[2019-08-22 12:08:39] [0;32mI (18734) [get_started, 33]: heap free: 228368[0m
[2019-08-22 12:08:42] I (20374) smartconfig: T|pswd: hqf666123
[2019-08-22 12:08:44] I (20374) smartconfig: T|ssid: Ubuntu
[2019-08-22 12:08:44] I (20374) smartconfig: T|bssid: b8:81:98:ac:1d:40
[2019-08-22 12:08:44] I (20374) wifi: ic_disable_sniffer
[2019-08-22 12:08:44] [0;32mI (20378) sc: SC_STATUS_LINK[0m
[2019-08-22 12:08:44] [0;32mI (20381) sc: SSID:Ubuntu[0m
[2019-08-22 12:08:44] [0;32mI (20384) sc: PASSWORD:hqf666123[0m
[2019-08-22 12:08:44] I (20517) wifi: n:1 0, o:1 0, ap:255 255, sta:1 0, prof:1
[2019-08-22 12:08:44] I (21506) wifi: state: init -> auth (b0)
[2019-08-22 12:08:45] I (21516) wifi: state: auth -> assoc (0)
[2019-08-22 12:08:45] I (21532) wifi: state: assoc -> run (10)
[2019-08-22 12:08:45] I (21551) wifi: connected with Ubuntu, channel 1, HT20
[2019-08-22 12:08:45] I (21554) wifi: pm start, type: 1
[2019-08-22 12:08:45] 
[2019-08-22 12:08:45] [0;32mI (21734) [get_started, 33]: heap free: 225768[0m
[2019-08-22 12:08:45] [0;32mI (24734) [get_started, 33]: heap free: 225768[0m
[2019-08-22 12:08:48] [0;32mI (25516) event: sta ip: 10.42.0.90, mask: 255.255.255.0, gw: 10.42.0.1[0m
[2019-08-22 12:08:49] [0;32mI (25516) u_event: SYSTEM_EVENT_STA_GOT_IP[0m
[2019-08-22 12:08:49] [0;32mI (25517) sc: WiFi Connected to ap[0m
[2019-08-22 12:08:49] [0;32mI (27734) [get_started, 33]: heap free: 225280[0m
[2019-08-22 12:08:51] [0;32mI (28576) sc: SC_STATUS_LINK_OVER[0m
[2019-08-22 12:08:52] [0;32mI (28577) sc: Phone ip: 10.42.0.195
[2019-08-22 12:08:52] [0m
[2019-08-22 12:08:52] [0;32mI (28577) sc: smartconfig over[0m
[2019-08-22 12:08:52] WIFI SSID PASSWD SAVE OK
[2019-08-22 12:08:52] I (28582) wifi: state: run -> init (0)
[2019-08-22 12:08:52] I (28584) wifi: pm stop, total sleep time: 1382084 us / 7029441 us
[2019-08-22 12:08:52] 
[2019-08-22 12:08:52] I (28590) wifi: n:1 0, o:1 0, ap:255 255, sta:1 0, prof:1
[2019-08-22 12:08:52] [0;31mE (28596) event: system_event_sta_disconnected_handle_default 243 esp_wifi_internal_reg_rxcb ret=0x3014[0m
[2019-08-22 12:08:52] [0;32mI (28604) u_event: SYSTEM_EVENT_STA_DISCONNECTED[0m
[2019-08-22 12:08:52] E (28610) wifi: esp_wifi_connect 1134 wifi not start
[2019-08-22 12:08:52] I (28925) wifi: flush txq
[2019-08-22 12:08:53] I (28925) wifi: stop sw txq
[2019-08-22 12:08:53] I (28927) wifi: lmac stop hw txq
[2019-08-22 12:08:53] ets Jun  8 2016 00:22:57
[2019-08-22 12:08:53] 
[2019-08-22 12:08:53] rst:0xc (SW_CPU_RESET),boot:0x13 (SPI_FAST_FLASH_BOOT)
[2019-08-22 12:08:53] configsip: 0, SPIWP:0xee
[2019-08-22 12:08:53] clk_drv:0x00,q_drv:0x00,d_drv:0x00,cs0_drv:0x00,hd_drv:0x00,wp_drv:0x00
[2019-08-22 12:08:53] mode:DIO, clock div:2
[2019-08-22 12:08:53] load:0x3fff0018,len:4
[2019-08-22 12:08:53] load:0x3fff001c,len:6192
[2019-08-22 12:08:53] ho 0 tail 12 room 4
[2019-08-22 12:08:53] load:0x40078000,len:10272
[2019-08-22 12:08:53] load:0x40080400,len:6608
[2019-08-22 12:08:53] entry 0x40080764
[2019-08-22 12:08:53] [0;32mI (31) boot: ESP-IDF v3.2.2-42-g4a9f33944-dirty 2nd stage bootloader[0m
[2019-08-22 12:08:53] [0;32mI (31) boot: compile time 11:11:14[0m
[2019-08-22 12:08:53] [0;32mI (31) boot: Enabling RNG early entropy source...[0m
[2019-08-22 12:08:53] [0;32mI (37) boot: SPI Speed      : 40MHz[0m
[2019-08-22 12:08:53] [0;32mI (41) boot: SPI Mode       : DIO[0m
[2019-08-22 12:08:53] [0;32mI (45) boot: SPI Flash Size : 4MB[0m
[2019-08-22 12:08:53] [0;32mI (49) boot: Partition Table:[0m
[2019-08-22 12:08:53] [0;32mI (53) boot: ## Label            Usage          Type ST Offset   Length[0m
[2019-08-22 12:08:53] [0;32mI (60) boot:  0 nvs              WiFi data        01 02 00009000 00004000[0m
[2019-08-22 12:08:53] [0;32mI (68) boot:  1 otadata          OTA data         01 00 0000d000 00002000[0m
[2019-08-22 12:08:53] [0;32mI (75) boot:  2 phy_init         RF data          01 01 0000f000 00001000[0m
[2019-08-22 12:08:53] [0;32mI (83) boot:  3 ota_0            OTA app          00 10 00010000 001e0000[0m
[2019-08-22 12:08:53] [0;32mI (90) boot:  4 ota_1            OTA app          00 11 001f0000 001e0000[0m
[2019-08-22 12:08:53] [0;32mI (98) boot:  5 coredump         Unknown data     01 03 003d0000 00010000[0m
[2019-08-22 12:08:53] [0;32mI (105) boot:  6 reserved         Unknown data     01 fe 003e0000 00020000[0m
[2019-08-22 12:08:53] [0;32mI (113) boot: End of partition table[0m
[2019-08-22 12:08:53] [0;32mI (117) boot: No factory image, trying OTA 0[0m
[2019-08-22 12:08:53] [0;32mI (122) esp_image: segment 0: paddr=0x00010020 vaddr=0x3f400020 size=0x2c1a0 (180640) map[0m
[2019-08-22 12:08:53] [0;32mI (194) esp_image: segment 1: paddr=0x0003c1c8 vaddr=0x3ffb0000 size=0x02cbc ( 11452) load[0m
[2019-08-22 12:08:53] [0;32mI (199) esp_image: segment 2: paddr=0x0003ee8c vaddr=0x40080000 size=0x00400 (  1024) load[0m
[2019-08-22 12:08:53] [0;32mI (201) esp_image: segment 3: paddr=0x0003f294 vaddr=0x40080400 size=0x00d7c (  3452) load[0m
[2019-08-22 12:08:53] [0;32mI (211) esp_image: segment 4: paddr=0x00040018 vaddr=0x400d0018 size=0xca324 (828196) map[0m
[2019-08-22 12:08:53] [0;32mI (509) esp_image: segment 5: paddr=0x0010a344 vaddr=0x4008117c size=0x0ec40 ( 60480) load[0m
[2019-08-22 12:08:53] [0;32mI (543) boot: Loaded app from partition at offset 0x10000[0m
[2019-08-22 12:08:53] [0;32mI (543) boot: Disabling RNG early entropy source...[0m
[2019-08-22 12:08:53] [0;32mI (544) cpu_start: Pro cpu up.[0m
[2019-08-22 12:08:53] [0;32mI (548) cpu_start: Single core mode[0m
[2019-08-22 12:08:53] [0;32mI (552) heap_init: Initializing. RAM available for dynamic allocation:[0m
[2019-08-22 12:08:53] [0;32mI (559) heap_init: At 3FFAE6E0 len 00001920 (6 KiB): DRAM[0m
[2019-08-22 12:08:53] [0;32mI (565) heap_init: At 3FFBA018 len 00025FE8 (151 KiB): DRAM[0m
[2019-08-22 12:08:53] [0;32mI (571) heap_init: At 3FFE0440 len 0001FBC0 (126 KiB): D/IRAM[0m
[2019-08-22 12:08:53] [0;32mI (578) heap_init: At 40078000 len 00008000 (32 KiB): IRAM[0m
[2019-08-22 12:08:53] [0;32mI (584) heap_init: At 4008FDBC len 00010244 (64 KiB): IRAM[0m
[2019-08-22 12:08:53] [0;32mI (590) cpu_start: Pro cpu start user code[0m
[2019-08-22 12:08:53] D (272) [mupgrade_check, 142]: Add an identifier to the firmware: ** MUPGRADE_FIRMWARE_FLAG **[0m
[2019-08-22 12:08:53] D (281) [mdf_info_store, 153]: <ESP_ERR_NVS_NOT_FOUND> Get value for given key, key: mupgrade_count[0m
[2019-08-22 12:08:53] [0;33mW (282) [mupgrade_check, 96]: restart reason: 12, count: 1[0m
[2019-08-22 12:08:53] [0;32mI (289) cpu_start: Starting scheduler on PRO CPU.[0m
[2019-08-22 12:08:53] [0;32mI (293) sc: START GET WIFI INFO...[0m
[2019-08-22 12:08:53] [0;32mI (297) sc: TRY LOAD WIFI INFO[0m
[2019-08-22 12:08:53] [0;32mI (301) sc: WIFI SSID PASSWD LOAD OK[0m
[2019-08-22 12:08:53] [0;32mI (305) gpio: GPIO[4]| InputEn: 0| OutputEn: 1| OpenDrain: 0| Pullup: 0| Pulldown: 0| Intr:0 [0m
[2019-08-22 12:08:53] [0;32mI (314) gpio: GPIO[13]| InputEn: 0| OutputEn: 1| OpenDrain: 0| Pullup: 0| Pulldown: 0| Intr:0 [0m
[2019-08-22 12:08:53] [0;32mI (323) gpio: GPIO[21]| InputEn: 0| OutputEn: 1| OpenDrain: 0| Pullup: 0| Pulldown: 0| Intr:0 [0m
[2019-08-22 12:08:53] [0;32mI (332) gpio: GPIO[22]| InputEn: 0| OutputEn: 1| OpenDrain: 0| Pullup: 0| Pulldown: 0| Intr:0 [0m
[2019-08-22 12:08:53] [0;32mI (342) gpio: GPIO[23]| InputEn: 0| OutputEn: 1| OpenDrain: 0| Pullup: 0| Pulldown: 0| Intr:0 [0m
[2019-08-22 12:08:53] [0;32mI (351) gpio: GPIO[17]| InputEn: 0| OutputEn: 1| OpenDrain: 0| Pullup: 0| Pulldown: 0| Intr:0 [0m
[2019-08-22 12:08:53] [0;32mI (360) gpio: GPIO[5]| InputEn: 0| OutputEn: 1| OpenDrain: 0| Pullup: 0| Pulldown: 0| Intr:0 [0m
[2019-08-22 12:08:53] [0;32mI (369) gpio: GPIO[18]| InputEn: 0| OutputEn: 1| OpenDrain: 0| Pullup: 0| Pulldown: 0| Intr:0 [0m
[2019-08-22 12:08:53] [0;32mI (379) gpio: GPIO[19]| InputEn: 0| OutputEn: 1| OpenDrain: 0| Pullup: 0| Pulldown: 0| Intr:0 [0m
[2019-08-22 12:08:53] [0;32mI (388) gpio: GPIO[33]| InputEn: 1| OutputEn: 0| OpenDrain: 0| Pullup: 1| Pulldown: 0| Intr:3 [0m
[2019-08-22 12:08:53] [0;32mI (397) gpio: GPIO[25]| InputEn: 1| OutputEn: 0| OpenDrain: 0| Pullup: 1| Pulldown: 0| Intr:3 [0m
[2019-08-22 12:08:53] [0;32mI (407) gpio: GPIO[26]| InputEn: 1| OutputEn: 0| OpenDrain: 0| Pullup: 1| Pulldown: 0| Intr:3 [0m
[2019-08-22 12:08:53] [0;32mI (416) gpio: GPIO[32]| InputEn: 1| OutputEn: 0| OpenDrain: 0| Pullup: 0| Pulldown: 1| Intr:3 [0m
[2019-08-22 12:08:53] [0;32mI (425) [mupgrade_example, 567]: MUPGRATE INIT...[0m
[2019-08-22 12:08:53] [0;32mI (430) [mupgrade_example, 580]: SSID:Ubuntu[0m
[2019-08-22 12:08:53] [0;32mI (435) [mupgrade_example, 581]: PASSWD:hqf666123[0m
[2019-08-22 12:08:53] [0;32mI (441) [mupgrade_example, 590]: Starting OTA example ...[0m
[2019-08-22 12:08:53] I (450) wifi: wifi driver task: 3ffc30bc, prio:23, stack:3584, core=0
[2019-08-22 12:08:53] [0;32mI (453) system_api: Base MAC address is not set, read default base MAC address from BLK0 of EFUSE[0m
[2019-08-22 12:08:53] [0;32mI (463) system_api: Base MAC address is not set, read default base MAC address from BLK0 of EFUSE[0m
[2019-08-22 12:08:53] I (480) wifi: wifi firmware version: 0c3a77a
[2019-08-22 12:08:53] I (480) wifi: config NVS flash: enabled
[2019-08-22 12:08:53] I (480) wifi: config nano formating: disabled
[2019-08-22 12:08:53] I (484) wifi: Init dynamic tx buffer num: 32
[2019-08-22 12:08:53] I (488) wifi: Init data frame dynamic rx buffer num: 32
[2019-08-22 12:08:53] I (493) wifi: Init management frame dynamic rx buffer num: 32
[2019-08-22 12:08:53] I (498) wifi: Init management short buffer num: 32
[2019-08-22 12:08:53] I (503) wifi: Init static rx buffer size: 1600
[2019-08-22 12:08:53] I (507) wifi: Init static rx buffer num: 10
[2019-08-22 12:08:53] I (511) wifi: Init dynamic rx buffer num: 32
[2019-08-22 12:08:53] I (515) wifi: Set ps type: 0
[2019-08-22 12:08:53] 
[2019-08-22 12:08:53] [0;32mI (572) phy: phy_version: 4008, 544f89f, Jan 24 2019, 14:54:06, 0, 0[0m
[2019-08-22 12:08:53] I (573) wifi: mode : sta (3c:71:bf:e0:92:28)
[2019-08-22 12:08:53] [0;32mI (575) [mwifi, 177]: esp-mdf version: v1.0-beta1-dirty[0m
[2019-08-22 12:08:53] W (578) wifi: [beacon]interval:100ms
[2019-08-22 12:08:53] I (581) wifi: mode : sta (3c:71:bf:e0:92:28) + softAP (3c:71:bf:e0:92:29)
[2019-08-22 12:08:53] I (589) wifi: Total power save buffer number: 16
[2019-08-22 12:08:53] I (592) wifi: Init max length of beacon: 752/752
[2019-08-22 12:08:53] I (596) wifi: Init max length of beacon: 752/752
[2019-08-22 12:08:53] I (603) mesh: <nvs>read layer:0, err:0x1102
[2019-08-22 12:08:53] I (604) mesh: <nvs>read assoc:0, err:0x1102
[2019-08-22 12:08:53] W (609) wifi: [beacon]interval:100ms
[2019-08-22 12:08:53] I (1606) wifi: Total power save buffer number: 16
[2019-08-22 12:08:54] I (2606) wifi: Set ps type: 0
[2019-08-22 12:08:55] 
[2019-08-22 12:08:55] I (2611) wifi: mode : sta (3c:71:bf:e0:92:28)
[2019-08-22 12:08:55] I (2613) mesh: <MESH_NWK_LOOK_FOR_NETWORK>need_scan:0x3, need_scan_router:0x0, look_for_nwk_count:1
[2019-08-22 12:08:55] [0;32mI (2615) [mwifi, 113]: MESH is started[0m
[2019-08-22 12:08:55] [0;32mI (2618) [mupgrade_example, 393]: event_loop_cb, event: 0[0m
[2019-08-22 12:08:55] [0;32mI (5623) [get_started, 33]: heap free: 175884[0m
[2019-08-22 12:08:58] I (6524) mesh: [S4]Ubuntu, b8:81:98:ac:1d:40, channel:1, rssi:-48
[2019-08-22 12:08:59] I (6525) mesh: find router:[ssid_len:6]Ubuntu, rssi:-48, b8:81:98:ac:1d:40(encrypted), new channel:1, old channel:0
[2019-08-22 12:08:59] I (6530) mesh: [FIND][ch:0]AP:22, otherID:0, MAP:0, idle:0, candidate:0, root:0[b8:81:98:ac:1d:40]router found
[2019-08-22 12:08:59] I (6539) mesh: [FIND:1]find a network, channel:1, cfg<channel:0, router:Ubuntu, 00:00:00:00:00:00>
[2019-08-22 12:08:59] 
[2019-08-22 12:08:59] [0;32mI (6548) [mupgrade_example, 393]: event_loop_cb, event: 24[0m
[2019-08-22 12:08:59] I (6549) wifi: mode : sta (3c:71:bf:e0:92:28) + softAP (3c:71:bf:e0:92:29)
[2019-08-22 12:08:59] W (6562) wifi: <MESH AP>adjust channel:1, secondary channel offset:1(40U)
[2019-08-22 12:08:59] I (6570) wifi: Total power save buffer number: 16
[2019-08-22 12:08:59] I (6877) mesh: [SCAN][ch:1]AP:5, other(ID:0, RD:0), MAP:0, idle:0, candidate:1, root:0, topMAP:0[c:0,i:0][b8:81:98:ac:1d:40]router found<>
[2019-08-22 12:09:00] I (6879) mesh: 1212[SCAN]init rc[3c:71:bf:e0:92:29,-49], mine:0, voter:0
[2019-08-22 12:09:00] I (6885) mesh: 1250, vote myself, router rssi:-49 > voted rc_rssi:-120
[2019-08-22 12:09:00] I (6892) mesh: [SCAN:1/10]rc[128][3c:71:bf:e0:92:29,-49], self[3c:71:bf:e0:92:28,-49,reason:0,votes:1,idle][mine:1,voter:1(1.00)percent:0.90][128,1,3c:71:bf:e0:92:29]
[2019-08-22 12:09:00] 
[2019-08-22 12:09:00] I (7209) mesh: [SCAN][ch:1]AP:5, other(ID:0, RD:0), MAP:0, idle:0, candidate:1, root:0, topMAP:0[c:0,i:1][b8:81:98:ac:1d:40]router found<>
[2019-08-22 12:09:00] I (7211) mesh: 1212[SCAN]init rc[3c:71:bf:e0:92:29,-48], mine:0, voter:0
[2019-08-22 12:09:00] I (7217) mesh: [SCAN:2/10]rc[128][3c:71:bf:e0:92:29,-49], self[3c:71:bf:e0:92:28,-48,reason:0,votes:1,idle][mine:1,voter:1(1.00)percent:0.90][128,1,3c:71:bf:e0:92:29]
[2019-08-22 12:09:00] 
[2019-08-22 12:09:00] I (7534) mesh: [SCAN][ch:1]AP:5, other(ID:0, RD:0), MAP:0, idle:0, candidate:1, root:0, topMAP:0[c:0,i:1][b8:81:98:ac:1d:40]router found<>
[2019-08-22 12:09:00] I (7536) mesh: 1212[SCAN]init rc[3c:71:bf:e0:92:29,-47], mine:0, voter:0
[2019-08-22 12:09:00] I (7542) mesh: [SCAN:3/10]rc[128][3c:71:bf:e0:92:29,-49], self[3c:71:bf:e0:92:28,-47,reason:0,votes:1,idle][mine:1,voter:1(1.00)percent:0.90][128,1,3c:71:bf:e0:92:29]
[2019-08-22 12:09:00] 
[2019-08-22 12:09:00] I (7859) mesh: [SCAN][ch:1]AP:4, other(ID:0, RD:0), MAP:0, idle:0, candidate:1, root:0, topMAP:0[c:0,i:1][b8:81:98:ac:1d:40]router found<>
[2019-08-22 12:09:01] I (7861) mesh: 1212[SCAN]init rc[3c:71:bf:e0:92:29,-47], mine:0, voter:0
[2019-08-22 12:09:01] I (7867) mesh: [SCAN:4/10]rc[128][3c:71:bf:e0:92:29,-49], self[3c:71:bf:e0:92:28,-47,reason:0,votes:1,idle][mine:1,voter:1(1.00)percent:0.90][128,1,3c:71:bf:e0:92:29]
[2019-08-22 12:09:01] 
[2019-08-22 12:09:01] I (8184) mesh: [SCAN][ch:1]AP:5, other(ID:0, RD:0), MAP:0, idle:0, candidate:1, root:0, topMAP:0[c:0,i:1][b8:81:98:ac:1d:40]router found<>
[2019-08-22 12:09:01] I (8186) mesh: 1212[SCAN]init rc[3c:71:bf:e0:92:29,-48], mine:0, voter:0
[2019-08-22 12:09:01] I (8193) mesh: [SCAN:5/10]rc[128][3c:71:bf:e0:92:29,-49], self[3c:71:bf:e0:92:28,-48,reason:0,votes:1,idle][mine:1,voter:1(1.00)percent:0.90][128,1,3c:71:bf:e0:92:29]
[2019-08-22 12:09:01] 
[2019-08-22 12:09:01] I (8509) mesh: [SCAN][ch:1]AP:4, other(ID:0, RD:0), MAP:0, idle:0, candidate:1, root:0, topMAP:0[c:0,i:1][b8:81:98:ac:1d:40]router found<>
[2019-08-22 12:09:01] I (8511) mesh: 1212[SCAN]init rc[3c:71:bf:e0:92:29,-48], mine:0, voter:0
[2019-08-22 12:09:01] I (8520) mesh: [SCAN:6/10]rc[128][3c:71:bf:e0:92:29,-49], self[3c:71:bf:e0:92:28,-48,reason:0,votes:1,idle][mine:1,voter:1(1.00)percent:0.90][128,1,3c:71:bf:e0:92:29]
[2019-08-22 12:09:01] 
[2019-08-22 12:09:01] [0;32mI (8623) [get_started, 33]: heap free: 174624[0m
[2019-08-22 12:09:01] I (8835) mesh: [SCAN][ch:1]AP:7, other(ID:0, RD:0), MAP:0, idle:0, candidate:1, root:0, topMAP:0[c:0,i:1][b8:81:98:ac:1d:40]router found<>
[2019-08-22 12:09:02] I (8837) mesh: 1212[SCAN]init rc[3c:71:bf:e0:92:29,-49], mine:0, voter:0
[2019-08-22 12:09:02] I (8843) mesh: [SCAN:7/10]rc[128][3c:71:bf:e0:92:29,-49], self[3c:71:bf:e0:92:28,-49,reason:0,votes:1,idle][mine:1,voter:1(1.00)percent:0.90][128,1,3c:71:bf:e0:92:29]
[2019-08-22 12:09:02] 
[2019-08-22 12:09:02] I (9160) mesh: [SCAN][ch:1]AP:7, other(ID:0, RD:0), MAP:0, idle:0, candidate:1, root:0, topMAP:0[c:0,i:1][b8:81:98:ac:1d:40]router found<>
[2019-08-22 12:09:02] I (9162) mesh: 1212[SCAN]init rc[3c:71:bf:e0:92:29,-48], mine:0, voter:0
[2019-08-22 12:09:02] I (9168) mesh: [SCAN:8/10]rc[128][3c:71:bf:e0:92:29,-49], self[3c:71:bf:e0:92:28,-48,reason:0,votes:1,idle][mine:1,voter:1(1.00)percent:0.90][128,1,3c:71:bf:e0:92:29]
[2019-08-22 12:09:02] 
[2019-08-22 12:09:02] I (9485) mesh: [SCAN][ch:1]AP:5, other(ID:0, RD:0), MAP:0, idle:0, candidate:1, root:0, topMAP:0[c:0,i:1][b8:81:98:ac:1d:40]router found<>
[2019-08-22 12:09:02] I (9487) mesh: 1212[SCAN]init rc[3c:71:bf:e0:92:29,-48], mine:0, voter:0
[2019-08-22 12:09:02] I (9493) mesh: [SCAN:9/10]rc[128][3c:71:bf:e0:92:29,-49], self[3c:71:bf:e0:92:28,-48,reason:0,votes:1,idle][mine:1,voter:1(1.00)percent:0.90][128,1,3c:71:bf:e0:92:29]
[2019-08-22 12:09:02] 
[2019-08-22 12:09:02] I (9810) mesh: [SCAN][ch:1]AP:6, other(ID:0, RD:0), MAP:0, idle:0, candidate:1, root:0, topMAP:0[c:0,i:1][b8:81:98:ac:1d:40]router found<>
[2019-08-22 12:09:03] I (9812) mesh: 1212[SCAN]init rc[3c:71:bf:e0:92:29,-48], mine:0, voter:0
[2019-08-22 12:09:03] I (9819) mesh: [SCAN:10/13+x+]rc[128][3c:71:bf:e0:92:29,-49], self[3c:71:bf:e0:92:28,-48,reason:0,votes:1,idle][mine:1,voter:1(1.00)percent:0.90][128,1,3c:71:bf:e0:92:29]
[2019-08-22 12:09:03] 
[2019-08-22 12:09:03] I (10136) mesh: [SCAN][ch:1]AP:6, other(ID:0, RD:0), MAP:0, idle:0, candidate:1, root:0, topMAP:0[c:0,i:1][b8:81:98:ac:1d:40]router found<>
[2019-08-22 12:09:03] I (10138) mesh: 1212[SCAN]init rc[3c:71:bf:e0:92:29,-49], mine:0, voter:0
[2019-08-22 12:09:03] I (10144) mesh: [SCAN:11/13+x+]rc[128][3c:71:bf:e0:92:29,-49], self[3c:71:bf:e0:92:28,-49,reason:0,votes:1,idle][mine:1,voter:1(1.00)percent:0.90][128,1,3c:71:bf:e0:92:29]
[2019-08-22 12:09:03] 
[2019-08-22 12:09:03] I (10462) mesh: [SCAN][ch:1]AP:6, other(ID:0, RD:0), MAP:0, idle:0, candidate:1, root:0, topMAP:0[c:0,i:1][b8:81:98:ac:1d:40]router found<>
[2019-08-22 12:09:03] I (10464) mesh: 1212[SCAN]init rc[3c:71:bf:e0:92:29,-49], mine:0, voter:0
[2019-08-22 12:09:03] I (10470) mesh: [SCAN:12/13+x+]rc[128][3c:71:bf:e0:92:29,-49], self[3c:71:bf:e0:92:28,-49,reason:0,votes:1,idle][mine:1,voter:1(1.00)percent:0.90][128,1,3c:71:bf:e0:92:29]
[2019-08-22 12:09:03] 
[2019-08-22 12:09:03] I (10787) mesh: [SCAN][ch:1]AP:6, other(ID:0, RD:0), MAP:0, idle:0, candidate:1, root:0, topMAP:0[c:0,i:1][b8:81:98:ac:1d:40]router found<>
[2019-08-22 12:09:04] I (10789) mesh: 1212[SCAN]init rc[3c:71:bf:e0:92:29,-49], mine:0, voter:0
[2019-08-22 12:09:04] I (10796) mesh: [SCAN:13/13+x+]rc[128][3c:71:bf:e0:92:29,-49], self[3c:71:bf:e0:92:28,-49,reason:0,votes:1,idle][mine:1,voter:1(1.00)percent:0.90][128,1,3c:71:bf:e0:92:29]
[2019-08-22 12:09:04] 
[2019-08-22 12:09:04] W (10811) wifi: [beacon]interval:100ms
[2019-08-22 12:09:04] I (10815) mesh: [DONE]connect to router:Ubuntu, channel:1, rssi:-49, b8:81:98:ac:1d:40[layer:0, assoc:0], my_vote_num:1/voter_num:1, rc[3c:71:bf:e0:92:29/-49/1]
[2019-08-22 12:09:04] I (10951) wifi: n:1 1, o:1 1, ap:1 1, sta:1 0, prof:1
[2019-08-22 12:09:04] I (10952) wifi: state: init -> auth (b0)
[2019-08-22 12:09:04] I (10967) wifi: state: auth -> assoc (0)
[2019-08-22 12:09:04] I (10975) wifi: state: assoc -> run (10)
[2019-08-22 12:09:04] I (10983) wpa: <EAPOL>state:6
[2019-08-22 12:09:04] I (10983) wpa: <EAPOL>receiving the 1/4 EAPOL-Key, state:6
[2019-08-22 12:09:04] I (10998) wpa: <EAPOL>state:7
[2019-08-22 12:09:04] I (10998) wpa: <EAPOL>receiving the 3/4 EAPOL-Key, state:7
[2019-08-22 12:09:04] I (10999) wifi: connected with Ubuntu, channel 1, HT20
[2019-08-22 12:09:04] I (11003) wifi: pm start, type: 0
[2019-08-22 12:09:04] 
[2019-08-22 12:09:04] I (11006) mesh: [scan]new scanning time:600ms
[2019-08-22 12:09:04] W (11007) wifi: [beacon]new interval:300ms
[2019-08-22 12:09:04] I (11013) mesh: <nvs>write layer:1
[2019-08-22 12:09:04] [0;32mI (11017) [mwifi, 80]: Parent is connected[0m
[2019-08-22 12:09:04] [0;32mI (11019) [mupgrade_example, 393]: event_loop_cb, event: 7[0m
[2019-08-22 12:09:04] [0;32mI (11020) [mwifi, 149]: State represents: 0[0m
[2019-08-22 12:09:04] [0;32mI (11026) [mupgrade_example, 398]: MDF_EVENT_PARENT_CONNECTED[0m
[2019-08-22 12:09:04] [0;32mI (11036) [mupgrade_example, 393]: event_loop_cb, event: 11[0m
[2019-08-22 12:09:04] [0;32mI (11042) [mupgrade_example, 393]: event_loop_cb, event: 14[0m
[2019-08-22 12:09:04] [0;32mI (11049) [mupgrade_example, 202]: Node task is running[0m
[2019-08-22 12:09:04] [0;32mI (11050) [mupgrade_example, 109]: Root read task is running[0m
[2019-08-22 12:09:04] [0;32mI (11050) [mupgrade_example, 151]: Node read task is running[0m
[2019-08-22 12:09:04] [0;32mI (11623) [get_started, 33]: heap free: 154944[0m
[2019-08-22 12:09:04] [0;32mI (11884) event: sta ip: 10.42.0.90, mask: 255.255.255.0, gw: 10.42.0.1[0m
[2019-08-22 12:09:05] [0;32mI (11884) [mupgrade_example, 393]: event_loop_cb, event: 17[0m
[2019-08-22 12:09:05] [0;32mI (11887) [mupgrade_example, 488]: MDF_EVENT_MWIFI_ROOT_GOT_IP[0m
[2019-08-22 12:09:05] [0;32mI (11893) system_api: Base MAC address is not set, read default base MAC address from BLK0 of EFUSE[0m
[2019-08-22 12:09:05] [0;32mI (14623) [get_started, 33]: heap free: 142512[0m
[2019-08-22 12:09:07] [0;32mI (17623) [get_started, 33]: heap free: 142512[0m
[2019-08-22 12:09:10] [0;32mI (20623) [get_started, 33]: heap free: 142512[0m
[2019-08-22 12:09:13] [0;32mI (23623) [get_started, 33]: heap free: 142512[0m
[2019-08-22 12:09:16] [0;32mI (26623) [get_started, 33]: heap free: 142512[0m
[2019-08-22 12:09:19] [0;32mI (29623) [get_started, 33]: heap free: 142512[0m
[2019-08-22 12:09:22] [0;31mE (30167) MQTT_CLIENT: Error transport connect[0m
[2019-08-22 12:09:23] [0;32mI (32623) [get_started, 33]: heap free: 143040[0m
[2019-08-22 12:09:25] [0;32mI (35623) [get_started, 33]: heap free: 143040[0m
[2019-08-22 12:09:28] [0;32mI (38623) [get_started, 33]: heap free: 143040[0m
[2019-08-22 12:09:31] [0;32mI (41623) [get_started, 33]: heap free: 143040[0m
[2019-08-22 12:09:34] [0;32mI (44623) [get_started, 33]: heap free: 143040[0m
[2019-08-22 12:09:37] [0;32mI (47623) [get_started, 33]: heap free: 143040[0m
[2019-08-22 12:09:40] [0;32mI (50623) [get_started, 33]: heap free: 142420[0m
[2019-08-22 12:09:43] [0;32mI (53623) [get_started, 33]: heap free: 142420[0m
[2019-08-22 12:09:46] [0;32mI (56624) [get_started, 33]: heap free: 142420[0m
[2019-08-22 12:09:49] [0;32mI (59624) [get_started, 33]: heap free: 142420[0m
[2019-08-22 12:09:52] [0;32mI (62624) [get_started, 33]: heap free: 142420[0m
[2019-08-22 12:09:55] [0;32mI (65624) [get_started, 33]: heap free: 142420[0m
[2019-08-22 12:09:58] [0;32mI (68624) [get_started, 33]: heap free: 142420[0m
[2019-08-22 12:10:01] [0;31mE (68675) MQTT_CLIENT: Error transport connect[0m
[2019-08-22 12:10:02] [0;32mI (71624) [get_started, 33]: heap free: 142948[0m
[2019-08-22 12:10:04] [0;32mI (74624) [get_started, 33]: heap free: 142948[0m
[2019-08-22 12:10:07] 