[0;32mI (30ùets Jun  8 2016 00:22:57
[2019-08-20 11:10:23] 
[2019-08-20 11:10:23] rst:0x1 (POWERON_RESET),boot:0x13 (SPI_FAST_FLASH_BOOT)
[2019-08-20 11:10:23] configsip: 0, SPIWP:0xee
[2019-08-20 11:10:23] clk_drv:0x00,q_drv:0x00,d_drv:0x00,cs0_drv:0x00,hd_drv:0x00,wp_drv:0x00
[2019-08-20 11:10:23] mode:DIO, clock div:2
[2019-08-20 11:10:23] load:0x3fff0018,len:4
[2019-08-20 11:10:23] load:0x3fff001c,len:6192
[2019-08-20 11:10:23] ho 0 tail 12 room 4
[2019-08-20 11:10:23] load:0x40078000,len:10272
[2019-08-20 11:10:23] load:0x40080400,len:6608
[2019-08-20 11:10:23] entry 0x40080764
[2019-08-20 11:10:23] [0;32mI (30) boot: ESP-IDF v3.2.2-42-g4a9f33944-dirty 2nd stage bootloader[0m
[2019-08-20 11:10:23] [0;32mI (30) boot: compile time 18:12:32[0m
[2019-08-20 11:10:23] [0;32mI (30) boot: Enabling RNG early entropy source...[0m
[2019-08-20 11:10:23] [0;32mI (36) boot: SPI Speed      : 40MHz[0m
[2019-08-20 11:10:23] [0;32mI (40) boot: SPI Mode       : DIO[0m
[2019-08-20 11:10:23] [0;32mI (44) boot: SPI Flash Size : 4MB[0m
[2019-08-20 11:10:23] [0;32mI (49) boot: Partition Table:[0m
[2019-08-20 11:10:23] [0;32mI (52) boot: ## Label            Usage          Type ST Offset   Length[0m
[2019-08-20 11:10:23] [0;32mI (59) boot:  0 nvs              WiFi data        01 02 00009000 00004000[0m
[2019-08-20 11:10:23] [0;32mI (67) boot:  1 otadata          OTA data         01 00 0000d000 00002000[0m
[2019-08-20 11:10:23] [0;32mI (74) boot:  2 phy_init         RF data          01 01 0000f000 00001000[0m
[2019-08-20 11:10:23] [0;32mI (82) boot:  3 ota_0            OTA app          00 10 00010000 001e0000[0m
[2019-08-20 11:10:23] [0;32mI (89) boot:  4 ota_1            OTA app          00 11 001f0000 001e0000[0m
[2019-08-20 11:10:23] [0;32mI (97) boot:  5 coredump         Unknown data     01 03 003d0000 00010000[0m
[2019-08-20 11:10:23] [0;32mI (104) boot:  6 reserved         Unknown data     01 fe 003e0000 00020000[0m
[2019-08-20 11:10:23] [0;32mI (112) boot: End of partition table[0m
[2019-08-20 11:10:23] [0;32mI (116) boot: No factory image, trying OTA 0[0m
[2019-08-20 11:10:23] [0;32mI (121) esp_image: segment 0: paddr=0x00010020 vaddr=0x3f400020 size=0x29a1c (170524) map[0m
[2019-08-20 11:10:23] [0;32mI (190) esp_image: segment 1: paddr=0x00039a44 vaddr=0x3ffb0000 size=0x02c84 ( 11396) load[0m
[2019-08-20 11:10:23] [0;32mI (195) esp_image: segment 2: paddr=0x0003c6d0 vaddr=0x40080000 size=0x00400 (  1024) load[0m
[2019-08-20 11:10:23] [0;32mI (197) esp_image: segment 3: paddr=0x0003cad8 vaddr=0x40080400 size=0x03538 ( 13624) load[0m
[2019-08-20 11:10:23] [0;32mI (211) esp_image: segment 4: paddr=0x00040018 vaddr=0x400d0018 size=0xbf73c (784188) map[0m
[2019-08-20 11:10:23] [0;32mI (489) esp_image: segment 5: paddr=0x000ff75c vaddr=0x40083938 size=0x0c484 ( 50308) load[0m
[2019-08-20 11:10:24] [0;32mI (519) boot: Loaded app from partition at offset 0x10000[0m
[2019-08-20 11:10:24] [0;32mI (519) boot: Disabling RNG early entropy source...[0m
[2019-08-20 11:10:24] [0;32mI (520) cpu_start: Pro cpu up.[0m
[2019-08-20 11:10:24] [0;32mI (524) cpu_start: Single core mode[0m
[2019-08-20 11:10:24] [0;32mI (528) heap_init: Initializing. RAM available for dynamic allocation:[0m
[2019-08-20 11:10:24] [0;32mI (535) heap_init: At 3FFAE6E0 len 00001920 (6 KiB): DRAM[0m
[2019-08-20 11:10:24] [0;32mI (541) heap_init: At 3FFB9D58 len 000262A8 (152 KiB): DRAM[0m
[2019-08-20 11:10:24] [0;32mI (547) heap_init: At 3FFE0440 len 0001FBC0 (126 KiB): D/IRAM[0m
[2019-08-20 11:10:24] [0;32mI (554) heap_init: At 40078000 len 00008000 (32 KiB): IRAM[0m
[2019-08-20 11:10:24] [0;32mI (560) heap_init: At 4008FDBC len 00010244 (64 KiB): IRAM[0m
[2019-08-20 11:10:24] [0;32mI (566) cpu_start: Pro cpu start user code[0m
[2019-08-20 11:10:24] D (248) [mupgrade_check, 142]: Add an identifier to the firmware: ** MUPGRADE_FIRMWARE_FLAG **[0m
[2019-08-20 11:10:24] [0;32mI (259) cpu_start: Starting scheduler on PRO CPU.[0m
[2019-08-20 11:10:24] [0;32mI (260) gpio: GPIO[32]| InputEn: 1| OutputEn: 0| OpenDrain: 0| Pullup: 1| Pulldown: 0| Intr:3 [0m
[2019-08-20 11:10:24] [0;32mI (263) gpio: GPIO[33]| InputEn: 1| OutputEn: 0| OpenDrain: 0| Pullup: 1| Pulldown: 0| Intr:3 [0m
[2019-08-20 11:10:24] [0;32mI (272) gpio: GPIO[25]| InputEn: 1| OutputEn: 0| OpenDrain: 0| Pullup: 1| Pulldown: 0| Intr:3 [0m
[2019-08-20 11:10:24] [0;32mI (282) gpio: GPIO[26]| InputEn: 1| OutputEn: 0| OpenDrain: 0| Pullup: 1| Pulldown: 0| Intr:3 [0m
[2019-08-20 11:10:24] [0;32mI (291) gpio: GPIO[4]| InputEn: 0| OutputEn: 1| OpenDrain: 0| Pullup: 0| Pulldown: 0| Intr:0 [0m
[2019-08-20 11:10:24] [0;32mI (300) gpio: GPIO[13]| InputEn: 0| OutputEn: 1| OpenDrain: 0| Pullup: 0| Pulldown: 0| Intr:0 [0m
[2019-08-20 11:10:24] [0;32mI (310) gpio: GPIO[21]| InputEn: 0| OutputEn: 1| OpenDrain: 0| Pullup: 0| Pulldown: 0| Intr:0 [0m
[2019-08-20 11:10:24] [0;32mI (319) gpio: GPIO[22]| InputEn: 0| OutputEn: 1| OpenDrain: 0| Pullup: 0| Pulldown: 0| Intr:0 [0m
[2019-08-20 11:10:24] [0;32mI (328) gpio: GPIO[23]| InputEn: 0| OutputEn: 1| OpenDrain: 0| Pullup: 0| Pulldown: 0| Intr:0 [0m
[2019-08-20 11:10:24] [0;32mI (337) gpio: GPIO[17]| InputEn: 0| OutputEn: 1| OpenDrain: 0| Pullup: 0| Pulldown: 0| Intr:0 [0m
[2019-08-20 11:10:24] [0;32mI (347) gpio: GPIO[5]| InputEn: 0| OutputEn: 1| OpenDrain: 0| Pullup: 0| Pulldown: 0| Intr:0 [0m
[2019-08-20 11:10:24] [0;32mI (356) gpio: GPIO[18]| InputEn: 0| OutputEn: 1| OpenDrain: 0| Pullup: 0| Pulldown: 0| Intr:0 [0m
[2019-08-20 11:10:24] [0;32mI (365) gpio: GPIO[19]| InputEn: 0| OutputEn: 1| OpenDrain: 0| Pullup: 0| Pulldown: 0| Intr:0 [0m
[2019-08-20 11:10:24] [0;32mI (375) [mupgrade_example, 357]: Starting OTA example ...[0m
[2019-08-20 11:10:24] I (384) wifi: wifi driver task: 3ffc2c54, prio:23, stack:3584, core=0
[2019-08-20 11:10:24] [0;32mI (387) system_api: Base MAC address is not set, read default base MAC address from BLK0 of EFUSE[0m
[2019-08-20 11:10:24] [0;32mI (396) system_api: Base MAC address is not set, read default base MAC address from BLK0 of EFUSE[0m
[2019-08-20 11:10:24] I (417) wifi: wifi firmware version: 0c3a77a
[2019-08-20 11:10:24] I (417) wifi: config NVS flash: enabled
[2019-08-20 11:10:24] I (417) wifi: config nano formating: disabled
[2019-08-20 11:10:24] I (418) wifi: Init dynamic tx buffer num: 32
[2019-08-20 11:10:24] I (421) wifi: Init data frame dynamic rx buffer num: 32
[2019-08-20 11:10:24] I (426) wifi: Init management frame dynamic rx buffer num: 32
[2019-08-20 11:10:24] I (432) wifi: Init management short buffer num: 32
[2019-08-20 11:10:24] I (437) wifi: Init static rx buffer size: 1600
[2019-08-20 11:10:24] I (441) wifi: Init static rx buffer num: 10
[2019-08-20 11:10:24] I (444) wifi: Init dynamic rx buffer num: 32
[2019-08-20 11:10:24] I (449) wifi: Set ps type: 0
[2019-08-20 11:10:24] 
[2019-08-20 11:10:24] [0;33mW (452) phy_init: failed to load RF calibration data (0x1102), falling back to full calibration[0m
[2019-08-20 11:10:24] [0;32mI (626) phy: phy_version: 4008, 544f89f, Jan 24 2019, 14:54:06, 0, 2[0m
[2019-08-20 11:10:24] I (633) wifi: mode : sta (3c:71:bf:e0:92:b8)
[2019-08-20 11:10:24] [0;32mI (635) [mwifi, 177]: esp-mdf version: v1.0-beta1-dirty[0m
[2019-08-20 11:10:24] W (636) wifi: [beacon]interval:100ms
[2019-08-20 11:10:24] I (638) wifi: mode : sta (3c:71:bf:e0:92:b8) + softAP (3c:71:bf:e0:92:b9)
[2019-08-20 11:10:24] I (645) wifi: Total power save buffer number: 16
[2019-08-20 11:10:24] I (648) wifi: Init max length of beacon: 752/752
[2019-08-20 11:10:24] I (653) wifi: Init max length of beacon: 752/752
[2019-08-20 11:10:24] I (660) mesh: <nvs>read layer:0, err:0x1102
[2019-08-20 11:10:24] I (661) mesh: <nvs>read assoc:0, err:0x1102
[2019-08-20 11:10:24] W (666) wifi: [beacon]interval:100ms
[2019-08-20 11:10:24] I (673) wifi: Total power save buffer number: 16
[2019-08-20 11:10:24] I (1675) wifi: Set ps type: 0
[2019-08-20 11:10:25] 
[2019-08-20 11:10:25] I (1680) wifi: mode : sta (3c:71:bf:e0:92:b8)
[2019-08-20 11:10:25] I (1682) mesh: <MESH_NWK_LOOK_FOR_NETWORK>need_scan:0x3, need_scan_router:0x0, look_for_nwk_count:1
[2019-08-20 11:10:25] [0;32mI (1683) [mwifi, 113]: MESH is started[0m
[2019-08-20 11:10:25] [0;32mI (4687) [get_started, 28]: heap free: 176488[0m
[2019-08-20 11:10:28] I (5593) mesh: [S9]Mr.Hu, e0:dc:ff:64:03:71, channel:4, rssi:-40
[2019-08-20 11:10:29] I (5594) mesh: find router:[ssid_len:5]Mr.Hu, rssi:-40, e0:dc:ff:64:03:71(encrypted), new channel:4, old channel:0
[2019-08-20 11:10:29] I (5599) mesh: [FIND][ch:0]AP:28, otherID:0, MAP:0, idle:0, candidate:0, root:0[e0:dc:ff:64:03:71]router found
[2019-08-20 11:10:29] I (5608) mesh: [FIND:1]find a network, channel:4, cfg<channel:0, router:Mr.Hu, 00:00:00:00:00:00>
[2019-08-20 11:10:29] 
[2019-08-20 11:10:29] I (5618) wifi: mode : sta (3c:71:bf:e0:92:b8) + softAP (3c:71:bf:e0:92:b9)
[2019-08-20 11:10:29] W (5625) wifi: <MESH AP>adjust channel:1, secondary channel offset:1(40U)
[2019-08-20 11:10:29] I (5631) wifi: Total power save buffer number: 16
[2019-08-20 11:10:29] W (5641) wifi: <MESH AP>adjust channel:4, secondary channel offset:1(40U)
[2019-08-20 11:10:29] I (5642) wifi: Total power save buffer number: 16
[2019-08-20 11:10:29] I (5951) mesh: [SCAN][ch:4]AP:2, other(ID:0, RD:0), MAP:0, idle:0, candidate:1, root:0, topMAP:0[c:0,i:0][e0:dc:ff:64:03:71]router found<>
[2019-08-20 11:10:29] I (5953) mesh: 1212[SCAN]init rc[3c:71:bf:e0:92:b9,-40], mine:0, voter:0
[2019-08-20 11:10:29] I (5959) mesh: 1250, vote myself, router rssi:-40 > voted rc_rssi:-120
[2019-08-20 11:10:29] I (5965) mesh: [SCAN:1/10]rc[128][3c:71:bf:e0:92:b9,-40], self[3c:71:bf:e0:92:b8,-40,reason:0,votes:1,idle][mine:1,voter:1(1.00)percent:0.90][128,1,3c:71:bf:e0:92:b9]
[2019-08-20 11:10:29] 
[2019-08-20 11:10:29] I (6282) mesh: [SCAN][ch:4]AP:2, other(ID:0, RD:0), MAP:0, idle:0, candidate:1, root:0, topMAP:0[c:0,i:1][e0:dc:ff:64:03:71]router found<>
[2019-08-20 11:10:30] I (6284) mesh: 1212[SCAN]init rc[3c:71:bf:e0:92:b9,-39], mine:0, voter:0
[2019-08-20 11:10:30] I (6291) mesh: [SCAN:2/10]rc[128][3c:71:bf:e0:92:b9,-40], self[3c:71:bf:e0:92:b8,-39,reason:0,votes:1,idle][mine:1,voter:1(1.00)percent:0.90][128,1,3c:71:bf:e0:92:b9]
[2019-08-20 11:10:30] 
[2019-08-20 11:10:30] I (6607) mesh: [SCAN][ch:4]AP:2, other(ID:0, RD:0), MAP:0, idle:0, candidate:1, root:0, topMAP:0[c:0,i:1][e0:dc:ff:64:03:71]router found<>
[2019-08-20 11:10:30] I (6609) mesh: 1212[SCAN]init rc[3c:71:bf:e0:92:b9,-39], mine:0, voter:0
[2019-08-20 11:10:30] I (6616) mesh: [SCAN:3/10]rc[128][3c:71:bf:e0:92:b9,-40], self[3c:71:bf:e0:92:b8,-39,reason:0,votes:1,idle][mine:1,voter:1(1.00)percent:0.90][128,1,3c:71:bf:e0:92:b9]
[2019-08-20 11:10:30] 
[2019-08-20 11:10:30] I (6932) mesh: [SCAN][ch:4]AP:1, other(ID:0, RD:0), MAP:0, idle:0, candidate:1, root:0, topMAP:0[c:0,i:1][e0:dc:ff:64:03:71]router found<>
[2019-08-20 11:10:30] I (6934) mesh: 1212[SCAN]init rc[3c:71:bf:e0:92:b9,-40], mine:0, voter:0
[2019-08-20 11:10:30] I (6941) mesh: [SCAN:4/10]rc[128][3c:71:bf:e0:92:b9,-40], self[3c:71:bf:e0:92:b8,-40,reason:0,votes:1,idle][mine:1,voter:1(1.00)percent:0.90][128,1,3c:71:bf:e0:92:b9]
[2019-08-20 11:10:30] 
[2019-08-20 11:10:30] I (7257) mesh: [SCAN][ch:4]AP:2, other(ID:0, RD:0), MAP:0, idle:0, candidate:1, root:0, topMAP:0[c:0,i:1][e0:dc:ff:64:03:71]router found<>
[2019-08-20 11:10:31] I (7259) mesh: 1212[SCAN]init rc[3c:71:bf:e0:92:b9,-40], mine:0, voter:0
[2019-08-20 11:10:31] I (7266) mesh: [SCAN:5/10]rc[128][3c:71:bf:e0:92:b9,-40], self[3c:71:bf:e0:92:b8,-40,reason:0,votes:1,idle][mine:1,voter:1(1.00)percent:0.90][128,1,3c:71:bf:e0:92:b9]
[2019-08-20 11:10:31] 
[2019-08-20 11:10:31] I (7583) mesh: [SCAN][ch:4]AP:2, other(ID:0, RD:0), MAP:0, idle:0, candidate:1, root:0, topMAP:0[c:0,i:1][e0:dc:ff:64:03:71]router found<>
[2019-08-20 11:10:31] I (7585) mesh: 1212[SCAN]init rc[3c:71:bf:e0:92:b9,-38], mine:0, voter:0
[2019-08-20 11:10:31] I (7591) mesh: [SCAN:6/10]rc[128][3c:71:bf:e0:92:b9,-40], self[3c:71:bf:e0:92:b8,-38,reason:0,votes:1,idle][mine:1,voter:1(1.00)percent:0.90][128,1,3c:71:bf:e0:92:b9]
[2019-08-20 11:10:31] 
[2019-08-20 11:10:31] [0;32mI (7687) [get_started, 28]: heap free: 176868[0m
[2019-08-20 11:10:31] I (7908) mesh: [SCAN][ch:4]AP:2, other(ID:0, RD:0), MAP:0, idle:0, candidate:1, root:0, topMAP:0[c:0,i:1][e0:dc:ff:64:03:71]router found<>
[2019-08-20 11:10:31] I (7911) mesh: 1212[SCAN]init rc[3c:71:bf:e0:92:b9,-40], mine:0, voter:0
[2019-08-20 11:10:31] I (7917) mesh: [SCAN:7/10]rc[128][3c:71:bf:e0:92:b9,-40], self[3c:71:bf:e0:92:b8,-40,reason:0,votes:1,idle][mine:1,voter:1(1.00)percent:0.90][128,1,3c:71:bf:e0:92:b9]
[2019-08-20 11:10:31] 
[2019-08-20 11:10:31] I (8234) mesh: [SCAN][ch:4]AP:1, other(ID:0, RD:0), MAP:0, idle:0, candidate:1, root:0, topMAP:0[c:0,i:1][e0:dc:ff:64:03:71]router found<>
[2019-08-20 11:10:32] I (8236) mesh: 1212[SCAN]init rc[3c:71:bf:e0:92:b9,-40], mine:0, voter:0
[2019-08-20 11:10:32] I (8242) mesh: [SCAN:8/10]rc[128][3c:71:bf:e0:92:b9,-40], self[3c:71:bf:e0:92:b8,-40,reason:0,votes:1,idle][mine:1,voter:1(1.00)percent:0.90][128,1,3c:71:bf:e0:92:b9]
[2019-08-20 11:10:32] 
[2019-08-20 11:10:32] I (8559) mesh: [SCAN][ch:4]AP:2, other(ID:0, RD:0), MAP:0, idle:0, candidate:1, root:0, topMAP:0[c:0,i:1][e0:dc:ff:64:03:71]router found<>
[2019-08-20 11:10:32] I (8561) mesh: 1212[SCAN]init rc[3c:71:bf:e0:92:b9,-39], mine:0, voter:0
[2019-08-20 11:10:32] I (8568) mesh: [SCAN:9/10]rc[128][3c:71:bf:e0:92:b9,-40], self[3c:71:bf:e0:92:b8,-39,reason:0,votes:1,idle][mine:1,voter:1(1.00)percent:0.90][128,1,3c:71:bf:e0:92:b9]
[2019-08-20 11:10:32] 
[2019-08-20 11:10:32] I (8884) mesh: [SCAN][ch:4]AP:1, other(ID:0, RD:0), MAP:0, idle:0, candidate:1, root:0, topMAP:0[c:0,i:1][e0:dc:ff:64:03:71]router found<>
[2019-08-20 11:10:32] I (8886) mesh: 1212[SCAN]init rc[3c:71:bf:e0:92:b9,-39], mine:0, voter:0
[2019-08-20 11:10:32] I (8893) mesh: [SCAN:10/13+x+]rc[128][3c:71:bf:e0:92:b9,-40], self[3c:71:bf:e0:92:b8,-39,reason:0,votes:1,idle][mine:1,voter:1(1.00)percent:0.90][128,1,3c:71:bf:e0:92:b9]
[2019-08-20 11:10:32] 
[2019-08-20 11:10:32] I (9209) mesh: [SCAN][ch:4]AP:1, other(ID:0, RD:0), MAP:0, idle:0, candidate:1, root:0, topMAP:0[c:0,i:1][e0:dc:ff:64:03:71]router found<>
[2019-08-20 11:10:33] I (9211) mesh: 1212[SCAN]init rc[3c:71:bf:e0:92:b9,-39], mine:0, voter:0
[2019-08-20 11:10:33] I (9218) mesh: [SCAN:11/13+x+]rc[128][3c:71:bf:e0:92:b9,-40], self[3c:71:bf:e0:92:b8,-39,reason:0,votes:1,idle][mine:1,voter:1(1.00)percent:0.90][128,1,3c:71:bf:e0:92:b9]
[2019-08-20 11:10:33] 
[2019-08-20 11:10:33] I (9535) mesh: [SCAN][ch:4]AP:1, other(ID:0, RD:0), MAP:0, idle:0, candidate:1, root:0, topMAP:0[c:0,i:1][e0:dc:ff:64:03:71]router found<>
[2019-08-20 11:10:33] I (9537) mesh: 1212[SCAN]init rc[3c:71:bf:e0:92:b9,-40], mine:0, voter:0
[2019-08-20 11:10:33] I (9544) mesh: [SCAN:12/13+x+]rc[128][3c:71:bf:e0:92:b9,-40], self[3c:71:bf:e0:92:b8,-40,reason:0,votes:1,idle][mine:1,voter:1(1.00)percent:0.90][128,1,3c:71:bf:e0:92:b9]
[2019-08-20 11:10:33] 
[2019-08-20 11:10:33] I (9861) mesh: [SCAN][ch:4]AP:1, other(ID:0, RD:0), MAP:0, idle:0, candidate:1, root:0, topMAP:0[c:0,i:1][e0:dc:ff:64:03:71]router found<>
[2019-08-20 11:10:33] I (9863) mesh: 1212[SCAN]init rc[3c:71:bf:e0:92:b9,-39], mine:0, voter:0
[2019-08-20 11:10:33] I (9869) mesh: [SCAN:13/13+x+]rc[128][3c:71:bf:e0:92:b9,-40], self[3c:71:bf:e0:92:b8,-39,reason:0,votes:1,idle][mine:1,voter:1(1.00)percent:0.90][128,1,3c:71:bf:e0:92:b9]
[2019-08-20 11:10:33] 
[2019-08-20 11:10:33] W (9884) wifi: [beacon]interval:100ms
[2019-08-20 11:10:33] I (9888) mesh: [DONE]connect to router:Mr.Hu, channel:4, rssi:-39, e0:dc:ff:64:03:71[layer:0, assoc:0], my_vote_num:1/voter_num:1, rc[3c:71:bf:e0:92:b9/-40/1]
[2019-08-20 11:10:33] I (10030) wifi: n:4 1, o:4 1, ap:4 1, sta:4 0, prof:4
[2019-08-20 11:10:33] I (11020) wifi: state: init -> auth (b0)
[2019-08-20 11:10:34] [0;32mI (11030) [get_started, 28]: heap free: 176596[0m
[2019-08-20 11:10:34] I (11075) wifi: state: auth -> assoc (0)
[2019-08-20 11:10:34] I (11089) wifi: state: assoc -> run (10)
[2019-08-20 11:10:34] I (11109) wpa: <EAPOL>state:6
[2019-08-20 11:10:35] I (11109) wpa: <EAPOL>receiving the 1/4 EAPOL-Key, state:6
[2019-08-20 11:10:35] I (11117) wpa: <EAPOL>state:7
[2019-08-20 11:10:35] I (11117) wpa: <EAPOL>receiving the 3/4 EAPOL-Key, state:7
[2019-08-20 11:10:35] I (11118) wifi: connected with Mr.Hu, channel 4, HT20
[2019-08-20 11:10:35] I (11124) wifi: pm start, type: 0
[2019-08-20 11:10:35] 
[2019-08-20 11:10:35] I (11127) mesh: [scan]new scanning time:600ms
[2019-08-20 11:10:35] W (11128) wifi: [beacon]new interval:300ms
[2019-08-20 11:10:35] I (11136) mesh: <nvs>write layer:1
[2019-08-20 11:10:35] [0;32mI (11136) [mwifi, 80]: Parent is connected[0m
[2019-08-20 11:10:35] [0;32mI (11141) [mupgrade_example, 287]: MDF_EVENT_PARENT_CONNECTED[0m
[2019-08-20 11:10:35] [0;32mI (11142) [mwifi, 149]: State represents: 0[0m
[2019-08-20 11:10:35] [0;32mI (11151) [mupgrade_example, 44]: Root read task is running[0m
[2019-08-20 11:10:35] [0;32mI (11152) [mupgrade_example, 84]: Node read task is running[0m
[2019-08-20 11:10:35] [0;32mI (12971) event: sta ip: 192.168.43.45, mask: 255.255.255.0, gw: 192.168.43.1[0m
[2019-08-20 11:10:36] [0;32mI (12972) [mupgrade_example, 299]: MDF_EVENT_MWIFI_ROOT_GOT_IP[0m
[2019-08-20 11:10:36] [0;32mI (14030) [get_started, 28]: heap free: 155384[0m
[2019-08-20 11:10:37] [0;32mI (17030) [get_started, 28]: heap free: 155384[0m
[2019-08-20 11:10:40] [0;32mI (20030) [get_started, 28]: heap free: 155384[0m
[2019-08-20 11:10:43] [0;32mI (23030) [get_started, 28]: heap free: 155384[0m
[2019-08-20 11:10:46] [0;32mI (26030) [get_started, 28]: heap free: 155384[0m
[2019-08-20 11:10:49] [0;32mI (28191) mesh-key: æŒ‰é”®1å•å‡»[0m
[2019-08-20 11:10:52] [0;32mI (29030) [get_started, 28]: heap free: 155384[0m
[2019-08-20 11:10:52] [0;32mI (29400) mesh-key: æŒ‰é”®2å•å‡»[0m
[2019-08-20 11:10:53] [0;32mI (30553) mesh-key: æŒ‰é”®3å•å‡»[0m
[2019-08-20 11:10:54] [0;32mI (31408) mesh-key: æŒ‰é”®4å•å‡»[0m
[2019-08-20 11:10:55] [0;32mI (32030) [get_started, 28]: heap free: 155384[0m
[2019-08-20 11:10:55] [0;32mI (32577) mesh-key: æŒ‰é”®3å•å‡»[0m
[2019-08-20 11:10:56] [0;32mI (32975) [tcp client, 44]: Start TCP client read[0m
[2019-08-20 11:10:56] [0;32mI (32975) [tcp client, 12]: Create a tcp client, ip: 192.168.43.131, port: 1234[0m
[2019-08-20 11:10:56] [0;33mW (33006) [tcp client, 27]: socket connect, ret: -1, ip: 192.168.43.131, port: 1234[0m
[2019-08-20 11:10:56] [0;32mI (33149) mesh-key: æŒ‰é”®4å•å‡»[0m
[2019-08-20 11:10:57] [0;33mW (33507) [mupgrade_example, 260]: tcp client read err[0m
[2019-08-20 11:10:57] [0;32mI (35030) [get_started, 28]: heap free: 155164[0m
[2019-08-20 11:10:58] [0;32mI (37530) mesh-key: æŒ‰é”®2å•å‡»[0m
[2019-08-20 11:11:01] [0;32mI (37639) mesh-key: æŒ‰é”®2å•å‡»[0m
[2019-08-20 11:11:01] [0;32mI (38030) [get_started, 28]: heap free: 155164[0m
[2019-08-20 11:11:01] [0;32mI (38145) mesh-key: æŒ‰é”®2å•å‡»[0m
[2019-08-20 11:11:02] [0;32mI (39073) mesh-key: æŒ‰é”®2å•å‡»[0m
[2019-08-20 11:11:02] [0;32mI (39111) mesh-key: æŒ‰é”®2å•å‡»[0m
[2019-08-20 11:11:03] [0;32mI (40270) mesh-key: æŒ‰é”®2å•å‡»[0m
[2019-08-20 11:11:04] [0;32mI (41030) [get_started, 28]: heap free: 155164[0m
[2019-08-20 11:11:04] [0;32mI (41050) mesh-key: æŒ‰é”®2å•å‡»[0m
[2019-08-20 11:11:04] [0;32mI (42246) mesh-key: æŒ‰é”®2å•å‡»[0m
[2019-08-20 11:11:06] [0;32mI (43048) mesh-key: æŒ‰é”®2å•å‡»[0m
[2019-08-20 11:11:06] [0;32mI (43751) mesh-key: æŒ‰é”®2å•å‡»[0m
[2019-08-20 11:11:07] [0;32mI (44030) [get_started, 28]: heap free: 155164[0m
[2019-08-20 11:11:07] [0;32mI (44316) mesh-key: æŒ‰é”®2å•å‡»[0m
[2019-08-20 11:11:08] [0;32mI (44865) mesh-key: æŒ‰é”®2å•å‡»[0m
[2019-08-20 11:11:08] [0;32mI (45460) mesh-key: æŒ‰é”®2å•å‡»[0m
[2019-08-20 11:11:09] [0;32mI (45998) mesh-key: æŒ‰é”®2å•å‡»[0m
[2019-08-20 11:11:09] [0;32mI (47030) [get_started, 28]: heap free: 155164[0m
[2019-08-20 11:11:10] [0;32mI (47086) mesh-key: æŒ‰é”®3å•å‡»[0m
[2019-08-20 11:11:10] [0;32mI (48620) mesh-key: æŒ‰é”®4å•å‡»[0m
[2019-08-20 11:11:12] [0;32mI (49338) mesh-key: æŒ‰é”®3å•å‡»[0m
[2019-08-20 11:11:13] [0;32mI (50002) mesh-key: æŒ‰é”®2å•å‡»[0m
[2019-08-20 11:11:13] [0;32mI (50030) [get_started, 28]: heap free: 155164[0m
[2019-08-20 11:11:13] [0;32mI (50501) mesh-key: æŒ‰é”®3å•å‡»[0m
[2019-08-20 11:11:14] [0;32mI (51179) mesh-key: æŒ‰é”®4å•å‡»[0m
[2019-08-20 11:11:15] [0;32mI (52750) mesh-key: æŒ‰é”®2å•å‡»[0m
[2019-08-20 11:11:16] [0;32mI (53030) [get_started, 28]: heap free: 155164[0m
[2019-08-20 11:11:16] [0;32mI (53507) [tcp client, 44]: Start TCP client read[0m
[2019-08-20 11:11:17] [0;32mI (53507) [tcp client, 12]: Create a tcp client, ip: 192.168.43.131, port: 1234[0m
[2019-08-20 11:11:17] [0;33mW (53687) [tcp client, 27]: socket connect, ret: -1, ip: 192.168.43.131, port: 1234[0m
[2019-08-20 11:11:17] [0;33mW (54188) [mupgrade_example, 260]: tcp client read err[0m
[2019-08-20 11:11:18] [0;32mI (55184) mesh-key: æŒ‰é”®1é•¿æŒ‰[0m
[2019-08-20 11:11:19] [0;32mI (56030) [get_started, 28]: heap free: 155072[0m
[2019-08-20 11:11:19] [0;32mI (57284) mesh-key: æŒ‰é”®2å•å‡»[0m
[2019-08-20 11:11:21] [0;32mI (57822) mesh-key: æŒ‰é”®3å•å‡»[0m
[2019-08-20 11:11:21] [0;32mI (58692) mesh-key: æŒ‰é”®4å•å‡»[0m
[2019-08-20 11:11:22] [0;32mI (59030) [get_started, 28]: heap free: 155072[0m
[2019-08-20 11:11:22] [0;32mI (59195) mesh-key: æŒ‰é”®1å•å‡»[0m
[2019-08-20 11:11:23] [0;32mI (59924) mesh-key: æŒ‰é”®2å•å‡»[0m
[2019-08-20 11:11:23] [0;32mI (61176) mesh-key: æŒ‰é”®3å•å‡»[0m
[2019-08-20 11:11:25] [0;32mI (61839) mesh-key: æŒ‰é”®4å•å‡»[0m
[2019-08-20 11:11:25] [0;32mI (62030) [get_started, 28]: heap free: 155072[0m
[2019-08-20 11:11:25] [0;32mI (62359) mesh-key: æŒ‰é”®1å•å‡»[0m
[2019-08-20 11:11:26] [0;32mI (63566) mesh-key: æŒ‰é”®2å•å‡»[0m
[2019-08-20 11:11:27] [0;32mI (64085) mesh-key: æŒ‰é”®3å•å‡»[0m
[2019-08-20 11:11:27] [0;32mI (64868) mesh-key: æŒ‰é”®4å•å‡»[0m
[2019-08-20 11:11:28] [0;32mI (65030) [get_started, 28]: heap free: 155072[0m
[2019-08-20 11:11:28] [0;32mI (65371) mesh-key: æŒ‰é”®4å•å‡»[0m
[2019-08-20 11:11:29] [0;32mI (65826) mesh-key: æŒ‰é”®3å•å‡»[0m
[2019-08-20 11:11:29] [0;32mI (65863) mesh-key: æŒ‰é”®3å•å‡»[0m
[2019-08-20 11:11:29] [0;32mI (66499) mesh-key: æŒ‰é”®2å•å‡»[0m
[2019-08-20 11:11:30] [0;32mI (67055) mesh-key: æŒ‰é”®1å•å‡»[0m
[2019-08-20 11:11:30] [0;32mI (68030) [get_started, 28]: heap free: 155072[0m
[2019-08-20 11:11:31] [0;32mI (68151) mesh-key: æŒ‰é”®2å•å‡»[0m
[2019-08-20 11:11:32] [0;32mI (68563) mesh-key: æŒ‰é”®2å•å‡»[0m
[2019-08-20 11:11:32] [0;32mI (69055) mesh-key: æŒ‰é”®2å•å‡»[0m
[2019-08-20 11:11:32] [0;32mI (69443) mesh-key: æŒ‰é”®2å•å‡»[0m
[2019-08-20 11:11:33] [0;32mI (69822) mesh-key: æŒ‰é”®2å•å‡»[0m
[2019-08-20 11:11:33] [0;32mI (70235) mesh-key: æŒ‰é”®3å•å‡»[0m
[2019-08-20 11:11:34] [0;32mI (70556) mesh-key: æŒ‰é”®3å•å‡»[0m
[2019-08-20 11:11:34] [0;32mI (70673) mesh-key: æŒ‰é”®3å•å‡»[0m
[2019-08-20 11:11:34] [0;32mI (71030) [get_started, 28]: heap free: 155072[0m
[2019-08-20 11:11:34] [0;32mI (71099) mesh-key: æŒ‰é”®4å•å‡»[0m
[2019-08-20 11:11:34] [0;32mI (71518) mesh-key: æŒ‰é”®4å•å‡»[0m
[2019-08-20 11:11:35] [0;32mI (72835) mesh-key: æŒ‰é”®1é•¿æŒ‰[0m
[2019-08-20 11:11:36] [0;32mI (74030) [get_started, 28]: heap free: 155072[0m
[2019-08-20 11:11:37] [0;32mI (74188) [tcp client, 44]: Start TCP client read[0m
[2019-08-20 11:11:38] [0;32mI (74188) [tcp client, 12]: Create a tcp client, ip: 192.168.43.131, port: 1234[0m
[2019-08-20 11:11:38] [0;33mW (74385) [tcp client, 27]: socket connect, ret: -1, ip: 192.168.43.131, port: 1234[0m
[2019-08-20 11:11:38] [0;33mW (74886) [mupgrade_example, 260]: tcp client read err[0m
[2019-08-20 11:11:38] [0;32mI (76340) mesh-key: æŒ‰é”®2å•å‡»[0m
[2019-08-20 11:11:40] [0;32mI (77017) mesh-key: æŒ‰é”®2å•å‡»[0m
[2019-08-20 11:11:40] [0;32mI (77030) [get_started, 28]: heap free: 154980[0m
[2019-08-20 11:11:40] [0;32mI (77871) mesh-key: æŒ‰é”®4é•¿æŒ‰[0m
[2019-08-20 11:11:41] [0;32mI (79410) mesh-key: æŒ‰é”®3å•å‡»[0m
[2019-08-20 11:11:43] [0;32mI (79820) mesh-key: æŒ‰é”®3å•å‡»[0m
[2019-08-20 11:11:43] [0;32mI (80030) [get_started, 28]: heap free: 154980[0m
[2019-08-20 11:11:43] [0;32mI (80157) mesh-key: æŒ‰é”®3å•å‡»[0m
[2019-08-20 11:11:44] [0;32mI (80545) mesh-key: æŒ‰é”®3å•å‡»[0m
[2019-08-20 11:11:44] [0;32mI (80834) mesh-key: æŒ‰é”®4é•¿æŒ‰[0m
[2019-08-20 11:11:44] [0;32mI (81914) mesh-key: æŒ‰é”®1å•å‡»[0m
[2019-08-20 11:11:45] [0;32mI (82493) mesh-key: æŒ‰é”®3å•å‡»[0m
[2019-08-20 11:11:46] [0;32mI (82887) mesh-key: æŒ‰é”®2å•å‡»[0m
[2019-08-20 11:11:46] [0;32mI (83030) [get_started, 28]: heap free: 154980[0m
[2019-08-20 11:11:46] [0;32mI (83176) mesh-key: æŒ‰é”®4å•å‡»[0m
[2019-08-20 11:11:47] [0;32mI (83585) mesh-key: æŒ‰é”®1å•å‡»[0m
[2019-08-20 11:11:47] [0;32mI (83700) mesh-key: æŒ‰é”®3å•å‡»[0m
[2019-08-20 11:11:47] [0;32mI (84018) mesh-key: æŒ‰é”®2å•å‡»[0m
[2019-08-20 11:11:47] [0;32mI (84156) mesh-key: æŒ‰é”®3å•å‡»[0m
[2019-08-20 11:11:48] [0;32mI (84167) mesh-key: æŒ‰é”®4å•å‡»[0m
[2019-08-20 11:11:48] [0;32mI (84337) mesh-key: æŒ‰é”®2å•å‡»[0m
[2019-08-20 11:11:48] [0;32mI (84561) mesh-key: æŒ‰é”®3å•å‡»[0m
[2019-08-20 11:11:48] [0;32mI (84627) mesh-key: æŒ‰é”®2å•å‡»[0m
[2019-08-20 11:11:48] [0;32mI (84888) mesh-key: æŒ‰é”®3å•å‡»[0m
[2019-08-20 11:11:48] [0;32mI (85154) mesh-key: æŒ‰é”®2å•å‡»[0m
[2019-08-20 11:11:49] [0;32mI (85206) mesh-key: æŒ‰é”®3å•å‡»[0m
[2019-08-20 11:11:49] [0;32mI (85449) mesh-key: æŒ‰é”®2å•å‡»[0m
[2019-08-20 11:11:49] [0;32mI (85470) mesh-key: æŒ‰é”®3å•å‡»[0m
[2019-08-20 11:11:49] [0;32mI (85610) mesh-key: æŒ‰é”®3å•å‡»[0m
[2019-08-20 11:11:49] [0;32mI (85716) mesh-key: æŒ‰é”®1å•å‡»[0m
[2019-08-20 11:11:49] [0;32mI (85735) mesh-key: æŒ‰é”®3å•å‡»[0m
[2019-08-20 11:11:49] [0;32mI (86030) [get_started, 28]: heap free: 154980[0m
[2019-08-20 11:11:49] [0;32mI (86572) mesh-key: æŒ‰é”®1å•å‡»[0m
[2019-08-20 11:11:50] [0;32mI (86911) mesh-key: æŒ‰é”®2å•å‡»[0m
[2019-08-20 11:11:50] [0;32mI (87222) mesh-key: æŒ‰é”®3å•å‡»[0m
[2019-08-20 11:11:51] [0;32mI (87239) mesh-key: æŒ‰é”®4å•å‡»[0m
[2019-08-20 11:11:51] [0;32mI (87619) mesh-key: æŒ‰é”®3å•å‡»[0m
[2019-08-20 11:11:51] [0;32mI (87693) mesh-key: æŒ‰é”®2å•å‡»[0m
[2019-08-20 11:11:51] [0;32mI (88077) mesh-key: æŒ‰é”®1å•å‡»[0m
[2019-08-20 11:11:51] [0;32mI (88536) mesh-key: æŒ‰é”®4å•å‡»[0m
[2019-08-20 11:11:52] [0;32mI (88562) mesh-key: æŒ‰é”®3å•å‡»[0m
[2019-08-20 11:11:52] [0;32mI (88823) mesh-key: æŒ‰é”®1å•å‡»[0m
[2019-08-20 11:11:52] [0;32mI (89030) [get_started, 28]: heap free: 154980[0m
[2019-08-20 11:11:52] [0;32mI (89125) mesh-key: æŒ‰é”®4å•å‡»[0m
[2019-08-20 11:11:53] [0;32mI (89140) mesh-key: æŒ‰é”®3å•å‡»[0m
[2019-08-20 11:11:53] [0;32mI (89208) mesh-key: æŒ‰é”®1å•å‡»[0m
[2019-08-20 11:11:53] [0;32mI (89356) mesh-key: æŒ‰é”®1å•å‡»[0m
[2019-08-20 11:11:53] [0;32mI (89685) mesh-key: æŒ‰é”®4å•å‡»[0m
[2019-08-20 11:11:53] [0;32mI (89705) mesh-key: æŒ‰é”®3å•å‡»[0m
[2019-08-20 11:11:53] [0;32mI (89838) mesh-key: æŒ‰é”®2é•¿æŒ‰[0m
[2019-08-20 11:11:53] [0;32mI (90052) mesh-key: æŒ‰é”®1å•å‡»[0m
[2019-08-20 11:11:53] [0;32mI (90270) mesh-key: æŒ‰é”®3å•å‡»[0m
[2019-08-20 11:11:54] [0;32mI (90320) mesh-key: æŒ‰é”®2å•å‡»[0m
[2019-08-20 11:11:54] [0;32mI (90438) mesh-key: æŒ‰é”®3å•å‡»[0m
[2019-08-20 11:11:54] [0;32mI (90438) mesh-key: æŒ‰é”®4å•å‡»[0m
[2019-08-20 11:11:54] [0;32mI (90723) mesh-key: æŒ‰é”®1å•å‡»[0m
[2019-08-20 11:11:54] [0;32mI (91079) mesh-key: æŒ‰é”®4å•å‡»[0m
[2019-08-20 11:11:54] [0;32mI (91122) mesh-key: æŒ‰é”®3å•å‡»[0m
[2019-08-20 11:11:55] [0;32mI (91348) mesh-key: æŒ‰é”®1å•å‡»[0m
[2019-08-20 11:11:55] [0;32mI (91372) mesh-key: æŒ‰é”®2å•å‡»[0m
[2019-08-20 11:11:55] [0;32mI (92030) [get_started, 28]: heap free: 154980[0m
[2019-08-20 11:11:55] [0;32mI (94886) [tcp client, 44]: Start TCP client read[0m
[2019-08-20 11:11:58] [0;32mI (94886) [tcp client, 12]: Create a tcp client, ip: 192.168.43.131, port: 1234[0m
[2019-08-20 11:11:58] [0;32mI (95030) [get_started, 28]: heap free: 154368[0m
[2019-08-20 11:11:58] [0;33mW (95056) [tcp client, 27]: socket connect, ret: -1, ip: 192.168.43.131, port: 1234[0m
[2019-08-20 11:11:58] [0;33mW (95557) [mupgrade_example, 260]: tcp client read err[0m
[2019-08-20 11:11:59] [0;32mI (98030) [get_started, 28]: heap free: 154888[0m
[2019-08-20 11:12:01] [0;32mI (101030) [get_started, 28]: heap free: 154888[0m
[2019-08-20 11:12:04] [0;32mI (104030) [get_started, 28]: heap free: 154888[0m
[2019-08-20 11:12:07] [0;32mI (107030) [get_started, 28]: heap free: 154888[0m
[2019-08-20 11:12:10] [0;32mI (110030) [get_started, 28]: heap free: 154888[0m
[2019-08-20 11:12:13] [0;32mI (113030) [get_started, 28]: heap free: 154888[0m
[2019-08-20 11:12:16] [0;32mI (115557) [tcp client, 44]: Start TCP client read[0m
[2019-08-20 11:12:19] [0;32mI (115557) [tcp client, 12]: Create a tcp client, ip: 192.168.43.131, port: 1234[0m
[2019-08-20 11:12:19] [0;33mW (115741) [tcp client, 27]: socket connect, ret: -1, ip: 192.168.43.131, port: 1234[0m
[2019-08-20 11:12:19] [0;32mI (116030) [get_started, 28]: heap free: 154796[0m
[2019-08-20 11:12:19] [0;33mW (116242) [mupgrade_example, 260]: tcp client read err[0m
[2019-08-20 11:12:20] [0;32mI (119030) [get_started, 28]: heap free: 154796[0m
[2019-08-20 11:12:22] [0;32mI (122030) [get_started, 28]: heap free: 154796[0m
[2019-08-20 11:12:25] [0;32mI (125030) [get_started, 28]: heap free: 154796[0m
[2019-08-20 11:12:28] [0;32mI (128030) [get_started, 28]: heap free: 154796[0m
[2019-08-20 11:12:31] [0;32mI (131030) [get_started, 28]: heap free: 154796[0m
[2019-08-20 11:12:34] [0;32mI (134030) [get_started, 28]: heap free: 154796[0m
[2019-08-20 11:12:37] [0;32mI (136242) [tcp client, 44]: Start TCP client read[0m
[2019-08-20 11:12:40] [0;32mI (136242) [tcp client, 12]: Create a tcp client, ip: 192.168.43.131, port: 1234[0m
[2019-08-20 11:12:40] [0;33mW (136425) [tcp client, 27]: socket connect, ret: -1, ip: 192.168.43.131, port: 1234[0m
[2019-08-20 11:12:40] [0;33mW (136926) [mupgrade_example, 260]: tcp client read err[0m
[2019-08-20 11:12:40] [0;32mI (137030) [get_started, 28]: heap free: 154704[0m
[2019-08-20 11:12:40] [0;32mI (140030) [get_started, 28]: heap free: 154704[0m
[2019-08-20 11:12:43] [0;32mI (143030) [get_started, 28]: heap free: 154704[0m
[2019-08-20 11:12:46] [0;32mI (146030) [get_started, 28]: heap free: 154704[0m
[2019-08-20 11:12:49] [0;32mI (149030) [get_started, 28]: heap free: 154704[0m
[2019-08-20 11:12:52] [0;32mI (152030) [get_started, 28]: heap free: 154704[0m
[2019-08-20 11:12:55] [0;32mI (155030) [get_started, 28]: heap free: 154704[0m
[2019-08-20 11:12:58] [0;32mI (156926) [tcp client, 44]: Start TCP client read[0m
[2019-08-20 11:13:00] [0;32mI (156926) [tcp client, 12]: Create a tcp client, ip: 192.168.43.131, port: 1234[0m
[2019-08-20 11:13:00] [0;33mW (157111) [tcp client, 27]: socket connect, ret: -1, ip: 192.168.43.131, port: 1234[0m
[2019-08-20 11:13:01] [0;33mW (157612) [mupgrade_example, 260]: tcp client read err[0m
[2019-08-20 11:13:01] [0;32mI (158030) [get_started, 28]: heap free: 154612[0m
[2019-08-20 11:13:01] [0;32mI (161030) [get_started, 28]: heap free: 154612[0m
[2019-08-20 11:13:04] [0;32mI (164030) [get_started, 28]: heap free: 154612[0m
[2019-08-20 11:13:07] [0;32mI (167030) [get_started, 28]: heap free: 154612[0m
[2019-08-20 11:13:10] [0;32mI (170030) [get_started, 28]: heap free: 154612[0m
[2019-08-20 11:13:13] [0;32mI (173030) [get_started, 28]: heap free: 154612[0m
[2019-08-20 11:13:16] [0;32mI (176030) [get_started, 28]: heap free: 154612[0m
[2019-08-20 11:13:19] 