irty 2nd stagåets Jun  8 2016 00:22:57
[2019-08-21 11:42:37] 
[2019-08-21 11:42:37] rst:0x1 (POWERON_RESET),boot:0x13 (SPI_FAST_FLASH_BOOT)
[2019-08-21 11:42:37] configsip: 0, SPIWP:0xee
[2019-08-21 11:42:37] clk_drv:0x00,q_drv:0x00,d_drv:0x00,cs0_drv:0x00,hd_drv:0x00,wp_drv:0x00
[2019-08-21 11:42:37] mode:DIO, clock div:2
[2019-08-21 11:42:37] load:0x3fff0018,len:4
[2019-08-21 11:42:37] load:0x3fff001c,len:6192
[2019-08-21 11:42:37] ho 0 tail 12 room 4
[2019-08-21 11:42:37] load:0x40078000,len:10272
[2019-08-21 11:42:37] load:0x40080400,len:6608
[2019-08-21 11:42:37] entry 0x40080764
[2019-08-21 11:42:37] [0;32mI (30) boot: ESP-IDF v3.2.2-42-g4a9f33944-dirty 2nd stage bootloader[0m
[2019-08-21 11:42:37] [0;32mI (30) boot: compile time 12:25:51[0m
[2019-08-21 11:42:37] [0;32mI (30) boot: Enabling RNG early entropy source...[0m
[2019-08-21 11:42:37] [0;32mI (36) boot: SPI Speed      : 40MHz[0m
[2019-08-21 11:42:37] [0;32mI (41) boot: SPI Mode       : DIO[0m
[2019-08-21 11:42:37] [0;32mI (45) boot: SPI Flash Size : 4MB[0m
[2019-08-21 11:42:37] [0;32mI (49) boot: Partition Table:[0m
[2019-08-21 11:42:37] [0;32mI (52) boot: ## Label            Usage          Type ST Offset   Length[0m
[2019-08-21 11:42:37] [0;32mI (60) boot:  0 nvs              WiFi data        01 02 00009000 00004000[0m
[2019-08-21 11:42:37] [0;32mI (67) boot:  1 otadata          OTA data         01 00 0000d000 00002000[0m
[2019-08-21 11:42:37] [0;32mI (74) boot:  2 phy_init         RF data          01 01 0000f000 00001000[0m
[2019-08-21 11:42:37] [0;32mI (82) boot:  3 ota_0            OTA app          00 10 00010000 001e0000[0m
[2019-08-21 11:42:37] [0;32mI (89) boot:  4 ota_1            OTA app          00 11 001f0000 001e0000[0m
[2019-08-21 11:42:37] [0;32mI (97) boot:  5 coredump         Unknown data     01 03 003d0000 00010000[0m
[2019-08-21 11:42:37] [0;32mI (104) boot:  6 reserved         Unknown data     01 fe 003e0000 00020000[0m
[2019-08-21 11:42:37] [0;32mI (112) boot: End of partition table[0m
[2019-08-21 11:42:37] [0;32mI (116) boot: No factory image, trying OTA 0[0m
[2019-08-21 11:42:37] [0;32mI (121) esp_image: segment 0: paddr=0x00010020 vaddr=0x3f400020 size=0x27a78 (162424) map[0m
[2019-08-21 11:42:37] [0;32mI (187) esp_image: segment 1: paddr=0x00037aa0 vaddr=0x3ffbdb60 size=0x02ea4 ( 11940) load[0m
[2019-08-21 11:42:37] [0;32mI (192) esp_image: segment 2: paddr=0x0003a94c vaddr=0x40080000 size=0x00400 (  1024) load[0m
[2019-08-21 11:42:37] [0;32mI (194) esp_image: segment 3: paddr=0x0003ad54 vaddr=0x40080400 size=0x052bc ( 21180) load[0m
[2019-08-21 11:42:37] [0;32mI (212) esp_image: segment 4: paddr=0x00040018 vaddr=0x400d0018 size=0xb9f4c (761676) map[0m
[2019-08-21 11:42:37] [0;32mI (478) esp_image: segment 5: paddr=0x000f9f6c vaddr=0x400856bc size=0x0bb4c ( 47948) load[0m
[2019-08-21 11:42:38] [0;32mI (509) boot: Loaded app from partition at offset 0x10000[0m
[2019-08-21 11:42:38] [0;32mI (509) boot: Disabling RNG early entropy source...[0m
[2019-08-21 11:42:38] [0;32mI (509) cpu_start: Pro cpu up.[0m
[2019-08-21 11:42:38] [0;32mI (513) cpu_start: Single core mode[0m
[2019-08-21 11:42:38] [0;32mI (517) heap_init: Initializing. RAM available for dynamic allocation:[0m
[2019-08-21 11:42:38] [0;32mI (524) heap_init: At 3FFAE6E0 len 0000F480 (61 KiB): DRAM[0m
[2019-08-21 11:42:38] [0;32mI (530) heap_init: At 3FFC79D0 len 00018630 (97 KiB): DRAM[0m
[2019-08-21 11:42:38] [0;32mI (537) heap_init: At 3FFE0440 len 0001FBC0 (126 KiB): D/IRAM[0m
[2019-08-21 11:42:38] [0;32mI (543) heap_init: At 40078000 len 00008000 (32 KiB): IRAM[0m
[2019-08-21 11:42:38] [0;32mI (549) heap_init: At 40091208 len 0000EDF8 (59 KiB): IRAM[0m
[2019-08-21 11:42:38] [0;32mI (555) cpu_start: Pro cpu start user code[0m
[2019-08-21 11:42:38] [0;32mI (238) cpu_start: Starting scheduler on PRO CPU.[0m
[2019-08-21 11:42:38] I (267) wifi: wifi driver task: 3ffb8150, prio:23, stack:3584, core=0
[2019-08-21 11:42:38] [0;32mI (267) system_api: Base MAC address is not set, read default base MAC address from BLK0 of EFUSE[0m
[2019-08-21 11:42:38] [0;32mI (272) system_api: Base MAC address is not set, read default base MAC address from BLK0 of EFUSE[0m
[2019-08-21 11:42:38] I (292) wifi: wifi firmware version: 0c3a77a
[2019-08-21 11:42:38] I (292) wifi: config NVS flash: enabled
[2019-08-21 11:42:38] I (292) wifi: config nano formating: disabled
[2019-08-21 11:42:38] I (293) wifi: Init dynamic tx buffer num: 32
[2019-08-21 11:42:38] I (297) wifi: Init data frame dynamic rx buffer num: 32
[2019-08-21 11:42:38] I (302) wifi: Init management frame dynamic rx buffer num: 32
[2019-08-21 11:42:38] I (307) wifi: Init management short buffer num: 32
[2019-08-21 11:42:38] I (312) wifi: Init static rx buffer size: 1600
[2019-08-21 11:42:38] I (316) wifi: Init static rx buffer num: 10
[2019-08-21 11:42:38] I (320) wifi: Init dynamic rx buffer num: 32
[2019-08-21 11:42:38] I (325) wifi: Set ps type: 0
[2019-08-21 11:42:38] 
[2019-08-21 11:42:38] [0;33mW (327) phy_init: failed to load RF calibration data (0x1102), falling back to full calibration[0m
[2019-08-21 11:42:38] [0;32mI (594) phy: phy_version: 4008, 544f89f, Jan 24 2019, 14:54:06, 0, 2[0m
[2019-08-21 11:42:38] I (602) wifi: mode : sta (3c:71:bf:e0:92:28)
[2019-08-21 11:42:38] [0;32mI (603) [mwifi, 177]: esp-mdf version: v1.0-beta1-dirty[0m
[2019-08-21 11:42:38] W (604) wifi: [beacon]interval:100ms
[2019-08-21 11:42:38] I (606) wifi: mode : sta (3c:71:bf:e0:92:28) + softAP (3c:71:bf:e0:92:29)
[2019-08-21 11:42:38] I (614) wifi: Total power save buffer number: 16
[2019-08-21 11:42:38] I (617) wifi: Init max length of beacon: 752/752
[2019-08-21 11:42:38] I (621) wifi: Init max length of beacon: 752/752
[2019-08-21 11:42:38] I (628) mesh: <nvs>read layer:0, err:0x1102
[2019-08-21 11:42:38] I (629) mesh: <nvs>read assoc:0, err:0x1102
[2019-08-21 11:42:38] W (634) wifi: [beacon]interval:100ms
[2019-08-21 11:42:38] I (1632) wifi: Total power save buffer number: 16
[2019-08-21 11:42:39] I (2631) wifi: Set ps type: 0
[2019-08-21 11:42:40] 
[2019-08-21 11:42:40] I (2636) wifi: mode : sta (3c:71:bf:e0:92:28)
[2019-08-21 11:42:40] I (2638) mesh: <MESH_NWK_LOOK_FOR_NETWORK>need_scan:0x3, need_scan_router:0x0, look_for_nwk_count:1
[2019-08-21 11:42:40] [0;32mI (2640) [mwifi, 113]: MESH is started[0m
[2019-08-21 11:42:40] [0;32mI (2643) [mqtt_examples, 260]: event_loop_cb, event: 0[0m
[2019-08-21 11:42:40] [0;32mI (2648) [mqtt_examples, 265]: MESH is started[0m
[2019-08-21 11:42:40] [0;32mI (2653) [mqtt_examples, 160]: Node task is running[0m
[2019-08-21 11:42:40] [0;32mI (2659) [mqtt_examples, 131]: Node read task is running[0m
[2019-08-21 11:42:40] I (6549) mesh: [S12]Mr.Hu, e0:dc:ff:64:03:71, channel:11, rssi:-40
[2019-08-21 11:42:44] I (6549) mesh: find router:[ssid_len:5]Mr.Hu, rssi:-40, e0:dc:ff:64:03:71(encrypted), new channel:11, old channel:0
[2019-08-21 11:42:44] I (6554) mesh: [FIND][ch:0]AP:19, otherID:0, MAP:0, idle:0, candidate:0, root:0[e0:dc:ff:64:03:71]router found
[2019-08-21 11:42:44] I (6564) mesh: [FIND:1]find a network, channel:11, cfg<channel:0, router:Mr.Hu, 00:00:00:00:00:00>
[2019-08-21 11:42:44] 
[2019-08-21 11:42:44] [0;32mI (6573) [mqtt_examples, 260]: event_loop_cb, event: 24[0m
[2019-08-21 11:42:44] I (6574) wifi: mode : sta (3c:71:bf:e0:92:28) + softAP (3c:71:bf:e0:92:29)
[2019-08-21 11:42:44] W (6587) wifi: <MESH AP>adjust channel:1, secondary channel offset:1(40U)
[2019-08-21 11:42:44] I (6594) wifi: Total power save buffer number: 16
[2019-08-21 11:42:44] W (6603) wifi: <MESH AP>adjust channel:11, secondary channel offset:2(40D)
[2019-08-21 11:42:44] I (6606) wifi: Total power save buffer number: 16
[2019-08-21 11:42:44] I (6912) mesh: [SCAN][ch:11]AP:4, other(ID:0, RD:0), MAP:0, idle:0, candidate:1, root:0, topMAP:0[c:0,i:0][e0:dc:ff:64:03:71]router found<>
[2019-08-21 11:42:44] I (6916) mesh: 1212[SCAN]init rc[3c:71:bf:e0:92:29,-40], mine:0, voter:0
[2019-08-21 11:42:44] I (6921) mesh: 1250, vote myself, router rssi:-40 > voted rc_rssi:-120
[2019-08-21 11:42:44] I (6927) mesh: [SCAN:1/10]rc[128][3c:71:bf:e0:92:29,-40], self[3c:71:bf:e0:92:28,-40,reason:0,votes:1,idle][mine:1,voter:1(1.00)percent:0.90][128,1,3c:71:bf:e0:92:29]
[2019-08-21 11:42:44] 
[2019-08-21 11:42:44] I (7244) mesh: [SCAN][ch:11]AP:5, other(ID:0, RD:0), MAP:0, idle:0, candidate:1, root:0, topMAP:0[c:0,i:1][e0:dc:ff:64:03:71]router found<>
[2019-08-21 11:42:45] I (7247) mesh: 1212[SCAN]init rc[3c:71:bf:e0:92:29,-41], mine:0, voter:0
[2019-08-21 11:42:45] I (7253) mesh: [SCAN:2/10]rc[128][3c:71:bf:e0:92:29,-40], self[3c:71:bf:e0:92:28,-41,reason:0,votes:1,idle][mine:1,voter:1(1.00)percent:0.90][128,1,3c:71:bf:e0:92:29]
[2019-08-21 11:42:45] 
[2019-08-21 11:42:45] I (7570) mesh: [SCAN][ch:11]AP:4, other(ID:0, RD:0), MAP:0, idle:0, candidate:1, root:0, topMAP:0[c:0,i:1][e0:dc:ff:64:03:71]router found<>
[2019-08-21 11:42:45] I (7572) mesh: 1212[SCAN]init rc[3c:71:bf:e0:92:29,-42], mine:0, voter:0
[2019-08-21 11:42:45] I (7578) mesh: [SCAN:3/10]rc[128][3c:71:bf:e0:92:29,-40], self[3c:71:bf:e0:92:28,-42,reason:0,votes:1,idle][mine:1,voter:1(1.00)percent:0.90][128,1,3c:71:bf:e0:92:29]
[2019-08-21 11:42:45] 
[2019-08-21 11:42:45] I (7895) mesh: [SCAN][ch:11]AP:4, other(ID:0, RD:0), MAP:0, idle:0, candidate:1, root:0, topMAP:0[c:0,i:1][e0:dc:ff:64:03:71]router found<>
[2019-08-21 11:42:45] I (7897) mesh: 1212[SCAN]init rc[3c:71:bf:e0:92:29,-42], mine:0, voter:0
[2019-08-21 11:42:45] I (7904) mesh: [SCAN:4/10]rc[128][3c:71:bf:e0:92:29,-40], self[3c:71:bf:e0:92:28,-42,reason:0,votes:1,idle][mine:1,voter:1(1.00)percent:0.90][128,1,3c:71:bf:e0:92:29]
[2019-08-21 11:42:45] 
[2019-08-21 11:42:45] I (8220) mesh: [SCAN][ch:11]AP:4, other(ID:0, RD:0), MAP:0, idle:0, candidate:1, root:0, topMAP:0[c:0,i:1][e0:dc:ff:64:03:71]router found<>
[2019-08-21 11:42:46] I (8223) mesh: 1212[SCAN]init rc[3c:71:bf:e0:92:29,-40], mine:0, voter:0
[2019-08-21 11:42:46] I (8229) mesh: [SCAN:5/10]rc[128][3c:71:bf:e0:92:29,-40], self[3c:71:bf:e0:92:28,-40,reason:0,votes:1,idle][mine:1,voter:1(1.00)percent:0.90][128,1,3c:71:bf:e0:92:29]
[2019-08-21 11:42:46] 
[2019-08-21 11:42:46] I (8546) mesh: [SCAN][ch:11]AP:5, other(ID:0, RD:0), MAP:0, idle:0, candidate:1, root:0, topMAP:0[c:0,i:1][e0:dc:ff:64:03:71]router found<>
[2019-08-21 11:42:46] I (8548) mesh: 1212[SCAN]init rc[3c:71:bf:e0:92:29,-41], mine:0, voter:0
[2019-08-21 11:42:46] I (8556) mesh: [SCAN:6/10]rc[128][3c:71:bf:e0:92:29,-40], self[3c:71:bf:e0:92:28,-41,reason:0,votes:1,idle][mine:1,voter:1(1.00)percent:0.90][128,1,3c:71:bf:e0:92:29]
[2019-08-21 11:42:46] 
[2019-08-21 11:42:46] I (8871) mesh: [SCAN][ch:11]AP:3, other(ID:0, RD:0), MAP:0, idle:0, candidate:1, root:0, topMAP:0[c:0,i:1][e0:dc:ff:64:03:71]router found<>
[2019-08-21 11:42:46] I (8873) mesh: 1212[SCAN]init rc[3c:71:bf:e0:92:29,-40], mine:0, voter:0
[2019-08-21 11:42:46] I (8880) mesh: [SCAN:7/10]rc[128][3c:71:bf:e0:92:29,-40], self[3c:71:bf:e0:92:28,-40,reason:0,votes:1,idle][mine:1,voter:1(1.00)percent:0.90][128,1,3c:71:bf:e0:92:29]
[2019-08-21 11:42:46] 
[2019-08-21 11:42:46] I (9196) mesh: [SCAN][ch:11]AP:3, other(ID:0, RD:0), MAP:0, idle:0, candidate:1, root:0, topMAP:0[c:0,i:1][e0:dc:ff:64:03:71]router found<>
[2019-08-21 11:42:47] I (9199) mesh: 1212[SCAN]init rc[3c:71:bf:e0:92:29,-39], mine:0, voter:0
[2019-08-21 11:42:47] I (9205) mesh: [SCAN:8/10]rc[128][3c:71:bf:e0:92:29,-40], self[3c:71:bf:e0:92:28,-39,reason:0,votes:1,idle][mine:1,voter:1(1.00)percent:0.90][128,1,3c:71:bf:e0:92:29]
[2019-08-21 11:42:47] 
[2019-08-21 11:42:47] I (9522) mesh: [SCAN][ch:11]AP:4, other(ID:0, RD:0), MAP:0, idle:0, candidate:1, root:0, topMAP:0[c:0,i:1][e0:dc:ff:64:03:71]router found<>
[2019-08-21 11:42:47] I (9524) mesh: 1212[SCAN]init rc[3c:71:bf:e0:92:29,-38], mine:0, voter:0
[2019-08-21 11:42:47] I (9530) mesh: [SCAN:9/10]rc[128][3c:71:bf:e0:92:29,-40], self[3c:71:bf:e0:92:28,-38,reason:0,votes:1,idle][mine:1,voter:1(1.00)percent:0.90][128,1,3c:71:bf:e0:92:29]
[2019-08-21 11:42:47] 
[2019-08-21 11:42:47] I (9847) mesh: [SCAN][ch:11]AP:4, other(ID:0, RD:0), MAP:0, idle:0, candidate:1, root:0, topMAP:0[c:0,i:1][e0:dc:ff:64:03:71]router found<>
[2019-08-21 11:42:47] I (9849) mesh: 1212[SCAN]init rc[3c:71:bf:e0:92:29,-40], mine:0, voter:0
[2019-08-21 11:42:47] I (9856) mesh: [SCAN:10/13+x+]rc[128][3c:71:bf:e0:92:29,-40], self[3c:71:bf:e0:92:28,-40,reason:0,votes:1,idle][mine:1,voter:1(1.00)percent:0.90][128,1,3c:71:bf:e0:92:29]
[2019-08-21 11:42:47] 
[2019-08-21 11:42:47] I (10173) mesh: [SCAN][ch:11]AP:3, other(ID:0, RD:0), MAP:0, idle:0, candidate:1, root:0, topMAP:0[c:0,i:1][e0:dc:ff:64:03:71]router found<>
[2019-08-21 11:42:48] I (10175) mesh: 1212[SCAN]init rc[3c:71:bf:e0:92:29,-44], mine:0, voter:0
[2019-08-21 11:42:48] I (10182) mesh: [SCAN:11/13+x+]rc[128][3c:71:bf:e0:92:29,-40], self[3c:71:bf:e0:92:28,-44,reason:0,votes:1,idle][mine:1,voter:1(1.00)percent:0.90][128,1,3c:71:bf:e0:92:29]
[2019-08-21 11:42:48] 
[2019-08-21 11:42:48] I (10500) mesh: [SCAN][ch:11]AP:4, other(ID:0, RD:0), MAP:0, idle:0, candidate:1, root:0, topMAP:0[c:0,i:1][e0:dc:ff:64:03:71]router found<>
[2019-08-21 11:42:48] I (10502) mesh: 1212[SCAN]init rc[3c:71:bf:e0:92:29,-46], mine:0, voter:0
[2019-08-21 11:42:48] I (10509) mesh: [SCAN:12/13+x+]rc[128][3c:71:bf:e0:92:29,-40], self[3c:71:bf:e0:92:28,-46,reason:0,votes:1,idle][mine:1,voter:1(1.00)percent:0.90][128,1,3c:71:bf:e0:92:29]
[2019-08-21 11:42:48] 
[2019-08-21 11:42:48] I (10826) mesh: [SCAN][ch:11]AP:3, other(ID:0, RD:0), MAP:0, idle:0, candidate:1, root:0, topMAP:0[c:0,i:1][e0:dc:ff:64:03:71]router found<>
[2019-08-21 11:42:48] I (10828) mesh: 1212[SCAN]init rc[3c:71:bf:e0:92:29,-41], mine:0, voter:0
[2019-08-21 11:42:48] I (10834) mesh: [SCAN:13/13+x+]rc[128][3c:71:bf:e0:92:29,-40], self[3c:71:bf:e0:92:28,-41,reason:0,votes:1,idle][mine:1,voter:1(1.00)percent:0.90][128,1,3c:71:bf:e0:92:29]
[2019-08-21 11:42:48] 
[2019-08-21 11:42:48] W (10850) wifi: [beacon]interval:100ms
[2019-08-21 11:42:48] I (10853) mesh: [DONE]connect to router:Mr.Hu, channel:11, rssi:-41, e0:dc:ff:64:03:71[layer:0, assoc:0], my_vote_num:1/voter_num:1, rc[3c:71:bf:e0:92:29/-40/1]
[2019-08-21 11:42:48] I (10997) wifi: n:11 2, o:11 2, ap:11 2, sta:11 0, prof:11
[2019-08-21 11:42:48] I (11987) wifi: state: init -> auth (b0)
[2019-08-21 11:42:49] I (11995) wifi: state: auth -> assoc (0)
[2019-08-21 11:42:49] I (12005) wifi: state: assoc -> run (10)
[2019-08-21 11:42:49] I (12013) wpa: <EAPOL>state:6
[2019-08-21 11:42:49] I (12013) wpa: <EAPOL>receiving the 1/4 EAPOL-Key, state:6
[2019-08-21 11:42:49] I (12034) wpa: <EAPOL>state:7
[2019-08-21 11:42:49] I (12034) wpa: <EAPOL>receiving the 3/4 EAPOL-Key, state:7
[2019-08-21 11:42:49] I (12034) wifi: connected with Mr.Hu, channel 11, HT20
[2019-08-21 11:42:49] I (12038) wifi: pm start, type: 0
[2019-08-21 11:42:49] 
[2019-08-21 11:42:49] I (12043) mesh: [scan]new scanning time:600ms
[2019-08-21 11:42:49] W (12044) wifi: [beacon]new interval:300ms
[2019-08-21 11:42:49] I (12049) mesh: <nvs>write layer:1
[2019-08-21 11:42:49] [0;32mI (12050) [mwifi, 80]: Parent is connected[0m
[2019-08-21 11:42:49] [0;32mI (12055) [mqtt_examples, 260]: event_loop_cb, event: 7[0m
[2019-08-21 11:42:49] [0;32mI (12056) [mwifi, 149]: State represents: 0[0m
[2019-08-21 11:42:49] [0;32mI (12062) [mqtt_examples, 269]: Parent is connected on station interface[0m
[2019-08-21 11:42:49] [0;32mI (12073) [mqtt_examples, 260]: event_loop_cb, event: 11[0m
[2019-08-21 11:42:49] [0;32mI (12079) [mqtt_examples, 260]: event_loop_cb, event: 14[0m
[2019-08-21 11:42:49] [0;32mI (12665) [mqtt_examples, 209]: System information, channel: 11, layer: 1, self mac: 3c:71:bf:e0:92:28, parent bssid: e0:dc:ff:64:03:71, parent rssi: -41, node num: 1, free heap: 170444[0m
[2019-08-21 11:42:50] [0;32mI (12859) event: sta ip: 192.168.43.197, mask: 255.255.255.0, gw: 192.168.43.1[0m
[2019-08-21 11:42:50] [0;32mI (12860) [mqtt_examples, 260]: event_loop_cb, event: 17[0m
[2019-08-21 11:42:50] [0;32mI (12862) [mqtt_examples, 349]: Root obtains the IP address. It is posted by LwIP stack automatically[0m
[2019-08-21 11:42:50] [0;32mI (12872) system_api: Base MAC address is not set, read default base MAC address from BLK0 of EFUSE[0m
[2019-08-21 11:42:50] [0;32mI (13067) MQTT_CLIENT: Sending MQTT CONNECT message, type: 1, id: 0000[0m
[2019-08-21 11:42:50] [0;32mI (13082) [mqtt_examples, 367]: subscribe 1 node[0m
[2019-08-21 11:42:50] [0;32mI (13083) [mesh_mqtt, 73]: subscribe: /topic/subdev/3c71bfe09228/recv[0m
[2019-08-21 11:42:50] [0;32mI (13089) [mqtt_examples, 97]: Root read task is running[0m
[2019-08-21 11:42:50] [0;32mI (13090) [mqtt_examples, 63]: Root write task is running[0m
[2019-08-21 11:42:50] [0;32mI (13096) [mqtt_examples, 260]: event_loop_cb, event: 24577[0m
[2019-08-21 11:42:50] [0;32mI (13102) [mqtt_examples, 379]: MQTT connect[0m
[2019-08-21 11:42:50] I (13107) mesh: <MESH_NWK_ROOT_TODS_STATE>toDS:1
[2019-08-21 11:42:50] [0;32mI (13112) [mwifi, 149]: State represents: 1[0m
[2019-08-21 11:42:50] [0;32mI (13117) [mqtt_examples, 260]: event_loop_cb, event: 11[0m
[2019-08-21 11:42:50] D (13497) [mqtt_examples, 176]: Node send, size: 42, data: {"mac": "3c71bfe09228", "seq":0,"layer":1}[0m
[2019-08-21 11:42:51] D (16499) [mqtt_examples, 176]: Node send, size: 42, data: {"mac": "3c71bfe09228", "seq":1,"layer":1}[0m
[2019-08-21 11:42:54] D (19502) [mqtt_examples, 176]: Node send, size: 42, data: {"mac": "3c71bfe09228", "seq":2,"layer":1}[0m
[2019-08-21 11:42:57] D (22505) [mqtt_examples, 176]: Node send, size: 42, data: {"mac": "3c71bfe09228", "seq":3,"layer":1}[0m
[2019-08-21 11:43:00] [0;32mI (22665) [mqtt_examples, 209]: System information, channel: 11, layer: 1, self mac: 3c:71:bf:e0:92:28, parent bssid: e0:dc:ff:64:03:71, parent rssi: -41, node num: 1, free heap: 145664[0m
[2019-08-21 11:43:00] D (25508) [mqtt_examples, 176]: Node send, size: 42, data: {"mac": "3c71bfe09228", "seq":4,"layer":1}[0m
[2019-08-21 11:43:03] D (28511) [mqtt_examples, 176]: Node send, size: 42, data: {"mac": "3c71bfe09228", "seq":5,"layer":1}[0m
[2019-08-21 11:43:06] D (31514) [mqtt_examples, 176]: Node send, size: 42, data: {"mac": "3c71bfe09228", "seq":6,"layer":1}[0m
[2019-08-21 11:43:09] [0;32mI (32665) [mqtt_examples, 209]: System information, channel: 11, layer: 1, self mac: 3c:71:bf:e0:92:28, parent bssid: e0:dc:ff:64:03:71, parent rssi: -41, node num: 1, free heap: 147232[0m
[2019-08-21 11:43:10] D (34517) [mqtt_examples, 176]: Node send, size: 42, data: {"mac": "3c71bfe09228", "seq":7,"layer":1}[0m
[2019-08-21 11:43:12] D (37521) [mqtt_examples, 176]: Node send, size: 42, data: {"mac": "3c71bfe09228", "seq":8,"layer":1}[0m
[2019-08-21 11:43:15] D (40523) [mqtt_examples, 176]: Node send, size: 42, data: {"mac": "3c71bfe09228", "seq":9,"layer":1}[0m
[2019-08-21 11:43:18] [0;32mI (42665) [mqtt_examples, 209]: System information, channel: 11, layer: 1, self mac: 3c:71:bf:e0:92:28, parent bssid: e0:dc:ff:64:03:71, parent rssi: -41, node num: 1, free heap: 147232[0m
[2019-08-21 11:43:20] D (43526) [mqtt_examples, 176]: Node send, size: 43, data: {"mac": "3c71bfe09228", "seq":10,"layer":1}[0m
[2019-08-21 11:43:21] D (46529) [mqtt_examples, 176]: Node send, size: 43, data: {"mac": "3c71bfe09228", "seq":11,"layer":1}[0m
[2019-08-21 11:43:24] D (49532) [mqtt_examples, 176]: Node send, size: 43, data: {"mac": "3c71bfe09228", "seq":12,"layer":1}[0m
[2019-08-21 11:43:27] D (52535) [mqtt_examples, 176]: Node send, size: 43, data: {"mac": "3c71bfe09228", "seq":13,"layer":1}[0m
[2019-08-21 11:43:30] [0;32mI (52665) [mqtt_examples, 209]: System information, channel: 11, layer: 1, self mac: 3c:71:bf:e0:92:28, parent bssid: e0:dc:ff:64:03:71, parent rssi: -41, node num: 1, free heap: 147232[0m
[2019-08-21 11:43:30] D (55538) [mqtt_examples, 176]: Node send, size: 43, data: {"mac": "3c71bfe09228", "seq":14,"layer":1}[0m
[2019-08-21 11:43:33] D (58542) [mqtt_examples, 176]: Node send, size: 43, data: {"mac": "3c71bfe09228", "seq":15,"layer":1}[0m
[2019-08-21 11:43:36] D (61545) [mqtt_examples, 176]: Node send, size: 43, data: {"mac": "3c71bfe09228", "seq":16,"layer":1}[0m
[2019-08-21 11:43:39] [0;32mI (62665) [mqtt_examples, 209]: System information, channel: 11, layer: 1, self mac: 3c:71:bf:e0:92:28, parent bssid: e0:dc:ff:64:03:71, parent rssi: -41, node num: 1, free heap: 147232[0m
[2019-08-21 11:43:40] D (64548) [mqtt_examples, 176]: Node send, size: 43, data: {"mac": "3c71bfe09228", "seq":17,"layer":1}[0m
[2019-08-21 11:43:42] 