9f33944-dirtùets Jun  8 2016 00:22:57
[2019-08-22 15:56:24] 
[2019-08-22 15:56:24] rst:0x1 (POWERON_RESET),boot:0x13 (SPI_FAST_FLASH_BOOT)
[2019-08-22 15:56:24] configsip: 0, SPIWP:0xee
[2019-08-22 15:56:24] clk_drv:0x00,q_drv:0x00,d_drv:0x00,cs0_drv:0x00,hd_drv:0x00,wp_drv:0x00
[2019-08-22 15:56:24] mode:DIO, clock div:2
[2019-08-22 15:56:24] load:0x3fff0018,len:4
[2019-08-22 15:56:24] load:0x3fff001c,len:6192
[2019-08-22 15:56:24] ho 0 tail 12 room 4
[2019-08-22 15:56:24] load:0x40078000,len:10272
[2019-08-22 15:56:24] load:0x40080400,len:6608
[2019-08-22 15:56:24] entry 0x40080764
[2019-08-22 15:56:24] [0;32mI (30) boot: ESP-IDF v3.2.2-42-g4a9f33944-dirty 2nd stage bootloader[0m
[2019-08-22 15:56:24] [0;32mI (30) boot: compile time 14:30:17[0m
[2019-08-22 15:56:24] [0;32mI (30) boot: Enabling RNG early entropy source...[0m
[2019-08-22 15:56:24] [0;32mI (37) boot: SPI Speed      : 40MHz[0m
[2019-08-22 15:56:24] [0;32mI (41) boot: SPI Mode       : DIO[0m
[2019-08-22 15:56:24] [0;32mI (45) boot: SPI Flash Size : 4MB[0m
[2019-08-22 15:56:24] [0;32mI (49) boot: Partition Table:[0m
[2019-08-22 15:56:24] [0;32mI (52) boot: ## Label            Usage          Type ST Offset   Length[0m
[2019-08-22 15:56:24] [0;32mI (60) boot:  0 nvs              WiFi data        01 02 00009000 00004000[0m
[2019-08-22 15:56:24] [0;32mI (67) boot:  1 otadata          OTA data         01 00 0000d000 00002000[0m
[2019-08-22 15:56:24] [0;32mI (75) boot:  2 phy_init         RF data          01 01 0000f000 00001000[0m
[2019-08-22 15:56:24] [0;32mI (82) boot:  3 ota_0            OTA app          00 10 00010000 001e0000[0m
[2019-08-22 15:56:24] [0;32mI (89) boot:  4 ota_1            OTA app          00 11 001f0000 001e0000[0m
[2019-08-22 15:56:24] [0;32mI (97) boot:  5 coredump         Unknown data     01 03 003d0000 00010000[0m
[2019-08-22 15:56:24] [0;32mI (104) boot:  6 reserved         Unknown data     01 fe 003e0000 00020000[0m
[2019-08-22 15:56:24] [0;32mI (112) boot: End of partition table[0m
[2019-08-22 15:56:24] [0;32mI (116) boot: No factory image, trying OTA 0[0m
[2019-08-22 15:56:24] [0;32mI (121) esp_image: segment 0: paddr=0x00010020 vaddr=0x3f400020 size=0x2c2f0 (180976) map[0m
[2019-08-22 15:56:24] [0;32mI (194) esp_image: segment 1: paddr=0x0003c318 vaddr=0x3ffb0000 size=0x02ccc ( 11468) load[0m
[2019-08-22 15:56:24] [0;32mI (198) esp_image: segment 2: paddr=0x0003efec vaddr=0x40080000 size=0x00400 (  1024) load[0m
[2019-08-22 15:56:24] [0;32mI (201) esp_image: segment 3: paddr=0x0003f3f4 vaddr=0x40080400 size=0x00c1c (  3100) load[0m
[2019-08-22 15:56:24] [0;32mI (211) esp_image: segment 4: paddr=0x00040018 vaddr=0x400d0018 size=0xca480 (828544) map[0m
[2019-08-22 15:56:24] [0;32mI (508) esp_image: segment 5: paddr=0x0010a4a0 vaddr=0x4008101c size=0x0eda0 ( 60832) load[0m
[2019-08-22 15:56:24] [0;32mI (543) boot: Loaded app from partition at offset 0x10000[0m
[2019-08-22 15:56:25] [0;32mI (543) boot: Disabling RNG early entropy source...[0m
[2019-08-22 15:56:25] [0;32mI (544) cpu_start: Pro cpu up.[0m
[2019-08-22 15:56:25] [0;32mI (547) cpu_start: Single core mode[0m
[2019-08-22 15:56:25] [0;32mI (552) heap_init: Initializing. RAM available for dynamic allocation:[0m
[2019-08-22 15:56:25] [0;32mI (559) heap_init: At 3FFAE6E0 len 00001920 (6 KiB): DRAM[0m
[2019-08-22 15:56:25] [0;32mI (565) heap_init: At 3FFBA028 len 00025FD8 (151 KiB): DRAM[0m
[2019-08-22 15:56:25] [0;32mI (571) heap_init: At 3FFE0440 len 0001FBC0 (126 KiB): D/IRAM[0m
[2019-08-22 15:56:25] [0;32mI (577) heap_init: At 40078000 len 00008000 (32 KiB): IRAM[0m
[2019-08-22 15:56:25] [0;32mI (584) heap_init: At 4008FDBC len 00010244 (64 KiB): IRAM[0m
[2019-08-22 15:56:25] [0;32mI (590) cpu_start: Pro cpu start user code[0m
[2019-08-22 15:56:25] D (272) [mupgrade_check, 142]: Add an identifier to the firmware: ** MUPGRADE_FIRMWARE_FLAG **[0m
[2019-08-22 15:56:25] [0;32mI (283) cpu_start: Starting scheduler on PRO CPU.[0m
[2019-08-22 15:56:25] [0;32mI (283) SmartConfig: START GET WIFI INFO...[0m
[2019-08-22 15:56:25] [0;32mI (283) SmartConfig: TRY LOAD WIFI INFO[0m
[2019-08-22 15:56:25] [0;32mI (286) SmartConfig: WIFI SSID PASSWD LOAD ERR[0m
[2019-08-22 15:56:25] [0;32mI (291) SmartConfig: START initialise_wifi...[0m
[2019-08-22 15:56:25] I (300) wifi: wifi driver task: 3ffc1070, prio:23, stack:3584, core=0
[2019-08-22 15:56:25] [0;32mI (303) system_api: Base MAC address is not set, read default base MAC address from BLK0 of EFUSE[0m
[2019-08-22 15:56:25] [0;32mI (312) system_api: Base MAC address is not set, read default base MAC address from BLK0 of EFUSE[0m
[2019-08-22 15:56:25] I (332) wifi: wifi firmware version: 0c3a77a
[2019-08-22 15:56:25] I (333) wifi: config NVS flash: enabled
[2019-08-22 15:56:25] I (333) wifi: config nano formating: disabled
[2019-08-22 15:56:25] I (334) wifi: Init dynamic tx buffer num: 32
[2019-08-22 15:56:25] I (337) wifi: Init data frame dynamic rx buffer num: 32
[2019-08-22 15:56:25] I (342) wifi: Init management frame dynamic rx buffer num: 32
[2019-08-22 15:56:25] I (348) wifi: Init management short buffer num: 32
[2019-08-22 15:56:25] I (353) wifi: Init static rx buffer size: 1600
[2019-08-22 15:56:25] I (357) wifi: Init static rx buffer num: 10
[2019-08-22 15:56:25] I (360) wifi: Init dynamic rx buffer num: 32
[2019-08-22 15:56:25] [0;33mW (366) phy_init: failed to load RF calibration data (0x1102), falling back to full calibration[0m
[2019-08-22 15:56:25] [0;32mI (667) phy: phy_version: 4008, 544f89f, Jan 24 2019, 14:54:06, 0, 2[0m
[2019-08-22 15:56:25] I (675) wifi: mode : sta (3c:71:bf:e0:92:28)
[2019-08-22 15:56:25] [0;32mI (676) SmartConfig_Event: SYSTEM_EVENT_STA_START[0m
[2019-08-22 15:56:25] [0;32mI (678) gpio: GPIO[4]| InputEn: 0| OutputEn: 1| OpenDrain: 0| Pullup: 0| Pulldown: 0| Intr:0 [0m
[2019-08-22 15:56:25] [0;32mI (684) gpio: GPIO[13]| InputEn: 0| OutputEn: 1| OpenDrain: 0| Pullup: 0| Pulldown: 0| Intr:0 [0m
[2019-08-22 15:56:25] [0;32mI (693) gpio: GPIO[21]| InputEn: 0| OutputEn: 1| OpenDrain: 0| Pullup: 0| Pulldown: 0| Intr:0 [0m
[2019-08-22 15:56:25] [0;32mI (702) gpio: GPIO[22]| InputEn: 0| OutputEn: 1| OpenDrain: 0| Pullup: 0| Pulldown: 0| Intr:0 [0m
[2019-08-22 15:56:25] [0;32mI (712) gpio: GPIO[23]| InputEn: 0| OutputEn: 1| OpenDrain: 0| Pullup: 0| Pulldown: 0| Intr:0 [0m
[2019-08-22 15:56:25] [0;32mI (721) gpio: GPIO[17]| InputEn: 0| OutputEn: 1| OpenDrain: 0| Pullup: 0| Pulldown: 0| Intr:0 [0m
[2019-08-22 15:56:25] I (727) smartconfig: SC version: V2.8.0
[2019-08-22 15:56:25] [0;32mI (735) gpio: GPIO[5]| InputEn: 0| OutputEn: 1| OpenDrain: 0| Pullup: 0| Pulldown: 0| Intr:0 [0m
[2019-08-22 15:56:25] [0;32mI (743) gpio: GPIO[18]| InputEn: 0| OutputEn: 1| OpenDrain: 0| Pullup: 0| Pulldown: 0| Intr:0 [0m
[2019-08-22 15:56:25] [0;32mI (752) gpio: GPIO[19]| InputEn: 0| OutputEn: 1| OpenDrain: 0| Pullup: 0| Pulldown: 0| Intr:0 [0m
[2019-08-22 15:56:25] [0;32mI (762) gpio: GPIO[33]| InputEn: 1| OutputEn: 0| OpenDrain: 0| Pullup: 1| Pulldown: 0| Intr:3 [0m
[2019-08-22 15:56:25] [0;32mI (771) gpio: GPIO[25]| InputEn: 1| OutputEn: 0| OpenDrain: 0| Pullup: 1| Pulldown: 0| Intr:3 [0m
[2019-08-22 15:56:25] [0;32mI (780) gpio: GPIO[26]| InputEn: 1| OutputEn: 0| OpenDrain: 0| Pullup: 1| Pulldown: 0| Intr:3 [0m
[2019-08-22 15:56:25] [0;32mI (789) gpio: GPIO[32]| InputEn: 1| OutputEn: 0| OpenDrain: 0| Pullup: 1| Pulldown: 0| Intr:3 [0m
[2019-08-22 15:56:25] [0;32mI (3799) [get_started, 32]: heap free: 225324[0m
[2019-08-22 15:56:28] I (4840) wifi: ic_enable_sniffer
[2019-08-22 15:56:29] [0;32mI (4842) SmartConfig: SC_STATUS_FINDING_CHANNEL[0m
[2019-08-22 15:56:29] [0;32mI (6799) [get_started, 32]: heap free: 225980[0m
[2019-08-22 15:56:31] [0;32mI (9799) [get_started, 32]: heap free: 225980[0m
[2019-08-22 15:56:34] [0;32mI (12799) [get_started, 32]: heap free: 225980[0m
[2019-08-22 15:56:37] [0;32mI (15799) [get_started, 32]: heap free: 225980[0m
[2019-08-22 15:56:40] [0;32mI (18799) [get_started, 32]: heap free: 225980[0m
[2019-08-22 15:56:43] [0;32mI (21799) [get_started, 32]: heap free: 225980[0m
[2019-08-22 15:56:46] [0;32mI (24799) [get_started, 32]: heap free: 225980[0m
[2019-08-22 15:56:49] [0;32mI (27799) [get_started, 32]: heap free: 225980[0m
[2019-08-22 15:56:52] [0;32mI (30799) [get_started, 32]: heap free: 225980[0m
[2019-08-22 15:56:55] [0;32mI (33799) [get_started, 32]: heap free: 225980[0m
[2019-08-22 15:56:58] [0;32mI (36799) [get_started, 32]: heap free: 225980[0m
[2019-08-22 15:57:01] [0;32mI (39799) [get_started, 32]: heap free: 225980[0m
[2019-08-22 15:57:04] [0;32mI (42799) [get_started, 32]: heap free: 225980[0m
[2019-08-22 15:57:07] [0;32mI (45799) [get_started, 32]: heap free: 225980[0m
[2019-08-22 15:57:10] [0;32mI (48799) [get_started, 32]: heap free: 225980[0m
[2019-08-22 15:57:13] [0;32mI (51800) [get_started, 32]: heap free: 225980[0m
[2019-08-22 15:57:16] [0;32mI (54800) [get_started, 32]: heap free: 225980[0m
[2019-08-22 15:57:19] [0;32mI (57800) [get_started, 32]: heap free: 225980[0m
[2019-08-22 15:57:22] [0;32mI (60800) [get_started, 32]: heap free: 225980[0m
[2019-08-22 15:57:25] [0;32mI (63800) [get_started, 32]: heap free: 225980[0m
[2019-08-22 15:57:28] [0;32mI (66800) [get_started, 32]: heap free: 225980[0m
[2019-08-22 15:57:31] [0;32mI (69800) [get_started, 32]: heap free: 225980[0m
[2019-08-22 15:57:34] [0;32mI (72800) [get_started, 32]: heap free: 225980[0m
[2019-08-22 15:57:37] I (73997) smartconfig: TYPE: ESPTOUCH
[2019-08-22 15:57:38] I (73997) smartconfig: T|PHONE MAC:e0:dc:ff:df:03:71
[2019-08-22 15:57:38] I (73997) smartconfig: T|AP MAC:78:44:fd:a3:ed:75
[2019-08-22 15:57:38] [0;32mI (73998) SmartConfig: SC_STATUS_GETTING_SSID_PSWD[0m
[2019-08-22 15:57:38] [0;32mI (75800) [get_started, 32]: heap free: 225520[0m
[2019-08-22 15:57:40] I (78585) smartconfig: T|pswd: srv20170928
[2019-08-22 15:57:43] I (78585) smartconfig: T|ssid: SIRUIA_2.4G
[2019-08-22 15:57:43] I (78585) smartconfig: T|bssid: 78:44:fd:a3:ed:75
[2019-08-22 15:57:43] I (78586) wifi: ic_disable_sniffer
[2019-08-22 15:57:43] [0;32mI (78589) SmartConfig: SC_STATUS_LINK[0m
[2019-08-22 15:57:43] [0;32mI (78593) SmartConfig: SSID:SIRUIA_2.4G[0m
[2019-08-22 15:57:43] [0;32mI (78598) SmartConfig: PASSWORD:srv20170928[0m
[2019-08-22 15:57:43] [0;32mI (78800) [get_started, 32]: heap free: 223676[0m
[2019-08-22 15:57:43] I (79940) wifi: n:11 2, o:1 0, ap:255 255, sta:11 2, prof:1
[2019-08-22 15:57:44] I (80931) wifi: state: init -> auth (b0)
[2019-08-22 15:57:45] I (80936) wifi: state: auth -> assoc (0)
[2019-08-22 15:57:45] I (80944) wifi: state: assoc -> run (10)
[2019-08-22 15:57:45] I (80991) wifi: connected with SIRUIA_2.4G, channel 11, 40D
[2019-08-22 15:57:45] I (80994) wifi: pm start, type: 1
[2019-08-22 15:57:45] 
[2019-08-22 15:57:45] [0;32mI (81800) [get_started, 32]: heap free: 222920[0m
[2019-08-22 15:57:46] [0;32mI (81938) event: sta ip: 192.168.1.135, mask: 255.255.255.0, gw: 192.168.1.1[0m
[2019-08-22 15:57:46] [0;32mI (81939) SmartConfig_Event: SYSTEM_EVENT_STA_GOT_IP[0m
[2019-08-22 15:57:46] [0;32mI (81942) SmartConfig: WiFi Connected to ap[0m
[2019-08-22 15:57:46] [0;32mI (84800) [get_started, 32]: heap free: 222444[0m
[2019-08-22 15:57:49] [0;32mI (84982) SmartConfig: SC_STATUS_LINK_OVER[0m
[2019-08-22 15:57:49] [0;32mI (84982) SmartConfig: Phone ip: 192.168.1.121
[2019-08-22 15:57:49] [0m
[2019-08-22 15:57:49] [0;32mI (84982) SmartConfig: smartconfig over[0m
[2019-08-22 15:57:49] WIFI SSID PASSWD SAVE OK
[2019-08-22 15:57:49] [0;32mI (87800) [get_started, 32]: heap free: 227364[0m
[2019-08-22 15:57:52] I (89989) wifi: state: run -> init (0)
[2019-08-22 15:57:54] I (89990) wifi: pm stop, total sleep time: 844093 us / 8995446 us
[2019-08-22 15:57:54] 
[2019-08-22 15:57:54] I (89991) wifi: n:11 0, o:11 2, ap:255 255, sta:11 2, prof:1
[2019-08-22 15:57:54] [0;31mE (89996) event: system_event_sta_disconnected_handle_default 243 esp_wifi_internal_reg_rxcb ret=0x3014[0m
[2019-08-22 15:57:54] [0;32mI (90003) SmartConfig_Event: SYSTEM_EVENT_STA_DISCONNECTED[0m
[2019-08-22 15:57:54] E (90009) wifi: esp_wifi_connect 1134 wifi not start
[2019-08-22 15:57:54] I (90015) wifi: flush txq
[2019-08-22 15:57:54] I (90016) wifi: stop sw txq
[2019-08-22 15:57:54] I (90021) wifi: lmac stop hw txq
[2019-08-22 15:57:54] ets Jun  8 2016 00:22:57
[2019-08-22 15:57:54] 
[2019-08-22 15:57:54] rst:0xc (SW_CPU_RESET),boot:0x13 (SPI_FAST_FLASH_BOOT)
[2019-08-22 15:57:54] configsip: 0, SPIWP:0xee
[2019-08-22 15:57:54] clk_drv:0x00,q_drv:0x00,d_drv:0x00,cs0_drv:0x00,hd_drv:0x00,wp_drv:0x00
[2019-08-22 15:57:54] mode:DIO, clock div:2
[2019-08-22 15:57:54] load:0x3fff0018,len:4
[2019-08-22 15:57:54] load:0x3fff001c,len:6192
[2019-08-22 15:57:54] ho 0 tail 12 room 4
[2019-08-22 15:57:54] load:0x40078000,len:10272
[2019-08-22 15:57:54] load:0x40080400,len:6608
[2019-08-22 15:57:54] entry 0x40080764
[2019-08-22 15:57:54] [0;32mI (31) boot: ESP-IDF v3.2.2-42-g4a9f33944-dirty 2nd stage bootloader[0m
[2019-08-22 15:57:54] [0;32mI (31) boot: compile time 14:30:17[0m
[2019-08-22 15:57:54] [0;32mI (31) boot: Enabling RNG early entropy source...[0m
[2019-08-22 15:57:54] [0;32mI (37) boot: SPI Speed      : 40MHz[0m
[2019-08-22 15:57:54] [0;32mI (41) boot: SPI Mode       : DIO[0m
[2019-08-22 15:57:54] [0;32mI (45) boot: SPI Flash Size : 4MB[0m
[2019-08-22 15:57:54] [0;32mI (49) boot: Partition Table:[0m
[2019-08-22 15:57:54] [0;32mI (53) boot: ## Label            Usage          Type ST Offset   Length[0m
[2019-08-22 15:57:54] [0;32mI (60) boot:  0 nvs              WiFi data        01 02 00009000 00004000[0m
[2019-08-22 15:57:54] [0;32mI (68) boot:  1 otadata          OTA data         01 00 0000d000 00002000[0m
[2019-08-22 15:57:54] [0;32mI (75) boot:  2 phy_init         RF data          01 01 0000f000 00001000[0m
[2019-08-22 15:57:54] [0;32mI (83) boot:  3 ota_0            OTA app          00 10 00010000 001e0000[0m
[2019-08-22 15:57:54] [0;32mI (90) boot:  4 ota_1            OTA app          00 11 001f0000 001e0000[0m
[2019-08-22 15:57:54] [0;32mI (98) boot:  5 coredump         Unknown data     01 03 003d0000 00010000[0m
[2019-08-22 15:57:54] [0;32mI (105) boot:  6 reserved         Unknown data     01 fe 003e0000 00020000[0m
[2019-08-22 15:57:54] [0;32mI (113) boot: End of partition table[0m
[2019-08-22 15:57:54] [0;32mI (117) boot: No factory image, trying OTA 0[0m
[2019-08-22 15:57:54] [0;32mI (122) esp_image: segment 0: paddr=0x00010020 vaddr=0x3f400020 size=0x2c2f0 (180976) map[0m
[2019-08-22 15:57:54] [0;32mI (194) esp_image: segment 1: paddr=0x0003c318 vaddr=0x3ffb0000 size=0x02ccc ( 11468) load[0m
[2019-08-22 15:57:55] [0;32mI (199) esp_image: segment 2: paddr=0x0003efec vaddr=0x40080000 size=0x00400 (  1024) load[0m
[2019-08-22 15:57:55] [0;32mI (201) esp_image: segment 3: paddr=0x0003f3f4 vaddr=0x40080400 size=0x00c1c (  3100) load[0m
[2019-08-22 15:57:55] [0;32mI (211) esp_image: segment 4: paddr=0x00040018 vaddr=0x400d0018 size=0xca480 (828544) map[0m
[2019-08-22 15:57:55] [0;32mI (509) esp_image: segment 5: paddr=0x0010a4a0 vaddr=0x4008101c size=0x0eda0 ( 60832) load[0m
[2019-08-22 15:57:55] [0;32mI (544) boot: Loaded app from partition at offset 0x10000[0m
[2019-08-22 15:57:55] [0;32mI (544) boot: Disabling RNG early entropy source...[0m
[2019-08-22 15:57:55] [0;32mI (544) cpu_start: Pro cpu up.[0m
[2019-08-22 15:57:55] [0;32mI (548) cpu_start: Single core mode[0m
[2019-08-22 15:57:55] [0;32mI (552) heap_init: Initializing. RAM available for dynamic allocation:[0m
[2019-08-22 15:57:55] [0;32mI (559) heap_init: At 3FFAE6E0 len 00001920 (6 KiB): DRAM[0m
[2019-08-22 15:57:55] [0;32mI (565) heap_init: At 3FFBA028 len 00025FD8 (151 KiB): DRAM[0m
[2019-08-22 15:57:55] [0;32mI (572) heap_init: At 3FFE0440 len 0001FBC0 (126 KiB): D/IRAM[0m
[2019-08-22 15:57:55] [0;32mI (578) heap_init: At 40078000 len 00008000 (32 KiB): IRAM[0m
[2019-08-22 15:57:55] [0;32mI (584) heap_init: At 4008FDBC len 00010244 (64 KiB): IRAM[0m
[2019-08-22 15:57:55] [0;32mI (590) cpu_start: Pro cpu start user code[0m
[2019-08-22 15:57:55] D (272) [mupgrade_check, 142]: Add an identifier to the firmware: ** MUPGRADE_FIRMWARE_FLAG **[0m
[2019-08-22 15:57:55] D (281) [mdf_info_store, 153]: <ESP_ERR_NVS_NOT_FOUND> Get value for given key, key: mupgrade_count[0m
[2019-08-22 15:57:55] [0;33mW (282) [mupgrade_check, 96]: restart reason: 12, count: 1[0m
[2019-08-22 15:57:55] [0;32mI (290) cpu_start: Starting scheduler on PRO CPU.[0m
[2019-08-22 15:57:55] [0;32mI (294) SmartConfig: START GET WIFI INFO...[0m
[2019-08-22 15:57:55] [0;32mI (298) SmartConfig: TRY LOAD WIFI INFO[0m
[2019-08-22 15:57:55] [0;32mI (303) SmartConfig: WIFI SSID PASSWD LOAD OK[0m
[2019-08-22 15:57:55] [0;32mI (308) gpio: GPIO[4]| InputEn: 0| OutputEn: 1| OpenDrain: 0| Pullup: 0| Pulldown: 0| Intr:0 [0m
[2019-08-22 15:57:55] [0;32mI (317) gpio: GPIO[13]| InputEn: 0| OutputEn: 1| OpenDrain: 0| Pullup: 0| Pulldown: 0| Intr:0 [0m
[2019-08-22 15:57:55] [0;32mI (326) gpio: GPIO[21]| InputEn: 0| OutputEn: 1| OpenDrain: 0| Pullup: 0| Pulldown: 0| Intr:0 [0m
[2019-08-22 15:57:55] [0;32mI (336) gpio: GPIO[22]| InputEn: 0| OutputEn: 1| OpenDrain: 0| Pullup: 0| Pulldown: 0| Intr:0 [0m
[2019-08-22 15:57:55] [0;32mI (345) gpio: GPIO[23]| InputEn: 0| OutputEn: 1| OpenDrain: 0| Pullup: 0| Pulldown: 0| Intr:0 [0m
[2019-08-22 15:57:55] [0;32mI (354) gpio: GPIO[17]| InputEn: 0| OutputEn: 1| OpenDrain: 0| Pullup: 0| Pulldown: 0| Intr:0 [0m
[2019-08-22 15:57:55] [0;32mI (364) gpio: GPIO[5]| InputEn: 0| OutputEn: 1| OpenDrain: 0| Pullup: 0| Pulldown: 0| Intr:0 [0m
[2019-08-22 15:57:55] [0;32mI (373) gpio: GPIO[18]| InputEn: 0| OutputEn: 1| OpenDrain: 0| Pullup: 0| Pulldown: 0| Intr:0 [0m
[2019-08-22 15:57:55] [0;32mI (382) gpio: GPIO[19]| InputEn: 0| OutputEn: 1| OpenDrain: 0| Pullup: 0| Pulldown: 0| Intr:0 [0m
[2019-08-22 15:57:55] [0;32mI (391) gpio: GPIO[33]| InputEn: 1| OutputEn: 0| OpenDrain: 0| Pullup: 1| Pulldown: 0| Intr:3 [0m
[2019-08-22 15:57:55] [0;32mI (401) gpio: GPIO[25]| InputEn: 1| OutputEn: 0| OpenDrain: 0| Pullup: 1| Pulldown: 0| Intr:3 [0m
[2019-08-22 15:57:55] [0;32mI (410) gpio: GPIO[26]| InputEn: 1| OutputEn: 0| OpenDrain: 0| Pullup: 1| Pulldown: 0| Intr:3 [0m
[2019-08-22 15:57:55] [0;32mI (419) gpio: GPIO[32]| InputEn: 1| OutputEn: 0| OpenDrain: 0| Pullup: 1| Pulldown: 0| Intr:3 [0m
[2019-08-22 15:57:55] [0;32mI (429) [mupgrade_example, 567]: MUPGRATE INIT...[0m
[2019-08-22 15:57:55] [0;32mI (434) [mupgrade_example, 580]: SSID:SIRUIA_2.4G[0m
[2019-08-22 15:57:55] [0;32mI (439) [mupgrade_example, 581]: PASSWD:srv20170928[0m
[2019-08-22 15:57:55] [0;32mI (445) [mupgrade_example, 590]: Starting OTA example ...[0m
[2019-08-22 15:57:55] I (454) wifi: wifi driver task: 3ffc30f0, prio:23, stack:3584, core=0
[2019-08-22 15:57:55] [0;32mI (457) system_api: Base MAC address is not set, read default base MAC address from BLK0 of EFUSE[0m
[2019-08-22 15:57:55] [0;32mI (467) system_api: Base MAC address is not set, read default base MAC address from BLK0 of EFUSE[0m
[2019-08-22 15:57:55] I (484) wifi: wifi firmware version: 0c3a77a
[2019-08-22 15:57:55] I (484) wifi: config NVS flash: enabled
[2019-08-22 15:57:55] I (484) wifi: config nano formating: disabled
[2019-08-22 15:57:55] I (488) wifi: Init dynamic tx buffer num: 32
[2019-08-22 15:57:55] I (492) wifi: Init data frame dynamic rx buffer num: 32
[2019-08-22 15:57:55] I (497) wifi: Init management frame dynamic rx buffer num: 32
[2019-08-22 15:57:55] I (502) wifi: Init management short buffer num: 32
[2019-08-22 15:57:55] I (507) wifi: Init static rx buffer size: 1600
[2019-08-22 15:57:55] I (511) wifi: Init static rx buffer num: 10
[2019-08-22 15:57:55] I (515) wifi: Init dynamic rx buffer num: 32
[2019-08-22 15:57:55] I (519) wifi: Set ps type: 0
[2019-08-22 15:57:55] 
[2019-08-22 15:57:55] [0;32mI (575) phy: phy_version: 4008, 544f89f, Jan 24 2019, 14:54:06, 0, 0[0m
[2019-08-22 15:57:55] I (577) wifi: mode : sta (3c:71:bf:e0:92:28)
[2019-08-22 15:57:55] [0;32mI (579) [mwifi, 177]: esp-mdf version: v1.0-beta1-dirty[0m
[2019-08-22 15:57:55] W (581) wifi: [beacon]interval:100ms
[2019-08-22 15:57:55] I (584) wifi: mode : sta (3c:71:bf:e0:92:28) + softAP (3c:71:bf:e0:92:29)
[2019-08-22 15:57:55] I (592) wifi: Total power save buffer number: 16
[2019-08-22 15:57:55] I (595) wifi: Init max length of beacon: 752/752
[2019-08-22 15:57:55] I (600) wifi: Init max length of beacon: 752/752
[2019-08-22 15:57:55] I (607) mesh: <nvs>read layer:0, err:0x1102
[2019-08-22 15:57:55] I (608) mesh: <nvs>read assoc:0, err:0x1102
[2019-08-22 15:57:55] W (613) wifi: [beacon]interval:100ms
[2019-08-22 15:57:55] I (1609) wifi: Total power save buffer number: 16
[2019-08-22 15:57:56] I (2610) wifi: Set ps type: 0
[2019-08-22 15:57:57] 
[2019-08-22 15:57:57] I (2615) wifi: mode : sta (3c:71:bf:e0:92:28)
[2019-08-22 15:57:57] I (2618) mesh: <MESH_NWK_LOOK_FOR_NETWORK>need_scan:0x3, need_scan_router:0x0, look_for_nwk_count:1
[2019-08-22 15:57:57] [0;32mI (2620) [mwifi, 113]: MESH is started[0m
[2019-08-22 15:57:57] [0;32mI (2622) [mupgrade_example, 393]: event_loop_cb, event: 0[0m
[2019-08-22 15:57:57] [0;32mI (5628) [get_started, 32]: heap free: 175828[0m
[2019-08-22 15:58:00] I (6530) mesh: [S13]SIRUIA_2.4G, 78:44:fd:a3:ed:75, channel:11, rssi:-71
[2019-08-22 15:58:01] I (6530) mesh: find router:[ssid_len:11]SIRUIA_2.4G, rssi:-71, 78:44:fd:a3:ed:75(encrypted), new channel:11, old channel:0
[2019-08-22 15:58:01] I (6536) mesh: [FIND][ch:0]AP:19, otherID:0, MAP:0, idle:0, candidate:0, root:0[78:44:fd:a3:ed:75]router found
[2019-08-22 15:58:01] I (6546) mesh: [FIND:1]find a network, channel:11, cfg<channel:0, router:SIRUIA_2.4G, 00:00:00:00:00:00>
[2019-08-22 15:58:01] 
[2019-08-22 15:58:01] [0;32mI (6555) [mupgrade_example, 393]: event_loop_cb, event: 24[0m
[2019-08-22 15:58:01] I (6556) wifi: mode : sta (3c:71:bf:e0:92:28) + softAP (3c:71:bf:e0:92:29)
[2019-08-22 15:58:01] W (6569) wifi: <MESH AP>adjust channel:1, secondary channel offset:1(40U)
[2019-08-22 15:58:01] I (6577) wifi: Total power save buffer number: 16
[2019-08-22 15:58:01] W (6586) wifi: <MESH AP>adjust channel:11, secondary channel offset:2(40D)
[2019-08-22 15:58:01] I (6589) wifi: Total power save buffer number: 16
[2019-08-22 15:58:01] I (6895) mesh: [SCAN][ch:11]AP:2, other(ID:0, RD:0), MAP:0, idle:0, candidate:1, root:0, topMAP:0[c:0,i:0][78:44:fd:a3:ed:75]router found<>
[2019-08-22 15:58:02] I (6898) mesh: 1212[SCAN]init rc[3c:71:bf:e0:92:29,-67], mine:0, voter:0
[2019-08-22 15:58:02] I (6904) mesh: 1250, vote myself, router rssi:-67 > voted rc_rssi:-120
[2019-08-22 15:58:02] I (6910) mesh: [SCAN:1/10]rc[128][3c:71:bf:e0:92:29,-67], self[3c:71:bf:e0:92:28,-67,reason:0,votes:1,idle][mine:1,voter:1(1.00)percent:0.90][128,1,3c:71:bf:e0:92:29]
[2019-08-22 15:58:02] 
[2019-08-22 15:58:02] I (7227) mesh: [SCAN][ch:11]AP:2, other(ID:0, RD:0), MAP:0, idle:0, candidate:1, root:0, topMAP:0[c:0,i:1][78:44:fd:a3:ed:75]router found<>
[2019-08-22 15:58:02] I (7229) mesh: 1212[SCAN]init rc[3c:71:bf:e0:92:29,-72], mine:0, voter:0
[2019-08-22 15:58:02] I (7236) mesh: [SCAN:2/10]rc[128][3c:71:bf:e0:92:29,-67], self[3c:71:bf:e0:92:28,-72,reason:0,votes:1,idle][mine:1,voter:1(1.00)percent:0.90][128,1,3c:71:bf:e0:92:29]
[2019-08-22 15:58:02] 
[2019-08-22 15:58:02] I (7552) mesh: [SCAN][ch:11]AP:1, other(ID:0, RD:0), MAP:0, idle:0, candidate:1, root:0, topMAP:0[c:0,i:1][78:44:fd:a3:ed:75]router found<>
[2019-08-22 15:58:02] I (7554) mesh: 1212[SCAN]init rc[3c:71:bf:e0:92:29,-71], mine:0, voter:0
[2019-08-22 15:58:02] I (7561) mesh: [SCAN:3/10]rc[128][3c:71:bf:e0:92:29,-67], self[3c:71:bf:e0:92:28,-71,reason:0,votes:1,idle][mine:1,voter:1(1.00)percent:0.90][128,1,3c:71:bf:e0:92:29]
[2019-08-22 15:58:02] 
[2019-08-22 15:58:02] I (7877) mesh: [SCAN][ch:11]AP:1, other(ID:0, RD:0), MAP:0, idle:0, candidate:1, root:0, topMAP:0[c:0,i:1][78:44:fd:a3:ed:75]router found<>
[2019-08-22 15:58:03] I (7880) mesh: 1212[SCAN]init rc[3c:71:bf:e0:92:29,-70], mine:0, voter:0
[2019-08-22 15:58:03] I (7886) mesh: [SCAN:4/10]rc[128][3c:71:bf:e0:92:29,-67], self[3c:71:bf:e0:92:28,-70,reason:0,votes:1,idle][mine:1,voter:1(1.00)percent:0.90][128,1,3c:71:bf:e0:92:29]
[2019-08-22 15:58:03] 
[2019-08-22 15:58:03] I (8202) mesh: [SCAN][ch:11]AP:2, other(ID:0, RD:0), MAP:0, idle:0, candidate:1, root:0, topMAP:0[c:0,i:1][78:44:fd:a3:ed:75]router found<>
[2019-08-22 15:58:03] I (8205) mesh: 1212[SCAN]init rc[3c:71:bf:e0:92:29,-70], mine:0, voter:0
[2019-08-22 15:58:03] I (8211) mesh: [SCAN:5/10]rc[128][3c:71:bf:e0:92:29,-67], self[3c:71:bf:e0:92:28,-70,reason:0,votes:1,idle][mine:1,voter:1(1.00)percent:0.90][128,1,3c:71:bf:e0:92:29]
[2019-08-22 15:58:03] 
[2019-08-22 15:58:03] I (8528) mesh: [SCAN][ch:11]AP:2, other(ID:0, RD:0), MAP:0, idle:0, candidate:1, root:0, topMAP:0[c:0,i:1][78:44:fd:a3:ed:75]router found<>
[2019-08-22 15:58:03] I (8530) mesh: 1212[SCAN]init rc[3c:71:bf:e0:92:29,-69], mine:0, voter:0
[2019-08-22 15:58:03] I (8538) mesh: [SCAN:6/10]rc[128][3c:71:bf:e0:92:29,-67], self[3c:71:bf:e0:92:28,-69,reason:0,votes:1,idle][mine:1,voter:1(1.00)percent:0.90][128,1,3c:71:bf:e0:92:29]
[2019-08-22 15:58:03] 
[2019-08-22 15:58:03] [0;32mI (8628) [get_started, 32]: heap free: 174536[0m
[2019-08-22 15:58:03] I (8854) mesh: [SCAN][ch:11]AP:3, other(ID:0, RD:0), MAP:0, idle:0, candidate:1, root:0, topMAP:0[c:0,i:1][78:44:fd:a3:ed:75]router found<>
[2019-08-22 15:58:04] I (8856) mesh: 1212[SCAN]init rc[3c:71:bf:e0:92:29,-71], mine:0, voter:0
[2019-08-22 15:58:04] I (8862) mesh: [SCAN:7/10]rc[128][3c:71:bf:e0:92:29,-67], self[3c:71:bf:e0:92:28,-71,reason:0,votes:1,idle][mine:1,voter:1(1.00)percent:0.90][128,1,3c:71:bf:e0:92:29]
[2019-08-22 15:58:04] 
[2019-08-22 15:58:04] I (9179) mesh: [SCAN][ch:11]AP:1, other(ID:0, RD:0), MAP:0, idle:0, candidate:1, root:0, topMAP:0[c:0,i:1][78:44:fd:a3:ed:75]router found<>
[2019-08-22 15:58:04] I (9181) mesh: 1212[SCAN]init rc[3c:71:bf:e0:92:29,-72], mine:0, voter:0
[2019-08-22 15:58:04] I (9187) mesh: [SCAN:8/10]rc[128][3c:71:bf:e0:92:29,-67], self[3c:71:bf:e0:92:28,-72,reason:0,votes:1,idle][mine:1,voter:1(1.00)percent:0.90][128,1,3c:71:bf:e0:92:29]
[2019-08-22 15:58:04] 
[2019-08-22 15:58:04] I (9504) mesh: [SCAN][ch:11]AP:1, other(ID:0, RD:0), MAP:0, idle:0, candidate:1, root:0, topMAP:0[c:0,i:1][78:44:fd:a3:ed:75]router found<>
[2019-08-22 15:58:04] I (9506) mesh: 1212[SCAN]init rc[3c:71:bf:e0:92:29,-70], mine:0, voter:0
[2019-08-22 15:58:04] I (9513) mesh: [SCAN:9/10]rc[128][3c:71:bf:e0:92:29,-67], self[3c:71:bf:e0:92:28,-70,reason:0,votes:1,idle][mine:1,voter:1(1.00)percent:0.90][128,1,3c:71:bf:e0:92:29]
[2019-08-22 15:58:04] 
[2019-08-22 15:58:04] I (9829) mesh: [SCAN][ch:11]AP:2, other(ID:0, RD:0), MAP:0, idle:0, candidate:1, root:0, topMAP:0[c:0,i:1][78:44:fd:a3:ed:75]router found<>
[2019-08-22 15:58:04] I (9831) mesh: 1212[SCAN]init rc[3c:71:bf:e0:92:29,-66], mine:0, voter:0
[2019-08-22 15:58:04] I (9838) mesh: [SCAN:10/13+x+]rc[128][3c:71:bf:e0:92:29,-67], self[3c:71:bf:e0:92:28,-66,reason:0,votes:1,idle][mine:1,voter:1(1.00)percent:0.90][128,1,3c:71:bf:e0:92:29]
[2019-08-22 15:58:05] 
[2019-08-22 15:58:05] I (10155) mesh: [SCAN][ch:11]AP:2, other(ID:0, RD:0), MAP:0, idle:0, candidate:1, root:0, topMAP:0[c:0,i:1][78:44:fd:a3:ed:75]router found<>
[2019-08-22 15:58:05] I (10157) mesh: 1212[SCAN]init rc[3c:71:bf:e0:92:29,-69], mine:0, voter:0
[2019-08-22 15:58:05] I (10164) mesh: [SCAN:11/13+x+]rc[128][3c:71:bf:e0:92:29,-67], self[3c:71:bf:e0:92:28,-69,reason:0,votes:1,idle][mine:1,voter:1(1.00)percent:0.90][128,1,3c:71:bf:e0:92:29]
[2019-08-22 15:58:05] 
[2019-08-22 15:58:05] I (10481) mesh: [SCAN][ch:11]AP:2, other(ID:0, RD:0), MAP:0, idle:0, candidate:1, root:0, topMAP:0[c:0,i:1][78:44:fd:a3:ed:75]router found<>
[2019-08-22 15:58:05] I (10484) mesh: 1212[SCAN]init rc[3c:71:bf:e0:92:29,-65], mine:0, voter:0
[2019-08-22 15:58:05] I (10490) mesh: [SCAN:12/13+x+]rc[128][3c:71:bf:e0:92:29,-67], self[3c:71:bf:e0:92:28,-65,reason:0,votes:1,idle][mine:1,voter:1(1.00)percent:0.90][128,1,3c:71:bf:e0:92:29]
[2019-08-22 15:58:05] 
[2019-08-22 15:58:05] I (10807) mesh: [SCAN][ch:11]AP:4, other(ID:0, RD:0), MAP:0, idle:0, candidate:1, root:0, topMAP:0[c:0,i:1][78:44:fd:a3:ed:75]router found<>
[2019-08-22 15:58:05] I (10809) mesh: 1212[SCAN]init rc[3c:71:bf:e0:92:29,-71], mine:0, voter:0
[2019-08-22 15:58:05] I (10816) mesh: [SCAN:13/13+x+]rc[128][3c:71:bf:e0:92:29,-67], self[3c:71:bf:e0:92:28,-71,reason:0,votes:1,idle][mine:1,voter:1(1.00)percent:0.90][128,1,3c:71:bf:e0:92:29]
[2019-08-22 15:58:05] 
[2019-08-22 15:58:05] W (10831) wifi: [beacon]interval:100ms
[2019-08-22 15:58:05] I (10834) mesh: [DONE]connect to router:SIRUIA_2.4G, channel:11, rssi:-71, 78:44:fd:a3:ed:75[layer:0, assoc:0], my_vote_num:1/voter_num:1, rc[3c:71:bf:e0:92:29/-67/1]
[2019-08-22 15:58:05] I (10971) wifi: n:11 2, o:11 2, ap:11 2, sta:11 2, prof:11
[2019-08-22 15:58:06] I (10972) wifi: state: init -> auth (b0)
[2019-08-22 15:58:06] I (10977) wifi: state: auth -> assoc (0)
[2019-08-22 15:58:06] I (10983) wifi: state: assoc -> run (10)
[2019-08-22 15:58:06] I (11029) wpa: <EAPOL>state:6
[2019-08-22 15:58:06] I (11030) wpa: <EAPOL>receiving the 1/4 EAPOL-Key, state:6
[2019-08-22 15:58:06] I (11038) wpa: <EAPOL>state:7
[2019-08-22 15:58:06] I (11038) wpa: <EAPOL>receiving the 3/4 EAPOL-Key, state:7
[2019-08-22 15:58:06] I (11038) wifi: connected with SIRUIA_2.4G, channel 11, 40D
[2019-08-22 15:58:06] I (11045) wifi: pm start, type: 0
[2019-08-22 15:58:06] 
[2019-08-22 15:58:06] I (11048) mesh: [scan]new scanning time:600ms
[2019-08-22 15:58:06] W (11049) wifi: [beacon]new interval:300ms
[2019-08-22 15:58:06] I (11055) mesh: <nvs>write layer:1
[2019-08-22 15:58:06] [0;32mI (11056) [mwifi, 80]: Parent is connected[0m
[2019-08-22 15:58:06] [0;32mI (11061) [mupgrade_example, 393]: event_loop_cb, event: 7[0m
[2019-08-22 15:58:06] [0;32mI (11062) [mwifi, 149]: State represents: 0[0m
[2019-08-22 15:58:06] [0;32mI (11068) [mupgrade_example, 398]: MDF_EVENT_PARENT_CONNECTED[0m
[2019-08-22 15:58:06] [0;32mI (11078) [mupgrade_example, 393]: event_loop_cb, event: 11[0m
[2019-08-22 15:58:06] [0;32mI (11084) [mupgrade_example, 393]: event_loop_cb, event: 14[0m
[2019-08-22 15:58:06] [0;32mI (11091) [mupgrade_example, 202]: Node task is running[0m
[2019-08-22 15:58:06] [0;32mI (11092) [mupgrade_example, 109]: Root read task is running[0m
[2019-08-22 15:58:06] [0;32mI (11092) [mupgrade_example, 151]: Node read task is running[0m
[2019-08-22 15:58:06] [0;32mI (11628) [get_started, 32]: heap free: 154880[0m
[2019-08-22 15:58:06] [0;32mI (11889) event: sta ip: 192.168.1.135, mask: 255.255.255.0, gw: 192.168.1.1[0m
[2019-08-22 15:58:07] [0;32mI (11889) [mupgrade_example, 393]: event_loop_cb, event: 17[0m
[2019-08-22 15:58:07] [0;32mI (11892) [mupgrade_example, 488]: MDF_EVENT_MWIFI_ROOT_GOT_IP[0m
[2019-08-22 15:58:07] [0;32mI (11899) system_api: Base MAC address is not set, read default base MAC address from BLK0 of EFUSE[0m
[2019-08-22 15:58:07] [0;32mI (14628) [get_started, 32]: heap free: 142464[0m
[2019-08-22 15:58:09] [0;32mI (14683) MQTT_CLIENT: Sending MQTT CONNECT message, type: 1, id: 0000[0m
[2019-08-22 15:58:09] [0;32mI (14704) [mupgrade_example, 506]: subscribe 1 node[0m
[2019-08-22 15:58:09] [0;32mI (14705) [mesh_mqtt, 73]: subscribe: /topic/subdev/3c71bfe09228/recv[0m
[2019-08-22 15:58:09] [0;32mI (14710) [mupgrade_example, 72]: MQTT read task is running[0m
[2019-08-22 15:58:09] [0;32mI (14712) [mupgrade_example, 393]: event_loop_cb, event: 24577[0m
[2019-08-22 15:58:09] [0;32mI (14721) [mupgrade_example, 520]: MQTT connect[0m
[2019-08-22 15:58:09] I (14724) mesh: <MESH_NWK_ROOT_TODS_STATE>toDS:1
[2019-08-22 15:58:09] [0;32mI (14729) [mwifi, 149]: State represents: 1[0m
[2019-08-22 15:58:09] [0;32mI (14733) [mupgrade_example, 393]: event_loop_cb, event: 11[0m
[2019-08-22 15:58:09] D (15099) [mupgrade_example, 218]: Node send, size: 42, data: {"mac": "3c71bfe09228", "seq":0,"layer":1}[0m
[2019-08-22 15:58:10] [0;32mI (15101) [mupgrade_example, 128]: [ROOT] Receive addr: 3c:71:bf:e0:92:28, size: 42, data: {"mac": "3c71bfe09228", "seq":0,"layer":1}[0m
[2019-08-22 15:58:10] [0;32mI (17628) [get_started, 32]: heap free: 137572[0m
[2019-08-22 15:58:12] D (18102) [mupgrade_example, 218]: Node send, size: 42, data: {"mac": "3c71bfe09228", "seq":1,"layer":1}[0m
[2019-08-22 15:58:13] [0;32mI (18104) [mupgrade_example, 128]: [ROOT] Receive addr: 3c:71:bf:e0:92:28, size: 42, data: {"mac": "3c71bfe09228", "seq":1,"layer":1}[0m
[2019-08-22 15:58:13] [0;32mI (20628) [get_started, 32]: heap free: 137572[0m
[2019-08-22 15:58:15] D (21105) [mupgrade_example, 218]: Node send, size: 42, data: {"mac": "3c71bfe09228", "seq":2,"layer":1}[0m
[2019-08-22 15:58:16] [0;32mI (21107) [mupgrade_example, 128]: [ROOT] Receive addr: 3c:71:bf:e0:92:28, size: 42, data: {"mac": "3c71bfe09228", "seq":2,"layer":1}[0m
[2019-08-22 15:58:16] [0;32mI (23629) [get_started, 32]: heap free: 137572[0m
[2019-08-22 15:58:18] D (24108) [mupgrade_example, 218]: Node send, size: 42, data: {"mac": "3c71bfe09228", "seq":3,"layer":1}[0m
[2019-08-22 15:58:19] [0;32mI (24111) [mupgrade_example, 128]: [ROOT] Receive addr: 3c:71:bf:e0:92:28, size: 42, data: {"mac": "3c71bfe09228", "seq":3,"layer":1}[0m
[2019-08-22 15:58:19] [0;32mI (26629) [get_started, 32]: heap free: 136012[0m
[2019-08-22 15:58:21] D (27112) [mupgrade_example, 218]: Node send, size: 42, data: {"mac": "3c71bfe09228", "seq":4,"layer":1}[0m
[2019-08-22 15:58:22] [0;32mI (27114) [mupgrade_example, 128]: [ROOT] Receive addr: 3c:71:bf:e0:92:28, size: 42, data: {"mac": "3c71bfe09228", "seq":4,"layer":1}[0m
[2019-08-22 15:58:22] [0;32mI (29629) [get_started, 32]: heap free: 137580[0m
[2019-08-22 15:58:24] D (30115) [mupgrade_example, 218]: Node send, size: 42, data: {"mac": "3c71bfe09228", "seq":5,"layer":1}[0m
[2019-08-22 15:58:25] [0;32mI (30117) [mupgrade_example, 128]: [ROOT] Receive addr: 3c:71:bf:e0:92:28, size: 42, data: {"mac": "3c71bfe09228", "seq":5,"layer":1}[0m
[2019-08-22 15:58:25] [0;32mI (32629) [get_started, 32]: heap free: 137572[0m
[2019-08-22 15:58:27] D (33118) [mupgrade_example, 218]: Node send, size: 42, data: {"mac": "3c71bfe09228", "seq":6,"layer":1}[0m
[2019-08-22 15:58:28] [0;32mI (33120) [mupgrade_example, 128]: [ROOT] Receive addr: 3c:71:bf:e0:92:28, size: 42, data: {"mac": "3c71bfe09228", "seq":6,"layer":1}[0m
[2019-08-22 15:58:28] [0;32mI (35629) [get_started, 32]: heap free: 137572[0m
[2019-08-22 15:58:30] D (36121) [mupgrade_example, 218]: Node send, size: 42, data: {"mac": "3c71bfe09228", "seq":7,"layer":1}[0m
[2019-08-22 15:58:31] [0;32mI (36123) [mupgrade_example, 128]: [ROOT] Receive addr: 3c:71:bf:e0:92:28, size: 42, data: {"mac": "3c71bfe09228", "seq":7,"layer":1}[0m
[2019-08-22 15:58:31] [0;32mI (38629) [get_started, 32]: heap free: 137572[0m
[2019-08-22 15:58:33] D (39124) [mupgrade_example, 218]: Node send, size: 42, data: {"mac": "3c71bfe09228", "seq":8,"layer":1}[0m
[2019-08-22 15:58:34] [0;32mI (39126) [mupgrade_example, 128]: [ROOT] Receive addr: 3c:71:bf:e0:92:28, size: 42, data: {"mac": "3c71bfe09228", "seq":8,"layer":1}[0m
[2019-08-22 15:58:34] [0;32mI (41629) [get_started, 32]: heap free: 137572[0m
[2019-08-22 15:58:36] D (42127) [mupgrade_example, 218]: Node send, size: 42, data: {"mac": "3c71bfe09228", "seq":9,"layer":1}[0m
[2019-08-22 15:58:37] [0;32mI (42129) [mupgrade_example, 128]: [ROOT] Receive addr: 3c:71:bf:e0:92:28, size: 42, data: {"mac": "3c71bfe09228", "seq":9,"layer":1}[0m
[2019-08-22 15:58:37] [0;32mI (44629) [get_started, 32]: heap free: 137572[0m
[2019-08-22 15:58:39] D (45130) [mupgrade_example, 218]: Node send, size: 43, data: {"mac": "3c71bfe09228", "seq":10,"layer":1}[0m
[2019-08-22 15:58:40] [0;32mI (45132) [mupgrade_example, 128]: [ROOT] Receive addr: 3c:71:bf:e0:92:28, size: 43, data: {"mac": "3c71bfe09228", "seq":10,"layer":1}[0m
[2019-08-22 15:58:40] [0;32mI (47629) [get_started, 32]: heap free: 137572[0m
[2019-08-22 15:58:42] D (48133) [mupgrade_example, 218]: Node send, size: 43, data: {"mac": "3c71bfe09228", "seq":11,"layer":1}[0m
[2019-08-22 15:58:43] [0;32mI (48135) [mupgrade_example, 128]: [ROOT] Receive addr: 3c:71:bf:e0:92:28, size: 43, data: {"mac": "3c71bfe09228", "seq":11,"layer":1}[0m
[2019-08-22 15:58:43] [0;32mI (50629) [get_started, 32]: heap free: 137572[0m
[2019-08-22 15:58:45] D (51136) [mupgrade_example, 218]: Node send, size: 43, data: {"mac": "3c71bfe09228", "seq":12,"layer":1}[0m
[2019-08-22 15:58:46] [0;32mI (51138) [mupgrade_example, 128]: [ROOT] Receive addr: 3c:71:bf:e0:92:28, size: 43, data: {"mac": "3c71bfe09228", "seq":12,"layer":1}[0m
[2019-08-22 15:58:46] [0;32mI (53629) [get_started, 32]: heap free: 137572[0m
[2019-08-22 15:58:48] D (54139) [mupgrade_example, 218]: Node send, size: 43, data: {"mac": "3c71bfe09228", "seq":13,"layer":1}[0m
[2019-08-22 15:58:49] [0;32mI (54141) [mupgrade_example, 128]: [ROOT] Receive addr: 3c:71:bf:e0:92:28, size: 43, data: {"mac": "3c71bfe09228", "seq":13,"layer":1}[0m
[2019-08-22 15:58:49] [0;32mI (56629) [get_started, 32]: heap free: 137572[0m
[2019-08-22 15:58:51] D (57142) [mupgrade_example, 218]: Node send, size: 43, data: {"mac": "3c71bfe09228", "seq":14,"layer":1}[0m
[2019-08-22 15:58:52] [0;32mI (57144) [mupgrade_example, 128]: [ROOT] Receive addr: 3c:71:bf:e0:92:28, size: 43, data: {"mac": "3c71bfe09228", "seq":14,"layer":1}[0m
[2019-08-22 15:58:52] [0;32mI (59629) [get_started, 32]: heap free: 137572[0m
[2019-08-22 15:58:54] D (60145) [mupgrade_example, 218]: Node send, size: 43, data: {"mac": "3c71bfe09228", "seq":15,"layer":1}[0m
[2019-08-22 15:58:55] [0;32mI (60148) [mupgrade_example, 128]: [ROOT] Receive addr: 3c:71:bf:e0:92:28, size: 43, data: {"mac": "3c71bfe09228", "seq":15,"layer":1}[0m
[2019-08-22 15:58:55] [0;32mI (60160) [mesh-key, 113]: press 1 level:0[0m
[2019-08-22 15:58:55] [0;32mI (60162) [mesh-key, 113]: press 0 level:0[0m
[2019-08-22 15:58:55] [0;32mI (60420) [mesh-key, 113]: press 2 level:0[0m
[2019-08-22 15:58:55] [0;32mI (60478) [mesh-key, 113]: press 3 level:0[0m
[2019-08-22 15:58:55] [0;32mI (62629) [get_started, 32]: heap free: 137580[0m
[2019-08-22 15:58:57] D (63147) [mupgrade_example, 218]: Node send, size: 43, data: {"mac": "3c71bfe09228", "seq":16,"layer":1}[0m
[2019-08-22 15:58:58] [0;32mI (63149) [mupgrade_example, 128]: [ROOT] Receive addr: 3c:71:bf:e0:92:28, size: 43, data: {"mac": "3c71bfe09228", "seq":16,"layer":1}[0m
[2019-08-22 15:58:58] [0;32mI (65629) [get_started, 32]: heap free: 137572[0m
[2019-08-22 15:59:00] D (66150) [mupgrade_example, 218]: Node send, size: 43, data: {"mac": "3c71bfe09228", "seq":17,"layer":1}[0m
[2019-08-22 15:59:01] [0;32mI (66152) [mupgrade_example, 128]: [ROOT] Receive addr: 3c:71:bf:e0:92:28, size: 43, data: {"mac": "3c71bfe09228", "seq":17,"layer":1}[0m
[2019-08-22 15:59:01] [0;32mI (68629) [get_started, 32]: heap free: 137572[0m
[2019-08-22 15:59:03] D (69152) [mupgrade_example, 218]: Node send, size: 43, data: {"mac": "3c71bfe09228", "seq":18,"layer":1}[0m
[2019-08-22 15:59:04] [0;32mI (69154) [mupgrade_example, 128]: [ROOT] Receive addr: 3c:71:bf:e0:92:28, size: 43, data: {"mac": "3c71bfe09228", "seq":18,"layer":1}[0m
[2019-08-22 15:59:04] [0;32mI (70480) SmartConfig: wifi erase success.[0m
[2019-08-22 15:59:05] [0;32mI (70480) [mesh-key, 98]: é…ç½‘ä¿¡æ¯æ“¦é™¤æˆåŠŸï¼Œå¼€å§‹é‡å¯[0m
[2019-08-22 15:59:05] I (70481) wifi: state: run -> init (0)
[2019-08-22 15:59:05] [0;32mI (71629) [get_started, 32]: heap free: 137444[0m
[2019-08-22 15:59:06] D (72155) [mupgrade_example, 218]: Node send, size: 43, data: {"mac": "3c71bfe09228", "seq":19,"layer":1}[0m
[2019-08-22 15:59:07] [0;32mI (72157) [mupgrade_example, 128]: [ROOT] Receive addr: 3c:71:bf:e0:92:28, size: 43, data: {"mac": "3c71bfe09228", "seq":19,"layer":1}[0m
[2019-08-22 15:59:07] [0;31mE (72168) MQTT_CLIENT: Error write data or timeout, written len = -1[0m
[2019-08-22 15:59:07] [0;31mE (72173) MQTT_CLIENT: Error to public data to topic=/topic/subdev/3c71bfe09228/send, qos=0[0m
[2019-08-22 15:59:07] [0;32mI (74629) [get_started, 32]: heap free: 135872[0m
[2019-08-22 15:59:09] D (75157) [mupgrade_example, 218]: Node send, size: 43, data: {"mac": "3c71bfe09228", "seq":20,"layer":1}[0m
[2019-08-22 15:59:10] [0;32mI (75158) [mupgrade_example, 128]: [ROOT] Receive addr: 3c:71:bf:e0:92:28, size: 43, data: {"mac": "3c71bfe09228", "seq":20,"layer":1}[0m
[2019-08-22 15:59:10] [0;31mE (75170) MQTT_CLIENT: Error write data or timeout, written len = -1[0m
[2019-08-22 15:59:10] [0;31mE (75175) MQTT_CLIENT: Error to public data to topic=/topic/subdev/3c71bfe09228/send, qos=0[0m
[2019-08-22 15:59:10] [0;32mI (77629) [get_started, 32]: heap free: 135872[0m
[2019-08-22 15:59:12] D (78159) [mupgrade_example, 218]: Node send, size: 43, data: {"mac": "3c71bfe09228", "seq":21,"layer":1}[0m
[2019-08-22 15:59:13] [0;32mI (78160) [mupgrade_example, 128]: [ROOT] Receive addr: 3c:71:bf:e0:92:28, size: 43, data: {"mac": "3c71bfe09228", "seq":21,"layer":1}[0m
[2019-08-22 15:59:13] [0;31mE (78171) MQTT_CLIENT: Error write data or timeout, written len = -1[0m
[2019-08-22 15:59:13] [0;31mE (78177) MQTT_CLIENT: Error to public data to topic=/topic/subdev/3c71bfe09228/send, qos=0[0m
[2019-08-22 15:59:13] [0;32mI (80629) [get_started, 32]: heap free: 135872[0m
[2019-08-22 15:59:15] D (81161) [mupgrade_example, 218]: Node send, size: 43, data: {"mac": "3c71bfe09228", "seq":22,"layer":1}[0m
[2019-08-22 15:59:16] [0;32mI (81162) [mupgrade_example, 128]: [ROOT] Receive addr: 3c:71:bf:e0:92:28, size: 43, data: {"mac": "3c71bfe09228", "seq":22,"layer":1}[0m
[2019-08-22 15:59:16] [0;31mE (81173) MQTT_CLIENT: Error write data or timeout, written len = -1[0m
[2019-08-22 15:59:16] [0;31mE (81179) MQTT_CLIENT: Error to public data to topic=/topic/subdev/3c71bfe09228/send, qos=0[0m
[2019-08-22 15:59:16] [0;32mI (83629) [get_started, 32]: heap free: 135872[0m
[2019-08-22 15:59:18] D (84163) [mupgrade_example, 218]: Node send, size: 43, data: {"mac": "3c71bfe09228", "seq":23,"layer":1}[0m
[2019-08-22 15:59:19] [0;32mI (84164) [mupgrade_example, 128]: [ROOT] Receive addr: 3c:71:bf:e0:92:28, size: 43, data: {"mac": "3c71bfe09228", "seq":23,"layer":1}[0m
[2019-08-22 15:59:19] [0;31mE (84175) MQTT_CLIENT: Error write data or timeout, written len = -1[0m
[2019-08-22 15:59:19] [0;31mE (84181) MQTT_CLIENT: Error to public data to topic=/topic/subdev/3c71bfe09228/send, qos=0[0m
[2019-08-22 15:59:19] [0;32mI (86629) [get_started, 32]: heap free: 135872[0m
[2019-08-22 15:59:21] D (87165) [mupgrade_example, 218]: Node send, size: 43, data: {"mac": "3c71bfe09228", "seq":24,"layer":1}[0m
[2019-08-22 15:59:22] [0;32mI (87166) [mupgrade_example, 128]: [ROOT] Receive addr: 3c:71:bf:e0:92:28, size: 43, data: {"mac": "3c71bfe09228", "seq":24,"layer":1}[0m
[2019-08-22 15:59:22] [0;31mE (87177) MQTT_CLIENT: Error write data or timeout, written len = -1[0m
[2019-08-22 15:59:22] [0;31mE (87183) MQTT_CLIENT: Error to public data to topic=/topic/subdev/3c71bfe09228/send, qos=0[0m
[2019-08-22 15:59:22] 